 *** ZZT:Watch ***
File: D:\ZZT\Watch_ZAKUCA1A-ZAKUCA1A_009.log
Computer: INEM1332-NB; User: anto.maric
Connection: Telnet 192.168.0.11:23
Target: D105OSCZ; Application: ZAKUCA1A-ZAKUCA1A
Start time: 21.2.2025. 10:56:33

Signals: 15
 1.    VGACT int16
 2.     PACT int16
 3.     QACT int16
 4.    VGREF int16
 5.    PACTH int16
 6.    QACTH int16
 7.    QHREF int16
 8.    VHACT int16
 9.    VHREF int16
10.  COSPHIH int16
11.  COSHREF int16
12.    IFACT int16
13.    UFACT int16
14. OEXLIMON log16
15. QACTHMAX log16

Data:
   0.634 -23954  11757   6787  23556  11594   6023   6023 -23004  23004  -3702  -3702   6611   6589 0 0 
   0.759 -23955  11742   6787  23556  11594   6023   6023 -23004  23004  -3702  -3702   6610   6572 0 0 
   0.891 -23960  11705   6789  23556  11594   6023   6023 -23004  23004  -3702  -3702   6611   6550 0 0 
   1.032 -23959  11685   6789  23556  11594   6023   6023 -23004  23004  -3702  -3702   6608   6542 0 0 
   1.199 -23959  11723   6787  23556  11594   6023   6023 -23004  23004  -3702  -3702   6606   6532 0 0 
   1.340 -23955  11766   6789  23556  11594   6023   6023 -23004  23004  -3702  -3702   6614   6564 0 0 
   1.481 -23958  11739   6789  23556  11594   6023   6023 -23004  23004  -3702  -3702   6611   6544 0 0 
   1.606 -23959  11694   6802  23556  11594   6023   6023 -23004  23004  -3702  -3702   6611   6570 0 0 
   1.736 -23961  11649   6798  23556  11594   6023   6023 -23004  23004  -3702  -3702   6606   6549 0 0 
   1.861 -23956  11714   6802  23556  11594   6023   6023 -23004  23004  -3702  -3702   6611   6570 0 0 
   1.992 -23959  11744   6796  23556  11594   6023   6023 -23004  23004  -3702  -3702   6612   6572 0 0 
   2.133 -23959  11717   6796  23546  11594   6023   6023 -23004  23004  -3702  -3702   6609   6461 0 0 
   2.248 -23954  11690   6775  23532  11594   6023   6023 -23004  23004  -3702  -3702   6599   6358 0 0 
   2.373 -23948  11703   6744  23519  11594   6023   6023 -23004  23004  -3702  -3702   6586   6222 0 0 
   2.490 -23938  11714   6699  23507  11594   6023   6023 -23004  23004  -3702  -3702   6569   6123 0 0 
   2.646 -23923  11712   6613  23491  11606   6041   6041 -23004  23004  -3702  -3702   6546   5983 0 0 
   2.787 -23908  11699   6527  23477  11606   6041   6041 -23004  23004  -3702  -3702   6518   5891 0 0 
   2.928 -23889  11723   6435  23463  11606   6041   6041 -23004  23004  -3702  -3702   6491   5818 0 0 
   3.044 -23873  11712   6326  23449  11606   6041   6041 -23004  23004  -3702  -3702   6461   5730 0 0 
   3.168 -23854  11714   6225  23436  11606   6041   6041 -23004  23004  -3702  -3702   6435   5664 0 0 
   3.283 -23839  11690   6128  23424  11606   6041   6041 -23004  23004  -3702  -3702   6406   5590 0 0 
   3.399 -23817  11687   6019  23412  11606   6041   6041 -23004  23004  -3702  -3702   6374   5532 0 0 
   3.565 -23791  11687   5866  23396  11606   6041   6041 -23004  23004  -3702  -3702   6336   5484 0 0 
   3.681 -23772  11672   5749  23383  11606   6041   6041 -23004  23004  -3702  -3702   6303   5413 0 0 
   3.796 -23753  11667   5629  23371  11606   6041   6041 -23004  23004  -3702  -3702   6271   5378 0 0 
   3.923 -23732  11654   5503  23358  11606   6041   6041 -23004  23004  -3702  -3702   6239   5296 0 0 
   4.038 -23710  11649   5372  23346  11606   6041   6041 -23004  23004  -3702  -3702   6204   5262 0 0 
   4.163 -23688  11667   5243  23332  11606   6041   6041 -23004  23004  -3702  -3702   6173   5227 0 0 
   4.293 -23665  11676   5133  23321  11606   6041   6041 -23004  23004  -3702  -3702   6142   5219 0 0 
   4.433 -23640  11687   4993  23306  11606   6041   6041 -23004  23004  -3702  -3702   6114   5188 0 0 
   4.590 -23612  11685   4837  23290  11606   6041   6041 -23004  23004  -3702  -3702   6071   5156 0 0 
   4.730 -23586  11669   4708  23275  11606   6041   6041 -23004  23004  -3702  -3702   6040   5125 0 0 
   4.845 -23565  11651   4587  23261  11606   6041   6041 -23004  23004  -3702  -3702   6009   5115 0 0 
   4.985 -23543  11651   4467  23248  11606   6041   6041 -23004  23004  -3702  -3702   5976   5118 0 0 
   5.100 -23525  11631   4341  23235  11603   5500   5500 -23004  23004  -3145  -3145   5944   5040 0 0 
   5.267 -23499  11651   4190  23218  11603   5500   5500 -23004  23004  -3145  -3145   5907   4992 0 0 
   5.398 -23476  11663   4054  23205  11603   5500   5500 -23004  23004  -3145  -3145   5876   4978 0 0 
   5.524 -23454  11667   3937  23191  11603   5500   5500 -23004  23004  -3145  -3145   5847   4950 0 0 
   5.639 -23435  11687   3819  23179  11603   5500   5500 -23004  23004  -3145  -3145   5820   4938 0 0 
   5.779 -23412  11654   3716  23166  11603   5500   5500 -23004  23004  -3145  -3145   5794   4931 0 0 
   5.894 -23389  11654   3610  23152  11603   5500   5500 -23004  23004  -3145  -3145   5765   4905 0 0 
   6.034 -23369  11663   3490  23139  11603   5500   5500 -23004  23004  -3145  -3145   5739   4911 0 0 
   6.175 -23345  11654   3373  23124  11603   5500   5500 -22969  22969  -3145  -3145   5709   4876 0 0 
   6.290 -23328  11642   3273  23111  11603   5500   5500 -22934  22934  -3145  -3145   5687   4880 0 0 
   6.430 -23307  11645   3174  23097  11603   5500   5500 -22934  22934  -3145  -3145   5661   4828 0 0 
   6.546 -23289  11631   3066  23085  11603   5500   5500 -22934  22934  -3145  -3145   5630   4822 0 0 
   6.671 -23270  11599   2962  23071  11603   5500   5500 -22934  22934  -3145  -3145   5606   4790 0 0 
   6.786 -23253  11595   2867  23060  11603   5500   5500 -22934  22934  -3145  -3145   5584   4760 0 0 
   6.926 -23233  11617   2759  23046  11603   5500   5500 -22934  22934  -3145  -3145   5556   4720 0 0 
   7.042 -23211  11604   2653  23032  11603   5500   5500 -22934  22934  -3145  -3145   5529   4704 0 0 
   7.208 -23193  11624   2554  23020  11603   3659   3659 -22934  22934  -1507  -1507   5509   4696 0 0 
   7.340 -23166  11624   2434  23003  11603   3659   3659 -22934  22934  -1507  -1507   5479   4679 0 0 
   7.481 -23145  11615   2330  22989  11603   3659   3659 -22934  22934  -1507  -1507   5453   4649 0 0 
   7.595 -23126  11633   2238  22975  11603   3659   3659 -22934  22934  -1507  -1507   5430   4673 0 0 
   7.720 -23108  11626   2136  22963  11603   3659   3659 -22934  22934  -1507  -1507   5408   4618 0 0 
   7.834 -23092  11617   2051  22950  11603   3659   3659 -22934  22934  -1507  -1507   5387   4592 0 0 
   7.950 -23076  11597   1965  22939  11603   3659   3659 -22934  22934  -1507  -1507   5361   4572 0 0 
   8.091 -23057  11588   1861  22925  11603   3659   3659 -22913  22913  -1507  -1507   5338   4513 0 0 
   8.258 -23038  11590   1735  22910  11603   3659   3659 -22849  22870  -1507  -1507   5309   4471 0 0 
   8.388 -23013  11595   1597  22893  11603   3659   3659 -22849  22849  -1507  -1507   5276   4431 0 0 
   8.529 -22992  11595   1498  22880  11603   3659   3659 -22849  22849  -1507  -1507   5250   4390 0 0 
   8.643 -22970  11606   1398  22866  11600   1996   1996 -22849  22849   -459  -1507   5228   4412 0 0 
   8.769 -22953  11590   1299  22856  11600   1996   1996 -22849  22849   -459   -459   5205   4380 0 0 
   8.899 -22934  11597   1216  22856  11600   1996   1996 -22849  22849   -459   -459   5185   4443 0 0 
   9.039 -22917  11631   1137  22856  11600   1996   1996 -22849  22849   -459   -459   5171   4590 0 0 
   9.164 -22902  11649   1076  22852  11600   1996   1996 -22849  22849   -459   -459   5166   4712 0 0 
   9.295 -22895  11622   1026  22838  11600   1996   1996 -22849  22849   -459   -459   5151   4645 0 0 
   9.436 -22882  11568    958  22824  11600   1996   1996 -22849  22849   -459   -459   5131   4586 0 0 
   9.576 -22870  11545    875  22809  11600   1996   1996 -22849  22849   -459   -459   5106   4493 0 0 
   9.732 -22854  11561    776  22793  11600   1996   1996 -22849  22849   -459   -459   5082   4434 0 0 
   9.847 -22840  11581    701  22786  11600   1996   1996 -22849  22849   -459   -459   5069   4414 0 0 
   9.990 -22824  11581    634  22786  11600   1996   1996 -22849  22849   -459   -459   5054   4514 0 0 
  10.129 -22812  11613    575  22786  11600   1996   1996 -22827  22827   -459   -459   5040   4604 0 0 
  10.245 -22803  11617    530  22786  11600   1996   1996 -22764  22785   -459   -459   5038   4670 0 0 
  10.401 -22791  11606    507  22786  11600   1996   1996 -22764  22764   -459   -459   5036   4815 0 0 
  10.541 -22790  11588    480  22786  11600   1996   1996 -22764  22764   -459   -459   5030   4841 0 0 
  10.666 -22787  11599    471  22786  11600   1996   1996 -22764  22764   -459   -459   5030   4902 0 0 
  10.781 -22788  11590    453  22786  11600   1996   1996 -22764  22764   -459   -459   5029   4913 0 0 
  10.896 -22788  11599    451  22786  11600   1996   1996 -22764  22764   -459   -459   5030   4961 0 0 
  11.020 -22787  11606    449  22778  11600   1996   1996 -22764  22764   -459   -459   5032   4959 0 0 
  11.141 -22786  11590    435  22766  11616    522    522 -22764  22764    -33   -459   5024   4854 0 0 
  11.282 -22781  11579    412  22752  11616    522    522 -22764  22764    -33    -33   5016   4736 0 0 
  11.396 -22773  11572    372  22738  11616    522    522 -22764  22764    -33    -33   5001   4627 0 0 
  11.562 -22760  11590    333  22736  11616    522    522 -22764  22764    -33    -33   4992   4645 0 0 
  11.677 -22754  11615    309  22736  11616    522    522 -22764  22764    -33    -33   4988   4714 0 0 
  11.818 -22747  11595    282  22736  11616    522    522 -22764  22764    -33    -33   4984   4757 0 0 
  11.948 -22744  11586    252  22736  11616    522    522 -22764  22764    -33    -33   4980   4786 0 0 
  12.074 -22740  11595    243  22728  11616    522    522 -22764  22764    -33    -33   4974   4787 0 0 
  12.190 -22734  11615    227  22717  11616    522    522 -22764  22764    -33    -33   4973   4722 0 0 
  12.315 -22731  11581    180  22703  11616    522    522 -22764  22764    -33    -33   4959   4581 0 0 
  12.471 -22722  11550    124  22688  11616    522    522 -22764  22764    -33    -33   4938   4450 0 0 
  12.586 -22712  11554     60  22674  11616    522    522 -22764  22764    -33    -33   4920   4353 0 0 
  12.726 -22695  11579    -12  22662  11616    522    522 -22764  22764    -33    -33   4903   4280 0 0 
  12.841 -22680  11590    -91  22648  11616    522    522 -22764  22764    -33    -33   4884   4195 0 0 
  12.981 -22663  11568   -163  22636  11616    522    522 -22764  22764    -33    -33   4862   4141 0 0 
  13.096 -22647  11554   -244  22636  11616    522    522 -22764  22764    -33    -33   4843   4171 0 0 
  13.237 -22632  11577   -307  22636  11616    522    522 -22764  22764    -33    -33   4830   4269 0 0 
  13.393 -22619  11595   -371  22636  11616    522    522 -22764  22764    -33    -33   4820   4310 0 0 
  13.518 -22607  11624   -440  22636  11616    522    522 -22764  22764    -33    -33   4810   4381 0 0 
  13.633 -22602  11613   -479  22626  11616    522    522 -22721  22721    -33    -33   4801   4381 0 0 
  13.747 -22591  11581   -517  22616  11616    522    522 -22679  22679    -33    -33   4788   4284 0 0 
  13.872 -22585  11545   -576  22616  11616    522    522 -22679  22679    -33    -33   4775   4339 0 0 
  13.989 -22574  11563   -612  22616  11616    522    522 -22679  22679    -33    -33   4766   4383 0 0 
  14.113 -22570  11590   -659  22616  11616    522    522 -22679  22679    -33    -33   4762   4434 0 0 
  14.244 -22560  11608   -671  22616  11616    522    522 -22679  22679    -33    -33   4760   4509 0 0 
  14.401 -22555  11599   -698  22606  11616    522    522 -22679  22679    -33    -33   4754   4502 0 0 
  14.541 -22549  11581   -729  22592  11616    522    522 -22679  22679    -33    -33   4746   4420 0 0 
  14.666 -22541  11579   -770  22578  11632   -840   -840 -22679  22679     98     98   4734   4329 0 0 
  14.782 -22531  11563   -820  22576  11632   -840   -840 -22679  22679     98     98   4721   4323 0 0 
  14.897 -22525  11577   -858  22576  11632   -840   -840 -22679  22679     98     98   4713   4339 0 0 
  15.037 -22518  11590   -896  22576  11632   -840   -840 -22679  22679     98     98   4706   4400 0 0 
  15.178 -22510  11581   -923  22576  11632   -840   -840 -22679  22679     98     98   4703   4433 0 0 
  15.319 -22507  11579   -959  22576  11632   -840   -840 -22679  22679     98     98   4695   4493 0 0 
  15.449 -22504  11568   -968  22568  11632   -840   -840 -22679  22679     98     98   4688   4458 0 0 
  15.574 -22495  11568   -996  22554  11632   -840   -840 -22679  22679     98     98   4682   4375 0 0 
  15.688 -22487  11554  -1027  22546  11632   -840   -840 -22679  22679     98     98   4675   4305 0 0 
  15.813 -22481  11545  -1056  22546  11632   -840   -840 -22679  22679     98     98   4667   4391 0 0 
  15.928 -22476  11545  -1086  22546  11632   -840   -840 -22679  22679     98     98   4660   4398 0 0 
  16.043 -22472  11572  -1111  22546  11632   -840   -840 -22679  22679     98     98   4658   4434 0 0 
  16.183 -22466  11588  -1129  22546  11632   -840   -840 -22644  22655     98     98   4654   4475 0 0 
  16.340 -22462  11572  -1138  22546  11632   -840   -840 -22632  22632     98     98   4656   4512 0 0 
  16.465 -22462  11563  -1158  22546  11632   -840   -840 -22632  22632     98     98   4647   4542 0 0 
  16.579 -22460  11581  -1165  22546  11635  -1509   -840 -22632  22632    262     98   4650   4551 0 0 
  16.694 -22459  11581  -1165  22546  11635  -1509  -1509 -22632  22632    262    262   4650   4568 0 0 
  16.819 -22458  11581  -1167  22544  11635  -1509  -1509 -22632  22632    262    262   4653   4604 0 0 
  16.933 -22458  11586  -1174  22532  11635  -1509  -1509 -22632  22632    262    262   4649   4502 0 0 
  17.048 -22453  11581  -1185  22521  11635  -1509  -1509 -22632  22632    262    262   4642   4422 0 0 
  17.189 -22446  11581  -1217  22507  11635  -1509  -1509 -22632  22632    262    262   4635   4328 0 0 
  17.313 -22438  11570  -1257  22492  11635  -1509  -1509 -22632  22632    262    262   4619   4214 0 0 
  17.444 -22427  11554  -1302  22481  11635  -1509  -1509 -22632  22632    262    262   4606   4118 0 0 
  17.567 -22415  11554  -1370  22466  11635  -1509  -1509 -22632  22632    262    262   4587   4001 0 0 
  17.697 -22402  11554  -1436  22453  11635  -1509  -1509 -22632  22632    262    262   4569   3930 0 0 
  17.821 -22387  11545  -1515  22446  11635  -1509  -1509 -22632  22632    262    262   4549   3854 0 0 
  17.935 -22374  11559  -1587  22446  11635  -1509  -1509 -22632  22632    262    262   4534   3907 0 0 
  18.049 -22364  11572  -1652  22446  11635  -1509  -1509 -22632  22632    262    262   4520   3946 0 0 
  18.173 -22353  11561  -1706  22446  11635  -1509  -1509 -22617  22617    262    262   4510   3980 0 0 
  18.287 -22341  11570  -1749  22446  11635  -1509  -1509 -22601  22601    262    262   4502   4056 0 0 
  18.411 -22336  11545  -1799  22446  11635  -1509  -1509 -22601  22601    262    262   4489   4083 0 0 
  18.525 -22326  11552  -1824  22446  11635  -1509  -1509 -22601  22601    262    262   4485   4134 0 0 
  18.639 -22321  11545  -1857  22446  11635  -1509  -1509 -22601  22601    262    262   4481   4182 0 0 
  18.764 -22315  11543  -1876  22446  11635  -1509  -1509 -22601  22601    262    262   4479   4235 0 0 
  18.878 -22310  11550  -1894  22446  11635  -1509  -1509 -22601  22601    262    262   4478   4292 0 0 
  18.992 -22308  11550  -1907  22446  11635  -1509  -1509 -22601  22601    262    262   4475   4323 0 0 
  19.131 -22306  11545  -1921  22446  11636  -1845  -1845 -22601  22601    393    393   4474   4354 0 0 
  19.271 -22307  11545  -1941  22446  11636  -1845  -1845 -22601  22601    393    393   4471   4367 0 0 
  19.385 -22306  11541  -1941  22446  11636  -1845  -1845 -22601  22601    393    393   4471   4390 0 0 
  19.499 -22304  11545  -1941  22446  11636  -1845  -1845 -22601  22601    393    393   4473   4436 0 0 
  19.623 -22305  11572  -1941  22446  11636  -1845  -1845 -22601  22601    393    393   4477   4447 0 0 
  19.737 -22305  11581  -1941  22446  11636  -1845  -1845 -22601  22601    393    393   4477   4476 0 0 
  19.862 -22304  11568  -1934  22446  11636  -1845  -1845 -22601  22601    393    393   4480   4486 0 0 
  19.975 -22306  11518  -1925  22436  11636  -1845  -1845 -22601  22601    393    393   4473   4425 0 0 
  20.090 -22303  11471  -1930  22423  11636  -1845  -1845 -22595  22595    393    393   4468   4345 0 0 
  20.214 -22299  11464  -1948  22416  11636  -1845  -1845 -22578  22584    393    393   4458   4262 0 0 
  20.328 -22297  11478  -1977  22416  11636  -1845  -1845 -22578  22578    393    393   4453   4251 0 0 
  20.442 -22294  11496  -1995  22416  11636  -1845  -1845 -22578  22578    393    393   4450   4264 0 0 
  20.566 -22288  11516  -2004  22416  11636  -1845  -1845 -22578  22578    393    393   4450   4300 0 0 
  20.696 -22283  11516  -2011  22416  11636  -1845  -1845 -22578  22578    393    393   4446   4326 0 0 
  20.820 -22283  11505  -2013  22416  11636  -1845  -1845 -22578  22578    393    393   4446   4342 0 0 
  20.955 -22280  11505  -2020  22416  11636  -1845  -1845 -22578  22578    393    393   4444   4369 0 0 
  21.083 -22280  11516  -2024  22416  11626  -2549  -1845 -22578  22578    753    393   4448   4383 0 0 
  21.197 -22278  11552  -2024  22416  11626  -2549  -2549 -22578  22578    753    753   4448   4380 0 0 
  21.322 -22276  11577  -2015  22416  11626  -2549  -2549 -22578  22578    753    753   4455   4450 0 0 
  21.436 -22278  11563  -2015  22416  11626  -2549  -2549 -22578  22578    753    753   4457   4444 0 0 
  21.551 -22278  11561  -2006  22416  11626  -2549  -2549 -22578  22578    753    753   4459   4448 0 0 
  21.675 -22277  11545  -2002  22408  11626  -2549  -2549 -22578  22578    753    753   4459   4452 0 0 
  21.789 -22276  11545  -2002  22396  11626  -2549  -2549 -22578  22578    753    753   4456   4332 0 0 
  21.929 -22269  11545  -2015  22383  11626  -2549  -2549 -22578  22578    753    753   4447   4235 0 0 
  22.068 -22263  11545  -2047  22376  11626  -2549  -2549 -22578  22578    753    753   4438   4146 0 0 
  22.182 -22256  11563  -2079  22376  11626  -2549  -2549 -22578  22578    753    753   4432   4181 0 0 
  22.297 -22250  11581  -2092  22376  11626  -2549  -2549 -22578  22578    753    753   4430   4207 0 0 
  22.422 -22247  11577  -2115  22376  11626  -2549  -2549 -22578  22578    753    753   4427   4200 0 0 
  22.536 -22245  11572  -2133  22376  11626  -2549  -2549 -22578  22578    753    753   4425   4231 0 0 
  22.650 -22241  11527  -2151  22376  11626  -2549  -2549 -22555  22555    753    753   4417   4236 0 0 
  22.774 -22239  11514  -2164  22376  11626  -2549  -2549 -22547  22547    753    753   4412   4242 0 0 
  22.889 -22235  11534  -2182  22376  11626  -2549  -2549 -22547  22547    753    753   4411   4298 0 0 
  23.012 -22234  11523  -2187  22376  11626  -2549  -2549 -22547  22547    753    753   4410   4291 0 0 
  23.127 -22231  11532  -2194  22376  11619  -2650  -2549 -22547  22547    818    753   4408   4301 0 0 
  23.240 -22231  11541  -2205  22376  11619  -2650  -2650 -22547  22547    818    818   4406   4321 0 0 
  23.381 -22229  11545  -2203  22376  11619  -2650  -2650 -22547  22547    818    818   4409   4349 0 0 
  23.522 -22228  11527  -2203  22376  11619  -2650  -2650 -22547  22547    818    818   4407   4357 0 0 
  23.636 -22225  11541  -2194  22376  11619  -2650  -2650 -22547  22547    818    818   4409   4411 0 0 
  23.751 -22227  11527  -2203  22376  11619  -2650  -2650 -22547  22547    818    818   4409   4400 0 0 
  23.876 -22228  11527  -2203  22376  11619  -2650  -2650 -22547  22547    818    818   4409   4394 0 0 
  23.991 -22229  11552  -2203  22376  11619  -2650  -2650 -22547  22547    818    818   4411   4398 0 0 
  24.115 -22230  11568  -2205  22376  11619  -2650  -2650 -22547  22547    818    818   4413   4400 0 0 
  24.230 -22228  11581  -2203  22376  11619  -2650  -2650 -22547  22547    818    818   4415   4399 0 0 
  24.346 -22227  11586  -2191  22376  11619  -2650  -2650 -22547  22547    818    818   4419   4428 0 0 
  24.472 -22230  11552  -2194  22376  11619  -2650  -2650 -22547  22547    818    818   4415   4404 0 0 
  24.586 -22230  11545  -2187  22376  11619  -2650  -2650 -22543  22543    818    818   4417   4432 0 0 
  24.700 -22233  11541  -2187  22376  11619  -2650  -2650 -22535  22535    818    818   4417   4424 0 0 
  24.841 -22230  11550  -2182  22376  11619  -2650  -2650 -22532  22532    818    818   4417   4427 0 0 
  24.997 -22234  11534  -2182  22376  11619  -2650  -2650 -22532  22532    818    818   4417   4405 0 0 
  25.139 -22234  11536  -2182  22376  11617  -2831  -2650 -22532  22532    917    818   4417   4434 0 0 
  25.263 -22236  11541  -2182  22376  11617  -2831  -2831 -22532  22532    917    917   4417   4412 0 0 
  25.379 -22235  11545  -2178  22376  11617  -2831  -2831 -22532  22532    917    917   4417   4420 0 0 
  25.493 -22234  11550  -2173  22376  11617  -2831  -2831 -22532  22532    917    917   4421   4424 0 0 
  25.651 -22236  11543  -2178  22376  11617  -2831  -2831 -22532  22532    917    917   4416   4387 0 0 
  25.776 -22235  11541  -2176  22376  11617  -2831  -2831 -22532  22532    917    917   4417   4386 0 0 
  25.890 -22238  11550  -2176  22376  11617  -2831  -2831 -22532  22532    917    917   4419   4402 0 0 
  26.031 -22238  11541  -2178  22376  11617  -2831  -2831 -22532  22532    917    917   4414   4369 0 0 
  26.145 -22236  11527  -2178  22376  11617  -2831  -2831 -22528  22528    917    917   4417   4404 0 0 
  26.286 -22236  11559  -2182  22376  11617  -2831  -2831 -22524  22524    917    917   4417   4400 0 0 
  26.442 -22238  11572  -2182  22376  11617  -2831  -2831 -22524  22524    917    917   4419   4388 0 0 
  26.583 -22235  11577  -2178  22376  11617  -2831  -2831 -22524  22524    917    917   4421   4411 0 0 
  26.698 -22234  11545  -2169  22376  11617  -2831  -2831 -22524  22524    917    917   4421   4422 0 0 
  26.839 -22238  11516  -2169  22376  11617  -2831  -2831 -22524  22524    917    917   4417   4394 0 0 
  26.979 -22238  11516  -2176  22376  11617  -2831  -2831 -22524  22524    917    917   4415   4391 0 0 
  27.094 -22238  11545  -2176  22376  11626  -2822  -2822 -22524  22524    917    917   4417   4397 0 0 
  27.218 -22236  11559  -2178  22376  11626  -2822  -2822 -22524  22524    917    917   4416   4378 0 0 
  27.350 -22234  11581  -2169  22376  11626  -2822  -2822 -22524  22524    917    917   4425   4435 0 0 
  27.473 -22234  11554  -2164  22376  11626  -2822  -2822 -22524  22524    917    917   4424   4410 0 0 
  27.587 -22238  11545  -2167  22376  11626  -2822  -2822 -22524  22524    917    917   4423   4436 0 0 
  27.711 -22238  11541  -2169  22376  11626  -2822  -2822 -22524  22524    917    917   4421   4408 0 0 
  27.825 -22236  11545  -2169  22376  11626  -2822  -2822 -22524  22524    917    917   4420   4374 0 0 
  27.939 -22236  11572  -2169  22376  11626  -2822  -2822 -22524  22524    917    917   4419   4420 0 0 
  28.065 -22235  11581  -2160  22376  11626  -2822  -2822 -22524  22524    917    917   4426   4428 0 0 
  28.194 -22236  11568  -2160  22376  11626  -2822  -2822 -22530  22528    917    917   4426   4396 0 0 
  28.319 -22239  11570  -2160  22376  11626  -2822  -2822 -22532  22532    917    917   4425   4386 0 0 
  28.449 -22236  11572  -2155  22376  11626  -2822  -2822 -22532  22532    917    917   4421   4419 0 0 
  28.573 -22236  11572  -2155  22376  11626  -2822  -2822 -22532  22532    917    917   4427   4412 0 0 
  28.687 -22236  11581  -2151  22376  11626  -2822  -2822 -22532  22532    917    917   4426   4406 0 0 
  28.813 -22234  11590  -2137  22376  11626  -2822  -2822 -22532  22532    917    917   4433   4452 0 0 
  28.926 -22238  11579  -2140  22376  11626  -2822  -2822 -22532  22532    917    917   4432   4449 0 0 
  29.040 -22236  11554  -2130  22376  11626  -2822  -2822 -22532  22532    917    917   4430   4424 0 0 
  29.164 -22235  11545  -2124  22376  11629  -2814  -2814 -22532  22532    917    917   4429   4443 0 0 
  29.278 -22239  11536  -2128  22376  11629  -2814  -2814 -22532  22532    917    917   4429   4421 0 0 
  29.392 -22240  11543  -2133  22376  11629  -2814  -2814 -22532  22532    917    917   4425   4412 0 0 
  29.517 -22239  11581  -2128  22376  11629  -2814  -2814 -22532  22532    917    917   4431   4418 0 0 
  29.647 -22239  11590  -2133  22376  11629  -2814  -2814 -22532  22532    917    917   4433   4419 0 0 
  29.814 -22240  11543  -2124  22376  11629  -2814  -2814 -22532  22532    917    917   4429   4398 0 0 
  29.955 -22243  11523  -2137  22376  11629  -2814  -2814 -22532  22532    917    917   4425   4369 0 0 
  30.071 -22241  11545  -2137  22376  11629  -2814  -2814 -22532  22532    917    917   4428   4380 0 0 
  30.185 -22239  11581  -2140  22376  11629  -2814  -2814 -22532  22532    917    917   4430   4396 0 0 
  30.300 -22238  11581  -2133  22376  11629  -2814  -2814 -22532  22532    917    917   4432   4410 0 0 
  30.425 -22241  11579  -2140  22376  11629  -2814  -2814 -22532  22532    917    917   4431   4400 0 0 
  30.540 -22240  11579  -2137  22376  11629  -2814  -2814 -22532  22532    917    917   4428   4398 0 0 
  30.665 -22241  11568  -2149  22376  11649  -2778  -2778 -22532  22532    884    884   4428   4375 0 0 
  30.780 -22241  11554  -2151  22376  11649  -2778  -2778 -22532  22532    884    884   4423   4372 0 0 
  30.895 -22241  11554  -2151  22376  11649  -2778  -2778 -22532  22532    884    884   4425   4373 0 0 
  31.018 -22241  11545  -2158  22376  11649  -2778  -2778 -22532  22532    884    884   4423   4377 0 0 
  31.167 -22240  11563  -2167  22376  11649  -2778  -2778 -22532  22532    884    884   4423   4373 0 0 
  31.282 -22239  11570  -2169  22376  11649  -2778  -2778 -22532  22532    884    884   4421   4372 0 0 
  31.421 -22234  11588  -2160  22376  11649  -2778  -2778 -22532  22532    884    884   4424   4406 0 0 
  31.536 -22236  11545  -2160  22376  11649  -2778  -2778 -22532  22532    884    884   4423   4402 0 0 
  31.677 -22239  11516  -2167  22376  11649  -2778  -2778 -22532  22532    884    884   4417   4366 0 0 
  31.792 -22236  11509  -2167  22376  11649  -2778  -2778 -22532  22532    884    884   4417   4382 0 0 
  31.917 -22238  11543  -2176  22376  11649  -2778  -2778 -22532  22532    884    884   4416   4398 0 0 
  32.032 -22236  11568  -2176  22376  11649  -2778  -2778 -22532  22532    884    884   4418   4389 0 0 
  32.214 -22236  11570  -2176  22376  11649  -2778  -2778 -22524  22526    884    884   4419   4420 0 0 
  32.328 -22239  11545  -2176  22376  11649  -2778  -2778 -22524  22524    884    884   4419   4375 0 0 
  32.443 -22238  11527  -2178  22376  11649  -2778  -2778 -22524  22524    884    884   4416   4365 0 0 
  32.570 -22234  11527  -2176  22376  11649  -2778  -2778 -22524  22524    884    884   4416   4396 0 0 
  32.701 -22234  11550  -2173  22376  11649  -2778  -2778 -22524  22524    884    884   4416   4395 0 0 
  32.842 -22235  11568  -2178  22376  11649  -2778  -2778 -22524  22524    884    884   4420   4424 0 0 
  33.008 -22236  11550  -2178  22376  11649  -2778  -2778 -22524  22524    884    884   4417   4382 0 0 
  33.139 -22235  11536  -2176  22376  11644  -2803  -2803 -22524  22524    917    917   4417   4398 0 0 
  33.279 -22234  11550  -2164  22376  11644  -2803  -2803 -22524  22524    917    917   4416   4427 0 0 
  33.393 -22233  11550  -2160  22376  11644  -2803  -2803 -22524  22524    917    917   4421   4430 0 0 
  33.518 -22236  11543  -2158  22376  11644  -2803  -2803 -22524  22524    917    917   4423   4433 0 0 
  33.690 -22235  11532  -2149  22376  11644  -2803  -2803 -22524  22524    917    917   4420   4430 0 0 
  33.815 -22236  11543  -2149  22376  11644  -2803  -2803 -22524  22524    917    917   4423   4432 0 0 
  33.931 -22234  11559  -2140  22376  11644  -2803  -2803 -22524  22524    917    917   4427   4451 0 0 
  34.045 -22234  11577  -2133  22376  11644  -2803  -2803 -22524  22524    917    917   4429   4470 0 0 
  34.171 -22239  11541  -2128  22376  11644  -2803  -2803 -22528  22526    917    917   4430   4465 0 0 
  34.285 -22240  11505  -2121  22376  11644  -2803  -2803 -22532  22532    917    917   4427   4414 0 0 
  34.399 -22240  11509  -2121  22376  11644  -2803  -2803 -22532  22532    917    917   4427   4414 0 0 
  34.523 -22240  11514  -2115  22376  11644  -2803  -2803 -22532  22532    917    917   4425   4427 0 0 
  34.637 -22241  11550  -2124  22376  11644  -2803  -2803 -22532  22532    917    917   4430   4408 0 0 
  34.761 -22240  11559  -2115  22376  11644  -2803  -2803 -22532  22532    917    917   4428   4422 0 0 
  34.875 -22239  11570  -2110  22376  11644  -2803  -2803 -22532  22532    917    917   4435   4455 0 0 
  35.015 -22242  11543  -2110  22376  11644  -2803  -2803 -22532  22532    917    917   4433   4426 0 0 
  35.188 -22239  11545  -2101  22376  11633  -2812  -2812 -22532  22532    917    917   4436   4438 0 0 
  35.301 -22240  11577  -2101  22376  11633  -2812  -2812 -22532  22532    917    917   4434   4411 0 0 
  35.425 -22238  11606  -2092  22376  11633  -2812  -2812 -22532  22532    917    917   4442   4458 0 0 
  35.565 -22238  11599  -2079  22376  11633  -2812  -2812 -22532  22532    917    917   4443   4489 0 0 
  35.679 -22242  11545  -2079  22376  11633  -2812  -2812 -22532  22532    917    917   4442   4438 0 0 
  35.819 -22243  11532  -2076  22376  11633  -2812  -2812 -22532  22532    917    917   4439   4452 0 0 
  35.933 -22245  11525  -2079  22376  11633  -2812  -2812 -22532  22532    917    917   4437   4425 0 0 
  36.048 -22244  11545  -2079  22376  11633  -2812  -2812 -22532  22532    917    917   4440   4432 0 0 
  36.171 -22244  11579  -2079  22376  11633  -2812  -2812 -22528  22530    917    917   4443   4436 0 0 
  36.286 -22242  11590  -2074  22376  11633  -2812  -2812 -22524  22526    917    917   4442   4426 0 0 
  36.401 -22242  11608  -2074  22376  11633  -2812  -2812 -22524  22524    917    917   4449   4460 0 0 
  36.525 -22245  11577  -2074  22376  11633  -2812  -2812 -22524  22524    917    917   4445   4430 0 0 
  36.641 -22245  11545  -2067  22376  11633  -2812  -2812 -22524  22524    917    917   4443   4422 0 0 
  36.766 -22244  11527  -2070  22376  11633  -2812  -2812 -22524  22524    917    917   4441   4422 0 0 
  36.906 -22245  11541  -2067  22376  11633  -2812  -2812 -22524  22524    917    917   4441   4415 0 0 
  37.046 -22243  11554  -2070  22376  11633  -2812  -2812 -22524  22524    917    917   4442   4432 0 0 
  37.178 -22245  11545  -2074  22376  11648  -2742  -2742 -22524  22524    884    884   4441   4410 0 0 
  37.292 -22244  11545  -2070  22376  11648  -2742  -2742 -22524  22524    884    884   4443   4406 0 0 
  37.433 -22244  11545  -2070  22376  11648  -2742  -2742 -22524  22524    884    884   4441   4413 0 0 
  37.548 -22243  11545  -2070  22376  11648  -2742  -2742 -22524  22524    884    884   4439   4415 0 0 
  37.673 -22245  11545  -2079  22376  11648  -2742  -2742 -22524  22524    884    884   4439   4408 0 0 
  37.813 -22244  11554  -2079  22376  11648  -2742  -2742 -22524  22524    884    884   4441   4404 0 0 
  37.953 -22245  11552  -2079  22376  11648  -2742  -2742 -22524  22524    884    884   4440   4402 0 0 
  38.069 -22244  11541  -2079  22376  11648  -2742  -2742 -22524  22524    884    884   4437   4402 0 0 
  38.183 -22245  11536  -2079  22376  11648  -2742  -2742 -22524  22524    884    884   4433   4406 0 0 
  38.298 -22245  11554  -2097  22376  11648  -2742  -2742 -22524  22524    884    884   4435   4385 0 0 
  38.423 -22245  11563  -2097  22376  11648  -2742  -2742 -22524  22524    884    884   4435   4387 0 0 
  38.537 -22244  11550  -2097  22376  11648  -2742  -2742 -22524  22524    884    884   4435   4375 0 0 
  38.662 -22245  11554  -2110  22376  11648  -2742  -2742 -22524  22524    884    884   4434   4391 0 0 
  38.776 -22242  11545  -2103  22376  11648  -2742  -2742 -22524  22524    884    884   4433   4381 0 0 
  38.891 -22242  11552  -2112  22376  11648  -2742  -2742 -22524  22524    884    884   4433   4379 0 0 
  39.031 -22242  11541  -2112  22376  11648  -2742  -2742 -22524  22524    884    884   4430   4358 0 0 
  39.197 -22241  11527  -2115  22376  11628  -2711  -2711 -22524  22524    851    851   4427   4385 0 0 
  39.313 -22238  11536  -2112  22376  11628  -2711  -2711 -22524  22524    851    851   4429   4401 0 0 
  39.454 -22239  11563  -2121  22376  11628  -2711  -2711 -22524  22524    851    851   4429   4402 0 0 
  39.584 -22239  11595  -2124  22376  11628  -2711  -2711 -22524  22524    851    851   4434   4419 0 0 
  39.698 -22239  11572  -2119  22376  11628  -2711  -2711 -22524  22524    851    851   4433   4404 0 0 
  39.823 -22241  11534  -2124  22376  11628  -2711  -2711 -22524  22524    851    851   4430   4388 0 0 
  39.938 -22239  11514  -2115  22376  11628  -2711  -2711 -22524  22524    851    851   4425   4408 0 0 
  40.078 -22239  11543  -2119  22376  11628  -2711  -2711 -22524  22524    851    851   4427   4405 0 0 
  40.218 -22236  11599  -2128  22376  11628  -2711  -2711 -22524  22524    851    851   4434   4412 0 0 
  40.349 -22235  11622  -2124  22376  11628  -2711  -2711 -22524  22524    851    851   4438   4428 0 0 
  40.473 -22238  11599  -2110  22376  11628  -2711  -2711 -22524  22524    851    851   4440   4461 0 0 
  40.588 -22236  11572  -2097  22376  11628  -2711  -2711 -22524  22524    851    851   4440   4477 0 0 
  40.714 -22240  11527  -2101  22376  11628  -2711  -2711 -22524  22524    851    851   4433   4439 0 0 
  40.828 -22240  11527  -2092  22376  11628  -2711  -2711 -22524  22524    851    851   4429   4430 0 0 
  40.943 -22240  11545  -2097  22376  11628  -2711  -2711 -22524  22524    851    851   4433   4433 0 0 
  41.052 -22241  11568  -2097  22376  11628  -2711  -2711 -22524  22524    851    851   4435   4436 0 0 
  41.167 -22241  11581  -2097  22376  11635  -2758  -2758 -22524  22524    884    884   4439   4425 0 0 
  41.297 -22239  11581  -2085  22376  11635  -2758  -2758 -22524  22524    884    884   4442   4448 0 0 
  41.448 -22241  11554  -2085  22376  11635  -2758  -2758 -22524  22524    884    884   4440   4443 0 0 
  41.579 -22240  11541  -2074  22376  11635  -2758  -2758 -22524  22524    884    884   4435   4452 0 0 
  41.719 -22241  11545  -2076  22376  11635  -2758  -2758 -22524  22524    884    884   4441   4448 0 0 
  41.834 -22240  11590  -2070  22376  11635  -2758  -2758 -22524  22524    884    884   4446   4458 0 0 
  41.948 -22242  11613  -2076  22376  11635  -2758  -2758 -22524  22524    884    884   4447   4455 0 0 
  42.073 -22241  11608  -2067  22376  11635  -2758  -2758 -22524  22524    884    884   4449   4458 0 0 
  42.188 -22242  11588  -2061  22376  11635  -2758  -2758 -22524  22524    884    884   4449   4464 0 0 
  42.313 -22243  11554  -2052  22376  11635  -2758  -2758 -22524  22524    884    884   4447   4441 0 0 
  42.429 -22245  11543  -2056  22376  11635  -2758  -2758 -22524  22524    884    884   4447   4448 0 0 
  42.543 -22245  11554  -2056  22376  11635  -2758  -2758 -22524  22524    884    884   4444   4449 0 0 
  42.668 -22245  11563  -2052  22376  11635  -2758  -2758 -22524  22524    884    884   4447   4434 0 0 
  42.782 -22245  11581  -2052  22376  11635  -2758  -2758 -22524  22524    884    884   4445   4436 0 0 
  42.938 -22244  11572  -2049  22376  11635  -2758  -2758 -22524  22524    884    884   4449   4448 0 0 
  43.063 -22243  11545  -2033  22376  11635  -2758  -2758 -22524  22524    884    884   4449   4452 0 0 
  43.193 -22245  11536  -2040  22376  11635  -2758  -2758 -22524  22524    884    884   4449   4463 0 0 
  43.318 -22244  11552  -2040  22376  11635  -2758  -2758 -22524  22524    884    884   4449   4443 0 0 
  43.448 -22245  11572  -2040  22376  11635  -2758  -2758 -22524  22524    884    884   4453   4446 0 0 
  43.573 -22245  11581  -2040  22376  11635  -2758  -2758 -22524  22524    884    884   4449   4438 0 0 
  43.688 -22246  11581  -2040  22376  11635  -2758  -2758 -22524  22524    884    884   4449   4440 0 0 
  43.828 -22247  11577  -2042  22376  11635  -2758  -2758 -22524  22524    884    884   4451   4420 0 0 
  43.969 -22247  11550  -2042  22376  11635  -2758  -2758 -22524  22524    884    884   4450   4420 0 0 
  44.084 -22249  11550  -2047  22376  11657  -2707  -2707 -22524  22524    851    851   4449   4387 0 0 
  44.226 -22247  11545  -2047  22376  11657  -2707  -2707 -22524  22524    851    851   4448   4404 0 0 
  44.340 -22247  11554  -2052  22376  11657  -2707  -2707 -22524  22524    851    851   4443   4419 0 0 
  44.481 -22249  11563  -2061  22376  11657  -2707  -2707 -22524  22524    851    851   4445   4387 0 0 
  44.595 -22245  11597  -2061  22376  11657  -2707  -2707 -22524  22524    851    851   4447   4399 0 0 
  44.746 -22245  11588  -2067  22376  11657  -2707  -2707 -22524  22524    851    851   4445   4394 0 0 
  44.903 -22245  11559  -2065  22376  11657  -2707  -2707 -22524  22524    851    851   4447   4410 0 0 
  45.033 -22246  11536  -2076  22376  11657  -2707  -2707 -22524  22524    851    851   4439   4395 0 0 
  45.147 -22245  11561  -2079  22376  11657  -2707  -2707 -22520  22520    851    851   4441   4389 0 0 
  45.272 -22244  11563  -2079  22376  11657  -2707  -2707 -22516  22516    851    851   4437   4387 0 0 
  45.388 -22242  11581  -2079  22376  11657  -2707  -2707 -22516  22516    851    851   4441   4422 0 0 
  45.553 -22243  11581  -2088  22376  11657  -2707  -2707 -22516  22516    851    851   4441   4398 0 0 
  45.668 -22244  11561  -2088  22376  11657  -2707  -2707 -22516  22516    851    851   4439   4391 0 0 
  45.797 -22243  11543  -2088  22376  11657  -2707  -2707 -22516  22516    851    851   4436   4396 0 0 
  45.922 -22243  11543  -2101  22376  11657  -2707  -2707 -22516  22516    851    851   4431   4385 0 0 
  46.036 -22239  11577  -2088  22376  11657  -2707  -2707 -22516  22516    851    851   4437   4406 0 0 
  46.152 -22240  11599  -2101  22376  11648  -2692  -2692 -22516  22516    851    851   4440   4438 0 0 
  46.277 -22241  11590  -2106  22376  11648  -2692  -2692 -22516  22516    851    851   4438   4395 0 0 
  46.391 -22243  11552  -2103  22376  11648  -2692  -2692 -22516  22516    851    851   4436   4391 0 0 
  46.532 -22240  11527  -2097  22376  11648  -2692  -2692 -22516  22516    851    851   4434   4409 0 0 
  46.713 -22239  11543  -2092  22376  11648  -2692  -2692 -22516  22516    851    851   4432   4441 0 0 
  46.843 -22241  11570  -2103  22376  11648  -2692  -2692 -22516  22516    851    851   4435   4408 0 0 
  46.983 -22241  11586  -2103  22376  11648  -2692  -2692 -22516  22516    851    851   4432   4404 0 0 
  47.098 -22241  11588  -2103  22376  11648  -2692  -2692 -22518  22516    851    851   4436   4414 0 0 
  47.222 -22240  11572  -2097  22376  11648  -2692  -2692 -22522  22520    851    851   4434   4421 0 0 
  47.394 -22240  11561  -2097  22376  11648  -2692  -2692 -22524  22524    851    851   4434   4427 0 0 
  47.520 -22241  11543  -2101  22376  11648  -2692  -2692 -22524  22524    851    851   4435   4414 0 0 
  47.650 -22242  11561  -2101  22376  11642  -2740  -2740 -22524  22524    884    884   4436   4408 0 0 
  47.775 -22241  11561  -2103  22376  11642  -2740  -2740 -22524  22524    884    884   4434   4404 0 0 
  47.890 -22239  11577  -2097  22376  11642  -2740  -2740 -22524  22524    884    884   4437   4432 0 0 
  48.015 -22241  11554  -2103  22376  11642  -2740  -2740 -22524  22524    884    884   4437   4409 0 0 
  48.146 -22241  11550  -2103  22376  11642  -2740  -2740 -22524  22524    884    884   4435   4416 0 0 
  48.285 -22242  11525  -2101  22376  11642  -2740  -2740 -22524  22524    884    884   4432   4418 0 0 
  48.425 -22240  11525  -2092  22376  11642  -2740  -2740 -22524  22524    884    884   4433   4433 0 0 
  48.540 -22241  11559  -2101  22376  11642  -2740  -2740 -22524  22524    884    884   4437   4437 0 0 
  48.681 -22238  11606  -2092  22376  11642  -2740  -2740 -22524  22524    884    884   4441   4455 0 0 
  48.795 -22242  11606  -2097  22376  11642  -2740  -2740 -22524  22524    884    884   4443   4428 0 0 
  48.921 -22242  11604  -2092  22376  11642  -2740  -2740 -22524  22524    884    884   4445   4432 0 0 
  49.095 -22241  11581  -2079  22376  11647  -2745  -2745 -22524  22524    884    884   4443   4436 0 0 
  49.234 -22241  11572  -2079  22376  11647  -2745  -2745 -22524  22524    884    884   4440   4452 0 0 
  49.349 -22241  11554  -2079  22376  11647  -2745  -2745 -22524  22524    884    884   4438   4426 0 0 
  49.458 -22243  11545  -2079  22376  11647  -2745  -2745 -22524  22524    884    884   4439   4419 0 0 
  49.588 -22241  11581  -2076  22376  11647  -2745  -2745 -22524  22524    884    884   4443   4436 0 0 
  49.696 -22243  11590  -2079  22376  11647  -2745  -2745 -22524  22524    884    884   4440   4437 0 0 
  49.801 -22243  11579  -2079  22376  11647  -2745  -2745 -22524  22524    884    884   4443   4439 0 0 
  49.925 -22243  11545  -2076  22376  11647  -2745  -2745 -22524  22524    884    884   4441   4438 0 0 
  50.039 -22243  11527  -2074  22376  11647  -2745  -2745 -22524  22524    884    884   4439   4424 0 0 
  50.138 -22244  11532  -2076  22376  11647  -2745  -2745 -22524  22524    884    884   4439   4418 0 0 
  50.278 -22243  11552  -2076  22376  11647  -2745  -2745 -22524  22524    884    884   4439   4429 0 0 
  50.393 -22244  11554  -2076  22376  11647  -2745  -2745 -22524  22524    884    884   4441   4429 0 0 
  50.519 -22244  11545  -2074  22376  11647  -2745  -2745 -22524  22524    884    884   4441   4429 0 0 
  50.691 -22243  11545  -2074  22376  11647  -2745  -2745 -22524  22524    884    884   4440   4419 0 0 
  50.816 -22241  11554  -2070  22376  11647  -2745  -2745 -22524  22524    884    884   4443   4436 0 0 
  50.931 -22243  11563  -2070  22376  11647  -2745  -2745 -22524  22524    884    884   4444   4450 0 0 
  51.046 -22243  11543  -2065  22376  11647  -2745  -2745 -22524  22524    884    884   4441   4425 0 0 
  51.168 -22242  11550  -2065  22376  11647  -2745  -2745 -22524  22524    884    884   4444   4438 0 0 
  51.282 -22241  11577  -2052  22376  11647  -2745  -2745 -22524  22524    884    884   4443   4462 0 0 
  51.396 -22242  11572  -2049  22376  11647  -2745  -2745 -22524  22524    884    884   4445   4446 0 0 
  51.521 -22242  11561  -2049  22376  11647  -2745  -2745 -22524  22524    884    884   4447   4475 0 0 
  51.636 -22244  11543  -2040  22376  11647  -2745  -2745 -22524  22524    884    884   4447   4446 0 0 
  51.750 -22245  11541  -2042  22376  11647  -2745  -2745 -22524  22524    884    884   4447   4463 0 0 
  51.875 -22245  11554  -2047  22376  11647  -2745  -2745 -22524  22524    884    884   4447   4442 0 0 
  51.989 -22245  11577  -2040  22376  11647  -2745  -2745 -22524  22524    884    884   4449   4446 0 0 
  52.129 -22243  11586  -2031  22376  11663  -2730  -2745 -22524  22524    851    884   4453   4466 0 0 
  52.287 -22245  11568  -2031  22376  11663  -2730  -2730 -22524  22524    851    851   4453   4458 0 0 
  52.412 -22245  11545  -2024  22376  11663  -2730  -2730 -22524  22524    851    851   4453   4465 0 0 
  52.543 -22246  11545  -2022  22376  11663  -2730  -2730 -22524  22524    851    851   4449   4453 0 0 
  52.668 -22244  11581  -2013  22376  11663  -2730  -2730 -22524  22524    851    851   4457   4469 0 0 
  52.783 -22245  11586  -2013  22376  11663  -2730  -2730 -22524  22524    851    851   4459   4471 0 0 
  52.924 -22247  11579  -2011  22376  11663  -2730  -2730 -22524  22524    851    851   4461   4458 0 0 
  53.082 -22247  11545  -2006  22376  11663  -2730  -2730 -22524  22524    851    851   4457   4448 0 0 
  53.223 -22250  11545  -2013  22376  11663  -2730  -2730 -22518  22518    851    851   4455   4421 0 0 
  53.337 -22247  11545  -2011  22376  11663  -2730  -2730 -22516  22516    851    851   4455   4442 0 0 
  53.451 -22247  11559  -2013  22376  11663  -2730  -2730 -22516  22516    851    851   4452   4421 0 0 
  53.576 -22249  11581  -2015  22376  11663  -2730  -2730 -22516  22516    851    851   4455   4419 0 0 
  53.689 -22249  11581  -2020  22376  11663  -2730  -2730 -22516  22516    851    851   4457   4432 0 0 
  53.813 -22249  11559  -2015  22376  11663  -2730  -2730 -22516  22516    851    851   4457   4435 0 0 
  53.952 -22249  11541  -2013  22376  11663  -2730  -2730 -22516  22516    851    851   4453   4429 0 0 
  54.082 -22250  11523  -2015  22376  11641  -2675  -2675 -22516  22516    818    818   4451   4419 0 0 
  54.196 -22249  11545  -2015  22376  11641  -2675  -2675 -22516  22516    818    818   4452   4418 0 0 
  54.320 -22246  11595  -2015  22376  11641  -2675  -2675 -22516  22516    818    818   4455   4432 0 0 
  54.435 -22246  11608  -2015  22376  11641  -2675  -2675 -22516  22516    818    818   4457   4438 0 0 
  54.549 -22246  11595  -2015  22376  11641  -2675  -2675 -22516  22516    818    818   4459   4456 0 0 
  54.673 -22247  11552  -2013  22376  11641  -2675  -2675 -22516  22516    818    818   4453   4434 0 0 
  54.788 -22247  11545  -2006  22376  11641  -2675  -2675 -22516  22516    818    818   4453   4429 0 0 
  54.912 -22247  11545  -2015  22376  11641  -2675  -2675 -22516  22516    818    818   4450   4413 0 0 
  55.026 -22249  11561  -2020  22376  11641  -2675  -2675 -22516  22516    818    818   4454   4436 0 0 
  55.140 -22245  11581  -2013  22376  11641  -2675  -2675 -22516  22516    818    818   4457   4449 0 0 
  55.264 -22246  11599  -2015  22376  11641  -2675  -2675 -22516  22516    818    818   4458   4450 0 0 
  55.378 -22249  11581  -2015  22376  11641  -2675  -2675 -22516  22516    818    818   4459   4422 0 0 
  55.493 -22247  11570  -2013  22376  11641  -2675  -2675 -22516  22516    818    818   4453   4442 0 0 
  55.617 -22247  11550  -2015  22376  11645  -2656  -2656 -22516  22516    818    818   4456   4433 0 0 
  55.732 -22245  11545  -2002  22376  11645  -2656  -2656 -22516  22516    818    818   4456   4454 0 0 
  55.846 -22247  11552  -2013  22376  11645  -2656  -2656 -22516  22516    818    818   4456   4442 0 0 
  55.970 -22247  11572  -2013  22376  11645  -2656  -2656 -22516  22516    818    818   4458   4440 0 0 
  56.109 -22249  11579  -2015  22376  11645  -2656  -2656 -22516  22516    818    818   4455   4434 0 0 
  56.239 -22246  11563  -2011  22376  11645  -2656  -2656 -22516  22516    818    818   4456   4430 0 0 
  56.363 -22247  11561  -2011  22376  11645  -2656  -2656 -22516  22516    818    818   4458   4431 0 0 
  56.477 -22249  11545  -2011  22376  11645  -2656  -2656 -22516  22516    818    818   4456   4408 0 0 
  56.617 -22249  11532  -2013  22376  11645  -2656  -2656 -22516  22516    818    818   4451   4410 0 0 
  56.731 -22249  11541  -2015  22376  11645  -2656  -2656 -22516  22516    818    818   4452   4414 0 0 
  56.845 -22246  11554  -2013  22376  11645  -2656  -2656 -22516  22516    818    818   4454   4433 0 0 
  56.969 -22246  11581  -2013  22376  11645  -2656  -2656 -22516  22516    818    818   4458   4440 0 0 
  57.083 -22249  11581  -2015  22376  11645  -2656  -2656 -22516  22516    818    818   4456   4415 0 0 
  57.197 -22246  11568  -2015  22376  11645  -2656  -2656 -22516  22516    818    818   4454   4426 0 0 
  57.321 -22249  11541  -2020  22376  11645  -2656  -2656 -22516  22516    818    818   4453   4414 0 0 
  57.435 -22246  11545  -2015  22376  11645  -2656  -2656 -22516  22516    818    818   4447   4431 0 0 
  57.549 -22245  11554  -2004  22376  11645  -2656  -2656 -22516  22516    818    818   4453   4438 0 0 
  57.673 -22245  11579  -2015  22376  11647  -2654  -2654 -22516  22516    818    818   4455   4452 0 0 
  58.197 -22247  11572  -2020  22376  11647  -2654  -2654 -22516  22516    818    818   4455   4434 0 0 
  58.321 -22249  11550  -2015  22376  11647  -2654  -2654 -22516  22516    818    818   4453   4418 0 0 
  58.436 -22247  11559  -2020  22376  11647  -2654  -2654 -22516  22516    818    818   4454   4430 0 0 
  58.550 -22246  11577  -2015  22376  11647  -2654  -2654 -22516  22516    818    818   4456   4435 0 0 
  58.674 -22246  11579  -2015  22376  11647  -2654  -2654 -22516  22516    818    818   4456   4450 0 0 
  58.788 -22246  11581  -2015  22376  11647  -2654  -2654 -22516  22516    818    818   4456   4454 0 0 
  58.912 -22247  11552  -2015  22376  11647  -2654  -2654 -22516  22516    818    818   4454   4447 0 0 
  59.026 -22246  11552  -2011  22376  11647  -2654  -2654 -22516  22516    818    818   4455   4440 0 0 
  59.140 -22246  11554  -2006  22376  11647  -2654  -2654 -22516  22516    818    818   4453   4453 0 0 
  59.264 -22246  11554  -2011  22376  11647  -2654  -2654 -22516  22516    818    818   4456   4448 0 0 
  59.378 -22245  11581  -2011  22376  11647  -2654  -2654 -22516  22516    818    818   4456   4456 0 0 
  59.492 -22249  11559  -2013  22376  11647  -2654  -2654 -22516  22516    818    818   4455   4440 0 0 
  59.617 -22247  11559  -2011  22376  11638  -2653  -2653 -22516  22516    818    818   4455   4430 0 0 
  59.747 -22247  11514  -2011  22376  11638  -2653  -2653 -22516  22516    818    818   4450   4420 0 0 
  59.873 -22246  11514  -2006  22376  11638  -2653  -2653 -22516  22516    818    818   4449   4424 0 0 
  59.988 -22246  11523  -2011  22376  11638  -2653  -2653 -22516  22516    818    818   4451   4456 0 0 
  60.129 -22246  11545  -2011  22376  11638  -2653  -2653 -22516  22516    818    818   4454   4449 0 0 
  60.245 -22246  11577  -2006  22376  11638  -2653  -2653 -22516  22516    818    818   4456   4447 0 0 
  60.412 -22246  11581  -2004  22376  11638  -2653  -2653 -22516  22516    818    818   4461   4442 0 0 
  60.526 -22246  11545  -1993  22376  11638  -2653  -2653 -22516  22516    818    818   4457   4473 0 0 
  60.641 -22247  11523  -1988  22376  11638  -2653  -2653 -22516  22516    818    818   4453   4470 0 0 
  60.781 -22250  11516  -1995  22376  11638  -2653  -2653 -22516  22516    818    818   4454   4427 0 0 
  60.898 -22250  11527  -2006  22376  11638  -2653  -2653 -22516  22516    818    818   4454   4426 0 0 
  61.038 -22250  11534  -2002  22376  11638  -2653  -2653 -22516  22516    818    818   4449   4400 0 0 
  61.170 -22245  11550  -1984  22376  11638  -2653  -2653 -22516  22516    818    818   4456   4473 0 0 
  61.285 -22246  11559  -1984  22376  11638  -2653  -2653 -22516  22516    818    818   4460   4473 0 0 
  61.409 -22246  11577  -1984  22376  11638  -2653  -2653 -22516  22516    818    818   4461   4472 0 0 
  61.540 -22250  11579  -1993  22376  11638  -2653  -2653 -22516  22516    818    818   4462   4433 0 0 
  61.665 -22251  11559  -1995  22376  11638  -2653  -2653 -22516  22516    818    818   4460   4412 0 0 
  61.795 -22252  11550  -2002  22376  11638  -2653  -2653 -22516  22516    818    818   4456   4412 0 0 
  61.936 -22252  11543  -2015  22376  11638  -2653  -2653 -22516  22516    818    818   4450   4385 0 0 
  62.077 -22250  11570  -2015  22376  11623  -2639  -2653 -22516  22516    818    818   4452   4413 0 0 
  62.218 -22246  11586  -2013  22376  11623  -2639  -2639 -22516  22516    818    818   4454   4423 0 0 
  62.333 -22246  11586  -2011  22376  11623  -2639  -2639 -22516  22516    818    818   4458   4428 0 0 
  62.458 -22246  11577  -2013  22376  11623  -2639  -2639 -22516  22516    818    818   4458   4445 0 0 
  62.589 -22246  11577  -2011  22376  11623  -2639  -2639 -22516  22516    818    818   4455   4430 0 0 
  62.714 -22245  11597  -2015  22376  11623  -2639  -2639 -22516  22516    818    818   4458   4447 0 0 
  62.845 -22245  11613  -2015  22376  11623  -2639  -2639 -22516  22516    818    818   4458   4443 0 0 
  62.970 -22245  11604  -2011  22376  11623  -2639  -2639 -22516  22516    818    818   4460   4453 0 0 
  63.110 -22247  11581  -2013  22376  11623  -2639  -2639 -22516  22516    818    818   4457   4456 0 0 
  63.266 -22246  11581  -2011  22376  11623  -2639  -2639 -22516  22516    818    818   4456   4443 0 0 
  63.397 -22246  11579  -2011  22376  11623  -2639  -2639 -22516  22516    818    818   4457   4456 0 0 
  63.522 -22246  11581  -2013  22376  11623  -2639  -2639 -22516  22516    818    818   4458   4435 0 0 
  63.637 -22250  11579  -2020  22376  11623  -2639  -2639 -22516  22516    818    818   4456   4444 0 0 
  63.761 -22247  11577  -2015  22376  11623  -2639  -2639 -22516  22516    818    818   4454   4410 0 0 
  63.875 -22245  11570  -2013  22376  11623  -2639  -2639 -22516  22516    818    818   4452   4414 0 0 
  64.015 -22249  11563  -2020  22376  11623  -2639  -2639 -22516  22516    818    818   4453   4430 0 0 
  64.146 -22246  11581  -2015  22376  11649  -2650  -2650 -22516  22516    818    818   4456   4439 0 0 
  64.270 -22245  11579  -2015  22376  11649  -2650  -2650 -22516  22516    818    818   4455   4448 0 0 
  64.384 -22246  11579  -2015  22376  11649  -2650  -2650 -22516  22516    818    818   4453   4434 0 0 
  64.498 -22247  11568  -2020  22376  11649  -2650  -2650 -22516  22516    818    818   4453   4416 0 0 
  64.622 -22247  11559  -2020  22376  11649  -2650  -2650 -22516  22516    818    818   4455   4442 0 0 
  64.736 -22249  11541  -2015  22376  11649  -2650  -2650 -22516  22516    818    818   4453   4438 0 0 
  64.850 -22249  11534  -2020  22376  11649  -2650  -2650 -22516  22516    818    818   4451   4420 0 0 
  64.974 -22247  11541  -2020  22376  11649  -2650  -2650 -22516  22516    818    818   4452   4420 0 0 
  65.089 -22246  11570  -2015  22376  11649  -2650  -2650 -22516  22516    818    818   4451   4440 0 0 
  65.213 -22246  11581  -2022  22376  11649  -2650  -2650 -22516  22516    818    818   4456   4440 0 0 
  65.355 -22245  11588  -2022  22376  11649  -2650  -2650 -22516  22516    818    818   4456   4438 0 0 
  65.485 -22246  11554  -2013  22376  11649  -2650  -2650 -22516  22516    818    818   4453   4446 0 0 
  65.626 -22246  11550  -2020  22376  11649  -2650  -2650 -22516  22516    818    818   4454   4440 0 0 
  65.740 -22246  11541  -2015  22376  11649  -2650  -2650 -22516  22516    818    818   4452   4435 0 0 
  65.865 -22246  11568  -2022  22376  11649  -2650  -2650 -22516  22516    818    818   4452   4446 0 0 
  65.980 -22245  11597  -2015  22378  11649  -2650  -2650 -22516  22516    818    818   4457   4444 0 0 
  66.094 -22247  11626  -2015  22390  11649  -2650  -2650 -22516  22516    818    818   4464   4564 0 0 
  66.219 -22250  11626  -1988  22403  11649  -2650  -2650 -22516  22516    818    818   4470   4651 0 0 
  66.349 -22256  11608  -1950  22415  11649  -2650  -2650 -22516  22516    818    818   4484   4789 0 0 
  66.531 -22272  11581  -1885  22434  11649  -2650  -2650 -22516  22516    818    818   4502   4941 0 0 
  66.646 -22283  11581  -1824  22448  11638  -2658  -2658 -22516  22516    818    818   4520   5073 0 0 
  66.772 -22298  11588  -1763  22460  11638  -2658  -2658 -22516  22516    818    818   4540   5121 0 0 
  66.885 -22312  11608  -1700  22472  11638  -2658  -2658 -22516  22516    818    818   4559   5225 0 0 
  66.999 -22327  11588  -1616  22475  11638  -2658  -2658 -22516  22516    818    818   4580   5263 0 0 
  67.140 -22347  11559  -1555  22475  11638  -2658  -2658 -22516  22516    818    818   4590   5170 0 0 
  67.265 -22360  11552  -1481  22475  11638  -2658  -2658 -22516  22516    818    818   4606   5108 0 0 
  67.380 -22369  11554  -1436  22475  11638  -2658  -2658 -22516  22516    818    818   4618   5045 0 0 
  67.547 -22378  11590  -1381  22475  11638  -2658  -2658 -22516  22516    818    818   4631   5026 0 0 
  67.677 -22389  11617  -1334  22475  11638  -2658  -2658 -22516  22516    818    818   4645   4948 0 0 
  67.792 -22394  11606  -1293  22475  11638  -2658  -2658 -22516  22516    818    818   4651   4909 0 0 
  67.932 -22403  11581  -1264  22475  11638  -2658  -2658 -22516  22516    818    818   4655   4878 0 0 
  68.047 -22406  11561  -1237  22475  11638  -2658  -2658 -22516  22516    818    818   4657   4827 0 0 
  68.198 -22410  11579  -1228  22475  11638  -2658  -2658 -22516  22516    818    818   4660   4779 0 0 
  68.329 -22413  11635  -1221  22475  11638  -2658  -2658 -22516  22516    818    818   4663   4736 0 0 
  68.470 -22411  11672  -1194  22486  11638  -2658  -2658 -22516  22516    818    818   4671   4791 0 0 
  68.585 -22418  11645  -1174  22498  11638  -2658  -2658 -22516  22516    818    818   4680   4902 0 0 
  68.699 -22426  11568  -1138  22511  11638  -2658  -2658 -22516  22516    818    818   4686   4969 0 0 
  68.824 -22435  11543  -1104  22523  11638  -2658  -2658 -22516  22516    818    818   4694   5036 0 0 
  68.939 -22443  11561  -1065  22534  11638  -2658  -2658 -22516  22516    818    818   4705   5143 0 0 
  69.079 -22451  11615   -993  22548  11638  -2658  -2658 -22516  22516    818    818   4729   5241 0 0 
  69.235 -22470  11624   -919  22564  11649  -2174  -2174 -22516  22516    556    556   4754   5352 0 0 
  69.362 -22484  11642   -833  22578  11649  -2174  -2174 -22516  22516    556    556   4779   5438 0 0 
  69.476 -22503  11606   -756  22591  11649  -2174  -2174 -22516  22516    556    556   4799   5491 0 0 
  69.591 -22517  11586   -659  22603  11649  -2174  -2174 -22516  22516    556    556   4818   5554 0 0 
  69.716 -22538  11581   -569  22616  11649  -2174  -2174 -22516  22516    556    556   4842   5629 0 0 
  69.846 -22555  11597   -486  22628  11649  -2174  -2174 -22516  22516    556    556   4866   5683 0 0 
  69.971 -22578  11626   -380  22643  11649  -2174  -2174 -22516  22516    556    556   4897   5735 0 0 
  70.086 -22595  11649   -274  22654  11649  -2174  -2174 -22528  22528    556    556   4922   5793 0 0 
  70.200 -22616  11631   -179  22667  11649  -2174  -2174 -22551  22551    556    556   4944   5809 0 0 
  70.342 -22637  11631    -75  22680  11649  -2174  -2174 -22562  22562    556    556   4974   5857 0 0 
  70.524 -22668  11622     87  22699  11649  -2174  -2174 -22562  22562    556    556   5012   5880 0 0 
  70.639 -22689  11617    196  22712  11649  -2174  -2174 -22562  22562    556    556   5040   5940 0 0 
  70.781 -22711  11624    313  22724  11649  -2174  -2174 -22562  22562    556    556   5069   5961 0 0 
  70.922 -22737  11624    433  22724  11649  -2174  -2174 -22562  22562    556    556   5097   5873 0 0 
  71.085 -22755  11622    550  22724  11649  -2174  -2174 -22562  22562    556    556   5118   5738 0 0 
  71.200 -22771  11624    622  22724  11652  -1531  -1531 -22562  22562    294    294   5132   5642 0 0 
  71.309 -22781  11624    670  22724  11652  -1531  -1531 -22562  22562    294    294   5143   5535 0 0 
  71.439 -22787  11633    722  22724  11652  -1531  -1531 -22562  22562    294    294   5151   5482 0 0 
  71.565 -22796  11635    758  22724  11652  -1531  -1531 -22562  22562    294    294   5155   5391 0 0 
  71.680 -22802  11635    776  22724  11652  -1531  -1531 -22562  22562    294    294   5159   5329 0 0 
  71.794 -22805  11635    796  22724  11652  -1531  -1531 -22562  22562    294    294   5161   5257 0 0 
  71.935 -22807  11642    801  22724  11652  -1531  -1531 -22562  22562    294    294   5161   5197 0 0 
  72.077 -22807  11626    819  22724  11652  -1531  -1531 -22562  22562    294    294   5158   5154 0 0 
  72.192 -22808  11626    805  22724  11652  -1531  -1531 -22562  22562    294    294   5157   5099 0 0 
  72.316 -22805  11645    803  22724  11652  -1531  -1531 -22562  22562    294    294   5155   5071 0 0 
  72.432 -22804  11642    794  22724  11652  -1531  -1531 -22562  22562    294    294   5152   5059 0 0 
  72.547 -22802  11631    791  22724  11652  -1531  -1531 -22562  22562    294    294   5151   5027 0 0 
  72.671 -22798  11626    782  22724  11652  -1531  -1531 -22632  22632    294    294   5147   5046 0 0 
  72.786 -22799  11604    760  22724  11652  -1531  -1531 -22655  22655    294    294   5138   4983 0 0 
  72.927 -22797  11613    737  22724  11652  -1531  -1531 -22655  22655    294    294   5134   4965 0 0 
  73.043 -22792  11595    719  22724  11652  -1531  -1531 -22655  22655    294    294   5126   4955 0 0 
  73.199 -22787  11642    694  22724  11651     -6     -6 -22655  22655      0      0   5124   4955 0 0 
  73.339 -22785  11660    674  22724  11651     -6     -6 -22655  22655      0      0   5118   4952 0 0 
  73.464 -22779  11663    656  22724  11651     -6     -6 -22655  22655      0      0   5117   4963 0 0 
  73.595 -22775  11649    640  22724  11651     -6     -6 -22655  22655      0      0   5114   4962 0 0 
  73.746 -22773  11608    629  22724  11651     -6     -6 -22655  22655      0      0   5108   4979 0 0 
  73.876 -22770  11613    620  22724  11651     -6     -6 -22655  22655      0      0   5102   4976 0 0 
  74.016 -22769  11626    597  22724  11651     -6     -6 -22655  22655      0      0   5100   4971 0 0 
  74.146 -22766  11649    579  22724  11651     -6     -6 -22655  22655      0      0   5098   4975 0 0 
  74.286 -22762  11658    566  22724  11651     -6     -6 -22655  22655      0      0   5096   4978 0 0 
  74.444 -22762  11626    559  22724  11651     -6     -6 -22655  22655      0      0   5091   4980 0 0 
  74.567 -22760  11631    543  22724  11651     -6     -6 -22655  22655      0      0   5088   5006 0 0 
  74.697 -22759  11617    539  22724  11651     -6     -6 -22661  22661      0      0   5086   4978 0 0 
  75.255 -22757  11633    525  22724  11651     -6     -6 -22663  22663      0      0   5086   5011 0 0 
  75.391 -22755  11626    503  22724  11655    127    127 -22663  22663      0      0   5079   5024 0 0 
  75.516 -22754  11631    496  22724  11655    127    127 -22663  22663      0      0   5078   5028 0 0 
  75.647 -22751  11622    503  22724  11655    127    127 -22663  22663      0      0   5080   5054 0 0 
  75.787 -22753  11617    494  22724  11655    127    127 -22663  22663      0      0   5073   5042 0 0 
  75.928 -22754  11608    487  22724  11655    127    127 -22663  22663      0      0   5074   5016 0 0 
  76.043 -22753  11617    489  22724  11655    127    127 -22663  22663      0      0   5072   5024 0 0 
  76.168 -22753  11624    489  22724  11655    127    127 -22663  22663      0      0   5073   5050 0 0 
  76.298 -22750  11624    496  22724  11655    127    127 -22663  22663      0      0   5077   5067 0 0 
  76.424 -22754  11617    489  22724  11655    127    127 -22663  22663      0      0   5076   5037 0 0 
*** End ***
