 *** ZZT:Watch ***
File: D:\ZZT\Watch_ZAKUCA1A-ZAKUCA1A_014.log
Computer: INEM1332-NB; User: anto.maric
Connection: Telnet 192.168.0.11:23
Target: D105OSCZ; Application: ZAKUCA1A-ZAKUCA1A
Start time: 21.2.2025. 12:19:00

Signals:  6
 1.    QACTH int16
 2.  QHREFCM int16
 3.   PACTHI int16
 4.   QACTHI int16
 5.  ACQHCOF log16
 6.  ACQHCON log16

Data:
   0.229   -271      0   7951   -186 1 0 
   0.355   -271      0   7951   -186 1 0 
   0.469   -271      0   7951   -186 1 0 
   0.595   -271      0   7951   -186 1 0 
   0.709   -271      0   7951   -186 1 0 
   0.824   -271      0   7951   -186 1 0 
   0.949   -271      0   7951   -186 1 0 
   1.065   -271      0   7951   -186 1 0 
   1.180   -271      0   7951   -186 1 0 
   1.305   -324      0   7951   -186 1 0 
   1.420   -324      0   7950   -193 1 0 
   1.561   -324      0   7948   -200 1 0 
   2.043   -324      0   7948   -204 1 0 
   2.173   -324      0   7946   -216 1 0 
   2.298   -324      0   7946   -217 1 0 
   2.412   -324      0   7946   -218 1 0 
   2.528   -324      0   7946   -219 1 0 
   2.652   -324      0   7946   -219 1 0 
   2.766   -324      0   7945   -220 1 0 
   2.882   -324      0   7945   -221 1 0 
   3.007   -324      0   7945   -221 1 0 
   3.122   -324      0   7945   -221 1 0 
   3.247   -324      0   7945   -221 1 0 
   3.362   -324      0   7945   -221 1 0 
   3.476   -324      0   7945   -221 1 0 
   3.619   -324      0   7945   -221 1 0 
*** End ***
