 *** ZZT:Watch ***
File: D:\ZZT\Watch_ZAKUCA1A-ZAKUCA1A_071.log
Computer: INEM1332-NB; User: anto.maric
Connection: Telnet 192.168.0.11:23
Target: D105OSCZ; Application: ZAKUCA1A-ZAKUCA1A
Start time: 21.2.2025. 13:48:17

Signals: 15
 1.    VGACT int16
 2.     PACT int16
 3.     QACT int16
 4.    VGREF int16
 5.    PACTH int16
 6.    QACTH int16
 7.    QHREF int16
 8.    VHACT int16
 9.    VHREF int16
10.  COSPHIH int16
11.  COSHREF int16
12.    IFACT int16
13.    UFACT int16
14.    QHINC log16
15.    QHDEC log16

Data:
   0.649 -23489  11687   3411  23490  11661   2700   2925 -22996  23405   -852      0   5784   5784 0 0 
   0.763 -23489  11694   3409  23490  11661   2700   2925 -22996  23405   -852      0   5785   5788 0 0 
   0.877 -23488  11685   3413  23490  11635   2837   2925 -22996  23405   -918      0   5785   5792 0 0 
   1.002 -23489  11714   3411  23490  11635   2837   2925 -22996  23405   -918      0   5788   5786 0 0 
   1.135 -23489  11726   3411  23490  11635   2837   2925 -22996  23405   -918      0   5788   5796 0 0 
   1.275 -23489  11714   3418  23490  11635   2837   2925 -22996  23405   -918      0   5789   5801 0 0 
   1.400 -23489  11708   3429  23490  11635   2837   2925 -22996  23405   -918      0   5789   5792 0 0 
   1.515 -23489  11712   3429  23490  11635   2837   2925 -22996  23405   -918      0   5792   5790 0 0 
   1.629 -23489  11714   3427  23490  11635   2837   2925 -22996  23405   -918      0   5788   5790 0 0 
   1.754 -23490  11712   3422  23490  11635   2837   2925 -22996  23405   -918      0   5789   5784 0 0 
   1.868 -23490  11721   3422  23490  11635   2837   2925 -22996  23405   -918      0   5793   5772 0 0 
   1.984 -23490  11705   3422  23490  11635   2837   2925 -22996  23405   -918      0   5792   5778 0 0 
   2.124 -23489  11733   3422  23490  11635   2837   2925 -22996  23405   -918      0   5793   5784 0 0 
   2.264 -23492  11717   3418  23490  11635   2837   2925 -22996  23405   -918      0   5791   5766 0 0 
   2.431 -23491  11699   3418  23490  11635   2837   2925 -22996  23405   -918      0   5791   5782 0 0 
   2.577 -23492  11672   3420  23490  11635   2837   2925 -22996  23405   -918      0   5787   5767 0 0 
   2.733 -23491  11721   3413  23490  11635   2837   2925 -22996  23405   -918      0   5789   5787 0 0 
   2.885 -23491  11735   3413  23490  11635   2837   2925 -22996  23405   -918      0   5791   5764 0 0 
   3.015 -23490  11708   3411  23490  11635   2837   2925 -22996  23405   -918      0   5792   5779 0 0 
   3.129 -23491  11685   3413  23490  11635   2837   2925 -22996  23405   -918      0   5784   5764 0 0 
   3.254 -23489  11678   3413  23490  11635   2837   2925 -22996  23405   -918      0   5784   5768 0 0 
   3.368 -23491  11676   3411  23490  11635   2837   2925 -22996  23405   -918      0   5787   5764 0 0 
   3.483 -23491  11708   3404  23490  11635   2837   2925 -22996  23405   -918      0   5787   5756 0 0 
   3.624 -23490  11712   3404  23490  11635   2837   2925 -22996  23405   -918      0   5785   5786 0 0 
   3.766 -23490  11712   3404  23490  11635   2837   2925 -22996  23405   -918      0   5785   5760 0 0 
   3.881 -23489  11712   3411  23490  11635   2837   2925 -22992  23405   -918      0   5785   5788 0 0 
   4.006 -23489  11708   3411  23490  11635   2837   2925 -22988  23405   -918      0   5790   5776 0 0 
   4.121 -23490  11705   3402  23490  11635   2837   2925 -22988  23405   -918      0   5785   5790 0 0 
   4.246 -23490  11694   3411  23490  11635   2837   2925 -22988  23405   -918      0   5787   5771 0 0 
   4.360 -23489  11705   3411  23490  11635   2837   2925 -22988  23405   -918      0   5787   5784 0 0 
   4.475 -23487  11708   3427  23490  11635   2837   2925 -22988  23405   -918      0   5789   5781 0 0 
   4.599 -23489  11705   3413  23490  11635   2837   2925 -22988  23405   -918      0   5788   5788 0 0 
   4.730 -23490  11676   3413  23490  11635   2837   2925 -22988  23405   -918      0   5789   5779 0 0 
   4.872 -23490  11690   3413  23490  11655   2843   2925 -22988  23405   -918      0   5787   5790 0 0 
   5.010 -23489  11685   3420  23490  11655   2843   2925 -22988  23405   -918      0   5786   5780 0 0 
   5.168 -23490  11669   3427  23490  11655   2843   2925 -22988  23405   -918      0   5789   5788 0 0 
   5.283 -23490  11654   3422  23490  11655   2843   2925 -22988  23405   -918      0   5787   5788 0 0 
   5.424 -23492  11678   3413  23490  11655   2843   2925 -22988  23405   -918      0   5785   5754 0 0 
   5.564 -23490  11705   3413  23490  11655   2843   2925 -22988  23405   -918      0   5788   5765 0 0 
   5.705 -23489  11723   3427  23490  11655   2843   2925 -22988  23405   -918      0   5793   5810 0 0 
   5.861 -23490  11708   3427  23490  11655   2843   2925 -22988  23405   -918      0   5791   5776 0 0 
   5.976 -23489  11705   3427  23490  11655   2843   2925 -22988  23405   -918      0   5791   5806 0 0 
   6.101 -23490  11703   3427  23490  11655   2843   2925 -22988  23405   -918      0   5791   5776 0 0 
   6.273 -23490  11699   3436  23490  11655   2843   2925 -22988  23405   -918      0   5792   5775 0 0 
   6.398 -23489  11699   3427  23490  11655   2843   2925 -22988  23405   -918      0   5790   5768 0 0 
   6.514 -23492  11690   3422  23490  11655   2843   2925 -22988  23405   -918      0   5790   5773 0 0 
   6.629 -23491  11678   3422  23490  11655   2843   2925 -22988  23405   -918      0   5789   5750 0 0 
   6.769 -23490  11699   3418  23490  11655   2843   2925 -22988  23405   -918      0   5789   5780 0 0 
   6.884 -23489  11708   3422  23490  11655   2843   2925 -22988  23405   -918      0   5789   5779 0 0 
   7.026 -23491  11696   3420  23490  11655   2843   2925 -22988  23405   -918      0   5785   5780 0 0 
   7.149 -23491  11678   3427  23490  11655   2843   2925 -22988  23405   -918      0   5789   5768 0 0 
   7.293 -23489  11681   3429  23490  11655   2843   2925 -22988  23405   -918      0   5790   5775 0 0 
   7.423 -23491  11690   3427  23490  11655   2843   2925 -22988  23405   -918      0   5789   5782 0 0 
   7.548 -23491  11730   3418  23490  11655   2843   2925 -22988  23405   -918      0   5793   5778 0 0 
   7.663 -23491  11733   3418  23490  11655   2843   2925 -22988  23405   -918      0   5791   5776 0 0 
   7.779 -23489  11714   3422  23490  11666   2851   2925 -22988  23405   -951      0   5792   5767 0 0 
   7.919 -23489  11730   3429  23490  11666   2851   2925 -22988  23405   -951      0   5794   5789 0 0 
   8.034 -23489  11714   3429  23490  11666   2851   2925 -22988  23405   -951      0   5794   5781 0 0 
   8.200 -23489  11739   3431  23490  11666   2851   2925 -22988  23405   -951      0   5797   5804 0 0 
   8.332 -23489  11714   3436  23490  11666   2851   2925 -22988  23405   -951      0   5796   5796 0 0 
   8.473 -23490  11705   3429  23490  11666   2851   2925 -22988  23405   -951      0   5790   5768 0 0 
   8.655 -23490  11726   3429  23490  11666   2851   2925 -22988  23405   -951      0   5793   5768 0 0 
   8.811 -23489  11739   3436  23490  11666   2851   2925 -22988  23405   -951      0   5796   5780 0 0 
   8.927 -23490  11742   3436  23490  11666   2851   2925 -22988  23405   -951      0   5797   5796 0 0 
   9.052 -23489  11714   3436  23490  11666   2851   2925 -22988  23405   -951      0   5797   5794 0 0 
   9.192 -23489  11699   3436  23490  11666   2851   2925 -22988  23405   -951      0   5793   5778 0 0 
   9.309 -23490  11685   3438  23490  11666   2851   2925 -22988  23405   -951      0   5792   5774 0 0 
   9.465 -23490  11672   3436  23490  11666   2851   2925 -22988  23405   -951      0   5791   5762 0 0 
   9.579 -23491  11717   3431  23490  11666   2851   2925 -22988  23405   -951      0   5793   5767 0 0 
   9.706 -23491  11717   3422  23490  11666   2851   2925 -22988  23405   -951      0   5794   5782 0 0 
   9.821 -23490  11721   3427  23490  11682   2851   2925 -22988  23405   -951      0   5793   5767 0 0 
   9.935 -23490  11708   3431  23490  11682   2851   2925 -22988  23405   -951      0   5793   5767 0 0 
  10.076 -23490  11685   3431  23490  11682   2851   2925 -22988  23405   -951      0   5791   5767 0 0 
  10.242 -23491  11676   3431  23490  11682   2851   2925 -22988  23405   -951      0   5789   5772 0 0 
  10.357 -23490  11703   3431  23490  11682   2851   2925 -22988  23405   -951      0   5792   5776 0 0 
  10.513 -23491  11676   3431  23490  11682   2851   2925 -22988  23405   -951      0   5790   5777 0 0 
  10.628 -23491  11685   3422  23490  11682   2851   2925 -22988  23405   -951      0   5789   5764 0 0 
  10.768 -23492  11696   3420  23490  11682   2851   2925 -22988  23405   -951      0   5789   5769 0 0 
  10.883 -23491  11739   3413  23490  11682   2851   2925 -22988  23405   -951      0   5789   5766 0 0 
  11.026 -23490  11730   3413  23490  11682   2851   2925 -22988  23405   -951      0   5790   5778 0 0 
  11.151 -23489  11712   3422  23490  11682   2851   2925 -22988  23405   -951      0   5791   5769 0 0 
  11.280 -23491  11667   3420  23490  11682   2851   2925 -22988  23405   -951      0   5785   5775 0 0 
  11.405 -23491  11690   3413  23490  11682   2851   2925 -22988  23405   -951      0   5786   5752 0 0 
  11.520 -23491  11712   3409  23490  11682   2851   2925 -22988  23405   -951      0   5788   5748 0 0 
  11.661 -23491  11733   3402  23490  11682   2851   2925 -22988  23405   -951      0   5789   5774 0 0 
  11.776 -23489  11730   3404  23490  11682   2851   2925 -22988  23405   -951      0   5790   5772 0 0 
  11.901 -23489  11717   3409  23490  11682   2851   2925 -22988  23405   -951      0   5790   5772 0 0 
  12.032 -23490  11717   3404  23490  11682   2851   2925 -22988  23405   -951      0   5789   5772 0 0 
  12.183 -23489  11699   3411  23490  11682   2851   2925 -22988  23405   -951      0   5787   5778 0 0 
  12.298 -23487  11708   3422  23490  11682   2851   2925 -22988  23405   -951      0   5791   5808 0 0 
  12.413 -23490  11696   3411  23490  11682   2851   2925 -22988  23405   -951      0   5789   5792 0 0 
  12.529 -23491  11708   3404  23490  11682   2851   2925 -22988  23405   -951      0   5789   5796 0 0 
  12.654 -23490  11723   3404  23490  11682   2851   2925 -22988  23405   -951      0   5788   5766 0 0 
  12.769 -23491  11742   3402  23490  11682   2851   2925 -22988  23405   -951      0   5787   5778 0 0 
  12.884 -23487  11762   3413  23490  11682   2851   2925 -22988  23405   -951      0   5793   5776 0 0 
  13.012 -23488  11735   3413  23490  11682   2851   2925 -22988  23405   -951      0   5795   5814 0 0 
  13.126 -23489  11705   3413  23490  11682   2851   2925 -22988  23405   -951      0   5791   5794 0 0 
  13.267 -23490  11678   3420  23490  11682   2851   2925 -22988  23405   -951      0   5789   5792 0 0 
  13.382 -23488  11699   3427  23490  11682   2851   2925 -22988  23405   -951      0   5790   5806 0 0 
  13.550 -23489  11714   3422  23490  11682   2851   2925 -22988  23405   -951      0   5789   5776 0 0 
  13.680 -23490  11730   3418  23490  11682   2851   2925 -22988  23405   -951      0   5791   5786 0 0 
  13.821 -23489  11712   3422  23490  11674   2834   2925 -22988  23405   -918      0   5791   5799 0 0 
  13.988 -23489  11696   3436  23490  11674   2834   2925 -22988  23405   -918      0   5793   5792 0 0 
  14.119 -23488  11658   3445  23490  11674   2834   2925 -22988  23405   -918      0   5793   5817 0 0 
  14.234 -23489  11676   3445  23490  11674   2834   2925 -22988  23405   -918      0   5793   5801 0 0 
  14.359 -23491  11669   3438  23490  11674   2834   2925 -22988  23405   -918      0   5793   5775 0 0 
  14.475 -23491  11685   3438  23490  11674   2834   2925 -22988  23405   -918      0   5792   5768 0 0 
  14.615 -23491  11667   3438  23490  11674   2834   2925 -22988  23405   -918      0   5789   5753 0 0 
  14.731 -23490  11687   3438  23490  11674   2834   2925 -22988  23405   -918      0   5789   5776 0 0 
  14.858 -23491  11712   3436  23490  11674   2834   2925 -22988  23405   -918      0   5793   5772 0 0 
  14.972 -23489  11726   3431  23490  11674   2834   2925 -22988  23405   -918      0   5797   5778 0 0 
  15.113 -23490  11699   3438  23490  11674   2834   2925 -22988  23405   -918      0   5795   5794 0 0 
  15.254 -23490  11667   3440  23490  11674   2834   2925 -22988  23405   -918      0   5795   5782 0 0 
  15.369 -23489  11676   3447  23490  11674   2834   2925 -22988  23405   -918      0   5793   5804 0 0 
  15.485 -23490  11681   3440  23490  11674   2834   2925 -22988  23405   -918      0   5795   5784 0 0 
  15.610 -23490  11694   3438  23490  11674   2834   2925 -22988  23405   -918      0   5793   5774 0 0 
  15.724 -23491  11703   3438  23490  11674   2834   2925 -22988  23405   -918      0   5795   5776 0 0 
  15.849 -23491  11708   3440  23490  11674   2834   2925 -22988  23405   -918      0   5796   5780 0 0 
  15.964 -23489  11726   3445  23490  11674   2834   2925 -22988  23405   -918      0   5796   5796 0 0 
  16.079 -23489  11717   3445  23490  11674   2834   2925 -22988  23405   -918      0   5797   5794 0 0 
  16.205 -23489  11699   3447  23490  11674   2834   2925 -22988  23405   -918      0   5797   5789 0 0 
  16.321 -23490  11685   3447  23490  11674   2834   2925 -22988  23405   -918      0   5793   5784 0 0 
  16.461 -23492  11699   3447  23490  11674   2834   2925 -22988  23405   -918      0   5795   5774 0 0 
  16.585 -23490  11705   3447  23490  11674   2834   2925 -22988  23405   -918      0   5796   5796 0 0 
  16.731 -23489  11717   3440  23490  11674   2834   2925 -22988  23405   -918      0   5793   5782 0 0 
  16.872 -23491  11735   3438  23490  11674   2834   2925 -22988  23405   -918      0   5798   5790 0 0 
  16.996 -23490  11735   3438  23490  11674   2834   2925 -22988  23405   -918      0   5797   5778 0 0 
  17.136 -23490  11703   3440  23490  11674   2834   2925 -22988  23405   -918      0   5796   5792 0 0 
  17.266 -23490  11681   3447  23490  11674   2834   2925 -22988  23405   -918      0   5797   5779 0 0 
  17.423 -23489  11699   3445  23490  11649   2862   2925 -22988  23405   -951      0   5797   5806 0 0 
  17.548 -23490  11708   3440  23490  11649   2862   2925 -22988  23405   -951      0   5796   5792 0 0 
  17.662 -23493  11694   3440  23490  11649   2862   2925 -22988  23405   -951      0   5795   5782 0 0 
  17.777 -23492  11687   3440  23490  11649   2862   2925 -22988  23405   -951      0   5796   5776 0 0 
  17.902 -23491  11712   3438  23490  11649   2862   2925 -22988  23405   -951      0   5797   5774 0 0 
  18.042 -23490  11717   3440  23490  11649   2862   2925 -22988  23405   -951      0   5796   5760 0 0 
  18.173 -23491  11705   3438  23490  11649   2862   2925 -22988  23405   -951      0   5796   5776 0 0 
  18.300 -23489  11714   3438  23490  11649   2862   2925 -22988  23405   -951      0   5796   5776 0 0 
  18.429 -23490  11685   3440  23490  11649   2862   2925 -22988  23405   -951      0   5796   5780 0 0 
  18.554 -23490  11690   3438  23490  11649   2862   2925 -22988  23405   -951      0   5791   5782 0 0 
  18.668 -23490  11681   3440  23490  11649   2862   2925 -22988  23405   -951      0   5794   5782 0 0 
  18.783 -23491  11703   3431  23490  11649   2862   2925 -22988  23405   -951      0   5794   5779 0 0 
  18.908 -23489  11753   3436  23490  11649   2862   2925 -22988  23405   -951      0   5798   5777 0 0 
  19.049 -23491  11730   3429  23490  11649   2862   2925 -22988  23405   -951      0   5795   5780 0 0 
  19.163 -23491  11717   3429  23490  11649   2862   2925 -22988  23405   -951      0   5794   5758 0 0 
  19.278 -23490  11703   3431  23490  11649   2862   2925 -22988  23405   -951      0   5792   5783 0 0 
  19.403 -23490  11694   3438  23490  11649   2862   2925 -22988  23405   -951      0   5795   5784 0 0 
  19.518 -23490  11712   3429  23490  11649   2862   2925 -22988  23405   -951      0   5792   5784 0 0 
  19.634 -23492  11721   3413  23490  11649   2862   2925 -22988  23405   -951      0   5794   5760 0 0 
  19.757 -23492  11705   3411  23490  11649   2862   2925 -22988  23405   -951      0   5790   5752 0 0 
  19.872 -23491  11703   3413  23490  11649   2862   2925 -22988  23405   -951      0   5791   5761 0 0 
  20.013 -23490  11699   3418  23490  11649   2862   2925 -22988  23405   -951      0   5790   5772 0 0 
  20.155 -23490  11685   3411  23490  11649   2862   2925 -22988  23405   -951      0   5790   5764 0 0 
  20.270 -23489  11678   3422  23490  11649   2862   2925 -22988  23405   -951      0   5786   5782 0 0 
  20.385 -23489  11669   3413  23490  11649   2862   2925 -22988  23405   -951      0   5787   5766 0 0 
  20.525 -23490  11699   3413  23490  11649   2862   2925 -22988  23405   -951      0   5788   5771 0 0 
  20.807 -23491  11721   3404  23490  11649   2862   2925 -22988  23405   -951      0   5786   5777 0 0 
  20.948 -23489  11735   3409  23490  11649   2862   2925 -22988  23405   -951      0   5792   5787 0 0 
  21.078 -23489  11696   3409  23490  11649   2862   2925 -22988  23405   -951      0   5790   5785 0 0 
  21.203 -23489  11676   3404  23490  11649   2862   2925 -22988  23405   -951      0   5787   5779 0 0 
  21.318 -23489  11696   3411  23490  11649   2862   2925 -22988  23405   -951      0   5788   5784 0 0 
  21.432 -23488  11699   3413  23490  11649   2862   2925 -22988  23405   -951      0   5790   5796 0 0 
  21.556 -23490  11694   3409  23490  11649   2862   2925 -22988  23405   -951      0   5792   5775 0 0 
  21.670 -23491  11669   3411  23490  11649   2862   2925 -22988  23405   -951      0   5789   5768 0 0 
  21.784 -23491  11660   3411  23490  11649   2862   2925 -22988  23405   -951      0   5784   5756 0 0 
  21.908 -23490  11712   3404  23490  11649   2862   2925 -22988  23405   -951      0   5788   5768 0 0 
  22.023 -23489  11708   3411  23490  11649   2862   2925 -22988  23405   -951      0   5789   5797 0 0 
  22.147 -23490  11705   3402  23490  11649   2862   2925 -22988  23405   -951      0   5784   5778 0 0 
  22.261 -23491  11696   3404  23490  11649   2862   2925 -22988  23405   -951      0   5788   5764 0 0 
  22.375 -23491  11672   3404  23490  11649   2862   2925 -22988  23405   -951      0   5786   5761 0 0 
  22.514 -23492  11654   3402  23490  11649   2862   2925 -22988  23405   -951      0   5784   5782 0 0 
  22.654 -23490  11651   3404  23490  11649   2862   2925 -22988  23405   -951      0   5784   5784 0 0 
  22.768 -23491  11672   3402  23490  11649   2862   2925 -22988  23405   -951      0   5784   5753 0 0 
  22.882 -23490  11714   3402  23490  11661   2865   2925 -22988  23405   -951      0   5786   5762 0 0 
  23.006 -23490  11733   3404  23490  11661   2865   2925 -22988  23405   -951      0   5788   5772 0 0 
  23.121 -23489  11705   3402  23490  11661   2865   2925 -22988  23405   -951      0   5790   5772 0 0 
  23.245 -23487  11690   3422  23490  11661   2865   2925 -22988  23405   -951      0   5791   5790 0 0 
  23.359 -23489  11687   3418  23490  11661   2865   2925 -22988  23405   -951      0   5789   5785 0 0 
  23.473 -23489  11685   3413  23490  11661   2865   2925 -22988  23405   -951      0   5790   5787 0 0 
  23.597 -23489  11703   3418  23490  11661   2865   2925 -22988  23405   -951      0   5791   5776 0 0 
  23.728 -23491  11676   3413  23490  11661   2865   2925 -22988  23405   -951      0   5786   5768 0 0 
  23.868 -23489  11708   3418  23490  11661   2865   2925 -22988  23405   -951      0   5787   5769 0 0 
  24.009 -23489  11733   3422  23490  11661   2865   2925 -22988  23405   -951      0   5792   5776 0 0 
  24.124 -23488  11726   3429  23490  11661   2865   2925 -22988  23405   -951      0   5795   5784 0 0 
  24.266 -23485  11681   3447  23490  11661   2865   2925 -22988  23405   -951      0   5794   5795 0 0 
  24.380 -23485  11672   3456  23490  11661   2865   2925 -22988  23405   -951      0   5794   5822 0 0 
  24.520 -23488  11705   3440  23490  11661   2865   2925 -22988  23405   -951      0   5797   5819 0 0 
  24.635 -23487  11723   3463  23490  11661   2865   2925 -22988  23405   -951      0   5801   5834 0 0 
  24.787 -23492  11690   3445  23490  11661   2865   2925 -22988  23405   -951      0   5793   5800 0 0 
  24.902 -23491  11676   3454  23490  11649   2833   2925 -22988  23405   -918      0   5794   5780 0 0 
  25.032 -23489  11676   3454  23490  11649   2833   2925 -22988  23405   -918      0   5794   5795 0 0 
  25.176 -23489  11687   3456  23490  11649   2833   2925 -22988  23405   -918      0   5797   5761 0 0 
  25.300 -23491  11703   3445  23490  11649   2833   2925 -22988  23405   -918      0   5795   5778 0 0 
  25.430 -23492  11690   3447  23490  11649   2833   2925 -22988  23405   -918      0   5795   5776 0 0 
  25.555 -23493  11690   3440  23490  11649   2833   2925 -22988  23405   -918      0   5794   5771 0 0 
  25.670 -23492  11708   3438  23490  11649   2833   2925 -22988  23405   -918      0   5795   5772 0 0 
  25.784 -23494  11717   3422  23490  11649   2833   2925 -22988  23405   -918      0   5793   5742 0 0 
  25.924 -23491  11735   3422  23490  11649   2833   2925 -22988  23405   -918      0   5789   5775 0 0 
  26.048 -23490  11721   3427  23490  11649   2833   2925 -22988  23405   -918      0   5792   5765 0 0 
  26.178 -23491  11681   3429  23490  11649   2833   2925 -22988  23405   -918      0   5789   5754 0 0 
  26.302 -23491  11669   3422  23490  11649   2833   2925 -22988  23405   -918      0   5787   5774 0 0 
  26.432 -23490  11660   3418  23490  11649   2833   2925 -22988  23405   -918      0   5789   5775 0 0 
  26.556 -23491  11681   3418  23490  11649   2833   2925 -22988  23405   -918      0   5787   5777 0 0 
  26.670 -23490  11685   3418  23490  11649   2833   2925 -22988  23405   -918      0   5785   5778 0 0 
  26.784 -23489  11681   3413  23490  11649   2833   2925 -22988  23405   -918      0   5787   5764 0 0 
  26.923 -23489  11712   3411  23490  11649   2833   2925 -22988  23405   -918      0   5790   5780 0 0 
  27.048 -23490  11685   3409  23490  11649   2833   2925 -22988  23405   -918      0   5781   5770 0 0 
  27.183 -23490  11681   3409  23490  11649   2833   2925 -22988  23405   -918      0   5787   5780 0 0 
  27.307 -23491  11660   3409  23490  11649   2833   2925 -22988  23405   -918      0   5781   5763 0 0 
  27.422 -23489  11699   3413  23490  11652   2875   2925 -22988  23405   -951      0   5785   5770 0 0 
  27.546 -23490  11694   3409  23490  11652   2875   2925 -22988  23405   -951      0   5787   5764 0 0 
  27.660 -23491  11717   3404  23490  11652   2875   2925 -22988  23405   -951      0   5785   5786 0 0 
  27.774 -23492  11705   3402  23490  11652   2875   2925 -22988  23405   -951      0   5785   5761 0 0 
  27.899 -23490  11714   3402  23490  11652   2875   2925 -22988  23405   -951      0   5786   5765 0 0 
  28.012 -23489  11690   3411  23490  11652   2875   2925 -22988  23405   -951      0   5785   5772 0 0 
  28.126 -23490  11676   3409  23490  11652   2875   2925 -22988  23405   -951      0   5785   5788 0 0 
  28.266 -23490  11676   3402  23490  11652   2875   2925 -22988  23405   -951      0   5784   5781 0 0 
  28.405 -23489  11678   3404  23490  11652   2875   2925 -22988  23405   -951      0   5783   5762 0 0 
  28.520 -23490  11694   3404  23490  11652   2875   2925 -22988  23405   -951      0   5785   5772 0 0 
  28.634 -23489  11694   3411  23490  11652   2875   2925 -22988  23405   -951      0   5786   5777 0 0 
  28.758 -23491  11663   3404  23490  11652   2875   2925 -22988  23405   -951      0   5781   5770 0 0 
  28.872 -23490  11687   3404  23490  11652   2875   2925 -22988  23405   -951      0   5785   5758 0 0 
  28.996 -23489  11708   3404  23490  11652   2875   2925 -22988  23405   -951      0   5783   5778 0 0 
  29.110 -23489  11708   3404  23490  11652   2875   2925 -22988  23405   -951      0   5787   5790 0 0 
  29.224 -23488  11694   3411  23490  11652   2875   2925 -22988  23405   -951      0   5785   5784 0 0 
  29.348 -23489  11676   3411  23490  11652   2875   2925 -22988  23405   -951      0   5786   5791 0 0 
  29.462 -23489  11651   3409  23490  11652   2875   2925 -22988  23405   -951      0   5784   5772 0 0 
  29.576 -23489  11672   3409  23490  11652   2875   2925 -22988  23405   -951      0   5786   5787 0 0 
  29.717 -23490  11667   3411  23490  11652   2875   2925 -22988  23405   -951      0   5784   5766 0 0 
  29.832 -23485  11714   3429  23490  11652   2832   2925 -22988  23405   -918      0   5787   5787 0 0 
  29.956 -23484  11735   3440  23490  11652   2832   2925 -22988  23405   -918      0   5797   5845 0 0 
  30.070 -23487  11712   3447  23490  11652   2832   2925 -22988  23405   -918      0   5798   5853 0 0 
  30.185 -23487  11667   3456  23490  11652   2832   2925 -22988  23405   -918      0   5796   5822 0 0 
  30.309 -23489  11649   3465  23490  11652   2832   2925 -22988  23405   -918      0   5796   5831 0 0 
  30.423 -23490  11676   3456  23490  11652   2832   2925 -22988  23405   -918      0   5796   5788 0 0 
  30.547 -23490  11696   3447  23490  11652   2832   2925 -22988  23405   -918      0   5798   5800 0 0 
  30.661 -23491  11721   3445  23490  11652   2832   2925 -22988  23405   -918      0   5795   5782 0 0 
  30.775 -23490  11703   3449  23490  11652   2832   2925 -22988  23405   -918      0   5799   5800 0 0 
  30.899 -23490  11694   3454  23490  11652   2832   2925 -22988  23405   -918      0   5797   5780 0 0 
  31.013 -23490  11687   3456  23490  11652   2832   2925 -22988  23405   -918      0   5797   5784 0 0 
  31.128 -23491  11694   3447  23490  11652   2832   2925 -22988  23405   -918      0   5797   5791 0 0 
  31.268 -23492  11708   3440  23490  11652   2832   2925 -22988  23405   -918      0   5795   5785 0 0 
  31.382 -23491  11699   3440  23490  11652   2832   2925 -22988  23405   -918      0   5793   5778 0 0 
  31.522 -23491  11687   3445  23490  11652   2832   2925 -22988  23405   -918      0   5795   5790 0 0 
  31.647 -23490  11678   3447  23490  11652   2832   2925 -22988  23405   -918      0   5792   5773 0 0 
  31.761 -23491  11687   3438  23490  11652   2832   2925 -22988  23405   -918      0   5792   5754 0 0 
  31.874 -23491  11712   3438  23490  11652   2832   2925 -22988  23405   -918      0   5793   5772 0 0 
  31.999 -23490  11723   3436  23490  11652   2832   2925 -22988  23405   -918      0   5793   5768 0 0 
  32.113 -23491  11721   3436  23490  11652   2832   2925 -22988  23405   -918      0   5793   5782 0 0 
  32.227 -23490  11694   3438  23490  11652   2832   2925 -22988  23405   -918      0   5794   5783 0 0 
  32.351 -23489  11705   3438  23490  11652   2832   2925 -22984  23405   -918      0   5793   5788 0 0 
  32.465 -23490  11699   3440  23490  11652   2832   2925 -22980  23405   -918      0   5795   5770 0 0 
  32.579 -23489  11699   3438  23490  11652   2832   2925 -22980  23405   -918      0   5793   5794 0 0 
  32.703 -23490  11669   3438  23490  11652   2832   2925 -22980  23405   -918      0   5790   5791 0 0 
  32.817 -23492  11667   3431  23490  11658   2874   2925 -22980  23405   -951      0   5789   5765 0 0 
  32.931 -23489  11705   3438  23490  11658   2874   2925 -22980  23405   -951      0   5794   5780 0 0 
  33.055 -23493  11699   3420  23490  11658   2874   2925 -22980  23405   -951      0   5789   5751 0 0 
  33.368 -23491  11663   3422  23490  11658   2874   2925 -22980  23405   -951      0   5787   5761 0 0 
  33.482 -23491  11687   3420  23490  11658   2874   2925 -22980  23405   -951      0   5787   5769 0 0 
  33.622 -23491  11708   3411  23490  11658   2874   2925 -22980  23405   -951      0   5787   5759 0 0 
  33.746 -23491  11681   3411  23490  11658   2874   2925 -22980  23405   -951      0   5785   5754 0 0 
  33.878 -23491  11672   3411  23490  11658   2874   2925 -22980  23405   -951      0   5785   5781 0 0 
  34.020 -23490  11703   3404  23490  11658   2874   2925 -22980  23405   -951      0   5789   5781 0 0 
  34.134 -23489  11690   3411  23490  11658   2874   2925 -22980  23405   -951      0   5787   5768 0 0 
  34.258 -23491  11681   3404  23490  11658   2874   2925 -22980  23405   -951      0   5785   5766 0 0 
  34.415 -23493  11640   3404  23490  11658   2874   2925 -22986  23405   -951      0   5781   5761 0 0 
  34.555 -23491  11667   3404  23490  11658   2874   2925 -22988  23405   -951      0   5781   5751 0 0 
  34.696 -23489  11687   3404  23490  11658   2874   2925 -22988  23405   -951      0   5781   5764 0 0 
  34.810 -23490  11723   3393  23490  11647   2853   2925 -22988  23405   -951      0   5783   5776 0 0 
  34.925 -23489  11733   3395  23490  11647   2853   2925 -22988  23405   -951      0   5786   5770 0 0 
  35.050 -23489  11730   3404  23490  11647   2853   2925 -22988  23405   -951      0   5784   5771 0 0 
  35.166 -23489  11708   3404  23490  11647   2853   2925 -22988  23405   -951      0   5788   5780 0 0 
  35.281 -23487  11694   3409  23490  11647   2853   2925 -22988  23405   -951      0   5783   5780 0 0 
  35.447 -23489  11703   3404  23490  11647   2853   2925 -22988  23405   -951      0   5786   5784 0 0 
  35.562 -23490  11705   3404  23490  11647   2853   2925 -22988  23405   -951      0   5787   5796 0 0 
  35.678 -23492  11681   3402  23490  11647   2853   2925 -22988  23405   -951      0   5785   5766 0 0 
  35.818 -23493  11678   3400  23490  11647   2853   2925 -22988  23405   -951      0   5784   5765 0 0 
  35.932 -23489  11690   3409  23490  11647   2853   2925 -22988  23405   -951      0   5786   5784 0 0 
  36.058 -23490  11690   3404  23490  11647   2853   2925 -22988  23405   -951      0   5782   5763 0 0 
  36.198 -23490  11717   3395  23490  11647   2853   2925 -22988  23405   -951      0   5786   5765 0 0 
  36.329 -23489  11685   3404  23490  11647   2853   2925 -22990  23405   -951      0   5785   5780 0 0 
  36.453 -23487  11730   3402  23490  11647   2853   2925 -22996  23405   -951      0   5787   5788 0 0 
  36.590 -23487  11708   3411  23490  11647   2853   2925 -22996  23405   -951      0   5790   5810 0 0 
  36.715 -23487  11699   3418  23490  11647   2853   2925 -22996  23405   -951      0   5790   5787 0 0 
  36.829 -23490  11708   3404  23490  11647   2853   2925 -22996  23405   -951      0   5788   5767 0 0 
  36.970 -23487  11730   3420  23490  11647   2853   2925 -22996  23405   -951      0   5794   5818 0 0 
  37.126 -23489  11721   3413  23490  11647   2853   2925 -22996  23405   -951      0   5792   5784 0 0 
  37.285 -23492  11687   3404  23490  11647   2853   2925 -22996  23405   -951      0   5789   5786 0 0 
  37.410 -23492  11681   3411  23490  11647   2853   2925 -22996  23405   -951      0   5788   5772 0 0 
  37.524 -23491  11708   3404  23490  11647   2853   2925 -22996  23405   -951      0   5789   5770 0 0 
  37.664 -23489  11717   3418  23490  11647   2853   2925 -22996  23405   -951      0   5787   5784 0 0 
  37.779 -23490  11721   3411  23490  11647   2853   2925 -22996  23405   -951      0   5789   5806 0 0 
  37.904 -23489  11744   3411  23490  11647   2853   2925 -22996  23405   -951      0   5790   5767 0 0 
  38.034 -23490  11733   3411  23490  11647   2853   2925 -22996  23405   -951      0   5789   5804 0 0 
  38.175 -23490  11712   3411  23490  11647   2853   2925 -22996  23405   -951      0   5789   5777 0 0 
  38.300 -23489  11696   3427  23490  11647   2853   2925 -22996  23405   -951      0   5787   5785 0 0 
  38.431 -23489  11703   3420  23490  11655   2829   2925 -22996  23405   -918      0   5789   5799 0 0 
  38.556 -23491  11708   3418  23490  11655   2829   2925 -22996  23405   -918      0   5790   5780 0 0 
  38.670 -23489  11708   3413  23490  11655   2829   2925 -22996  23405   -918      0   5791   5780 0 0 
  38.785 -23489  11694   3420  23490  11655   2829   2925 -22996  23405   -918      0   5789   5782 0 0 
  38.925 -23489  11723   3420  23490  11655   2829   2925 -22996  23405   -918      0   5792   5785 0 0 
  39.050 -23490  11717   3420  23490  11655   2829   2925 -22996  23405   -918      0   5793   5778 0 0 
  39.190 -23490  11694   3427  23490  11655   2829   2925 -22996  23405   -918      0   5787   5781 0 0 
  39.306 -23489  11667   3427  23490  11655   2829   2925 -22996  23405   -918      0   5789   5783 0 0 
  39.422 -23490  11672   3420  23490  11655   2829   2925 -22996  23405   -918      0   5786   5786 0 0 
  39.546 -23491  11733   3418  23490  11655   2829   2925 -22996  23405   -918      0   5786   5794 0 0 
  39.660 -23491  11733   3420  23490  11655   2829   2925 -22996  23405   -918      0   5792   5807 0 0 
  39.800 -23490  11717   3420  23490  11655   2829   2925 -22996  23405   -918      0   5791   5764 0 0 
  39.931 -23491  11735   3411  23490  11655   2829   2925 -22990  23405   -918      0   5793   5785 0 0 
  40.098 -23489  11735   3427  23490  11655   2829   2925 -22988  23405   -918      0   5793   5780 0 0 
  40.229 -23490  11721   3420  23490  11655   2829   2925 -22988  23405   -918      0   5793   5778 0 0 
  40.354 -23490  11714   3418  23490  11655   2829   2925 -22988  23405   -918      0   5792   5762 0 0 
  40.469 -23490  11717   3413  23490  11655   2829   2925 -22988  23405   -918      0   5789   5772 0 0 
  40.583 -23489  11717   3411  23490  11655   2829   2925 -22988  23405   -918      0   5789   5775 0 0 
  40.709 -23490  11703   3418  23490  11655   2829   2925 -22988  23405   -918      0   5787   5778 0 0 
  41.047 -23489  11735   3411  23490  11655   2829   2925 -22988  23405   -918      0   5793   5779 0 0 
  41.203 -23490  11705   3413  23490  11655   2829   2925 -22988  23405   -918      0   5790   5795 0 0 
  41.318 -23489  11681   3420  23490  11655   2829   2925 -22988  23405   -918      0   5789   5806 0 0 
  41.432 -23490  11678   3420  23490  11655   2829   2925 -22988  23405   -918      0   5789   5790 0 0 
  41.557 -23490  11696   3413  23490  11655   2829   2925 -22988  23405   -918      0   5788   5791 0 0 
  41.714 -23491  11721   3409  23490  11655   2829   2925 -22988  23405   -918      0   5790   5768 0 0 
  41.828 -23491  11717   3411  23490  11655   2829   2925 -22988  23405   -918      0   5791   5774 0 0 
  41.970 -23489  11726   3411  23490  11655   2829   2925 -22988  23405   -918      0   5789   5784 0 0 
  42.112 -23490  11694   3411  23490  11655   2829   2925 -22988  23405   -918      0   5787   5763 0 0 
  42.226 -23490  11699   3411  23490  11655   2829   2925 -22988  23405   -918      0   5787   5756 0 0 
  42.352 -23491  11678   3418  23490  11666   2839   2925 -22988  23405   -918      0   5787   5778 0 0 
  42.466 -23489  11705   3418  23490  11666   2839   2925 -22988  23405   -918      0   5787   5790 0 0 
  42.581 -23490  11714   3411  23490  11666   2839   2925 -22988  23405   -918      0   5791   5791 0 0 
  42.709 -23490  11705   3411  23490  11666   2839   2925 -22988  23405   -918      0   5787   5768 0 0 
  42.822 -23490  11714   3409  23490  11666   2839   2925 -22988  23405   -918      0   5789   5778 0 0 
  42.947 -23488  11748   3418  23490  11666   2839   2925 -22988  23405   -918      0   5792   5786 0 0 
  43.130 -23487  11744   3427  23490  11666   2839   2925 -22988  23405   -918      0   5795   5802 0 0 
  43.262 -23489  11714   3418  23490  11666   2839   2925 -22988  23405   -918      0   5791   5782 0 0 
  43.378 -23490  11696   3422  23490  11666   2839   2925 -22988  23405   -918      0   5789   5774 0 0 
  43.503 -23490  11687   3422  23490  11666   2839   2925 -22988  23405   -918      0   5791   5773 0 0 
  43.634 -23491  11705   3418  23490  11666   2839   2925 -22988  23405   -918      0   5788   5789 0 0 
  43.775 -23490  11705   3413  23490  11666   2839   2925 -22988  23405   -918      0   5791   5795 0 0 
  43.915 -23489  11744   3418  23490  11666   2839   2925 -22988  23405   -918      0   5793   5776 0 0 
  44.032 -23489  11739   3422  23490  11666   2839   2925 -22988  23405   -918      0   5795   5786 0 0 
  44.156 -23489  11714   3427  23490  11666   2839   2925 -22988  23405   -918      0   5790   5793 0 0 
  44.270 -23490  11696   3422  23490  11666   2839   2925 -22988  23405   -918      0   5792   5783 0 0 
  44.386 -23489  11712   3431  23490  11666   2839   2925 -22988  23405   -918      0   5791   5787 0 0 
  44.526 -23489  11714   3429  23490  11666   2839   2925 -22988  23405   -918      0   5790   5786 0 0 
  44.651 -23489  11726   3438  23490  11666   2839   2925 -22988  23405   -918      0   5794   5800 0 0 
  44.784 -23491  11687   3436  23490  11677   2842   2925 -22988  23405   -918      0   5793   5770 0 0 
  44.950 -23490  11717   3431  23490  11677   2842   2925 -22988  23405   -918      0   5793   5788 0 0 
  45.081 -23490  11712   3431  23490  11677   2842   2925 -22988  23405   -918      0   5789   5802 0 0 
  45.223 -23490  11708   3436  23490  11677   2842   2925 -22988  23405   -918      0   5791   5780 0 0 
  45.347 -23490  11696   3436  23490  11677   2842   2925 -22988  23405   -918      0   5795   5784 0 0 
  45.462 -23491  11690   3436  23490  11677   2842   2925 -22988  23405   -918      0   5790   5778 0 0 
  45.577 -23490  11690   3438  23490  11677   2842   2925 -22988  23405   -918      0   5793   5778 0 0 
  45.718 -23491  11705   3427  23490  11677   2842   2925 -22988  23405   -918      0   5794   5789 0 0 
  45.877 -23491  11733   3427  23490  11677   2842   2925 -22988  23405   -918      0   5787   5763 0 0 
  46.017 -23490  11735   3427  23490  11677   2842   2925 -22988  23405   -918      0   5792   5778 0 0 
  46.134 -23490  11714   3429  23490  11677   2842   2925 -22988  23405   -918      0   5793   5768 0 0 
  46.276 -23489  11667   3431  23490  11677   2842   2925 -22988  23405   -918      0   5788   5783 0 0 
  46.432 -23491  11690   3422  23490  11677   2842   2925 -22988  23405   -918      0   5788   5784 0 0 
  46.557 -23490  11723   3420  23490  11677   2842   2925 -22988  23405   -918      0   5793   5784 0 0 
  46.671 -23491  11723   3418  23490  11677   2842   2925 -22988  23405   -918      0   5793   5790 0 0 
  46.796 -23490  11690   3420  23490  11677   2842   2925 -22988  23405   -918      0   5789   5766 0 0 
  46.927 -23491  11735   3404  23490  11677   2842   2925 -22988  23405   -918      0   5790   5758 0 0 
  47.054 -23490  11730   3413  23490  11677   2842   2925 -22988  23405   -918      0   5789   5778 0 0 
  47.168 -23489  11748   3404  23490  11677   2842   2925 -22988  23405   -918      0   5788   5767 0 0 
  47.283 -23489  11726   3413  23490  11677   2842   2925 -22988  23405   -918      0   5791   5776 0 0 
  47.426 -23488  11705   3420  23490  11677   2842   2925 -22988  23405   -918      0   5789   5793 0 0 
  47.549 -23490  11685   3413  23490  11677   2842   2925 -22988  23405   -918      0   5787   5778 0 0 
  47.680 -23490  11712   3409  23490  11677   2842   2925 -22988  23405   -918      0   5789   5787 0 0 
  47.821 -23490  11705   3402  23490  11664   2856   2925 -22988  23405   -951      0   5785   5773 0 0 
  47.946 -23491  11726   3404  23490  11664   2856   2925 -22988  23405   -951      0   5789   5783 0 0 
  48.060 -23488  11717   3420  23490  11664   2856   2925 -22988  23405   -951      0   5790   5778 0 0 
  48.175 -23489  11690   3418  23490  11664   2856   2925 -22988  23405   -951      0   5787   5794 0 0 
  48.299 -23490  11685   3418  23490  11664   2856   2925 -22988  23405   -951      0   5787   5790 0 0 
  48.415 -23490  11676   3420  23490  11664   2856   2925 -22988  23405   -951      0   5785   5778 0 0 
  48.529 -23488  11708   3420  23490  11664   2856   2925 -22988  23405   -951      0   5790   5781 0 0 
  48.670 -23487  11699   3436  23490  11664   2856   2925 -22988  23405   -951      0   5793   5814 0 0 
  48.794 -23490  11687   3422  23490  11664   2856   2925 -22988  23405   -951      0   5787   5794 0 0 
  48.911 -23489  11717   3429  23490  11664   2856   2925 -22988  23405   -951      0   5792   5841 0 0 
  49.025 -23488  11726   3440  23490  11664   2856   2925 -22988  23405   -951      0   5795   5802 0 0 
  49.166 -23488  11705   3447  23490  11664   2856   2925 -22988  23405   -951      0   5797   5796 0 0 
  49.306 -23489  11687   3447  23490  11664   2856   2925 -22988  23405   -951      0   5797   5818 0 0 
  49.423 -23492  11690   3447  23490  11664   2856   2925 -22988  23405   -951      0   5793   5780 0 0 
  49.578 -23491  11708   3438  23490  11664   2856   2925 -22988  23405   -951      0   5795   5792 0 0 
  49.703 -23493  11708   3438  23490  11664   2856   2925 -22988  23405   -951      0   5796   5798 0 0 
  49.843 -23491  11708   3447  23490  11664   2856   2925 -22988  23405   -951      0   5797   5822 0 0 
  49.973 -23493  11690   3438  23490  11664   2856   2925 -22988  23405   -951      0   5791   5770 0 0 
  50.098 -23490  11703   3447  23490  11664   2856   2925 -22988  23405   -951      0   5794   5795 0 0 
  50.214 -23491  11705   3440  23490  11664   2856   2925 -22988  23405   -951      0   5794   5786 0 0 
  50.328 -23490  11694   3447  23490  11664   2856   2925 -22988  23405   -951      0   5794   5772 0 0 
  50.453 -23489  11723   3445  23490  11664   2856   2925 -22988  23405   -951      0   5796   5791 0 0 
  50.569 -23490  11708   3440  23490  11664   2856   2925 -22988  23405   -951      0   5796   5804 0 0 
  50.682 -23491  11703   3438  23490  11664   2856   2925 -22988  23405   -951      0   5793   5774 0 0 
  50.807 -23492  11672   3438  23490  11664   2856   2925 -22988  23405   -951      0   5792   5766 0 0 
  50.923 -23491  11708   3438  23490  11664   2856   2925 -22988  23405   -951      0   5794   5790 0 0 
  51.063 -23490  11735   3436  23490  11664   2856   2925 -22988  23405   -951      0   5791   5770 0 0 
  51.402 -23491  11669   3436  23490  11664   2856   2925 -22988  23405   -951      0   5790   5756 0 0 
  51.533 -23490  11703   3429  23490  11664   2856   2925 -22988  23405   -951      0   5790   5762 0 0 
  51.675 -23490  11726   3420  23490  11664   2856   2925 -22988  23405   -951      0   5790   5785 0 0 
  51.800 -23491  11739   3413  23490  11664   2856   2925 -22988  23405   -951      0   5790   5768 0 0 
  51.914 -23491  11760   3418  23490  11664   2856   2925 -22988  23405   -951      0   5793   5778 0 0 
  52.028 -23490  11748   3413  23490  11664   2856   2925 -22988  23405   -951      0   5792   5779 0 0 
  52.169 -23489  11739   3418  23490  11664   2856   2925 -22988  23405   -951      0   5792   5793 0 0 
  52.285 -23489  11730   3418  23490  11664   2856   2925 -22988  23405   -951      0   5794   5785 0 0 
  52.427 -23490  11703   3427  23490  11664   2856   2925 -22988  23405   -951      0   5791   5782 0 0 
  52.567 -23489  11681   3422  23490  11664   2856   2925 -22988  23405   -951      0   5790   5793 0 0 
  52.725 -23491  11681   3418  23490  11664   2856   2925 -22988  23405   -951      0   5783   5772 0 0 
  52.865 -23490  11685   3418  23490  11658   2837   2925 -22988  23405   -918      0   5785   5785 0 0 
  53.021 -23488  11721   3420  23490  11658   2837   2925 -22988  23405   -918      0   5792   5797 0 0 
  53.146 -23489  11730   3427  23490  11658   2837   2925 -22988  23405   -918      0   5793   5816 0 0 
  53.261 -23489  11708   3436  23490  11658   2837   2925 -22988  23405   -918      0   5794   5779 0 0 
  53.377 -23489  11678   3440  23490  11658   2837   2925 -22988  23405   -918      0   5792   5778 0 0 
  53.502 -23491  11681   3431  23490  11658   2837   2925 -22988  23405   -918      0   5790   5794 0 0 
  53.632 -23489  11694   3431  23490  11658   2837   2925 -22988  23405   -918      0   5790   5789 0 0 
  53.783 -23490  11712   3427  23490  11658   2837   2925 -22988  23405   -918      0   5790   5788 0 0 
  53.913 -23490  11735   3427  23490  11658   2837   2925 -22988  23405   -918      0   5792   5786 0 0 
  54.055 -23489  11744   3436  23490  11658   2837   2925 -22988  23405   -918      0   5798   5806 0 0 
  54.169 -23491  11714   3436  23490  11658   2837   2925 -22988  23405   -918      0   5793   5813 0 0 
  54.285 -23489  11699   3447  23490  11658   2837   2925 -22988  23405   -918      0   5796   5783 0 0 
  54.425 -23490  11694   3438  23490  11658   2837   2925 -22988  23405   -918      0   5794   5768 0 0 
  54.550 -23489  11714   3440  23490  11658   2837   2925 -22988  23405   -918      0   5792   5771 0 0 
  54.665 -23489  11726   3440  23490  11658   2837   2925 -22988  23405   -918      0   5794   5785 0 0 
  54.779 -23490  11699   3438  23490  11658   2837   2925 -22988  23405   -918      0   5794   5774 0 0 
  54.905 -23490  11712   3431  23490  11654   2853   2925 -22988  23405   -951      0   5792   5787 0 0 
  55.019 -23490  11712   3431  23490  11654   2853   2925 -22988  23405   -951      0   5791   5768 0 0 
  55.135 -23490  11730   3431  23490  11654   2853   2925 -22988  23405   -951      0   5793   5796 0 0 
  55.260 -23489  11717   3440  23490  11654   2853   2925 -22988  23405   -951      0   5794   5802 0 0 
  55.375 -23490  11714   3438  23490  11654   2853   2925 -22988  23405   -951      0   5794   5764 0 0 
  55.500 -23489  11703   3438  23490  11654   2853   2925 -22988  23405   -951      0   5792   5783 0 0 
  55.632 -23489  11712   3438  23490  11654   2853   2925 -22988  23405   -951      0   5794   5783 0 0 
  55.772 -23490  11685   3436  23490  11654   2853   2925 -22988  23405   -951      0   5792   5775 0 0 
  55.928 -23489  11742   3431  23490  11654   2853   2925 -22988  23405   -951      0   5792   5794 0 0 
  56.053 -23490  11733   3436  23490  11654   2853   2925 -22988  23405   -951      0   5794   5778 0 0 
  56.185 -23490  11723   3436  23490  11654   2853   2925 -22988  23405   -951      0   5793   5788 0 0 
  56.309 -23489  11685   3440  23490  11654   2853   2925 -22988  23405   -951      0   5792   5784 0 0 
  56.449 -23490  11712   3436  23490  11654   2853   2925 -22988  23405   -951      0   5793   5795 0 0 
  56.565 -23491  11739   3427  23490  11654   2853   2925 -22988  23405   -951      0   5793   5775 0 0 
  56.679 -23491  11733   3422  23490  11654   2853   2925 -22988  23405   -951      0   5794   5762 0 0 
  56.820 -23492  11726   3422  23490  11654   2853   2925 -22988  23405   -951      0   5792   5775 0 0 
  56.934 -23491  11733   3422  23490  11654   2853   2925 -22988  23405   -951      0   5794   5796 0 0 
  57.062 -23491  11703   3431  23490  11654   2853   2925 -22988  23405   -951      0   5789   5800 0 0 
  57.185 -23492  11672   3429  23490  11654   2853   2925 -22988  23405   -951      0   5787   5765 0 0 
  57.325 -23492  11658   3418  23490  11654   2853   2925 -22988  23405   -951      0   5782   5768 0 0 
  57.466 -23491  11685   3418  23490  11654   2853   2925 -22988  23405   -951      0   5786   5784 0 0 
  57.582 -23491  11733   3418  23490  11654   2853   2925 -22988  23405   -951      0   5792   5794 0 0 
  57.722 -23491  11714   3420  23490  11654   2853   2925 -22988  23405   -951      0   5791   5769 0 0 
  57.848 -23490  11712   3418  23490  11654   2853   2925 -22988  23405   -951      0   5790   5755 0 0 
  57.963 -23489  11744   3413  23490  11654   2853   2925 -22988  23405   -951      0   5793   5790 0 0 
  58.077 -23488  11757   3420  23490  11654   2853   2925 -22988  23405   -951      0   5793   5805 0 0 
  58.202 -23488  11744   3427  23490  11654   2853   2925 -22988  23405   -951      0   5796   5780 0 0 
  58.332 -23488  11712   3436  23490  11671   2859   2925 -22988  23405   -951      0   5795   5816 0 0 
  58.772 -23490  11712   3422  23490  11671   2859   2925 -22988  23405   -951      0   5792   5780 0 0 
  58.913 -23490  11733   3431  23490  11671   2859   2925 -22988  23405   -951      0   5794   5777 0 0 
  59.069 -23489  11685   3436  23490  11671   2859   2925 -22988  23405   -951      0   5793   5778 0 0 
  59.209 -23489  11685   3431  23490  11671   2859   2925 -22988  23405   -951      0   5789   5800 0 0 
  59.325 -23489  11703   3438  23490  11671   2859   2925 -22988  23405   -951      0   5791   5766 0 0 
  59.465 -23489  11703   3440  23490  11671   2859   2925 -22988  23405   -951      0   5793   5806 0 0 
  59.606 -23491  11733   3427  23490  11671   2859   2925 -22988  23405   -951      0   5791   5778 0 0 
  59.723 -23489  11696   3438  23490  11671   2859   2925 -22988  23405   -951      0   5788   5808 0 0 
  59.846 -23491  11712   3429  23490  11671   2859   2925 -22988  23405   -951      0   5789   5781 0 0 
  59.960 -23489  11717   3438  23490  11671   2859   2925 -22988  23405   -951      0   5795   5804 0 0 
  60.117 -23488  11733   3445  23490  11671   2859   2925 -22988  23405   -951      0   5793   5798 0 0 
  60.233 -23489  11712   3440  23490  11671   2859   2925 -22988  23405   -951      0   5797   5766 0 0 
  60.375 -23491  11712   3438  23490  11671   2859   2925 -22988  23405   -951      0   5795   5796 0 0 
  60.499 -23491  11699   3436  23490  11671   2859   2925 -22988  23405   -951      0   5793   5782 0 0 
  60.614 -23490  11717   3436  23490  11671   2859   2925 -22988  23405   -951      0   5792   5780 0 0 
  60.729 -23491  11694   3436  23490  11671   2859   2925 -22988  23405   -951      0   5790   5782 0 0 
  60.869 -23491  11714   3436  23490  11671   2859   2925 -22988  23405   -951      0   5789   5777 0 0 
  60.983 -23490  11739   3429  23490  11671   2859   2925 -22988  23405   -951      0   5796   5769 0 0 
  61.107 -23491  11735   3429  23490  11671   2859   2925 -22988  23405   -951      0   5795   5786 0 0 
  61.517 -23490  11687   3436  23490  11671   2859   2925 -22988  23405   -951      0   5788   5776 0 0 
  61.631 -23489  11714   3436  23490  11671   2859   2925 -22988  23405   -951      0   5789   5773 0 0 
  61.757 -23490  11723   3429  23490  11671   2859   2925 -22988  23405   -951      0   5792   5794 0 0 
  61.899 -23489  11723   3436  23490  11671   2859   2925 -22988  23405   -951      0   5793   5782 0 0 
  62.015 -23490  11708   3427  23490  11671   2859   2925 -22988  23405   -951      0   5793   5767 0 0 
  62.171 -23490  11690   3431  23490  11671   2859   2925 -22988  23405   -951      0   5793   5780 0 0 
  62.311 -23490  11685   3431  23490  11671   2859   2925 -22988  23405   -951      0   5790   5778 0 0 
  62.427 -23490  11703   3429  23490  11671   2859   2925 -22988  23405   -951      0   5791   5778 0 0 
  62.568 -23492  11721   3413  23490  11671   2859   2925 -22988  23405   -951      0   5791   5795 0 0 
  62.709 -23492  11712   3411  23490  11671   2859   2925 -22988  23405   -951      0   5789   5749 0 0 
  62.826 -23492  11726   3402  23490  11671   2859   2925 -22988  23405   -951      0   5787   5750 0 0 
  62.951 -23490  11730   3404  23490  11671   2859   2925 -22988  23405   -951      0   5790   5781 0 0 
  63.065 -23491  11714   3411  23490  11671   2859   2925 -22988  23405   -951      0   5789   5778 0 0 
*** End ***
