 *** ZZT:Watch ***
File: D:\ZZT\Watch_ZAKUCA1A-ZAKUCA1A_084.log
Computer: INEM1332-NB; User: anto.maric
Connection: Telnet 192.168.0.11:23
Target: D105OSCZ; Application: ZAKUCA1A-ZAKUCA1A
Start time: 21.2.2025. 14:58:35

Signals: 15
 1.    VGACT int16
 2.     PACT int16
 3.     QACT int16
 4.    VGREF int16
 5.    PACTH int16
 6.    QACTH int16
 7.    QHREF int16
 8.    VHACT int16
 9.    VHREF int16
10.  COSPHIH int16
11.  COSHREF int16
12.    IFACT int16
13.    UFACT int16
14.    VHINC log16
15. QHENABLE log16

Data:
   0.451 -23051  11590    403  23024  11641   -153      0 -22965  24179      0      0   5095   5095 0 1 
   0.608 -23049  11604    408  23024  11641   -153      0 -22965  24179      0      0   5097   5095 0 1 
   0.748 -23050  11595    399  23024  11641   -153      0 -22965  24179      0      0   5093   5081 0 1 
   0.890 -23049  11672    394  23024  11641   -153      0 -22965  24179      0      0   5097   5079 0 1 
   1.006 -23049  11633    390  23024  11641   -153      0 -22965  24179      0      0   5095   5083 0 1 
   1.161 -23049  11577    399  23024  11641   -153      0 -22965  24179      0      0   5093   5093 0 1 
   1.317 -23049  11559    381  23024  11641   -153      0 -22965  24179      0      0   5090   5067 0 1 
   1.459 -23048  11633    379  23024  11641   -153      0 -22965  24179      0      0   5091   5073 0 1 
   2.007 -23046  11624    379  23024  11641   -153      0 -22965  24179      0      0   5089   5086 0 1 
   2.147 -23046  11597    367  23024  11638   -123      0 -22965  24179      0      0   5088   5069 0 1 
   2.287 -23045  11615    376  23024  11638   -123      0 -22965  24179      0      0   5089   5099 0 1 
   2.418 -23046  11604    367  23024  11638   -123      0 -22965  24179      0      0   5085   5090 0 1 
   2.543 -23046  11568    372  23024  11638   -123      0 -22965  24179      0      0   5086   5097 0 1 
   2.657 -23046  11543    372  23024  11638   -123      0 -22965  24179      0      0   5082   5084 0 1 
   2.782 -23045  11550    376  23024  11638   -123      0 -22965  24179      0      0   5082   5099 0 1 
   2.913 -23046  11554    376  23024  11638   -123      0 -22965  24179      0      0   5084   5100 0 1 
   3.038 -23046  11588    372  23024  11638   -123      0 -22965  24179      0      0   5083   5085 0 1 
   3.153 -23046  11606    372  23024  11638   -123      0 -22965  24179      0      0   5087   5081 0 1 
   3.293 -23044  11608    372  23024  11638   -123      0 -22965  24179      0      0   5087   5093 0 1 
   3.409 -23044  11624    376  23024  11638   -123      0 -22965  24179      0      0   5092   5125 0 1 
   3.534 -23045  11624    372  23024  11638   -123      0 -22965  24179      0      0   5092   5109 0 1 
   3.663 -23044  11608    381  23024  11638   -123      0 -22965  24179      0      0   5094   5123 0 1 
   3.788 -23045  11595    390  23024  11638   -123      0 -22965  24179      0      0   5093   5150 0 1 
   3.918 -23044  11597    399  23024  11638   -123      0 -22965  24179      0      0   5094   5146 0 1 
   4.043 -23046  11604    397  23024  11638   -123      0 -22965  24179      0      0   5096   5135 0 1 
   4.158 -23048  11608    390  23024  11638   -123      0 -22965  24179      0      0   5094   5095 0 1 
   4.284 -23048  11615    397  23024  11638   -123      0 -22965  24179      0      0   5092   5104 0 1 
   4.400 -23048  11613    397  23024  11638   -123      0 -22965  24179      0      0   5093   5123 0 1 
   4.514 -23049  11581    403  23024  11638   -123      0 -22965  24179      0      0   5094   5102 0 1 
   4.638 -23048  11579    397  23024  11638   -123      0 -22965  24179      0      0   5089   5103 0 1 
   4.795 -23048  11570    406  23024  11638   -123      0 -22965  24179      0      0   5093   5112 0 1 
   4.936 -23046  11604    408  23024  11623   -158      0 -22965  24179      0      0   5095   5145 0 1 
*** End ***
