 *** ZZT:Watch ***
File: D:\ZZT\Watch_ZAKUCA1A-ZAKUCA1A_092.log
Computer: INEM1332-NB; User: anto.maric
Connection: Telnet 192.168.0.11:23
Target: D105OSCZ; Application: ZAKUCA1A-ZAKUCA1A
Start time: 21.2.2025. 15:32:07

Signals: 15
 1.    VGACT int16
 2.     PACT int16
 3.     QACT int16
 4.    VGREF int16
 5.    PACTH int16
 6.    QACTH int16
 7.    QHREF int16
 8.    VHACT int16
 9.    VHREF int16
10.  COSPHIH int16
11.  COSHREF int16
12.    IFACT int16
13.    UFACT int16
14.  COSHINC log16
15.    IGACT int16

Data:
   0.673    -31    -10    -10  23405      0      0    731      0  24179      0    655   4515   4440 0 -14299 
   0.787    -31      0      0  23405      0      0    731      0  24179      0    655   4521   4477 0 -15469 
   0.913    -31     -7     -7  23405      0      0    731      0  24179      0    655   4497   4398 0 -14734 
   1.012    -31     -3     -3  23405      0      0    731      0  24179      0    655   4499   4407 0 -14543 
   1.112    -31    -10    -10  23405      0      0    731      0  24179      0    655   4514   4454 0 -14996 
   1.211    -31      0      0  23405      0      0    731      0  24179      0    655   4518   4472 0 -15430 
   1.351    -31     -7     -7  23405      0      0    731      0  24179      0    655   4497   4414 0 -14574 
   1.465    -31     -3     -3  23405      0      0    731      0  24179      0    655   4503   4414 0 -14757 
   1.565    -31     -7     -7  23405      0      0    731      0  24179      0    655   4504   4466 0 -13830 
   1.664    -31     -3     -3  23405      0      0    731      0  24179      0    655   4508   4434 0 -14660 
   1.807    -31     -7     -3  23405      0      0    731      0  24179      0    655   4500   4475 0 -13802 
   1.906    -31    -10    -10  23405      0      0    731      0  24179      0    655   4496   4462 0 -14005 
   2.020    -31     -7     -7  23405      0      0    731      0  24179      0    655   4511   4462 0 -13907 
   2.118    -31     -7    -10  23405      0      0    731      0  24179      0    655   4511   4473 0 -13813 
   2.258    -31     -3     -3  23405      0      0    731      0  24179      0    655   4493   4469 0 -14916 
   2.357    -31    -10    -10  23405      0      0    731      0  24179      0    655   4500   4459 0 -15219 
   2.455    -31     -3     -3  23405      0      0    731      0  24179      0    655   4495   4442 0 -14128 
   3.079    -31    -10    -10  23405      0      0    731      0  24179      0    655   4490   4443 0 -14270 
   3.178    -31      0      0  23405      0      0    731      0  24179      0    655   4519   4477 0 -14724 
   3.277    -31    -12    -12  23405      0      0    731      0  24179      0    655   4502   4448 0 -15033 
   3.376    -31      0      0  23405      0      0    731      0  24179      0    655   4505   4515 0 -14101 
   3.474    -31    -10    -10  23405      0      0    731      0  24179      0    655   4506   4477 0 -12634 
   3.572    -31     -3     -3  23405      0      0    731      0  24179      0    655   4491   4455 0 -13881 
   3.671    -31     -3     -3  23405      0      0    731      0  24179      0    655   4510   4461 0 -13552 
   3.768    -31     -7     -7  23405      0      0    731      0  24179      0    655   4502   4456 0 -14073 
   3.868    -31      0      0  23405      0      0    731      0  24179      0    655   4516   4472 0 -14760 
   3.966    -31    -12    -12  23405      0      0    731      0  24179      0    655   4496   4503 0 -14639 
   4.063    -31      0      0  23405      0      0    731      0  24179      0    655   4513   4540 0 -11099 
   4.163    -31    -10    -10  23405      0      0    731      0  24179      0    655   4494   4444 0 -13668 
   4.277    -31     -3     -3  23405      0      0    731      0  24179      0    655   4501   4469 0 -12845 
   4.376    -31    -10    -10  23405      0      0    731      0  24179      0    655   4498   4446 0 -13645 
   4.474    -31     -3     -7  23405      0      0    731      0  24179      0    655   4507   4430 0 -12016 
   4.598    -31     -3     -3  23405      0      0    731      0  24179      0    655   4498   4394 0 -13973 
   4.712    -31     -7     -7  23405      0      0    731      0  24179      0    655   4500   4416 0 -14149 
*** End ***
