 *** ZZT:Watch ***
File: D:\ZZT\Watch_ZAKUCA1A-ZAKUCA1A_015.log
Computer: INEM1332-NB; User: anto.maric
Connection: Telnet 192.168.0.11:23
Target: D105OSCZ; Application: ZAKUCA1A-ZAKUCA1A
Start time: 21.2.2025. 12:22:35

Signals: 13
 1.    VGACT int16
 2.     PACT int16
 3.     QACT int16
 4.    VGREF int16
 5.    PACTH int16
 6.    QACTH int16
 7.    QHREF int16
 8.    VHACT int16
 9.    VHREF int16
10.  COSPHIH int16
11.  COSHREF int16
12.    IFACT int16
13.    UFACT int16

Data:
   0.072 -22749  11586    128  22740  11647   -429   -429 -22702  22702     32     32   4974   4928 
   0.214 -22749  11599    128  22740  11647   -429   -429 -22702  22702     32     32   4973   4941 
   0.328 -22749  11604    128  22740  11647   -429   -429 -22702  22702     32     32   4974   4914 
   0.452 -22750  11597    126  22740  11647   -429   -429 -22702  22702     32     32   4969   4902 
   0.566 -22748  11581    128  22740  11647   -429   -429 -22702  22702     32     32   4972   4919 
   0.682 -22747  11572    135  22740  11647   -429   -429 -22702  22702     32     32   4970   4931 
   0.823 -22748  11579    133  22740  11647   -429   -429 -22702  22702     32     32   4969   4927 
   0.963 -22749  11606    126  22740  11647   -429   -429 -22702  22702     32     32   4972   4912 
   1.078 -22748  11633    126  22740  11647   -429   -429 -22702  22702     32     32   4973   4923 
   1.203 -22747  11635    126  22740  11647   -429   -429 -22702  22702     32     32   4973   4902 
   1.318 -22747  11640    126  22740  11647   -429   -429 -22702  22702     32     32   4976   4942 
   1.432 -22746  11606    126  22740  11647   -429   -429 -22702  22702     32     32   4970   4929 
   1.572 -22748  11597    115  22740  11647   -429   -429 -22702  22702     32     32   4970   4933 
   1.715 -22748  11604    115  22740  11647   -429   -429 -22702  22702     32     32   4969   4923 
   1.855 -22744  11631    117  22740  11647   -429   -429 -22702  22702     32     32   4968   4952 
   1.995 -22747  11624    115  22740  11647   -429   -429 -22702  22702     32     32   4969   4915 
   2.110 -22747  11617    117  22740  11647   -429   -429 -22702  22702     32     32   4968   4928 
   2.267 -22746  11606    117  22740  11647   -429   -429 -22702  22702     32     32   4971   4938 
   2.381 -22743  11606    133  22740  11647   -429   -429 -22702  22702     32     32   4973   4991 
   2.521 -22745  11579    128  22740  11647   -429   -429 -22702  22702     32     32   4971   4963 
   2.662 -22744  11577    137  22740  11647   -429   -429 -22702  22702     32     32   4969   4962 
   2.802 -22744  11588    142  22740  11647   -429   -429 -22702  22702     32     32   4972   4946 
   2.960 -22747  11590    135  22740  11628   -420   -420 -22702  22702     32     32   4972   4965 
   3.115 -22747  11597    144  22740  11628   -420   -420 -22702  22702     32     32   4976   4951 
   3.230 -22746  11588    151  22740  11628   -420   -420 -22702  22702     32     32   4975   4968 
   3.355 -22747  11579    155  22740  11628   -420   -420 -22702  22702     32     32   4978   4970 
   3.469 -22749  11572    153  22740  11628   -420   -420 -22702  22702     32     32   4978   4969 
   3.594 -22751  11568    153  22740  11628   -420   -420 -22702  22702     32     32   4973   4949 
   3.709 -22751  11570    153  22740  11628   -420   -420 -22702  22702     32     32   4976   4937 
   3.824 -22751  11597    144  22740  11628   -420   -420 -22702  22702     32     32   4976   4948 
   3.951 -22750  11631    151  22740  11628   -420   -420 -22702  22702     32     32   4978   4979 
   4.081 -22751  11622    146  22740  11628   -420   -420 -22702  22702     32     32   4980   4921 
   4.206 -22751  11606    153  22740  11628   -420   -420 -22702  22702     32     32   4977   4929 
   4.346 -22749  11597    153  22740  11628   -420   -420 -22702  22702     32     32   4976   4931 
   4.461 -22751  11581    153  22740  11628   -420   -420 -22702  22702     32     32   4977   4950 
   4.603 -22748  11597    155  22740  11628   -420   -420 -22702  22702     32     32   4976   4926 
   4.718 -22750  11588    151  22740  11628   -420   -420 -22702  22702     32     32   4975   4951 
   4.832 -22751  11588    146  22740  11628   -420   -420 -22702  22702     32     32   4975   4927 
   4.972 -22751  11586    144  22740  11628   -420   -420 -22702  22702     32     32   4975   4946 
   5.113 -22749  11577    146  22740  11628   -420   -420 -22702  22702     32     32   4974   4919 
   5.253 -22751  11577    146  22740  11628   -420   -420 -22702  22702     32     32   4974   4910 
   5.410 -22748  11590    137  22740  11628   -420   -420 -22702  22702     32     32   4975   4910 
   5.524 -22747  11595    144  22740  11628   -420   -420 -22702  22702     32     32   4975   4953 
   5.648 -22750  11568    135  22740  11628   -420   -420 -22702  22702     32     32   4970   4930 
   5.765 -22747  11570    144  22740  11628   -420   -420 -22702  22702     32     32   4972   4928 
   5.905 -22747  11604    135  22740  11628   -420   -420 -22702  22702     32     32   4973   4914 
   6.062 -22747  11613    135  22740  11628   -420   -420 -22702  22702     32     32   4976   4935 
   6.177 -22748  11606    133  22740  11628   -420   -420 -22702  22702     32     32   4974   4927 
   6.302 -22746  11599    142  22740  11628   -420   -420 -22702  22702     32     32   4974   4955 
   6.416 -22747  11577    142  22740  11628   -420   -420 -22702  22702     32     32   4972   4939 
   6.531 -22748  11579    135  22740  11628   -420   -420 -22702  22702     32     32   4973   4943 
   6.656 -22749  11577    135  22740  11628   -420   -420 -22702  22702     32     32   4970   4935 
   6.771 -22749  11559    135  22740  11628   -420   -420 -22702  22702     32     32   4971   4925 
   6.895 -22746  11586    144  22740  11628   -420   -420 -22702  22702     32     32   4974   4946 
   7.010 -22749  11581    133  22740  11628   -420   -420 -22702  22702     32     32   4973   4936 
   7.125 -22750  11577    133  22740  11628   -420   -420 -22702  22702     32     32   4969   4921 
   7.265 -22748  11597    135  22740  11628   -420   -420 -22702  22702     32     32   4973   4933 
   7.405 -22748  11572    137  22740  11628   -420   -420 -22702  22702     32     32   4971   4941 
   7.519 -22749  11572    133  22740  11628   -420   -420 -22702  22702     32     32   4970   4946 
   7.644 -22750  11559    135  22740  11628   -420   -420 -22702  22702     32     32   4970   4909 
   7.761 -22750  11568    128  22740  11628   -420   -420 -22702  22702     32     32   4968   4904 
   7.876 -22749  11590    128  22740  11632   -404   -420 -22702  22702     32     32   4970   4929 
   8.001 -22748  11597    133  22740  11632   -404   -404 -22702  22702     32     32   4970   4917 
   8.116 -22746  11595    137  22740  11632   -404   -404 -22702  22702     32     32   4972   4933 
   8.231 -22749  11579    128  22740  11632   -404   -404 -22702  22702     32     32   4971   4941 
   8.355 -22751  11563    126  22740  11632   -404   -404 -22702  22702     32     32   4966   4910 
   8.472 -22749  11568    126  22740  11632   -404   -404 -22702  22702     32     32   4964   4899 
   8.613 -22748  11597    117  22740  11632   -404   -404 -22702  22702     32     32   4966   4921 
   8.727 -22747  11606    119  22740  11632   -404   -404 -22702  22702     32     32   4969   4929 
   8.868 -22748  11608    117  22740  11632   -404   -404 -22702  22702     32     32   4967   4906 
   8.997 -22746  11626    119  22740  11632   -404   -404 -22702  22702     32     32   4970   4928 
   9.111 -22747  11608    115  22740  11632   -404   -404 -22702  22702     32     32   4970   4916 
   9.269 -22746  11586    117  22740  11632   -404   -404 -22702  22702     32     32   4968   4908 
   9.394 -22747  11563    117  22740  11632   -404   -404 -22702  22702     32     32   4966   4921 
   9.523 -22746  11554    124  22740  11632   -404   -404 -22702  22702     32     32   4964   4927 
   9.664 -22747  11568    110  22740  11632   -404   -404 -22702  22702     32     32   4962   4925 
   9.807 -22747  11604    115  22740  11632   -404   -404 -22702  22702     32     32   4968   4922 
   9.921 -22745  11608    117  22740  11632   -404   -404 -22702  22702     32     32   4967   4935 
  10.062 -22746  11608    117  22740  11632   -404   -404 -22702  22702     32     32   4969   4942 
  10.176 -22746  11590    117  22740  11632   -404   -404 -22702  22702     32     32   4968   4947 
  10.301 -22746  11579    117  22740  11632   -404   -404 -22702  22702     32     32   4966   4945 
  10.415 -22746  11577    124  22740  11632   -404   -404 -22702  22702     32     32   4964   4937 
  10.530 -22745  11581    126  22740  11632   -404   -404 -22702  22702     32     32   4968   4956 
  10.672 -22747  11579    119  22740  11632   -404   -404 -22702  22702     32     32   4968   4931 
  10.797 -22745  11581    126  22740  11632   -404   -404 -22702  22702     32     32   4969   4929 
  10.927 -22746  11581    133  22740  11633   -444   -444 -22702  22702     32     32   4968   4942 
  11.052 -22746  11597    133  22740  11633   -444   -444 -22702  22702     32     32   4967   4938 
  11.166 -22745  11606    133  22740  11633   -444   -444 -22702  22702     32     32   4972   4953 
  11.281 -22747  11604    135  22740  11633   -444   -444 -22702  22702     32     32   4972   4949 
  11.406 -22746  11606    135  22740  11633   -444   -444 -22702  22702     32     32   4972   4943 
  11.521 -22746  11617    142  22740  11633   -444   -444 -22702  22702     32     32   4975   4955 
  11.661 -22747  11599    144  22740  11633   -444   -444 -22702  22702     32     32   4976   4965 
  11.776 -22747  11577    151  22740  11633   -444   -444 -22702  22702     32     32   4974   4956 
  11.918 -22748  11577    146  22740  11633   -444   -444 -22702  22702     32     32   4972   4936 
  12.058 -22748  11597    151  22740  11633   -444   -444 -22702  22702     32     32   4976   4960 
  12.196 -22746  11608    162  22740  11633   -444   -444 -22702  22702     32     32   4977   4967 
  12.313 -22749  11599    153  22740  11633   -444   -444 -22702  22702     32     32   4979   4964 
  12.427 -22750  11597    151  22740  11633   -444   -444 -22702  22702     32     32   4974   4941 
  12.550 -22750  11588    153  22740  11633   -444   -444 -22702  22702     32     32   4973   4941 
  12.664 -22749  11599    151  22740  11633   -444   -444 -22702  22702     32     32   4974   4945 
  12.778 -22750  11613    144  22740  11633   -444   -444 -22702  22702     32     32   4978   4923 
  12.903 -22749  11626    144  22740  11633   -431   -431 -22702  22702     32     32   4978   4930 
  13.017 -22751  11624    135  22740  11633   -431   -431 -22702  22702     32     32   4977   4894 
  13.131 -22751  11604    135  22740  11633   -431   -431 -22702  22702     32     32   4972   4903 
  13.255 -22751  11606    126  22740  11633   -431   -431 -22702  22702     32     32   4971   4929 
  13.368 -22751  11599    126  22740  11633   -431   -431 -22702  22702     32     32   4970   4910 
  13.492 -22749  11599    128  22740  11633   -431   -431 -22702  22702     32     32   4969   4917 
  13.606 -22749  11599    117  22740  11633   -431   -431 -22702  22702     32     32   4967   4902 
  13.721 -22747  11622    119  22740  11633   -431   -431 -22702  22702     32     32   4967   4913 
  13.861 -22749  11622    110  22740  11633   -431   -431 -22702  22702     32     32   4968   4910 
  13.975 -22747  11608    108  22740  11633   -431   -431 -22702  22702     32     32   4966   4904 
  14.100 -22746  11595    110  22740  11633   -431   -431 -22702  22702     32     32   4962   4916 
  14.214 -22746  11599    110  22740  11633   -431   -431 -22702  22702     32     32   4964   4925 
  14.328 -22746  11586    110  22740  11633   -431   -431 -22702  22702     32     32   4965   4903 
  14.453 -22747  11577     99  22740  11633   -431   -431 -22702  22702     32     32   4961   4897 
  14.567 -22748  11579     92  22740  11633   -431   -431 -22702  22702     32     32   4958   4894 
  14.682 -22746  11550    101  22740  11633   -431   -431 -22702  22702     32     32   4960   4914 
  14.807 -22745  11577     97  22740  11633   -431   -431 -22702  22702     32     32   4960   4912 
  14.922 -22747  11586     87  22740  11633   -431   -431 -22702  22702     32     32   4959   4908 
  15.046 -22745  11615     83  22740  11633   -431   -431 -22702  22702     32     32   4959   4911 
  15.162 -22745  11635     83  22740  11633   -431   -431 -22702  22702     32     32   4964   4939 
  15.276 -22740  11631     99  22740  11633   -431   -431 -22702  22702     32     32   4965   4937 
  15.401 -22744  11599     97  22740  11645   -423   -423 -22702  22702     32     32   4961   4925 
  15.516 -22745  11590     92  22740  11645   -423   -423 -22702  22702     32     32   4962   4940 
  15.630 -22745  11599     97  22740  11645   -423   -423 -22702  22702     32     32   4963   4941 
  15.773 -22744  11599     97  22740  11645   -423   -423 -22702  22702     32     32   4965   4939 
  15.896 -22744  11597     92  22740  11645   -423   -423 -22702  22702     32     32   4964   4936 
  16.027 -22744  11581     99  22740  11645   -423   -423 -22702  22702     32     32   4962   4934 
  16.152 -22745  11595     99  22740  11645   -423   -423 -22702  22702     32     32   4964   4934 
  16.267 -22743  11599    108  22740  11645   -423   -423 -22702  22702     32     32   4967   4948 
  16.382 -22746  11599    106  22740  11645   -423   -423 -22702  22702     32     32   4964   4933 
  16.507 -22745  11597    108  22740  11645   -423   -423 -22702  22702     32     32   4966   4939 
  16.623 -22744  11581    117  22740  11645   -423   -423 -22702  22702     32     32   4969   4975 
  16.764 -22746  11554    119  22740  11645   -423   -423 -22702  22702     32     32   4963   4950 
  16.879 -22746  11572    117  22740  11645   -423   -423 -22702  22702     32     32   4967   4928 
  17.019 -22746  11597    115  22740  11645   -423   -423 -22702  22702     32     32   4969   4943 
  17.161 -22744  11604    128  22740  11645   -423   -423 -22702  22702     32     32   4969   4947 
  17.276 -22747  11586    133  22740  11645   -423   -423 -22702  22702     32     32   4974   4984 
  17.414 -22747  11561    137  22740  11645   -423   -423 -22702  22702     32     32   4967   4952 
  17.528 -22747  11568    137  22740  11645   -423   -423 -22702  22702     32     32   4969   4958 
  17.655 -22747  11579    142  22740  11645   -423   -423 -22702  22702     32     32   4970   4960 
  17.769 -22746  11604    144  22740  11645   -423   -423 -22702  22702     32     32   4974   4955 
  17.910 -22748  11581    146  22740  11645   -423   -423 -22702  22702     32     32   4974   4963 
  18.050 -22751  11581    137  22740  11645   -423   -423 -22702  22702     32     32   4970   4915 
  18.164 -22750  11586    137  22740  11645   -423   -423 -22702  22702     32     32   4970   4917 
  18.278 -22748  11581    144  22740  11645   -423   -423 -22702  22702     32     32   4972   4941 
  18.401 -22748  11588    146  22740  11645   -423   -423 -22702  22702     32     32   4973   4964 
  18.515 -22748  11581    144  22740  11645   -423   -423 -22702  22702     32     32   4974   4949 
  18.629 -22751  11563    151  22740  11645   -423   -423 -22702  22702     32     32   4971   4945 
  18.754 -22750  11577    151  22740  11645   -423   -423 -22702  22702     32     32   4970   4937 
  18.868 -22748  11604    144  22740  11616   -433   -433 -22702  22702     32     32   4974   4952 
  18.994 -22747  11624    146  22740  11616   -433   -433 -22702  22702     32     32   4977   4948 
  19.108 -22749  11613    146  22740  11616   -433   -433 -22702  22702     32     32   4978   4941 
  19.222 -22749  11590    153  22740  11616   -433   -433 -22702  22702     32     32   4976   4951 
  19.362 -22748  11581    160  22740  11616   -433   -433 -22702  22702     32     32   4976   4968 
  19.502 -22748  11568    151  22740  11616   -433   -433 -22702  22702     32     32   4972   4923 
  19.616 -22749  11599    151  22740  11616   -433   -433 -22702  22702     32     32   4974   4933 
  19.730 -22749  11626    142  22740  11616   -433   -433 -22702  22702     32     32   4974   4928 
  19.855 -22747  11640    151  22740  11616   -433   -433 -22702  22702     32     32   4981   4955 
  19.970 -22749  11613    146  22740  11616   -433   -433 -22702  22702     32     32   4976   4934 
  20.095 -22750  11599    144  22740  11616   -433   -433 -22702  22702     32     32   4976   4941 
  20.209 -22749  11597    151  22740  11616   -433   -433 -22702  22702     32     32   4976   4938 
  20.325 -22749  11613    142  22740  11616   -433   -433 -22702  22702     32     32   4976   4928 
  20.449 -22750  11599    137  22740  11616   -433   -433 -22702  22702     32     32   4975   4921 
  20.564 -22751  11577    137  22740  11616   -433   -433 -22702  22702     32     32   4969   4894 
  20.678 -22750  11590    128  22740  11616   -433   -433 -22702  22702     32     32   4968   4906 
  20.803 -22747  11617    142  22740  11616   -433   -433 -22702  22702     32     32   4972   4937 
  20.918 -22749  11626    126  22740  11616   -433   -433 -22702  22702     32     32   4974   4935 
  21.086 -22748  11622    128  22740  11616   -433   -433 -22702  22702     32     32   4973   4911 
  21.201 -22748  11588    128  22740  11616   -433   -433 -22702  22702     32     32   4972   4929 
  21.315 -22748  11595    126  22740  11616   -433   -433 -22702  22702     32     32   4970   4931 
  21.429 -22746  11595    135  22740  11616   -433   -433 -22702  22702     32     32   4971   4952 
  21.552 -22748  11590    124  22740  11616   -433   -433 -22702  22702     32     32   4968   4926 
  21.668 -22748  11588    126  22740  11616   -433   -433 -22702  22702     32     32   4970   4929 
  21.782 -22747  11579    126  22740  11616   -433   -433 -22702  22702     32     32   4968   4931 
  21.906 -22747  11590    124  22740  11644   -416   -433 -22702  22702     32     32   4968   4919 
  22.020 -22744  11608    128  22740  11644   -416   -416 -22702  22702     32     32   4972   4946 
  22.145 -22747  11617    124  22740  11644   -416   -416 -22702  22702     32     32   4974   4941 
  22.259 -22746  11606    124  22740  11644   -416   -416 -22702  22702     32     32   4972   4935 
  22.373 -22746  11608    128  22740  11644   -416   -416 -22702  22702     32     32   4970   4958 
  22.497 -22746  11599    135  22740  11644   -416   -416 -22702  22702     32     32   4973   4942 
  22.612 -22746  11608    137  22740  11644   -416   -416 -22702  22702     32     32   4974   4985 
  22.726 -22749  11588    133  22740  11644   -416   -416 -22702  22702     32     32   4972   4944 
  22.866 -22748  11579    135  22740  11644   -416   -416 -22702  22702     32     32   4973   4927 
  23.007 -22748  11579    135  22740  11644   -416   -416 -22702  22702     32     32   4969   4911 
  23.121 -22750  11579    126  22740  11644   -416   -416 -22702  22702     32     32   4970   4925 
  23.245 -22747  11617    124  22740  11644   -416   -416 -22702  22702     32     32   4970   4923 
  23.358 -22748  11615    124  22740  11644   -416   -416 -22702  22702     32     32   4968   4923 
  23.472 -22749  11613    124  22740  11644   -416   -416 -22702  22702     32     32   4970   4910 
  23.596 -22748  11597    124  22740  11644   -416   -416 -22702  22702     32     32   4970   4931 
  23.711 -22747  11588    126  22740  11644   -416   -416 -22702  22702     32     32   4968   4921 
  23.826 -22747  11606    124  22740  11644   -416   -416 -22702  22702     32     32   4968   4943 
  23.950 -22749  11608    110  22740  11636   -432   -432 -22702  22702     32     32   4965   4905 
  24.082 -22748  11608    117  22740  11636   -432   -432 -22702  22702     32     32   4966   4906 
  24.205 -22748  11590    108  22740  11636   -432   -432 -22702  22702     32     32   4966   4918 
  24.319 -22747  11595    110  22740  11636   -432   -432 -22702  22702     32     32   4966   4912 
  24.444 -22747  11599    110  22740  11636   -432   -432 -22702  22702     32     32   4966   4935 
  24.558 -22746  11613    110  22740  11636   -432   -432 -22702  22702     32     32   4965   4913 
  24.672 -22745  11624    108  22740  11636   -432   -432 -22702  22702     32     32   4969   4929 
  24.797 -22747  11615    106  22740  11636   -432   -432 -22702  22702     32     32   4966   4912 
  24.911 -22745  11624    108  22740  11636   -432   -432 -22702  22702     32     32   4967   4921 
  25.025 -22745  11604    115  22740  11636   -432   -432 -22702  22702     32     32   4967   4955 
  25.150 -22745  11590    117  22740  11636   -432   -432 -22702  22702     32     32   4967   4939 
  25.263 -22745  11577    115  22740  11636   -432   -432 -22702  22702     32     32   4966   4920 
  25.377 -22746  11597    108  22740  11636   -432   -432 -22702  22702     32     32   4965   4930 
  25.517 -22746  11606    108  22740  11636   -432   -432 -22702  22702     32     32   4966   4927 
  25.631 -22744  11640    115  22740  11636   -432   -432 -22702  22702     32     32   4972   4955 
  25.756 -22747  11615    108  22740  11636   -432   -432 -22702  22702     32     32   4969   4942 
  25.896 -22746  11606    115  22740  11636   -432   -432 -22702  22702     32     32   4965   4926 
  26.010 -22747  11597    110  22740  11636   -432   -432 -22702  22702     32     32   4968   4935 
  26.124 -22746  11586    124  22740  11636   -432   -432 -22702  22702     32     32   4968   4949 
  26.247 -22747  11581    110  22740  11636   -432   -432 -22702  22702     32     32   4967   4941 
  26.361 -22747  11579    115  22740  11636   -432   -432 -22702  22702     32     32   4966   4917 
*** End ***
