 *** ZZT:Watch ***
File: D:\ZZT\Watch_ZAKUCA1A-ZAKUCA1A_075.log
Computer: INEM1332-NB; User: anto.maric
Connection: Telnet 192.168.0.11:23
Target: D105OSCZ; Application: ZAKUCA1A-ZAKUCA1A
Start time: 21.2.2025. 14:06:26

Signals: 13
 1.    VGACT int16
 2.     PACT int16
 3.     QACT int16
 4.    VGREF int16
 5.    PACTH int16
 6.    QACTH int16
 7.    QHREF int16
 8.    VHACT int16
 9.    VHREF int16
10.  COSPHIH int16
11.  COSHREF int16
12.    IFACT int16
13.    UFACT int16

Data:
   0.450 -22901  11491    467  22874  11535    -81      0 -22810  23405      0      0   5052   5095 
   0.590 -22903  11482    460  22874  11535    -81      0 -22810  23405      0      0   5050   5084 
   0.704 -22903  11471    460  22874  11535    -81      0 -22810  23405      0      0   5050   5066 
   0.819 -22903  11489    467  22874  11535    -81      0 -22810  23405      0      0   5049   5079 
   0.943 -22902  11498    458  22874  11535    -81      0 -22810  23405      0      0   5050   5085 
   1.058 -22903  11498    453  22874  11535    -81      0 -22810  23405      0      0   5050   5077 
   1.181 -22901  11509    460  22874  11508    -77      0 -22810  23405      0      0   5052   5108 
   1.295 -22902  11473    469  22874  11508    -77      0 -22810  23405      0      0   5050   5082 
   1.410 -22903  11471    467  22874  11508    -77      0 -22810  23405      0      0   5048   5093 
   1.534 -22902  11473    471  22874  11508    -77      0 -22810  23405      0      0   5050   5105 
   1.648 -22902  11498    462  22874  11508    -77      0 -22810  23405      0      0   5049   5082 
   1.762 -22903  11498    462  22874  11508    -77      0 -22810  23405      0      0   5050   5069 
   1.887 -22902  11514    460  22874  11508    -77      0 -22810  23405      0      0   5052   5105 
   2.436 -22904  11478    460  22874  11508    -77      0 -22810  23405      0      0   5050   5078 
   2.549 -22903  11444    462  22874  11508    -77      0 -22810  23405      0      0   5044   5057 
   2.663 -22903  11462    462  22874  11508    -77      0 -22810  23405      0      0   5046   5060 
   2.787 -22903  11459    460  22874  11508    -77      0 -22810  23405      0      0   5045   5063 
   2.901 -22903  11464    460  22874  11508    -77      0 -22810  23405      0      0   5046   5079 
   3.015 -22904  11444    453  22874  11508    -77      0 -22810  23405      0      0   5040   5042 
   3.140 -22903  11473    453  22874  11508    -77      0 -22810  23405      0      0   5045   5048 
   3.254 -22903  11498    453  22874  11508    -77      0 -22810  23405      0      0   5047   5053 
   3.367 -22901  11507    453  22874  11508    -77      0 -22810  23405      0      0   5048   5073 
   3.507 -22901  11478    458  22874  11508    -77      0 -22810  23405      0      0   5044   5062 
   3.631 -22902  11459    453  22874  11508    -77      0 -22810  23405      0      0   5044   5078 
   3.761 -22902  11453    453  22874  11522    -69      0 -22810  23405      0      0   5042   5068 
   3.885 -22901  11478    451  22874  11522    -69      0 -22810  23405      0      0   5044   5083 
   3.999 -22902  11480    453  22874  11522    -69      0 -22810  23405      0      0   5042   5059 
   4.114 -22903  11478    444  22874  11522    -69      0 -22810  23405      0      0   5042   5033 
   4.255 -22901  11471    444  22874  11522    -69      0 -22810  23405      0      0   5043   5060 
   4.369 -22901  11469    444  22874  11522    -69      0 -22810  23405      0      0   5043   5070 
   4.512 -22900  11459    458  22874  11522    -69      0 -22810  23405      0      0   5044   5089 
   4.720 -22903  11473    444  22874  11522    -69      0 -22810  23405      0      0   5042   5050 
   4.835 -22901  11489    444  22874  11522    -69      0 -22810  23405      0      0   5045   5071 
   4.991 -22903  11496    442  22874  11522    -69      0 -22810  23405      0      0   5044   5077 
   5.131 -22901  11500    435  22874  11522    -69      0 -22810  23405      0      0   5044   5083 
   5.246 -22903  11509    433  22874  11522    -69      0 -22810  23405      0      0   5044   5028 
   5.362 -22901  11509    435  22874  11522    -69      0 -22810  23405      0      0   5046   5069 
   5.487 -22901  11482    442  22874  11522    -69      0 -22810  23405      0      0   5043   5075 
   5.600 -22900  11453    444  22874  11522    -69      0 -22810  23405      0      0   5043   5066 
   5.740 -22901  11459    439  22874  11522    -69      0 -22810  23405      0      0   5040   5071 
   5.855 -22901  11471    430  22874  11522    -69      0 -22810  23405      0      0   5040   5067 
   5.970 -22901  11496    426  22874  11522    -69      0 -22810  23405      0      0   5039   5051 
   6.093 -22900  11514    424  22874  11522    -69      0 -22810  23405      0      0   5043   5062 
   6.208 -22901  11527    424  22874  11522    -69      0 -22810  23405      0      0   5042   5062 
   6.332 -22899  11498    433  22874  11522    -69      0 -22810  23405      0      0   5045   5062 
   6.462 -22902  11459    426  22874  11522    -69      0 -22810  23405      0      0   5040   5060 
   6.586 -22902  11450    426  22874  11522    -69      0 -22810  23405      0      0   5038   5058 
   6.700 -22900  11444    424  22874  11522    -69      0 -22810  23405      0      0   5037   5058 
   6.815 -22901  11482    424  22874  11522    -69      0 -22810  23405      0      0   5037   5050 
   6.939 -22900  11523    421  22874  11522    -69      0 -22810  23405      0      0   5043   5077 
   7.053 -22899  11507    424  22874  11522    -69      0 -22810  23405      0      0   5039   5058 
   7.168 -22900  11514    421  22874  11522    -69      0 -22810  23405      0      0   5040   5060 
   7.291 -22900  11487    424  22874  11522    -69      0 -22810  23405      0      0   5039   5060 
   7.405 -22901  11471    421  22874  11522    -69      0 -22810  23405      0      0   5039   5066 
*** End ***
