 *** ZZT:Watch ***
File: D:\ZZT\Watch_ZAKUCA1A-ZAKUCA1A_011.log
Computer: INEM1332-NB; User: anto.maric
Connection: Telnet 192.168.0.11:23
Target: D105OSCZ; Application: ZAKUCA1A-ZAKUCA1A
Start time: 21.2.2025. 11:00:20

Signals: 14
 1.    VGACT int16
 2.     PACT int16
 3.     QACT int16
 4.    VGREF int16
 5.    PACTH int16
 6.    QACTH int16
 7.    QHREF int16
 8.    VHACT int16
 9.    VHREF int16
10.  COSPHIH int16
11.  COSHREF int16
12.    IFACT int16
13.    UFACT int16
14. OEXLIMON log16

Data:
   0.522 -22233  11480  -2182  22373  11550  -2812  -2812 -22532  22532    917    917   4407   4399 0 
   0.665 -22232  11480  -2176  22373  11550  -2812  -2812 -22532  22532    917    917   4410   4415 0 
   0.805 -22232  11459  -2173  22373  11550  -2812  -2812 -22532  22532    917    917   4410   4420 0 
   0.922 -22231  11469  -2167  22373  11550  -2812  -2812 -22532  22532    917    917   4408   4444 0 
   1.036 -22234  11455  -2173  22373  11550  -2812  -2812 -22532  22532    917    917   4408   4414 0 
   1.162 -22234  11480  -2176  22373  11550  -2812  -2812 -22532  22532    917    917   4410   4411 0 
   1.276 -22235  11469  -2176  22373  11550  -2812  -2812 -22532  22532    917    917   4409   4397 0 
   1.417 -22234  11453  -2173  22373  11550  -2812  -2812 -22532  22532    917    917   4408   4403 0 
   1.533 -22234  11408  -2169  22373  11550  -2812  -2812 -22532  22532    917    917   4406   4405 0 
   1.656 -22235  11399  -2173  22373  11550  -2812  -2812 -22532  22532    917    917   4400   4369 0 
   1.771 -22235  11410  -2178  22373  11550  -2812  -2812 -22532  22532    917    917   4401   4394 0 
   1.918 -22233  11471  -2178  22373  11550  -2812  -2812 -22532  22532    917    917   4407   4395 0 
   2.033 -22232  11505  -2178  22373  11550  -2808  -2808 -22532  22532    917    917   4406   4407 0 
   2.158 -22232  11498  -2173  22373  11550  -2808  -2808 -22532  22532    917    917   4412   4440 0 
   2.287 -22232  11462  -2167  22373  11550  -2808  -2808 -22532  22532    917    917   4408   4420 0 
   2.412 -22232  11426  -2160  22373  11550  -2808  -2808 -22532  22532    917    917   4409   4414 0 
   2.528 -22233  11426  -2160  22373  11550  -2808  -2808 -22532  22532    917    917   4406   4420 0 
   2.651 -22232  11450  -2158  22373  11550  -2808  -2808 -22532  22532    917    917   4408   4426 0 
   2.783 -22234  11455  -2160  22373  11550  -2808  -2808 -22532  22532    917    917   4411   4431 0 
   2.939 -22232  11480  -2155  22373  11550  -2808  -2808 -22532  22532    917    917   4416   4433 0 
   3.081 -22236  11464  -2151  22373  11550  -2808  -2808 -22532  22532    917    917   4415   4414 0 
   3.207 -22238  11446  -2151  22373  11550  -2808  -2808 -22532  22532    917    917   4412   4417 0 
   3.336 -22235  11444  -2146  22373  11550  -2808  -2808 -22532  22532    917    917   4408   4420 0 
   3.479 -22235  11459  -2151  22373  11550  -2808  -2808 -22532  22532    917    917   4414   4421 0 
   3.602 -22234  11496  -2158  22373  11550  -2808  -2808 -22532  22532    917    917   4416   4420 0 
   4.185 -22235  11491  -2151  22373  11550  -2808  -2808 -22532  22532    917    917   4416   4423 0 
   4.287 -22238  11469  -2149  22373  11534  -2802  -2802 -22532  22532    917    917   4415   4416 0 
   4.437 -22233  11480  -2146  22373  11534  -2802  -2802 -22532  22532    917    917   4416   4418 0 
   4.560 -22238  11469  -2149  22373  11534  -2802  -2802 -22532  22532    917    917   4419   4432 0 
   4.675 -22238  11459  -2151  22373  11534  -2802  -2802 -22532  22532    917    917   4415   4410 0 
   4.802 -22238  11428  -2151  22373  11534  -2802  -2802 -22532  22532    917    917   4413   4388 0 
   4.958 -22236  11423  -2151  22373  11534  -2802  -2802 -22532  22532    917    917   4408   4396 0 
   5.089 -22236  11455  -2158  22373  11534  -2802  -2802 -22532  22532    917    917   4409   4413 0 
   5.230 -22235  11471  -2158  22373  11534  -2802  -2802 -22532  22532    917    917   4414   4427 0 
   5.370 -22234  11469  -2151  22373  11534  -2802  -2802 -22532  22532    917    917   4412   4405 0 
   5.484 -22236  11426  -2151  22373  11534  -2802  -2802 -22532  22532    917    917   4412   4392 0 
   5.650 -22234  11405  -2149  22373  11534  -2802  -2802 -22532  22532    917    917   4406   4406 0 
   5.782 -22238  11435  -2164  22373  11534  -2802  -2802 -22532  22532    917    917   4409   4408 0 
   5.906 -22235  11444  -2160  22373  11534  -2802  -2802 -22532  22532    917    917   4406   4384 0 
   6.022 -22235  11471  -2164  22373  11534  -2802  -2802 -22532  22532    917    917   4413   4385 0 
   6.136 -22233  11462  -2158  22373  11534  -2802  -2802 -22526  22526    917    917   4411   4418 0 
   6.261 -22233  11419  -2151  22373  11534  -2802  -2802 -22524  22524    917    917   4412   4397 0 
   6.376 -22236  11410  -2158  22373  11534  -2802  -2802 -22524  22524    917    917   4407   4414 0 
   6.517 -22235  11408  -2151  22373  11534  -2802  -2802 -22524  22524    917    917   4407   4404 0 
*** End ***
