 *** ZZT:Watch ***
File: D:\ZZT\Watch_ZAKUCA1A-ZAKUCA1A_012.log
Computer: INEM1332-NB; User: anto.maric
Connection: Telnet 192.168.0.11:23
Target: D105OSCZ; Application: ZAKUCA1A-ZAKUCA1A
Start time: 21.2.2025. 11:00:26

Signals: 13
 1.    VGACT int16
 2.     PACT int16
 3.     QACT int16
 4.    VGREF int16
 5.    PACTH int16
 6.    QACTH int16
 7.    QHREF int16
 8.    VHACT int16
 9.    VHREF int16
10.  COSPHIH int16
11.  COSHREF int16
12.    IFACT int16
13.    UFACT int16

Data:
   0.487 -22234  11453  -2151  22373  11527  -2778  -2802 -22524  22524    917    917   4411   4396 
   0.601 -22233  11444  -2149  22373  11527  -2778  -2778 -22524  22524    917    917   4414   4434 
   0.726 -22236  11435  -2151  22373  11527  -2778  -2778 -22524  22524    917    917   4411   4400 
   0.841 -22236  11426  -2155  22373  11527  -2778  -2778 -22524  22524    917    917   4410   4399 
   0.956 -22236  11432  -2158  22373  11527  -2778  -2778 -22524  22524    917    917   4407   4400 
   1.081 -22233  11437  -2151  22373  11527  -2778  -2778 -22524  22524    917    917   4411   4406 
   1.195 -22235  11462  -2160  22373  11527  -2778  -2778 -22524  22524    917    917   4413   4402 
   1.321 -22236  11462  -2160  22373  11527  -2778  -2778 -22524  22524    917    917   4413   4399 
   1.435 -22233  11464  -2158  22373  11527  -2778  -2778 -22524  22524    917    917   4415   4428 
   1.549 -22234  11453  -2151  22373  11527  -2778  -2778 -22524  22524    917    917   4415   4418 
   1.690 -22233  11441  -2142  22373  11527  -2778  -2778 -22524  22524    917    917   4415   4430 
   1.829 -22236  11426  -2149  22373  11527  -2778  -2778 -22524  22524    917    917   4409   4395 
   1.944 -22234  11437  -2149  22373  11527  -2778  -2778 -22524  22524    917    917   4413   4420 
   2.069 -22233  11462  -2149  22373  11527  -2778  -2778 -22524  22524    917    917   4415   4425 
   2.200 -22235  11469  -2149  22373  11527  -2778  -2778 -22524  22524    917    917   4416   4434 
   2.325 -22234  11471  -2146  22373  11527  -2778  -2778 -22524  22524    917    917   4416   4432 
   2.440 -22235  11441  -2146  22373  11527  -2778  -2778 -22524  22524    917    917   4415   4415 
   2.554 -22235  11426  -2146  22373  11531  -2784  -2784 -22524  22524    917    917   4415   4414 
   2.679 -22235  11410  -2146  22373  11531  -2784  -2784 -22524  22524    917    917   4411   4413 
   2.793 -22236  11410  -2149  22373  11531  -2784  -2784 -22524  22524    917    917   4411   4399 
   2.908 -22236  11426  -2149  22373  11531  -2784  -2784 -22524  22524    917    917   4412   4415 
   3.499 -22238  11435  -2167  22373  11531  -2784  -2784 -22524  22524    917    917   4409   4403 
   3.600 -22233  11464  -2169  22373  11531  -2784  -2784 -22524  22524    917    917   4410   4408 
   3.693 -22235  11473  -2176  22373  11531  -2784  -2784 -22524  22524    917    917   4410   4408 
   3.805 -22235  11444  -2169  22373  11531  -2784  -2784 -22524  22524    917    917   4411   4384 
   3.945 -22235  11444  -2173  22373  11531  -2784  -2784 -22524  22524    917    917   4410   4408 
   4.069 -22234  11428  -2173  22373  11531  -2784  -2784 -22524  22524    917    917   4410   4415 
   4.201 -22232  11435  -2167  22373  11531  -2784  -2784 -22524  22524    917    917   4410   4400 
   4.324 -22233  11450  -2173  22373  11531  -2784  -2784 -22524  22524    917    917   4410   4404 
   4.438 -22233  11473  -2173  22373  11531  -2784  -2784 -22524  22524    917    917   4410   4430 
   4.552 -22233  11478  -2173  22373  11522  -2777  -2777 -22524  22524    917    917   4413   4406 
   4.677 -22232  11462  -2160  22373  11522  -2777  -2777 -22524  22524    917    917   4414   4419 
   4.791 -22234  11441  -2167  22373  11522  -2777  -2777 -22524  22524    917    917   4412   4391 
   4.905 -22236  11444  -2169  22373  11522  -2777  -2777 -22524  22524    917    917   4411   4416 
   5.031 -22233  11462  -2169  22373  11522  -2777  -2777 -22524  22524    917    917   4410   4408 
   5.145 -22233  11480  -2169  22373  11522  -2777  -2777 -22524  22524    917    917   4414   4420 
   5.270 -22235  11462  -2169  22373  11522  -2777  -2777 -22524  22524    917    917   4414   4414 
   5.399 -22236  11444  -2176  22373  11522  -2777  -2777 -22524  22524    917    917   4410   4394 
   5.524 -22236  11437  -2178  22373  11522  -2777  -2777 -22526  22524    917    917   4408   4375 
   5.637 -22234  11437  -2176  22373  11522  -2777  -2777 -22530  22528    917    917   4410   4396 
   5.751 -22233  11450  -2178  22373  11522  -2777  -2777 -22532  22532    917    917   4404   4425 
   5.875 -22234  11444  -2178  22373  11522  -2777  -2777 -22532  22532    917    917   4408   4400 
   5.989 -22236  11437  -2185  22373  11522  -2777  -2777 -22532  22532    917    917   4404   4364 
   6.103 -22233  11453  -2187  22373  11522  -2777  -2777 -22532  22532    917    917   4407   4367 
   6.228 -22232  11473  -2185  22373  11522  -2777  -2777 -22532  22532    917    917   4410   4408 
   6.342 -22233  11489  -2187  22373  11522  -2777  -2777 -22532  22532    917    917   4408   4403 
   6.457 -22232  11489  -2185  22373  11537  -2796  -2777 -22532  22532    917    917   4412   4395 
   6.582 -22233  11462  -2185  22373  11537  -2796  -2796 -22532  22532    917    917   4411   4404 
   6.696 -22233  11437  -2182  22373  11537  -2796  -2796 -22532  22532    917    917   4408   4400 
   6.836 -22233  11441  -2182  22373  11537  -2796  -2796 -22532  22532    917    917   4408   4410 
   6.974 -22233  11446  -2185  22373  11537  -2796  -2796 -22532  22532    917    917   4409   4412 
   7.088 -22232  11444  -2185  22373  11537  -2796  -2796 -22532  22532    917    917   4410   4422 
   7.203 -22232  11428  -2185  22373  11537  -2796  -2796 -22532  22532    917    917   4407   4410 
   7.327 -22236  11392  -2191  22373  11537  -2796  -2796 -22532  22532    917    917   4403   4373 
   7.441 -22234  11405  -2194  22373  11537  -2796  -2796 -22532  22532    917    917   4400   4372 
   7.556 -22232  11437  -2194  22373  11537  -2796  -2796 -22532  22532    917    917   4404   4393 
   7.680 -22231  11464  -2187  22373  11537  -2796  -2796 -22532  22532    917    917   4406   4403 
   7.795 -22231  11473  -2194  22373  11537  -2796  -2796 -22532  22532    917    917   4407   4424 
   7.919 -22232  11464  -2191  22373  11537  -2796  -2796 -22532  22532    917    917   4406   4396 
   8.034 -22233  11444  -2191  22373  11537  -2796  -2796 -22532  22532    917    917   4407   4410 
   8.148 -22232  11428  -2191  22373  11537  -2796  -2796 -22532  22532    917    917   4405   4412 
   8.273 -22230  11423  -2178  22373  11537  -2796  -2796 -22532  22532    917    917   4406   4415 
   8.402 -22232  11423  -2187  22373  11537  -2796  -2796 -22532  22532    917    917   4406   4396 
   8.527 -22232  11437  -2185  22373  11537  -2796  -2796 -22532  22532    917    917   4405   4414 
   8.642 -22232  11450  -2185  22373  11537  -2796  -2796 -22532  22532    917    917   4408   4400 
   8.756 -22232  11428  -2182  22373  11537  -2796  -2796 -22532  22532    917    917   4407   4417 
   8.879 -22232  11401  -2178  22373  11537  -2796  -2796 -22532  22532    917    917   4405   4424 
   8.994 -22235  11392  -2182  22373  11537  -2796  -2796 -22532  22532    917    917   4401   4392 
   9.118 -22233  11390  -2187  22373  11537  -2796  -2796 -22532  22532    917    917   4400   4383 
   9.232 -22235  11390  -2187  22373  11537  -2796  -2796 -22532  22532    917    917   4399   4402 
   9.347 -22235  11426  -2196  22373  11537  -2796  -2796 -22532  22532    917    917   4399   4367 
   9.472 -22231  11464  -2185  22373  11537  -2796  -2796 -22532  22532    917    917   4407   4426 
   9.589 -22233  11450  -2194  22373  11544  -2815  -2815 -22532  22532    917    917   4407   4394 
   9.703 -22232  11435  -2185  22373  11544  -2815  -2815 -22532  22532    917    917   4406   4398 
*** End ***
