 *** ZZT:Watch ***
File: D:\ZZT\Watch_ZAKUCA1A-ZAKUCA1A_066.log
Computer: INEM1332-NB; User: anto.maric
Connection: Telnet 192.168.0.11:23
Target: D105OSCZ; Application: ZAKUCA1A-ZAKUCA1A
Start time: 21.2.2025. 13:22:40

Signals: 15
 1.    VGACT int16
 2.     PACT int16
 3.     QACT int16
 4.    VGREF int16
 5.    PACTH int16
 6.    QACTH int16
 7.    QHREF int16
 8.    VHACT int16
 9.    VHREF int16
10.  COSPHIH int16
11.  COSHREF int16
12.    IFACT int16
13.    UFACT int16
14.    QHINC log16
15.    QHDEC log16

Data:
   0.123 -21774  11462  -4890  22094  11603  -5659  -5852 -22485  23405   3308      0   3846   3852 0 0 
   0.296 -21774  11441  -4890  22094  11603  -5659  -5852 -22485  23405   3308      0   3844   3840 0 0 
   0.419 -21774  11428  -4885  22094  11603  -5659  -5852 -22485  23405   3308      0   3840   3846 0 0 
   0.535 -21772  11435  -4883  22094  11603  -5659  -5852 -22485  23405   3308      0   3844   3854 0 0 
   0.650 -21772  11446  -4885  22094  11603  -5659  -5852 -22485  23405   3308      0   3847   3850 0 0 
   0.790 -21774  11473  -4885  22094  11603  -5659  -5852 -22485  23405   3308      0   3848   3839 0 0 
   0.915 -21773  11471  -4883  22094  11603  -5659  -5852 -22485  23405   3308      0   3850   3860 0 0 
   1.048 -21773  11444  -4883  22094  11603  -5659  -5852 -22485  23405   3308      0   3848   3878 0 0 
   1.172 -21773  11435  -4876  22094  11603  -5659  -5852 -22485  23405   3308      0   3848   3856 0 0 
   1.287 -21774  11423  -4874  22094  11603  -5659  -5852 -22485  23405   3308      0   3849   3856 0 0 
   1.401 -21774  11441  -4874  22094  11603  -5659  -5852 -22485  23405   3308      0   3844   3858 0 0 
   1.526 -21774  11455  -4874  22094  11603  -5659  -5852 -22485  23405   3308      0   3850   3855 0 0 
   1.641 -21775  11450  -4881  22094  11603  -5659  -5852 -22485  23405   3308      0   3848   3857 0 0 
   1.766 -21775  11450  -4876  22094  11603  -5659  -5852 -22485  23405   3308      0   3850   3834 0 0 
   1.895 -21774  11453  -4872  22094  11603  -5659  -5852 -22485  23405   3308      0   3851   3857 0 0 
   2.053 -21773  11469  -4865  22094  11603  -5659  -5852 -22485  23405   3308      0   3853   3873 0 0 
   2.194 -21774  11462  -4865  22094  11603  -5659  -5852 -22485  23405   3308      0   3854   3871 0 0 
   2.318 -21776  11473  -4867  22094  11603  -5659  -5852 -22485  23405   3308      0   3854   3863 0 0 
   2.433 -21774  11469  -4858  22094  11603  -5659  -5852 -22485  23405   3308      0   3854   3875 0 0 
   2.547 -21775  11464  -4858  22094  11603  -5659  -5852 -22485  23405   3308      0   3854   3864 0 0 
   2.673 -21779  11441  -4863  22094  11603  -5659  -5852 -22485  23405   3308      0   3854   3834 0 0 
   2.787 -21776  11444  -4867  22094  11603  -5659  -5852 -22485  23405   3308      0   3851   3832 0 0 
   2.901 -21779  11450  -4874  22094  11603  -5659  -5852 -22485  23405   3308      0   3850   3807 0 0 
   3.041 -21776  11469  -4874  22094  11603  -5659  -5852 -22485  23405   3308      0   3848   3833 0 0 
   3.181 -21779  11471  -4881  22094  11603  -5659  -5852 -22485  23405   3308      0   3850   3820 0 0 
   3.296 -21776  11478  -4876  22094  11603  -5659  -5852 -22485  23405   3308      0   3850   3836 0 0 
   3.437 -21776  11478  -4883  22094  11603  -5659  -5852 -22485  23405   3308      0   3851   3846 0 0 
   3.561 -21775  11450  -4881  22094  11603  -5659  -5852 -22485  23405   3308      0   3848   3824 0 0 
   3.693 -21776  11462  -4883  22094  11584  -5694  -5852 -22485  23405   3374      0   3848   3840 0 0 
   3.833 -21774  11462  -4885  22094  11584  -5694  -5852 -22485  23405   3374      0   3848   3824 0 0 
   3.988 -21775  11464  -4885  22094  11584  -5694  -5852 -22485  23405   3374      0   3847   3808 0 0 
   4.132 -21775  11441  -4883  22094  11584  -5694  -5852 -22485  23405   3374      0   3846   3832 0 0 
   4.247 -21776  11453  -4895  22094  11584  -5694  -5852 -22485  23405   3374      0   3844   3829 0 0 
   4.372 -21775  11437  -4890  22094  11584  -5694  -5852 -22485  23405   3374      0   3842   3838 0 0 
   4.486 -21775  11446  -4895  22094  11584  -5694  -5852 -22485  23405   3374      0   3842   3832 0 0 
   4.601 -21772  11444  -4890  22094  11584  -5694  -5852 -22485  23405   3374      0   3844   3833 0 0 
   4.743 -21774  11462  -4895  22094  11584  -5694  -5852 -22485  23405   3374      0   3844   3843 0 0 
   4.883 -21773  11478  -4895  22094  11584  -5694  -5852 -22485  23405   3374      0   3848   3849 0 0 
   4.998 -21774  11478  -4895  22094  11584  -5694  -5852 -22485  23405   3374      0   3844   3854 0 0 
   5.123 -21774  11450  -4885  22094  11584  -5694  -5852 -22485  23405   3374      0   3848   3834 0 0 
   5.238 -21772  11441  -4883  22094  11584  -5694  -5852 -22485  23405   3374      0   3847   3864 0 0 
   5.363 -21774  11444  -4885  22094  11584  -5694  -5852 -22485  23405   3374      0   3846   3846 0 0 
   5.495 -21775  11441  -4892  22094  11584  -5694  -5852 -22485  23405   3374      0   3846   3861 0 0 
   5.620 -21776  11453  -4892  22094  11584  -5694  -5852 -22485  23405   3374      0   3845   3828 0 0 
   5.735 -21774  11453  -4885  22094  11600  -5692  -5852 -22485  23405   3341      0   3846   3858 0 0 
   5.849 -21774  11478  -4892  22094  11600  -5692  -5852 -22485  23405   3341      0   3847   3840 0 0 
   5.989 -21774  11478  -4883  22094  11600  -5692  -5852 -22485  23405   3341      0   3846   3849 0 0 
   6.130 -21774  11459  -4883  22094  11600  -5692  -5852 -22485  23405   3341      0   3848   3854 0 0 
   6.270 -21774  11426  -4881  22094  11600  -5692  -5852 -22485  23405   3341      0   3845   3854 0 0 
   6.385 -21774  11446  -4883  22094  11600  -5692  -5852 -22485  23405   3341      0   3849   3863 0 0 
   6.501 -21774  11446  -4883  22094  11600  -5692  -5852 -22485  23405   3341      0   3848   3862 0 0 
   6.627 -21774  11473  -4883  22094  11600  -5692  -5852 -22485  23405   3341      0   3850   3855 0 0 
   6.741 -21774  11480  -4876  22094  11600  -5692  -5852 -22485  23405   3341      0   3854   3870 0 0 
   6.866 -21774  11459  -4874  22094  11600  -5692  -5852 -22485  23405   3341      0   3852   3874 0 0 
   6.980 -21775  11441  -4872  22094  11600  -5692  -5852 -22485  23405   3341      0   3850   3881 0 0 
   7.095 -21774  11428  -4865  22094  11600  -5692  -5852 -22485  23405   3341      0   3848   3853 0 0 
   7.220 -21774  11428  -4863  22094  11600  -5692  -5852 -22485  23405   3341      0   3848   3870 0 0 
   7.352 -21774  11437  -4863  22094  11600  -5692  -5852 -22485  23405   3341      0   3850   3873 0 0 
   7.478 -21779  11428  -4865  22094  11600  -5692  -5852 -22485  23405   3341      0   3848   3846 0 0 
   7.633 -21779  11441  -4865  22094  11600  -5692  -5852 -22485  23405   3341      0   3849   3852 0 0 
   7.750 -21778  11455  -4872  22094  11595  -5692  -5852 -22485  23405   3341      0   3850   3837 0 0 
   7.875 -21775  11478  -4872  22094  11595  -5692  -5852 -22485  23405   3341      0   3854   3845 0 0 
   7.990 -21775  11478  -4863  22094  11595  -5692  -5852 -22485  23405   3341      0   3854   3866 0 0 
   8.130 -21778  11480  -4872  22094  11595  -5692  -5852 -22485  23405   3341      0   3854   3843 0 0 
   8.245 -21780  11478  -4872  22094  11595  -5692  -5852 -22485  23405   3341      0   3854   3853 0 0 
   8.386 -21775  11489  -4872  22094  11595  -5692  -5852 -22485  23405   3341      0   3856   3859 0 0 
   8.526 -21776  11462  -4872  22094  11595  -5692  -5852 -22485  23405   3341      0   3852   3850 0 0 
   8.683 -21779  11455  -4874  22094  11595  -5692  -5852 -22485  23405   3341      0   3852   3832 0 0 
   8.798 -21778  11462  -4872  22094  11595  -5692  -5852 -22485  23405   3341      0   3850   3841 0 0 
   8.964 -21778  11478  -4881  22094  11595  -5692  -5852 -22485  23405   3341      0   3850   3844 0 0 
   9.095 -21775  11480  -4876  22094  11595  -5692  -5852 -22485  23405   3341      0   3853   3843 0 0 
   9.236 -21774  11482  -4874  22094  11595  -5692  -5852 -22485  23405   3341      0   3852   3834 0 0 
   9.350 -21774  11473  -4876  22094  11595  -5692  -5852 -22485  23405   3341      0   3854   3846 0 0 
   9.475 -21776  11450  -4881  22094  11595  -5692  -5852 -22485  23405   3341      0   3850   3838 0 0 
   9.591 -21775  11446  -4876  22094  11595  -5692  -5852 -22485  23405   3341      0   3848   3840 0 0 
   9.733 -21776  11469  -4883  22094  11606  -5673  -5852 -22485  23405   3341      0   3850   3828 0 0 
   9.888 -21774  11496  -4881  22094  11606  -5673  -5852 -22485  23405   3341      0   3852   3840 0 0 
  10.003 -21774  11498  -4883  22094  11606  -5673  -5852 -22485  23405   3341      0   3854   3850 0 0 
  10.128 -21775  11473  -4883  22094  11606  -5673  -5852 -22485  23405   3341      0   3852   3842 0 0 
  10.245 -21774  11480  -4876  22094  11606  -5673  -5852 -22485  23405   3341      0   3852   3836 0 0 
  10.385 -21774  11471  -4876  22094  11606  -5673  -5852 -22485  23405   3341      0   3850   3859 0 0 
  10.501 -21775  11469  -4881  22094  11606  -5673  -5852 -22485  23405   3341      0   3851   3862 0 0 
  10.641 -21776  11478  -4883  22094  11606  -5673  -5852 -22485  23405   3341      0   3850   3850 0 0 
  10.783 -21775  11489  -4883  22094  11606  -5673  -5852 -22485  23405   3341      0   3852   3842 0 0 
  10.924 -21774  11462  -4881  22094  11606  -5673  -5852 -22485  23405   3341      0   3852   3842 0 0 
  11.039 -21775  11446  -4883  22094  11606  -5673  -5852 -22485  23405   3341      0   3849   3824 0 0 
  11.181 -21775  11432  -4881  22094  11606  -5673  -5852 -22485  23405   3341      0   3846   3848 0 0 
  11.296 -21774  11446  -4876  22094  11606  -5673  -5852 -22485  23405   3341      0   3848   3861 0 0 
  11.436 -21774  11459  -4876  22094  11606  -5673  -5852 -22485  23405   3341      0   3850   3858 0 0 
  11.579 -21775  11469  -4881  22094  11606  -5673  -5852 -22485  23405   3341      0   3850   3853 0 0 
  11.694 -21776  11473  -4883  22094  11606  -5673  -5852 -22485  23405   3341      0   3852   3834 0 0 
  11.819 -21775  11473  -4881  22094  11606  -5673  -5852 -22485  23405   3341      0   3852   3845 0 0 
  11.933 -21774  11464  -4872  22094  11606  -5673  -5852 -22485  23405   3341      0   3851   3856 0 0 
  12.050 -21774  11464  -4874  22094  11606  -5673  -5852 -22485  23405   3341      0   3851   3836 0 0 
  12.173 -21774  11478  -4874  22094  11606  -5673  -5852 -22485  23405   3341      0   3854   3867 0 0 
  12.288 -21774  11464  -4867  22094  11606  -5673  -5852 -22485  23405   3341      0   3852   3860 0 0 
  12.413 -21772  11453  -4863  22094  11606  -5673  -5852 -22485  23405   3341      0   3854   3885 0 0 
*** End ***
