 *** ZZT:Watch ***
File: D:\ZZT\Watch_ZAKUCA1A-ZAKUCA1A_006.log
Computer: INEM1332-NB; User: anto.maric
Connection: Telnet 192.168.0.11:23
Target: D105OSCZ; Application: ZAKUCA1A-ZAKUCA1A
Start time: 21.2.2025. 10:53:05

Signals: 14
 1.    VGACT int16
 2.     PACT int16
 3.     QACT int16
 4.    VGREF int16
 5.    PACTH int16
 6.    QACTH int16
 7.    QHREF int16
 8.    VHACT int16
 9.    VHREF int16
10.  COSPHIH int16
11.  COSHREF int16
12.    IFACT int16
13.    UFACT int16
14. OEXLIMON log16

Data:
   0.089 -24072  11771   7606  23621  11664   6205   6205 -23011  23011  -3833  -3833   6824   6706 0 
   0.256 -24072  11775   7601  23621  11664   6205   6205 -23011  23011  -3833  -3833   6821   6691 0 
   0.371 -24069  11793   7606  23621  11664   6205   6205 -23011  23011  -3833  -3833   6821   6726 0 
   0.487 -24070  11811   7597  23621  11664   6205   6205 -23011  23011  -3833  -3833   6826   6726 0 
   0.628 -24072  11798   7592  23621  11664   6205   6205 -23011  23011  -3833  -3833   6822   6724 0 
   0.743 -24072  11787   7583  23621  11642   6809   6809 -23011  23011  -4489  -4489   6821   6700 0 
   0.867 -24071  11762   7583  23621  11642   6809   6809 -23011  23011  -4489  -4489   6818   6688 0 
   0.982 -24069  11760   7590  23621  11642   6809   6809 -23011  23011  -4489  -4489   6819   6696 0 
   1.124 -24071  11775   7579  23621  11642   6809   6809 -23011  23011  -4489  -4489   6814   6692 0 
   1.239 -24069  11796   7579  23621  11642   6809   6809 -23011  23011  -4489  -4489   6817   6689 0 
   1.364 -24070  11814   7570  23628  11642   6809   6809 -23011  23011  -4489  -4489   6817   6741 0 
   1.489 -24072  11807   7588  23642  11642   6809   6809 -23011  23011  -4489  -4489   6824   6887 0 
   1.613 -24075  11787   7624  23650  11642   6809   6809 -23011  23011  -4489  -4489   6837   7002 0 
   1.729 -24083  11780   7653  23650  11642   6809   6809 -23011  23011  -4489  -4489   6847   6962 0 
   1.844 -24089  11771   7687  23650  11642   6809   6809 -23011  23011  -4489  -4489   6853   6962 0 
   1.972 -24094  11769   7714  23650  11642   6809   6809 -23011  23011  -4489  -4489   6860   6935 0 
   2.087 -24098  11789   7734  23650  11642   6809   6809 -23011  23011  -4489  -4489   6868   6922 0 
   2.211 -24101  11793   7761  23650  11642   6809   6809 -23011  23011  -4489  -4489   6875   6914 0 
   2.342 -24104  11780   7782  23650  11642   6809   6809 -23011  23011  -4489  -4489   6878   6888 0 
   2.467 -24107  11769   7797  23650  11642   6809   6809 -23011  23011  -4489  -4489   6879   6870 0 
   2.581 -24111  11787   7809  23650  11642   6809   6809 -23011  23011  -4489  -4489   6884   6868 0 
   2.708 -24112  11798   7818  23650  11649   6781   6809 -23011  23011  -4456  -4489   6885   6838 0 
   2.838 -24114  11789   7834  23659  11649   6781   6781 -23011  23011  -4456  -4456   6892   6898 0 
   2.994 -24119  11807   7852  23669  11649   6781   6781 -23011  23011  -4456  -4456   6896   7005 0 
   3.119 -24127  11796   7890  23669  11649   6781   6781 -23011  23011  -4456  -4456   6907   6971 0 
   3.234 -24130  11798   7908  23669  11649   6781   6781 -23011  23011  -4456  -4456   6917   6953 0 
   3.374 -24133  11811   7935  23669  11649   6781   6781 -23011  23011  -4456  -4456   6923   6949 0 
   3.489 -24136  11807   7958  23669  11649   6781   6781 -23011  23011  -4456  -4456   6925   6924 0 
   3.630 -24139  11778   7969  23669  11649   6781   6781 -23011  23011  -4456  -4456   6927   6915 0 
   3.770 -24140  11778   7980  23669  11649   6781   6781 -23015  23013  -4456  -4456   6930   6881 0 
   3.885 -24140  11807   7994  23669  11649   6781   6781 -23019  23019  -4456  -4456   6930   6888 0 
   4.010 -24142  11807   8005  23669  11649   6781   6781 -23019  23019  -4456  -4456   6936   6883 0 
   4.125 -24146  11778   8003  23669  11649   6781   6781 -23019  23019  -4456  -4456   6934   6852 0 
   4.240 -24146  11744   8007  23669  11649   6781   6781 -23019  23019  -4456  -4456   6932   6838 0 
   4.365 -24147  11760   8005  23669  11649   6781   6781 -23019  23019  -4456  -4456   6932   6803 0 
   4.481 -24146  11775   7994  23669  11649   6781   6781 -23019  23019  -4456  -4456   6929   6795 0 
   4.622 -24144  11793   8003  23669  11649   6781   6781 -23019  23019  -4456  -4456   6932   6828 0 
   4.736 -24145  11784   7987  23669  11649   7006   7006 -23019  23019  -4685  -4685   6928   6791 0 
   4.861 -24144  11778   7987  23669  11649   7006   7006 -23019  23019  -4685  -4685   6929   6790 0 
   4.991 -24144  11771   7985  23669  11649   7006   7006 -23019  23019  -4685  -4685   6927   6815 0 
   5.132 -24140  11771   7980  23669  11649   7006   7006 -23019  23019  -4685  -4685   6924   6801 0 
   5.258 -24140  11789   7980  23669  11649   7006   7006 -23019  23019  -4685  -4685   6927   6819 0 
   5.373 -24140  11811   7971  23669  11649   7006   7006 -23019  23019  -4685  -4685   6928   6818 0 
   5.487 -24139  11814   7976  23669  11649   7006   7006 -23019  23019  -4685  -4685   6925   6804 0 
   5.612 -24140  11769   7971  23669  11649   7006   7006 -23019  23019  -4685  -4685   6921   6819 0 
   5.725 -24140  11733   7985  23669  11649   7006   7006 -23027  23027  -4685  -4685   6922   6803 0 
   5.839 -24140  11721   7969  23669  11649   7006   7006 -23034  23034  -4685  -4685   6920   6798 0 
   5.964 -24140  11766   7971  23669  11649   7006   7006 -23034  23034  -4685  -4685   6920   6797 0 
   6.078 -24140  11789   7958  23669  11649   7006   7006 -23034  23034  -4685  -4685   6921   6783 0 
   6.192 -24140  11789   7951  23669  11649   7006   7006 -23034  23034  -4685  -4685   6918   6769 0 
   6.315 -24138  11784   7951  23669  11649   7006   7006 -23034  23034  -4685  -4685   6916   6765 0 
   6.430 -24138  11769   7949  23669  11649   7006   7006 -23034  23034  -4685  -4685   6918   6784 0 
   6.544 -24136  11760   7942  23669  11649   7006   7006 -23034  23034  -4685  -4685   6916   6792 0 
   6.669 -24136  11735   7944  23669  11629   7156   7156 -23034  23034  -4849  -4685   6913   6799 0 
   6.783 -24136  11723   7944  23669  11629   7156   7156 -23034  23034  -4849  -4849   6910   6791 0 
   6.907 -24136  11723   7940  23669  11629   7156   7156 -23034  23034  -4849  -4849   6912   6803 0 
   7.037 -24137  11757   7940  23669  11629   7156   7156 -23034  23034  -4849  -4849   6912   6789 0 
   7.161 -24134  11780   7935  23669  11629   7156   7156 -23034  23034  -4849  -4849   6914   6822 0 
   7.290 -24135  11766   7940  23669  11629   7156   7156 -23034  23034  -4849  -4849   6913   6811 0 
   7.416 -24135  11721   7940  23669  11629   7156   7156 -23034  23034  -4849  -4849   6912   6801 0 
   7.530 -24136  11690   7942  23669  11629   7156   7156 -23034  23034  -4849  -4849   6905   6797 0 
   7.644 -24136  11714   7942  23669  11629   7156   7156 -23034  23034  -4849  -4849   6910   6807 0 
   7.768 -24136  11760   7940  23669  11629   7156   7156 -23034  23034  -4849  -4849   6912   6801 0 
   7.881 -24136  11780   7940  23669  11629   7156   7156 -23034  23034  -4849  -4849   6915   6808 0 
   8.006 -24135  11793   7940  23669  11629   7156   7156 -23034  23034  -4849  -4849   6915   6826 0 
   8.122 -24135  11789   7940  23669  11629   7156   7156 -23034  23034  -4849  -4849   6917   6824 0 
   8.236 -24134  11751   7953  23669  11629   7156   7156 -23034  23034  -4849  -4849   6917   6832 0 
   8.360 -24136  11757   7949  23669  11629   7156   7156 -23034  23034  -4849  -4849   6915   6836 0 
   8.474 -24135  11766   7958  23669  11629   7156   7156 -23034  23034  -4849  -4849   6917   6829 0 
   8.589 -24136  11784   7953  23669  11629   7156   7156 -23034  23034  -4849  -4849   6919   6832 0 
   8.708 -24136  11789   7958  23669  11629   7156   7156 -23034  23034  -4849  -4849   6918   6830 0 
   8.822 -24136  11769   7969  23669  11629   7156   7156 -23034  23034  -4849  -4849   6920   6832 0 
   8.935 -24136  11762   7969  23669  11629   7156   7156 -23034  23034  -4849  -4849   6921   6846 0 
   9.060 -24136  11753   7971  23669  11629   7156   7156 -23034  23034  -4849  -4849   6923   6834 0 
   9.174 -24137  11775   7971  23669  11629   7156   7156 -23034  23034  -4849  -4849   6921   6840 0 
   9.288 -24138  11762   7971  23669  11629   7156   7156 -23034  23034  -4849  -4849   6924   6820 0 
   9.428 -24138  11742   7978  23669  11629   7156   7156 -23034  23034  -4849  -4849   6921   6822 0 
   9.542 -24137  11760   7985  23669  11629   7156   7156 -23034  23034  -4849  -4849   6925   6852 0 
   9.667 -24139  11760   7985  23669  11629   7156   7156 -23034  23034  -4849  -4849   6925   6831 0 
   9.781 -24138  11789   7985  23669  11610   7113   7113 -23034  23034  -4816  -4816   6927   6837 0 
   9.905 -24139  11789   7978  23669  11610   7113   7113 -23034  23034  -4816  -4816   6925   6809 0 
  10.019 -24138  11769   7987  23669  11610   7113   7113 -23034  23034  -4816  -4816   6923   6824 0 
  10.133 -24137  11757   7994  23669  11610   7113   7113 -23034  23034  -4816  -4816   6928   6850 0 
  10.257 -24139  11744   7994  23669  11610   7113   7113 -23034  23034  -4816  -4816   6927   6820 0 
  10.371 -24139  11744   7989  23669  11610   7113   7113 -23034  23034  -4816  -4816   6926   6830 0 
  10.486 -24139  11769   7987  23669  11610   7113   7113 -23034  23034  -4816  -4816   6928   6816 0 
  10.610 -24139  11769   7989  23669  11610   7113   7113 -23034  23034  -4816  -4816   6928   6818 0 
  10.740 -24139  11769   7989  23669  11610   7113   7113 -23031  23031  -4816  -4816   6928   6841 0 
  10.864 -24141  11735   7987  23669  11610   7113   7113 -23027  23027  -4816  -4816   6926   6812 0 
  10.994 -24142  11751   7980  23669  11610   7113   7113 -23027  23027  -4816  -4816   6920   6785 0 
  11.118 -24141  11793   7971  23669  11610   7113   7113 -23027  23027  -4816  -4816   6920   6797 0 
  11.232 -24139  11798   7971  23669  11610   7113   7113 -23027  23027  -4816  -4816   6922   6788 0 
  11.356 -24138  11793   7976  23669  11610   7113   7113 -23027  23027  -4816  -4816   6927   6825 0 
  11.471 -24138  11760   7976  23669  11610   7113   7113 -23027  23027  -4816  -4816   6924   6823 0 
  11.585 -24139  11730   7976  23669  11610   7113   7113 -23027  23027  -4816  -4816   6920   6820 0 
  11.711 -24138  11723   7971  23669  11622   7148   7148 -23027  23027  -4849  -4849   6917   6799 0 
  11.826 -24140  11751   7971  23669  11622   7148   7148 -23027  23027  -4849  -4849   6920   6770 0 
  11.941 -24137  11807   7971  23669  11622   7148   7148 -23027  23027  -4849  -4849   6924   6822 0 
  12.081 -24138  11793   7962  23669  11622   7148   7148 -23027  23027  -4849  -4849   6923   6806 0 
  12.222 -24138  11733   7962  23669  11622   7148   7148 -23027  23027  -4849  -4849   6919   6812 0 
  12.337 -24138  11726   7960  23669  11622   7148   7148 -23027  23027  -4849  -4849   6918   6803 0 
  12.462 -24137  11766   7962  23669  11622   7148   7148 -23027  23027  -4849  -4849   6917   6816 0 
  12.577 -24139  11769   7951  23669  11622   7148   7148 -23027  23027  -4849  -4849   6914   6791 0 
  12.692 -24138  11771   7949  23669  11622   7148   7148 -23029  23027  -4849  -4849   6916   6803 0 
  12.832 -24137  11762   7949  23669  11622   7148   7148 -23034  23034  -4849  -4849   6913   6788 0 
  12.973 -24137  11766   7942  23669  11622   7148   7148 -23034  23034  -4849  -4849   6913   6805 0 
  13.114 -24135  11784   7951  23669  11622   7148   7148 -23034  23034  -4849  -4849   6917   6829 0 
  13.244 -24136  11766   7949  23669  11622   7148   7148 -23034  23034  -4849  -4849   6915   6806 0 
  13.368 -24136  11766   7949  23669  11622   7148   7148 -23034  23034  -4849  -4849   6917   6803 0 
  13.484 -24136  11744   7949  23669  11622   7148   7148 -23034  23034  -4849  -4849   6914   6809 0 
  13.624 -24136  11744   7949  23669  11622   7148   7148 -23034  23034  -4849  -4849   6914   6804 0 
  13.739 -24136  11762   7944  23669  11619   7135   7135 -23034  23034  -4849  -4849   6918   6829 0 
  13.879 -24137  11778   7944  23669  11619   7135   7135 -23034  23034  -4849  -4849   6912   6821 0 
  14.019 -24136  11757   7944  23669  11619   7135   7135 -23034  23034  -4849  -4849   6915   6820 0 
  14.134 -24136  11748   7949  23669  11619   7135   7135 -23034  23034  -4849  -4849   6917   6804 0 
  14.259 -24136  11751   7949  23669  11619   7135   7135 -23034  23034  -4849  -4849   6916   6823 0 
  14.389 -24137  11760   7944  23669  11619   7135   7135 -23034  23034  -4849  -4849   6917   6811 0 
  14.516 -24138  11751   7942  23669  11619   7135   7135 -23034  23034  -4849  -4849   6915   6799 0 
  14.630 -24137  11748   7935  23669  11619   7135   7135 -23034  23034  -4849  -4849   6913   6795 0 
  14.771 -24136  11753   7940  23669  11619   7135   7135 -23034  23034  -4849  -4849   6911   6801 0 
  14.927 -24136  11769   7935  23669  11619   7135   7135 -23034  23034  -4849  -4849   6915   6801 0 
*** End ***
