 *** ZZT:Watch ***
File: D:\ZZT\Watch_ZAKUCA1A-ZAKUCA1A_056.log
Computer: INEM1332-NB; User: anto.maric
Connection: Telnet 192.168.0.11:23
Target: D105OSCZ; Application: ZAKUCA1A-ZAKUCA1A
Start time: 21.2.2025. 12:23:19

Signals:  6
 1.    QACTH int16
 2.   QHREFC int16
 3.  QHREFCM int16
 4.  ACQHCOF log16
 5.  ACQHCON log16
 6.    VHACT int16

Data:
   0.238   -423    200    200 1 0 -22702 
   0.395   -423    200    200 1 0 -22702 
   0.510   -423    200    200 1 0 -22702 
   0.635   -423    200    200 1 0 -22702 
   0.749   -423    200    200 1 0 -22702 
   0.864   -423    200    200 1 0 -22702 
   0.989   -423    200    200 1 0 -22702 
   1.118   -423    200    200 1 0 -22702 
   1.244   -423    200    200 1 0 -22702 
   1.360   -423    200    200 1 0 -22702 
   1.483   -423    200    200 1 0 -22702 
   1.598   -423    200    200 1 0 -22702 
   1.712   -423    200    200 1 0 -22702 
   2.135   -423    200    200 1 0 -22702 
   2.249   -423    200    200 1 0 -22702 
   2.364   -423    200    200 1 0 -22702 
   2.489   -423    200    200 1 0 -22702 
   2.604   -423    200    200 1 0 -22702 
   2.718   -423    200    200 1 0 -22702 
   2.843   -423    200    200 1 0 -22702 
   2.957   -423    200    200 1 0 -22702 
   3.083   -423    200    200 1 0 -22702 
   3.212   -423    200    200 1 0 -22702 
   3.339   -423    200    200 1 0 -22702 
   3.454   -423    200    200 1 0 -22702 
   3.569   -423    200    200 1 0 -22702 
   3.695   -423    200    200 1 0 -22702 
   3.811   -423    200    200 1 0 -22702 
   3.936   -423    200    200 1 0 -22702 
   4.050   -423    200    200 1 0 -22702 
   4.165   -423    200    200 1 0 -22702 
   4.290   -423    200    200 1 0 -22702 
   4.405   -423    200    200 1 0 -22702 
   4.520   -423    200    200 1 0 -22702 
   4.660   -412    200    200 1 0 -22702 
   4.818   -412    200    200 1 0 -22702 
   4.943   -412    200    200 1 0 -22702 
   5.058   -412    200    200 1 0 -22702 
   5.183   -412    200    200 1 0 -22702 
   5.298   -412    200    200 1 0 -22702 
   5.412   -412    200    200 1 0 -22702 
   5.537   -412    200    200 1 0 -22702 
   5.653   -412    200    200 1 0 -22702 
   5.767   -412    200    200 1 0 -22702 
   5.893   -412    200    200 1 0 -22702 
   6.007   -412    200    200 1 0 -22702 
   6.148   -412    200    200 1 0 -22702 
   6.289   -412    200    200 1 0 -22702 
   6.405   -412    200    200 1 0 -22702 
   6.546   -412    200    200 1 0 -22702 
   6.661   -412    200    200 1 0 -22702 
   6.785   -412    200    200 1 0 -22702 
   6.900   -412    200    200 1 0 -22702 
   7.014   -412    200    200 1 0 -22702 
   7.154   -379    200    200 1 0 -22702 
   7.269   -379    200    200 1 0 -22702 
   7.411   -379    200    200 1 0 -22702 
   7.552   -379    200    200 1 0 -22702 
   7.667   -379    200    200 1 0 -22702 
   7.809   -379    200    200 1 0 -22702 
   7.936   -379    200    200 1 0 -22702 
   8.050   -379    200    200 1 0 -22702 
   8.164   -379    200    200 1 0 -22702 
   8.292   -379    200    200 1 0 -22702 
   8.406   -379    200    200 1 0 -22702 
   8.547   -379    200    200 1 0 -22702 
   8.662   -379    200    200 1 0 -22700 
   8.804   -379    200    200 1 0 -22696 
   8.945   -379    200    200 1 0 -22694 
   9.059   -379    200    200 1 0 -22694 
   9.200   -379    200    200 1 0 -22694 
   9.314   -379    200    200 1 0 -22694 
   9.454   -379    200    200 1 0 -22694 
   9.570   -379    200    200 1 0 -22694 
   9.693   -384    200    200 1 0 -22694 
   9.808   -384    200    200 1 0 -22694 
   9.933   -384    200    200 1 0 -22694 
  10.065   -384    200    200 1 0 -22694 
  10.191   -384    200    200 1 0 -22694 
  10.305   -384    200    200 1 0 -22694 
  10.447   -384    200    200 1 0 -22694 
  10.563   -384    200    200 1 0 -22694 
  10.687   -384    200    200 1 0 -22694 
  10.802   -384    200    200 1 0 -22694 
  10.917   -384    200    200 1 0 -22694 
  11.042   -384    200    200 1 0 -22694 
  11.156   -384    200    200 1 0 -22694 
  11.282   -384    200    200 1 0 -22694 
  11.398   -384    200    200 1 0 -22694 
  11.513   -384    200    200 1 0 -22694 
  11.639   -384    200    200 1 0 -22694 
  11.754   -384    200    200 1 0 -22694 
  11.870   -384    200    200 1 0 -22694 
  11.996   -384    200    200 1 0 -22694 
  12.111   -384    200    200 1 0 -22694 
  12.251   -384    200    200 1 0 -22694 
  12.368   -384    200    200 1 0 -22694 
  12.494   -384    200    200 1 0 -22694 
  12.608   -384    200    200 1 0 -22694 
  12.749   -384    200    200 1 0 -22698 
  12.865   -384    200    200 1 0 -22702 
  12.991   -384    200    200 1 0 -22702 
  13.106   -384    200    200 1 0 -22702 
  13.222   -384    200    200 1 0 -22702 
  13.345   -384    200    200 1 0 -22702 
  13.459   -384    200    200 1 0 -22702 
  13.584   -384    200    200 1 0 -22702 
  13.698   -393    200    200 1 0 -22702 
  13.813   -393    200    200 1 0 -22702 
  13.937   -393    200    200 1 0 -22702 
  14.051   -393    200    200 1 0 -22702 
  14.164   -393    200    200 1 0 -22702 
  14.289   -393    200    200 1 0 -22702 
  14.405   -393    200    200 1 0 -22702 
  14.519   -393    200    200 1 0 -22702 
  14.643   -393    200    200 1 0 -22702 
  14.757   -393    200    200 1 0 -22702 
  14.882   -393    200    200 1 0 -22702 
  14.996   -393    200    200 1 0 -22702 
  15.110   -393    200    200 1 0 -22702 
  15.234   -393    200    200 1 0 -22702 
  15.348   -393    200    200 1 0 -22702 
  15.461   -393    200    200 1 0 -22702 
  15.586   -393    200    200 1 0 -22702 
  15.700   -393    200    200 1 0 -22702 
  15.814   -393    200    200 1 0 -22702 
  15.939   -393    200    200 1 0 -22702 
  16.054   -393    200    200 1 0 -22702 
  16.168   -393    200    200 1 0 -22702 
  16.292   -393    200    200 1 0 -22702 
  16.406   -393    200    200 1 0 -22702 
  16.520   -393    200    200 1 0 -22702 
  16.643   -403    200    200 1 0 -22702 
  16.760   -403    200    200 1 0 -22702 
  16.883   -403    200    200 1 0 -22702 
  16.997   -403    200    200 1 0 -22702 
  17.112   -403    200    200 1 0 -22702 
  17.237   -403    200    200 1 0 -22702 
  17.351   -403    200    200 1 0 -22702 
  17.465   -403    200    200 1 0 -22702 
  17.605   -403    200    200 1 0 -22702 
  17.719   -403    200    200 1 0 -22702 
  17.843   -403    200    200 1 0 -22702 
  17.958   -403    200    200 1 0 -22702 
  18.070   -403    200    200 1 0 -22702 
  18.195   -403    200    200 1 0 -22702 
  18.309   -403    200    200 1 0 -22702 
  18.547   -403    200    200 1 0 -22702 
  18.661   -403    200    200 1 0 -22702 
  18.784   -403    200    200 1 0 -22702 
  18.898   -403    200    200 1 0 -22702 
  19.013   -403    200    200 1 0 -22702 
  19.137   -403    200    200 1 0 -22702 
  19.252   -403    200    200 1 0 -22702 
  19.366   -403    200    200 1 0 -22702 
  19.492   -403    200    200 1 0 -22702 
  19.606   -403    200    200 1 0 -22702 
  19.748   -426    200    200 1 0 -22702 
  19.863   -426    200    200 1 0 -22702 
  19.989   -426    200    200 1 0 -22702 
  20.120   -426    200    200 1 0 -22702 
  20.244   -426    200    200 1 0 -22702 
  20.358   -426    200    200 1 0 -22702 
  20.500   -426    200    200 1 0 -22702 
  20.614   -426    200    200 1 0 -22702 
  20.755   -426    200    200 1 0 -22702 
  20.870   -426    200    200 1 0 -22702 
  21.010   -426    200    200 1 0 -22702 
  21.135   -426    200    200 1 0 -22702 
  21.250   -426    200    200 1 0 -22702 
  21.364   -426    200    200 1 0 -22702 
  21.489   -426    200    200 1 0 -22702 
  21.603   -426    200    200 1 0 -22702 
  21.718   -426    200    200 1 0 -22702 
  21.843   -426    200    200 1 0 -22702 
  21.957   -426    200    200 1 0 -22702 
  22.083   -426    200    200 1 0 -22702 
  22.214   -426    200    200 1 0 -22702 
  22.339   -426    200    200 1 0 -22702 
  22.454   -426    200    200 1 0 -22702 
  22.569   -426    200    200 1 0 -22702 
  22.694   -426    200    200 1 0 -22702 
  22.808   -426    200    200 1 0 -22702 
  22.934   -426    200    200 1 0 -22702 
  23.048   -426    200    200 1 0 -22702 
  23.162   -426    200    200 1 0 -22702 
  23.287   -426    200    200 1 0 -22702 
  23.402   -426    200    200 1 0 -22702 
*** End ***
