 *** ZZT:Watch ***
File: D:\ZZT\Watch_ZAKUCA1A-ZAKUCA1A_081.log
Computer: INEM1332-NB; User: anto.maric
Connection: Telnet 192.168.0.11:23
Target: D105OSCZ; Application: ZAKUCA1A-ZAKUCA1A
Start time: 21.2.2025. 14:40:54

Signals: 16
 1.    VGACT int16
 2.     PACT int16
 3.     QACT int16
 4.    VGREF int16
 5.    PACTH int16
 6.    QACTH int16
 7.    QHREF int16
 8.    VHACT int16
 9.    VHREF int16
10.  COSPHIH int16
11.  COSHREF int16
12.    IFACT int16
13.    UFACT int16
14.    VHINC log16
15.    VHDEC log16
16. QHENABLE log16

Data:
   0.114 -21716  11480  -5188  22059  11632  -6049      0 -22485  21277   3701      0   3782   3860 0 0 
   0.605 -21720  11487  -5170  22059  11632  -6049      0 -22485  21277   3701      0   3788   3798 0 0 0 
   0.719 -21720  11505  -5170  22059  11632  -6049      0 -22485  21277   3701      0   3784   3823 0 0 0 
   0.862 -21720  11527  -5170  22059  11632  -6049      0 -22483  21277   3701      0   3792   3822 0 0 0 
   1.018 -21720  11541  -5170  22059  11632  -6049      0 -22477  21277   3701      0   3793   3804 0 0 0 
   1.175 -21719  11516  -5161  22059  11632  -6049      0 -22477  21277   3701      0   3793   3802 0 0 0 
   1.332 -21718  11491  -5156  22059  11632  -6049      0 -22477  21277   3701      0   3792   3832 0 0 0 
   1.472 -21720  11462  -5156  22059  11632  -6049      0 -22477  21277   3701      0   3788   3820 0 0 0 
   1.612 -21721  11464  -5161  22059  11632  -6049      0 -22477  21277   3701      0   3788   3832 0 0 0 
   1.727 -21721  11480  -5161  22059  11632  -6049      0 -22477  21277   3701      0   3786   3826 0 0 0 
   1.867 -21720  11496  -5154  22059  11626  -6017      0 -22477  21277   3669      0   3792   3827 0 0 0 
   2.442 -21720  11498  -5154  22059  11626  -6017      0 -22477  21277   3669      0   3792   3848 0 0 0 
   2.599 -21724  11471  -5154  22059  11626  -6017      0 -22477  21277   3669      0   3787   3816 0 0 0 
   2.730 -21723  11496  -5163  22059  11626  -6017      0 -22477  21277   3669      0   3790   3779 0 0 0 
   2.855 -21721  11480  -5156  22059  11626  -6017      0 -22477  21277   3669      0   3787   3818 0 0 0 
   2.969 -21726  11480  -5165  22059  11626  -6017      0 -22477  21277   3669      0   3787   3774 0 0 0 
   3.109 -21721  11464  -5156  22059  11626  -6017      0 -22477  21277   3669      0   3784   3776 0 0 0 
   3.225 -21726  11478  -5172  22059  11626  -6017      0 -22477  21277   3669      0   3785   3794 0 0 0 
   3.349 -21721  11480  -5165  22059  11626  -6017      0 -22477  21277   3669      0   3786   3812 0 0 0 
   3.464 -21721  11480  -5172  22059  11626  -6017      0 -22477  21277   3669      0   3784   3783 0 0 0 
   3.579 -21723  11489  -5174  22059  11626  -6017      0 -22477  21277   3669      0   3785   3786 0 0 0 
   3.704 -21721  11491  -5172  22059  11626  -6017      0 -22477  21277   3669      0   3785   3781 0 0 0 
   3.818 -21723  11507  -5183  22059  11626  -6017      0 -22477  21277   3669      0   3787   3798 0 0 0 
   3.959 -21719  11498  -5174  22059  11626  -6017      0 -22477  21277   3669      0   3788   3812 0 0 0 
   4.075 -21721  11496  -5179  22059  11626  -6017      0 -22477  21277   3669      0   3787   3808 0 0 0 
   4.214 -21718  11489  -5174  22059  11626  -6017      0 -22477  21277   3669      0   3786   3812 0 0 0 
   4.328 -21720  11480  -5172  22059  11626  -6017      0 -22477  21277   3669      0   3786   3799 0 0 0 
   4.468 -21720  11462  -5174  22059  11626  -6017      0 -22477  21277   3669      0   3784   3796 0 0 0 
   4.582 -21720  11491  -5174  22059  11626  -6017      0 -22477  21277   3669      0   3786   3831 0 0 0 
   4.723 -21720  11480  -5174  22059  11626  -6017      0 -22477  21277   3669      0   3786   3794 0 0 0 
   4.848 -21718  11487  -5170  22059  11626  -6017      0 -22477  21277   3669      0   3786   3832 0 0 0 
   4.979 -21718  11478  -5165  22059  11626  -6017      0 -22477  21277   3669      0   3783   3818 0 0 0 
   5.120 -21720  11469  -5170  22059  11626  -6017      0 -22477  21277   3669      0   3784   3819 0 0 0 
   5.260 -21719  11471  -5172  22059  11626  -6017      0 -22477  21277   3669      0   3784   3804 0 0 0 
   5.375 -21721  11491  -5174  22059  11626  -6017      0 -22477  21277   3669      0   3785   3821 0 0 0 
   5.517 -21718  11491  -5165  22059  11626  -6017      0 -22477  21277   3669      0   3788   3833 0 0 0 
   5.632 -21721  11482  -5170  22059  11626  -6017      0 -22477  21277   3669      0   3787   3817 0 0 0 
   5.757 -21721  11478  -5165  22059  11626  -6017      0 -22477  21277   3669      0   3786   3832 0 0 0 
   5.872 -21720  11480  -5165  22059  11626  -6017      0 -22477  21277   3669      0   3786   3836 0 0 0 
   5.996 -21720  11480  -5170  22059  11626  -6017      0 -22477  21277   3669      0   3787   3802 0 0 0 
   6.111 -21719  11480  -5161  22059  11626  -6017      0 -22477  21277   3669      0   3787   3814 0 0 0 
   6.225 -21720  11496  -5165  22059  11626  -6017      0 -22477  21277   3669      0   3786   3810 0 0 0 
   6.722 -21721  11491  -5156  22059  11638  -6013      0 -22477  21277   3669      0   3788   3810 0 0 0 
   6.863 -21721  11505  -5163  22059  11638  -6013      0 -22477  21277   3669      0   3790   3826 0 0 0 
   6.977 -21723  11496  -5165  22059  11638  -6013      0 -22477  21277   3669      0   3787   3809 0 0 0 
   7.101 -21719  11507  -5161  22059  11638  -6013      0 -22477  21277   3669      0   3789   3812 0 0 0 
   7.215 -21721  11491  -5161  22059  11638  -6013      0 -22477  21277   3669      0   3788   3816 0 0 0 
   7.330 -21720  11487  -5156  22059  11638  -6013      0 -22477  21277   3669      0   3790   3815 0 0 0 
   7.454 -21721  11471  -5161  22059  11638  -6013      0 -22477  21277   3669      0   3787   3831 0 0 0 
   7.568 -21721  11473  -5161  22059  11638  -6013      0 -22477  21277   3669      0   3790   3816 0 0 0 
   7.682 -21723  11482  -5163  22059  11638  -6013      0 -22477  21277   3669      0   3789   3818 0 0 0 
   7.806 -21721  11478  -5163  22059  11638  -6013      0 -22477  21277   3669      0   3788   3820 0 0 0 
   7.922 -21721  11487  -5161  22059  11638  -6013      0 -22477  21277   3669      0   3788   3818 0 0 0 
   8.046 -21721  11482  -5161  22059  11638  -6013      0 -22477  21277   3669      0   3787   3816 0 0 0 
   8.161 -21720  11498  -5154  22059  11638  -6013      0 -22477  21277   3669      0   3791   3837 0 0 0 
   8.275 -21721  11498  -5161  22059  11638  -6013      0 -22477  21277   3669      0   3790   3811 0 0 0 
   8.399 -21721  11498  -5156  22059  11638  -6013      0 -22477  21277   3669      0   3788   3822 0 0 0 
   8.513 -21723  11480  -5161  22059  11638  -6013      0 -22477  21277   3669      0   3785   3781 0 0 0 
   8.627 -21720  11473  -5152  22059  11638  -6013      0 -22477  21277   3669      0   3788   3812 0 0 0 
   8.768 -21721  11478  -5156  22059  11638  -6013      0 -22477  21277   3669      0   3786   3804 0 0 0 
   8.908 -21721  11489  -5163  22059  11638  -6000      0 -22477  21277   3636      0   3788   3794 0 0 0 
   9.022 -21724  11505  -5170  22059  11638  -6000      0 -22477  21277   3636      0   3787   3795 0 0 0 
   9.145 -21720  11500  -5163  22059  11638  -6000      0 -22477  21277   3636      0   3788   3810 0 0 0 
   9.260 -21721  11505  -5170  22059  11638  -6000      0 -22477  21277   3636      0   3789   3818 0 0 0 
   9.375 -21721  11473  -5163  22059  11638  -6000      0 -22477  21277   3636      0   3788   3797 0 0 0 
   9.499 -21721  11471  -5165  22059  11638  -6000      0 -22477  21277   3636      0   3786   3814 0 0 0 
   9.631 -21719  11471  -5161  22059  11638  -6000      0 -22477  21277   3636      0   3784   3800 0 0 0 
   9.772 -21719  11496  -5163  22059  11638  -6000      0 -22477  21277   3636      0   3790   3822 0 0 0 
   9.912 -21720  11509  -5163  22059  11638  -6000      0 -22477  21277   3636      0   3791   3813 0 0 0 
  10.026 -21719  11516  -5163  22059  11638  -6000      0 -22477  21277   3636      0   3792   3821 0 0 0 
*** End ***
