 *** ZZT:Watch ***
File: D:\ZZT\Watch_ZAKUCA1A-ZAKUCA1A_060.log
Computer: INEM1332-NB; User: anto.maric
Connection: Telnet 192.168.0.11:23
Target: D105OSCZ; Application: ZAKUCA1A-ZAKUCA1A
Start time: 21.2.2025. 12:40:49

Signals: 15
 1.    VGACT int16
 2.     PACT int16
 3.     QACT int16
 4.    VGREF int16
 5.    PACTH int16
 6.    QACTH int16
 7.    QHREF int16
 8.    VHACT int16
 9.    VHREF int16
10.  COSPHIH int16
11.  COSHREF int16
12.    IFACT int16
13.    UFACT int16
14.    QHINC log16
15.    QHDEC log16

Data:
   0.097 -22766  11577    198  22761  11619   -689      0 -22694  23405     65      0   4998   5148 0 
   0.551 -22782  11588    282  22772  11619   -689      0 -22694  23405     65      0   5020   5160 0 0 
   0.667 -22783  11588    291  22772  11619   -689      0 -22694  23405     65      0   5024   5152 0 0 
   0.791 -22789  11577    315  22772  11619   -689      0 -22694  23405     65      0   5024   5146 0 0 
   0.907 -22790  11568    336  22772  11619   -689      0 -22694  23405     65      0   5030   5126 0 0 
   1.022 -22793  11570    351  22772  11619   -689      0 -22694  23405     65      0   5034   5108 0 0 
   1.147 -22798  11572    363  22779  11619   -689      0 -22694  23405     65      0   5032   5130 1 0 
   1.261 -22801  11586    381  22783  11619   -689      0 -22694  23405     65      0   5040   5188 0 0 
   1.375 -22804  11577    403  22783  11619   -689      0 -22694  23405     65      0   5047   5146 0 0 
   1.516 -22807  11588    417  22783  11619   -689      0 -22694  23405     65      0   5052   5161 0 0 
   1.642 -22809  11579    449  22783  11619   -689      0 -22694  23405     65      0   5057   5132 0 0 
   1.773 -22814  11581    449  22791  11619   -689      0 -22694  23405     65      0   5059   5150 1 0 
   1.913 -22815  11604    485  22794  11619   -689      0 -22694  23405     65      0   5068   5198 0 0 
   2.027 -22823  11595    498  22794  11619   -689      0 -22698  23405     65      0   5073   5182 0 0 
   2.643 -22825  11579    512  22794  11619   -689      0 -22702  23405     65      0   5073   5162 0 0 
   2.765 -22841  11613    604  22805  11619   -689      0 -22702  23405     65      0   5099   5194 0 0 
   2.879 -22841  11613    631  22805  11619   -689      0 -22702  23405     65      0   5105   5182 0 0 
   3.022 -22842  11613    649  22814  11613   -262      0 -22702  23405      0      0   5113   5253 1 0 
   3.162 -22849  11606    676  22816  11613   -262      0 -22702  23405      0      0   5120   5263 0 0 
   3.276 -22855  11606    694  22816  11613   -262      0 -22702  23405      0      0   5124   5239 0 0 
   3.400 -22859  11586    715  22816  11613   -262      0 -22702  23405      0      0   5125   5236 0 0 
   3.557 -22859  11588    749  22818  11613   -262      0 -22702  23405      0      0   5132   5241 1 0 
   3.671 -22865  11597    758  22827  11613   -262      0 -22702  23405      0      0   5138   5300 0 0 
   3.812 -22870  11615    782  22827  11613   -262      0 -22702  23405      0      0   5143   5283 0 0 
   3.954 -22875  11613    805  22827  11613   -262      0 -22702  23405      0      0   5150   5240 0 0 
   4.069 -22877  11608    821  22827  11613   -262      0 -22702  23405      0      0   5153   5239 0 0 
   4.192 -22882  11579    830  22833  11613   -262      0 -22702  23405      0      0   5153   5225 1 0 
   4.309 -22887  11572    846  22838  11613   -262      0 -22702  23405      0      0   5158   5300 0 0 
   4.423 -22891  11581    864  22838  11613   -262      0 -22702  23405      0      0   5162   5273 0 0 
   4.548 -22891  11613    882  22838  11613   -262      0 -22719  23405      0      0   5164   5247 0 0 
   4.663 -22893  11631    893  22838  11613   -262      0 -22725  23405      0      0   5175   5236 0 0 
   4.778 -22897  11599    909  22842  11613   -262      0 -22725  23405      0      0   5176   5247 1 0 
   4.920 -22899  11590    929  22849  11613   -262      0 -22725  23405      0      0   5182   5302 0 0 
   5.046 -22901  11604    956  22849  11613   -262      0 -22725  23405      0      0   5187   5321 0 0 
   5.175 -22907  11595    972  22849  11613   -262      0 -22725  23405      0      0   5190   5289 0 0 
   5.316 -22909  11599    990  22849  11613   -262      0 -22725  23405      0      0   5197   5281 0 0 
   5.441 -22912  11586   1004  22857  11613   -262      0 -22725  23405      0      0   5197   5291 1 0 
   5.572 -22917  11597   1026  22860  11613   -262      0 -22725  23405      0      0   5205   5361 0 0 
   5.713 -22922  11581   1044  22860  11613   -262      0 -22725  23405      0      0   5209   5308 0 0 
   5.854 -22925  11586   1058  22860  11613   -262      0 -22725  23405      0      0   5211   5274 0 0 
   5.970 -22928  11604   1071  22860  11613   -262      0 -22725  23405      0      0   5218   5273 0 0 
   6.111 -22929  11631   1089  22871  11613   -262      0 -22725  23405      0      0   5224   5366 0 0 
   6.225 -22934  11624   1110  22871  11613   -262      0 -22725  23405      0      0   5231   5351 0 0 
   6.365 -22940  11579   1128  22871  11613   -262      0 -22725  23405      0      0   5230   5321 0 0 
   6.531 -22942  11581   1146  22871  11613   -262      0 -22725  23405      0      0   5233   5279 0 0 
   6.648 -22946  11595   1148  22878  11613   -262      0 -22725  23405      0      0   5235   5311 1 0 
   6.763 -22951  11613   1166  22882  11613   -262      0 -22725  23405      0      0   5244   5373 0 0 
   6.877 -22953  11597   1180  22882  11613   -262      0 -22725  23405      0      0   5245   5324 0 0 
   7.002 -22955  11588   1200  22882  11613   -262      0 -22725  23405      0      0   5249   5304 0 0 
   7.143 -22958  11581   1209  22882  11613   -262      0 -22725  23405      0      0   5252   5318 0 0 
   7.258 -22962  11586   1209  22889  11613   -262      0 -22725  23405      0      0   5249   5299 1 0 
   7.374 -22963  11606   1229  22893  11613   -262      0 -22725  23405      0      0   5257   5349 0 0 
   7.499 -22966  11622   1245  22893  11611    482      0 -22725  23405    -33      0   5261   5333 0 0 
   7.614 -22968  11640   1263  22893  11611    482      0 -22725  23405    -33      0   5268   5332 0 0 
   7.728 -22970  11624   1272  22893  11611    482      0 -22725  23405    -33      0   5270   5336 0 0 
   7.895 -22976  11577   1279  22884  11611    482      0 -22725  23405    -33      0   5269   5235 0 1 
   8.010 -22975  11550   1274  22881  11611    482      0 -22725  23405    -33      0   5261   5143 0 0 
   8.126 -22972  11579   1265  22881  11611    482      0 -22725  23405    -33      0   5255   5131 0 0 
   8.266 -22972  11599   1238  22881  11611    482      0 -22725  23405    -33      0   5255   5103 0 0 
   8.391 -22970  11626   1220  22881  11611    482      0 -22725  23405    -33      0   5253   5095 0 0 
   8.506 -22965  11622   1209  22872  11611    482      0 -22725  23405    -33      0   5245   5038 0 1 
   8.620 -22962  11606   1193  22869  11611    482      0 -22725  23405    -33      0   5241   5006 0 0 
   8.745 -22959  11579   1157  22869  11611    482      0 -22725  23405    -33      0   5228   4983 0 0 
   8.860 -22955  11572   1137  22869  11611    482      0 -22725  23405    -33      0   5223   4982 0 0 
   9.001 -22950  11606   1110  22869  11611    482      0 -22733  23405    -33      0   5217   5031 0 0 
   9.141 -22943  11615   1092  22857  11611    482      0 -22756  23405    -33      0   5214   4958 0 0 
   9.257 -22939  11613   1055  22857  11611    482      0 -22756  23405    -33      0   5205   4919 0 0 
   9.372 -22932  11604   1035  22857  11611    482      0 -22756  23405    -33      0   5200   4964 0 0 
   9.512 -22928  11615   1017  22857  11611    482      0 -22756  23405    -33      0   5190   4991 0 0 
   9.627 -22923  11613    999  22857  11611    482      0 -22756  23405    -33      0   5187   5002 0 0 
   9.752 -22919  11586    974  22845  11611    482      0 -22756  23405    -33      0   5181   4927 0 1 
   9.867 -22913  11599    945  22845  11611    482      0 -22756  23405    -33      0   5174   4899 0 0 
   9.992 -22909  11617    918  22845  11613    633      0 -22756  23405    -33      0   5168   4921 0 0 
  10.106 -22904  11615    900  22845  11613    633      0 -22756  23405    -33      0   5165   4973 0 0 
  10.223 -22901  11595    877  22845  11613    633      0 -22756  23405    -33      0   5158   4973 0 0 
  10.348 -22898  11595    864  22835  11613    633      0 -22756  23405    -33      0   5154   4953 0 1 
  10.503 -22893  11595    821  22833  11613    633      0 -22756  23405    -33      0   5142   4882 0 0 
  10.618 -22888  11615    794  22833  11613    633      0 -22756  23405    -33      0   5137   4916 0 0 
  10.743 -22879  11642    787  22833  11613    633      0 -22756  23405    -33      0   5138   4945 0 0 
  10.875 -22878  11642    764  22833  11613    633      0 -22756  23405    -33      0   5134   4980 0 0 
  11.000 -22876  11622    749  22821  11613    633      0 -22756  23405    -33      0   5126   4892 0 0 
  11.115 -22871  11579    724  22821  11613    633      0 -22756  23405    -33      0   5118   4878 0 0 
  11.240 -22868  11579    703  22821  11613    633      0 -22756  23405    -33      0   5111   4906 0 0 
  11.354 -22863  11595    685  22821  11613    633      0 -22756  23405    -33      0   5110   4961 0 0 
  11.469 -22862  11608    665  22821  11613    633      0 -22756  23405    -33      0   5104   4937 0 0 
  11.609 -22857  11608    647  22809  11613    633      0 -22756  23405    -33      0   5099   4871 0 0 
  11.767 -22852  11586    622  22809  11613    633      0 -22756  23405    -33      0   5092   4880 0 0 
  11.892 -22849  11568    602  22809  11613    633      0 -22756  23405    -33      0   5083   4903 0 0 
  12.007 -22847  11579    577  22809  11613    633      0 -22756  23405    -33      0   5081   4899 0 0 
  12.121 -22843  11577    566  22805  11613    633      0 -22756  23405    -33      0   5077   4904 0 1 
  12.246 -22840  11597    539  22797  11613    633      0 -22756  23405    -33      0   5071   4817 0 0 
  12.360 -22835  11608    516  22797  11613    633      0 -22756  23405    -33      0   5061   4823 0 0 
  12.478 -22830  11599    496  22797  11632    254      0 -22756  23405      0      0   5060   4856 0 0 
  12.619 -22827  11624    471  22797  11632    254      0 -22756  23405      0      0   5055   4857 0 0 
  12.759 -22823  11617    453  22792  11632    254      0 -22756  23405      0      0   5054   4884 0 1 
  12.917 -22818  11590    424  22785  11632    254      0 -22756  23405      0      0   5043   4810 0 0 
  13.056 -22813  11581    408  22785  11632    254      0 -22756  23405      0      0   5038   4833 0 0 
  13.171 -22810  11577    381  22785  11632    254      0 -22756  23405      0      0   5032   4854 0 0 
  13.311 -22804  11606    363  22785  11632    254      0 -22756  23405      0      0   5029   4865 0 0 
  13.434 -22802  11624    345  22773  11632    254      0 -22756  23405      0      0   5026   4809 0 0 
  13.565 -22798  11608    318  22773  11632    254      0 -22756  23405      0      0   5015   4807 0 0 
  13.705 -22791  11590    306  22773  11632    254      0 -22756  23405      0      0   5011   4829 0 0 
  13.821 -22789  11561    288  22773  11632    254      0 -22756  23405      0      0   5007   4862 0 0 
  13.945 -22787  11572    277  22770  11632    254      0 -22756  23405      0      0   5003   4847 0 1 
  14.075 -22783  11590    250  22761  11632    254      0 -22739  23405      0      0   4997   4744 0 0 
  14.217 -22779  11615    223  22761  11632    254      0 -22733  23405      0      0   4991   4777 0 0 
  14.340 -22773  11606    209  22761  11632    254      0 -22733  23405      0      0   4991   4810 0 0 
  14.471 -22771  11599    196  22761  11632    254      0 -22733  23405      0      0   4986   4847 0 0 
  14.595 -22770  11572    187  22754  11632    254      0 -22733  23405      0      0   4982   4818 0 1 
  14.727 -22766  11554    160  22749  11632    254      0 -22733  23405      0      0   4972   4749 0 0 
  14.869 -22759  11561    137  22749  11632    254      0 -22733  23405      0      0   4968   4793 0 0 
  14.992 -22755  11579    133  22749  11632    254      0 -22733  23405      0      0   4963   4812 0 0 
  15.107 -22754  11586    110  22749  11632    254      0 -22733  23405      0      0   4964   4846 0 0 
  15.224 -22751  11588     99  22741  11632    254      0 -22733  23405      0      0   4960   4797 0 1 
  15.349 -22747  11588     81  22737  11632    254      0 -22733  23405      0      0   4953   4738 0 0 
  15.464 -22745  11599     60  22737  11632    254      0 -22733  23405      0      0   4949   4766 0 0 
  15.579 -22740  11588     47  22737  11632    254      0 -22733  23405      0      0   4947   4775 0 0 
  15.718 -22737  11590     36  22737  11632    254      0 -22733  23405      0      0   4944   4809 0 0 
  15.886 -22734  11599     20  22725  11632    254      0 -22733  23405      0      0   4939   4746 0 1 
  16.016 -22729  11595    -10  22725  11632    254      0 -22733  23405      0      0   4931   4700 0 0 
  16.141 -22725  11599    -34  22725  11632    254      0 -22733  23405      0      0   4927   4746 0 0 
  16.255 -22721  11606    -39  22725  11632    254      0 -22733  23405      0      0   4922   4778 0 0 
  16.370 -22721  11590    -55  22725  11632    254      0 -22733  23405      0      0   4923   4787 0 0 
  16.511 -22717  11561    -73  22713  11632    254      0 -22733  23405      0      0   4908   4709 0 0 
  16.628 -22713  11550   -100  22713  11632    254      0 -22733  23405      0      0   4904   4673 0 0 
  16.753 -22709  11552   -118  22713  11632    254      0 -22733  23405      0      0   4898   4702 0 0 
  16.927 -22703  11595   -145  22713  11632    254      0 -22733  23405      0      0   4899   4746 0 0 
  17.053 -22702  11588   -165  22705  11632    254      0 -22733  23405      0      0   4893   4700 0 1 
  17.169 -22699  11561   -181  22701  11632    254      0 -22733  23405      0      0   4884   4643 0 0 
  17.309 -22693  11541   -206  22701  11632    254      0 -22733  23405      0      0   4878   4668 0 0 
  17.424 -22689  11541   -224  22701  11632    254      0 -22733  23405      0      0   4874   4706 0 0 
  17.549 -22685  11563   -246  22701  11633    -81      0 -22733  23405      0      0   4870   4700 0 0 
  17.663 -22683  11581   -260  22701  11633    -81      0 -22733  23405      0      0   4872   4747 0 0 
  17.777 -22682  11581   -271  22701  11633    -81      0 -22733  23405      0      0   4870   4760 0 0 
  17.917 -22680  11543   -274  22701  11633    -81      0 -22733  23405      0      0   4864   4752 0 0 
  18.040 -22679  11536   -274  22701  11633    -81      0 -22733  23405      0      0   4860   4781 0 0 
  18.171 -22677  11543   -289  22701  11633    -81      0 -22733  23405      0      0   4859   4790 0 0 
  18.294 -22678  11563   -289  22701  11633    -81      0 -22733  23405      0      0   4862   4780 0 0 
  18.408 -22676  11586   -296  22701  11633    -81      0 -22733  23405      0      0   4864   4791 0 0 
  18.522 -22674  11613   -301  22701  11633    -81      0 -22733  23405      0      0   4864   4831 0 0 
  18.647 -22673  11597   -287  22701  11633    -81      0 -22733  23405      0      0   4868   4844 0 0 
  18.761 -22673  11590   -292  22701  11633    -81      0 -22733  23405      0      0   4868   4847 0 0 
  18.875 -22674  11579   -283  22701  11633    -81      0 -22733  23405      0      0   4866   4852 0 0 
  19.000 -22674  11572   -274  22701  11633    -81      0 -22733  23405      0      0   4870   4883 0 0 
  19.115 -22676  11563   -280  22701  11633    -81      0 -22733  23405      0      0   4870   4861 0 0 
  19.240 -22677  11554   -271  22701  11633    -81      0 -22733  23405      0      0   4870   4877 0 0 
  19.372 -22679  11552   -271  22701  11633    -81      0 -22733  23405      0      0   4868   4862 0 0 
  19.513 -22678  11581   -264  22701  11633    -81      0 -22723  23405      0      0   4873   4899 0 0 
  19.653 -22681  11572   -264  22701  11633    -81      0 -22694  23405      0      0   4873   4871 0 0 
  19.768 -22681  11543   -251  22701  11633    -81      0 -22694  23405      0      0   4872   4875 0 0 
  19.894 -22682  11554   -253  22701  11633    -81      0 -22694  23405      0      0   4874   4874 0 0 
  20.008 -22682  11568   -242  22701  11633    -81      0 -22694  23405      0      0   4874   4870 0 0 
  20.125 -22682  11579   -242  22701  11633    -81      0 -22694  23405      0      0   4876   4890 0 0 
  20.250 -22683  11595   -242  22701  11633    -81      0 -22694  23405      0      0   4879   4880 0 0 
  20.364 -22683  11577   -235  22701  11633    -81      0 -22694  23405      0      0   4878   4866 0 0 
  20.479 -22685  11572   -233  22701  11625   -852      0 -22694  23405     98      0   4882   4881 0 0 
  20.622 -22685  11568   -228  22701  11625   -852      0 -22694  23405     98      0   4881   4859 0 0 
  20.762 -22687  11552   -217  22710  11625   -852      0 -22694  23405     98      0   4881   4904 1 0 
  20.902 -22690  11570   -206  22712  11625   -852      0 -22694  23405     98      0   4890   4962 0 0 
  21.017 -22690  11568   -181  22712  11625   -852      0 -22694  23405     98      0   4895   4963 0 0 
  21.142 -22693  11572   -172  22712  11625   -852      0 -22694  23405     98      0   4896   4978 0 0 
  21.256 -22696  11568   -161  22712  11625   -852      0 -22694  23405     98      0   4900   4957 0 0 
  21.370 -22699  11559   -152  22721  11625   -852      0 -22694  23405     98      0   4899   4984 1 0 
  21.495 -22703  11554   -134  22723  11625   -852      0 -22694  23405     98      0   4908   5048 0 0 
  21.609 -22705  11570   -107  22723  11625   -852      0 -22694  23405     98      0   4914   5055 0 0 
  21.723 -22711  11577   -102  22723  11625   -852      0 -22694  23405     98      0   4919   5011 0 0 
  21.846 -22715  11572    -79  22723  11625   -852      0 -22694  23405     98      0   4920   4999 0 0 
  21.960 -22716  11588    -70  22731  11625   -852      0 -22694  23405     98      0   4927   5042 1 0 
  22.075 -22720  11586    -52  22734  11625   -852      0 -22688  23405     98      0   4934   5090 0 0 
  22.199 -22722  11586    -19  22734  11625   -852      0 -22686  23405     98      0   4939   5089 0 0 
  22.313 -22727  11581     -7  22734  11625   -852      0 -22686  23405     98      0   4945   5067 0 0 
  22.428 -22731  11577      9  22734  11625   -852      0 -22686  23405     98      0   4945   5018 0 0 
  22.551 -22734  11590     27  22740  11625   -852      0 -22686  23405     98      0   4951   5052 1 0 
  22.665 -22736  11617     47  22745  11625   -852      0 -22686  23405     98      0   4958   5131 0 0 
  22.804 -22740  11608     74  22745  11625   -852      0 -22686  23405     98      0   4967   5115 0 0 
  22.944 -22746  11579     92  22745  11625   -852      0 -22686  23405     98      0   4969   5085 0 0 
  23.058 -22749  11579    108  22745  11616   -673      0 -22686  23405     65      0   4971   5053 0 0 
  23.172 -22751  11586    124  22752  11616   -673      0 -22686  23405     65      0   4977   5097 1 0 
  23.297 -22756  11599    146  22756  11616   -673      0 -22686  23405     65      0   4985   5158 0 0 
  23.412 -22760  11599    171  22756  11616   -673      0 -22686  23405     65      0   4991   5132 0 0 
  23.526 -22765  11604    180  22756  11616   -673      0 -22686  23405     65      0   4995   5115 0 0 
  23.649 -22766  11599    200  22756  11616   -673      0 -22686  23405     65      0   4999   5095 0 0 
  23.762 -22771  11577    214  22760  11616   -673      0 -22686  23405     65      0   5001   5096 1 0 
  23.877 -22773  11577    236  22767  11616   -673      0 -22686  23405     65      0   5006   5152 0 0 
  24.001 -22777  11606    263  22767  11616   -673      0 -22686  23405     65      0   5014   5141 0 0 
  24.116 -22782  11606    273  22767  11616   -673      0 -22686  23405     65      0   5015   5131 0 0 
  24.241 -22783  11608    295  22767  11616   -673      0 -22686  23405     65      0   5021   5128 0 0 
  24.355 -22788  11581    306  22769  11616   -673      0 -22686  23405     65      0   5022   5076 1 0 
  24.469 -22789  11577    322  22778  11616   -673      0 -22690  23405     65      0   5028   5174 0 0 
  24.592 -22794  11581    354  22778  11616   -673      0 -22698  23405     65      0   5032   5172 0 0 
  24.712 -22798  11606    367  22778  11616   -673      0 -22702  23405     65      0   5039   5160 0 0 
  24.827 -22802  11597    381  22778  11616   -673      0 -22702  23405     65      0   5039   5129 0 0 
  24.967 -22803  11595    394  22779  11616   -673      0 -22702  23405     65      0   5046   5117 1 0 
  25.090 -22808  11590    415  22789  11616   -673      0 -22702  23405     65      0   5052   5181 0 0 
  25.204 -22810  11588    442  22789  11616   -673      0 -22702  23405     65      0   5056   5195 0 0 
  25.318 -22815  11597    449  22789  11616   -673      0 -22702  23405     65      0   5062   5172 0 0 
  25.442 -22818  11604    471  22789  11616   -673      0 -22702  23405     65      0   5066   5148 0 0 
  25.556 -22820  11595    480  22789  11616   -673      0 -22702  23405     65      0   5068   5119 0 0 
  25.670 -22823  11579    496  22800  11616   -673      0 -22702  23405     65      0   5070   5201 0 0 
  25.795 -22824  11590    523  22800  11616   -673      0 -22702  23405     65      0   5077   5224 0 0 
  25.908 -22830  11581    541  22800  11616   -673      0 -22702  23405     65      0   5082   5186 0 0 
  26.024 -22831  11608    559  22800  11616   -673      0 -22702  23405     65      0   5089   5184 0 0 
  26.149 -22833  11617    575  22800  11616   -673      0 -22702  23405     65      0   5090   5191 0 0 
  26.263 -22836  11635    595  22809  11616   -673      0 -22702  23405     65      0   5099   5244 1 0 
  26.376 -22841  11615    615  22811  11616   -673      0 -22702  23405     65      0   5105   5256 0 0 
  26.500 -22844  11617    640  22811  11616   -673      0 -22702  23405     65      0   5110   5255 0 0 
  26.614 -22848  11615    649  22811  11616   -673      0 -22702  23405     65      0   5112   5229 0 0 
  26.728 -22852  11604    676  22811  11616   -673      0 -22702  23405     65      0   5116   5186 0 0 
  26.853 -22856  11604    670  22818  11616   -673      0 -22702  23405     65      0   5119   5198 1 0 
  26.968 -22858  11608    697  22822  11616   -673      0 -22702  23405     65      0   5127   5267 0 0 
  27.093 -22862  11613    719  22822  11616   -673      0 -22702  23405     65      0   5130   5249 0 0 
  27.208 -22866  11604    737  22822  11616   -673      0 -22702  23405     65      0   5135   5226 0 0 
  27.322 -22870  11588    749  22822  11616   -673      0 -22702  23405     65      0   5134   5191 0 0 
  27.480 -22873  11577    764  22831  11616   -673      0 -22702  23405     65      0   5135   5241 1 0 
  27.605 -22877  11579    778  22833  11616   -673      0 -22702  23405     65      0   5143   5263 0 0 
  27.720 -22879  11615    801  22833  11616   -673      0 -22702  23405     65      0   5150   5251 0 0 
  27.860 -22884  11635    805  22833  11616   -673      0 -22702  23405     65      0   5155   5248 0 0 
  27.975 -22887  11622    823  22833  11622    -58      0 -22702  23405      0      0   5158   5214 0 0 
  28.100 -22887  11604    841  22833  11622    -58      0 -22702  23405      0      0   5159   5189 0 0 
  28.216 -22889  11604    850  22833  11622    -58      0 -22702  23405      0      0   5159   5168 0 0 
  28.340 -22891  11604    855  22833  11622    -58      0 -22702  23405      0      0   5158   5182 0 0 
  28.471 -22892  11606    848  22833  11622    -58      0 -22702  23405      0      0   5159   5141 0 0 
  28.611 -22895  11604    850  22833  11622    -58      0 -22702  23405      0      0   5159   5125 0 0 
  28.752 -22892  11581    857  22833  11622    -58      0 -22702  23405      0      0   5159   5120 0 0 
  28.869 -22892  11581    850  22833  11622    -58      0 -22702  23405      0      0   5156   5121 0 0 
  28.994 -22895  11579    850  22833  11622    -58      0 -22702  23405      0      0   5154   5068 0 0 
  29.109 -22893  11586    841  22833  11622    -58      0 -22702  23405      0      0   5154   5089 0 0 
  29.224 -22893  11599    830  22833  11622    -58      0 -22702  23405      0      0   5150   5058 0 0 
  29.349 -22891  11597    832  22833  11622    -58      0 -22702  23405      0      0   5150   5071 0 0 
  29.464 -22890  11599    830  22833  11622    -58      0 -22709  23405      0      0   5149   5079 0 0 
  29.591 -22890  11595    814  22833  11622    -58      0 -22725  23405      0      0   5147   5061 0 0 
  29.746 -22888  11599    814  22833  11622    -58      0 -22733  23405      0      0   5145   5049 0 0 
  29.861 -22886  11615    805  22833  11622    -58      0 -22733  23405      0      0   5145   5072 0 0 
  29.975 -22885  11617    803  22833  11622    -58      0 -22733  23405      0      0   5141   5069 0 0 
  30.118 -22882  11606    812  22833  11622    -58      0 -22733  23405      0      0   5146   5099 0 0 
  30.243 -22884  11606    796  22833  11622    -58      0 -22733  23405      0      0   5145   5071 0 0 
  30.358 -22882  11595    803  22833  11622    -58      0 -22733  23405      0      0   5143   5097 0 0 
  30.472 -22884  11595    796  22833  11613    304      0 -22733  23405      0      0   5143   5085 0 0 
  30.612 -22881  11606    794  22826  11613    304      0 -22733  23405      0      0   5141   5042 0 0 
  30.727 -22877  11631    782  22826  11613    304      0 -22733  23405      0      0   5139   5060 0 0 
  30.867 -22878  11615    778  22826  11613    304      0 -22733  23405      0      0   5139   5034 0 0 
  31.008 -22876  11617    773  22826  11613    304      0 -22733  23405      0      0   5138   5073 0 0 
  31.124 -22877  11606    758  22819  11613    304      0 -22733  23405      0      0   5134   5014 0 1 
  31.264 -22871  11606    742  22814  11613    304      0 -22733  23405      0      0   5125   4931 0 0 
  31.378 -22869  11595    728  22814  11613    304      0 -22733  23405      0      0   5121   4934 0 0 
  31.504 -22864  11617    703  22814  11613    304      0 -22737  23405      0      0   5118   4943 0 0 
  31.619 -22860  11624    688  22814  11613    304      0 -22744  23405      0      0   5113   4960 0 0 
  31.744 -22858  11608    670  22806  11613    304      0 -22748  23405      0      0   5111   4936 0 1 
  31.874 -22855  11581    658  22802  11613    304      0 -22748  23405      0      0   5100   4874 0 0 
  32.016 -22851  11579    622  22802  11613    304      0 -22748  23405      0      0   5094   4870 0 0 
  32.141 -22846  11577    597  22802  11613    304      0 -22748  23405      0      0   5087   4887 0 0 
  32.256 -22844  11599    579  22802  11613    304      0 -22748  23405      0      0   5080   4899 0 0 
  32.370 -22841  11606    559  22793  11613    304      0 -22748  23405      0      0   5077   4844 0 1 
  32.495 -22831  11615    543  22790  11632    235      0 -22748  23405      0      0   5073   4832 0 0 
  32.625 -22830  11615    514  22790  11632    235      0 -22748  23405      0      0   5067   4850 0 0 
  32.767 -22824  11606    489  22790  11632    235      0 -22748  23405      0      0   5061   4864 0 0 
  32.891 -22822  11586    476  22790  11632    235      0 -22748  23405      0      0   5053   4866 0 0 
  33.022 -22818  11595    458  22790  11632    235      0 -22748  23405      0      0   5052   4908 0 0 
  33.162 -22818  11586    433  22790  11632    235      0 -22748  23405      0      0   5047   4925 0 0 
  33.276 -22814  11597    424  22790  11632    235      0 -22748  23405      0      0   5040   4921 0 0 
  33.401 -22813  11588    406  22790  11632    235      0 -22748  23405      0      0   5042   4927 0 0 
  33.515 -22811  11590    408  22790  11632    235      0 -22748  23405      0      0   5040   4931 0 0 
  33.656 -22811  11588    403  22790  11632    235      0 -22748  23405      0      0   5036   4954 0 0 
  33.770 -22808  11590    399  22790  11632    235      0 -22748  23405      0      0   5040   4969 0 0 
  33.895 -22809  11597    397  22790  11632    235      0 -22748  23405      0      0   5038   4973 0 0 
  34.026 -22808  11617    397  22790  11632    235      0 -22748  23405      0      0   5041   4983 0 0 
  34.150 -22808  11613    397  22790  11632    235      0 -22748  23405      0      0   5042   5012 0 0 
  34.267 -22807  11595    403  22790  11632    235      0 -22748  23405      0      0   5043   5028 0 0 
  34.392 -22809  11586    403  22790  11632    235      0 -22748  23405      0      0   5040   5010 0 0 
  34.522 -22807  11595    408  22790  11632    235      0 -22740  23405      0      0   5044   5029 0 0 
  34.645 -22809  11613    406  22790  11632    235      0 -22733  23405      0      0   5044   5025 0 0 
  34.776 -22811  11604    406  22790  11632    235      0 -22733  23405      0      0   5048   5039 0 0 
  34.917 -22810  11588    421  22790  11632    235      0 -22733  23405      0      0   5045   5041 0 0 
  35.057 -22811  11604    421  22790  11632    235      0 -22733  23405      0      0   5048   5046 0 0 
  35.171 -22813  11597    421  22790  11632    235      0 -22733  23405      0      0   5048   5040 0 0 
  35.296 -22813  11597    426  22790  11632    235      0 -22733  23405      0      0   5050   5029 0 0 
  35.426 -22813  11608    426  22790  11632    235      0 -22733  23405      0      0   5052   5045 0 0 
  35.568 -22813  11613    433  22790  11632    235      0 -22733  23405      0      0   5053   5054 0 0 
  35.691 -22815  11595    433  22790  11632    235      0 -22733  23405      0      0   5052   5049 0 0 
  35.822 -22816  11590    433  22790  11632    235      0 -22733  23405      0      0   5052   5035 0 0 
  35.945 -22815  11577    439  22790  11632    235      0 -22733  23405      0      0   5051   5025 0 0 
  36.059 -22814  11570    444  22790  11632    235      0 -22733  23405      0      0   5051   5039 0 0 
  36.173 -22818  11568    442  22790  11632    235      0 -22733  23405      0      0   5049   5043 0 0 
  36.298 -22816  11561    451  22790  11632    235      0 -22733  23405      0      0   5051   5020 0 0 
  36.415 -22818  11572    449  22790  11632    235      0 -22733  23405      0      0   5050   5007 0 0 
  36.530 -22818  11579    453  22790  11632    235      0 -22733  23405      0      0   5051   5038 0 0 
  36.670 -22815  11597    458  22790  11632    235      0 -22733  23405      0      0   5056   5055 0 0 
  36.811 -22819  11595    453  22790  11632    235      0 -22733  23405      0      0   5056   5032 0 0 
  36.925 -22819  11581    458  22790  11632    235      0 -22733  23405      0      0   5052   5016 0 0 
  37.066 -22818  11577    460  22790  11630   -147      0 -22733  23405      0      0   5054   5021 0 0 
  37.193 -22819  11586    460  22790  11630   -147      0 -22733  23405      0      0   5054   5036 0 0 
  37.308 -22816  11581    462  22790  11630   -147      0 -22733  23405      0      0   5054   5028 0 0 
  37.422 -22818  11595    462  22790  11630   -147      0 -22733  23405      0      0   5058   5024 0 0 
  37.547 -22819  11597    462  22790  11630   -147      0 -22733  23405      0      0   5058   5028 0 0 
  37.662 -22818  11586    471  22790  11630   -147      0 -22733  23405      0      0   5058   5036 0 0 
  37.777 -22818  11586    476  22790  11630   -147      0 -22733  23405      0      0   5058   5025 0 0 
  37.919 -22816  11595    478  22790  11630   -147      0 -22733  23405      0      0   5060   5064 0 0 
  38.074 -22818  11599    478  22790  11630   -147      0 -22733  23405      0      0   5060   5036 0 0 
  38.199 -22820  11595    476  22790  11630   -147      0 -22733  23405      0      0   5064   5040 0 0 
  38.314 -22819  11570    478  22790  11630   -147      0 -22733  23405      0      0   5058   5018 0 0 
  38.440 -22821  11570    476  22790  11630   -147      0 -22733  23405      0      0   5058   4994 0 0 
  38.571 -22819  11595    480  22790  11630   -147      0 -22729  23405      0      0   5060   5026 0 0 
  38.696 -22818  11604    485  22790  11630   -147      0 -22725  23405      0      0   5062   5042 0 0 
  38.811 -22820  11595    485  22790  11630   -147      0 -22725  23405      0      0   5058   5024 0 0 
  38.925 -22820  11581    478  22790  11630   -147      0 -22725  23405      0      0   5062   5023 0 0 
  39.050 -22820  11608    480  22790  11630   -147      0 -22725  23405      0      0   5060   5036 0 0 
  39.206 -22818  11608    494  22790  11630   -147      0 -22725  23405      0      0   5064   5044 0 0 
  39.321 -22820  11590    485  22790  11630   -147      0 -22725  23405      0      0   5062   5034 0 0 
  39.448 -22822  11581    485  22790  11623    -87      0 -22725  23405      0      0   5062   5006 0 0 
  39.578 -22821  11615    476  22790  11623    -87      0 -22725  23405      0      0   5058   5012 0 0 
  39.718 -22819  11606    480  22790  11623    -87      0 -22725  23405      0      0   5063   5037 0 0 
  39.844 -22820  11613    476  22790  11623    -87      0 -22725  23405      0      0   5064   5028 0 0 
  39.975 -22819  11631    476  22790  11623    -87      0 -22725  23405      0      0   5060   5028 0 0 
  40.100 -22819  11622    476  22790  11623    -87      0 -22725  23405      0      0   5064   5026 0 0 
  40.215 -22819  11599    478  22790  11623    -87      0 -22725  23405      0      0   5062   5044 0 0 
  40.329 -22819  11572    485  22790  11623    -87      0 -22725  23405      0      0   5060   5006 0 0 
  40.455 -22820  11588    471  22790  11623    -87      0 -22725  23405      0      0   5060   5018 0 0 
  40.569 -22820  11604    471  22790  11623    -87      0 -22725  23405      0      0   5060   4993 0 0 
  40.694 -22820  11624    460  22790  11623    -87      0 -22725  23405      0      0   5060   5002 0 0 
  40.824 -22821  11590    460  22790  11623    -87      0 -22725  23405      0      0   5057   4985 0 0 
  40.949 -22820  11572    460  22790  11623    -87      0 -22725  23405      0      0   5056   4991 0 0 
  41.063 -22821  11579    449  22790  11623    -87      0 -22725  23405      0      0   5051   4996 0 0 
  41.191 -22820  11559    442  22790  11623    -87      0 -22725  23405      0      0   5050   4975 0 0 
  41.321 -22818  11572    442  22790  11623    -87      0 -22725  23405      0      0   5050   4986 0 0 
  41.446 -22818  11586    435  22790  11623    -87      0 -22725  23405      0      0   5049   4996 0 0 
  41.560 -22814  11604    444  22790  11623    -87      0 -22725  23405      0      0   5052   5010 0 0 
  41.674 -22816  11606    442  22790  11623    -87      0 -22725  23405      0      0   5054   5020 0 0 
  41.800 -22815  11577    451  22790  11623    -87      0 -22725  23405      0      0   5052   5022 0 0 
  41.914 -22819  11568    442  22790  11623    -87      0 -22725  23405      0      0   5047   5007 0 0 
  42.028 -22818  11581    442  22790  11623    -87      0 -22725  23405      0      0   5050   5002 0 0 
  42.169 -22816  11599    444  22790  11623    -87      0 -22725  23405      0      0   5051   5023 0 0 
  42.293 -22815  11590    449  22790  11623    -87      0 -22725  23405      0      0   5054   5026 0 0 
  42.408 -22820  11590    444  22790  11623    -87      0 -22725  23405      0      0   5054   5030 0 0 
  42.523 -22816  11586    449  22790  11620    -84      0 -22725  23405      0      0   5052   5004 0 0 
  42.674 -22816  11599    442  22790  11620    -84      0 -22725  23405      0      0   5054   5001 0 0 
  42.805 -22815  11586    453  22790  11620    -84      0 -22725  23405      0      0   5053   5026 0 0 
  42.920 -22818  11586    444  22790  11620    -84      0 -22725  23405      0      0   5055   5036 0 0 
  43.045 -22816  11588    458  22790  11620    -84      0 -22725  23405      0      0   5054   5002 0 0 
  43.160 -22816  11604    453  22790  11620    -84      0 -22725  23405      0      0   5054   5024 0 0 
  43.275 -22818  11606    458  22790  11620    -84      0 -22725  23405      0      0   5058   5024 0 0 
  43.399 -22814  11622    471  22790  11620    -84      0 -22725  23405      0      0   5062   5056 0 0 
  43.514 -22816  11615    467  22790  11620    -84      0 -22725  23405      0      0   5060   5048 0 0 
  43.628 -22816  11604    467  22790  11620    -84      0 -22725  23405      0      0   5060   5050 0 0 
  43.753 -22819  11606    471  22790  11620    -84      0 -22725  23405      0      0   5060   5035 0 0 
  43.870 -22815  11626    478  22790  11620    -84      0 -22725  23405      0      0   5062   5050 0 0 
  44.011 -22818  11622    476  22790  11620    -84      0 -22725  23405      0      0   5064   5051 0 0 
  44.125 -22818  11604    480  22790  11620    -84      0 -22725  23405      0      0   5062   5034 0 0 
  44.265 -22820  11581    480  22790  11620    -84      0 -22725  23405      0      0   5058   5009 0 0 
  44.390 -22818  11595    485  22790  11620    -84      0 -22725  23405      0      0   5062   5046 0 0 
  44.504 -22819  11608    480  22790  11620    -84      0 -22725  23405      0      0   5061   5026 0 0 
  44.619 -22818  11626    485  22790  11620    -84      0 -22725  23405      0      0   5065   5066 0 0 
  44.744 -22820  11617    485  22790  11620    -84      0 -22725  23405      0      0   5064   5032 0 0 
  44.874 -22818  11615    489  22790  11620    -84      0 -22725  23405      0      0   5066   5034 0 0 
  44.998 -22821  11617    478  22790  11620    -84      0 -22725  23405      0      0   5065   5015 0 0 
  45.113 -22820  11608    478  22790  11620    -84      0 -22725  23405      0      0   5063   5030 0 0 
  45.227 -22819  11599    485  22790  11620    -84      0 -22725  23405      0      0   5061   5036 0 0 
  45.370 -22822  11581    478  22790  11620    -84      0 -22725  23405      0      0   5059   5016 0 0 
  45.495 -22821  11577    476  22790  11620    -84      0 -22725  23405      0      0   5060   5001 0 0 
  45.625 -22821  11581    478  22790  11620    -84      0 -22725  23405      0      0   5060   4994 0 0 
  45.750 -22819  11586    480  22790  11620    -84      0 -22725  23405      0      0   5060   5018 0 0 
  45.890 -22819  11599    478  22790  11620    -84      0 -22725  23405      0      0   5062   5024 0 0 
  46.005 -22820  11604    476  22790  11641    -88      0 -22725  23405      0      0   5063   5032 0 0 
  46.119 -22819  11597    476  22790  11641    -88      0 -22725  23405      0      0   5061   5028 0 0 
  46.259 -22816  11606    480  22790  11641    -88      0 -22725  23405      0      0   5062   5033 0 0 
  46.400 -22815  11588    496  22790  11641    -88      0 -22725  23405      0      0   5064   5073 0 0 
  46.516 -22819  11581    496  22790  11641    -88      0 -22725  23405      0      0   5065   5056 0 0 
  46.642 -22819  11590    498  22790  11641    -88      0 -22725  23405      0      0   5068   5052 0 0 
  46.756 -22819  11595    498  22790  11641    -88      0 -22725  23405      0      0   5068   5059 0 0 
  46.871 -22821  11586    503  22790  11641    -88      0 -22725  23405      0      0   5068   5026 0 0 
  47.011 -22821  11586    503  22790  11641    -88      0 -22725  23405      0      0   5068   5034 0 0 
  47.126 -22822  11561    503  22790  11641    -88      0 -22725  23405      0      0   5064   5023 0 0 
  47.253 -22822  11599    503  22790  11641    -88      0 -22725  23405      0      0   5066   5016 0 0 
  47.368 -22821  11615    503  22790  11641    -88      0 -22725  23405      0      0   5069   5021 0 0 
  47.493 -22820  11626    503  22790  11641    -88      0 -22725  23405      0      0   5070   5043 0 0 
  47.607 -22820  11617    505  22790  11641    -88      0 -22725  23405      0      0   5070   5037 0 0 
  47.722 -22822  11588    503  22790  11641    -88      0 -22725  23405      0      0   5068   5032 0 0 
  47.847 -22822  11581    503  22790  11641    -88      0 -22725  23405      0      0   5067   5027 0 0 
  47.976 -22819  11590    503  22790  11641    -88      0 -22725  23405      0      0   5066   5049 0 0 
  48.101 -22823  11590    496  22790  11641    -88      0 -22725  23405      0      0   5066   5013 0 0 
  48.215 -22821  11608    498  22790  11641    -88      0 -22725  23405      0      0   5068   5028 0 0 
  48.340 -22822  11604    494  22790  11641    -88      0 -22725  23405      0      0   5068   5010 0 0 
  48.455 -22820  11595    503  22790  11641    -88      0 -22725  23405      0      0   5065   5026 0 0 
  48.569 -22822  11590    494  22790  11617    -53      0 -22725  23405      0      0   5061   5016 0 0 
  48.709 -22822  11577    489  22790  11617    -53      0 -22725  23405      0      0   5061   5010 0 0 
  48.849 -22820  11581    489  22790  11617    -53      0 -22725  23405      0      0   5060   5027 0 0 
  48.963 -22821  11604    494  22790  11617    -53      0 -22725  23405      0      0   5064   5024 0 0 
  49.077 -22820  11613    487  22790  11617    -53      0 -22725  23405      0      0   5066   5022 0 0 
  49.200 -22819  11608    489  22790  11617    -53      0 -22725  23405      0      0   5064   5026 0 0 
  49.317 -22820  11597    494  22790  11617    -53      0 -22725  23405      0      0   5066   5028 0 0 
  49.440 -22815  11599    503  22790  11617    -53      0 -22725  23405      0      0   5066   5068 0 0 
  49.554 -22819  11606    496  22790  11617    -53      0 -22725  23405      0      0   5068   5069 0 0 
  49.668 -22818  11597    503  22790  11617    -53      0 -22725  23405      0      0   5066   5044 0 0 
  49.793 -22819  11606    503  22790  11617    -53      0 -22725  23405      0      0   5069   5049 0 0 
  49.907 -22821  11595    503  22790  11617    -53      0 -22725  23405      0      0   5065   5034 0 0 
  50.021 -22819  11604    505  22790  11617    -53      0 -22725  23405      0      0   5071   5062 0 0 
  50.161 -22822  11581    503  22790  11617    -53      0 -22725  23405      0      0   5067   5048 0 0 
  50.301 -22821  11586    503  22790  11617    -53      0 -22725  23405      0      0   5066   5017 0 0 
  50.416 -22821  11590    505  22790  11617    -53      0 -22725  23405      0      0   5069   5046 0 0 
  50.541 -22820  11604    505  22790  11617    -53      0 -22725  23405      0      0   5068   5033 0 0 
  50.658 -22818  11613    505  22790  11617    -53      0 -22725  23405      0      0   5070   5049 0 0 
  50.772 -22821  11599    503  22790  11617    -53      0 -22725  23405      0      0   5069   5042 0 0 
  50.898 -22822  11586    503  22790  11617    -53      0 -22725  23405      0      0   5063   5032 0 0 
  51.012 -22822  11613    505  22790  11622    -56      0 -22725  23405      0      0   5068   5016 0 0 
  51.126 -22823  11631    496  22790  11622    -56      0 -22725  23405      0      0   5069   5028 0 0 
  51.267 -22820  11615    503  22790  11622    -56      0 -22725  23405      0      0   5069   5032 0 0 
  51.705 -22821  11572    494  22790  11622    -56      0 -22725  23405      0      0   5061   5015 0 0 
  51.819 -22821  11581    485  22790  11622    -56      0 -22725  23405      0      0   5057   4988 0 0 
  51.959 -22822  11617    476  22790  11622    -56      0 -22725  23405      0      0   5060   5002 0 0 
  52.100 -22821  11613    467  22790  11622    -56      0 -22725  23405      0      0   5061   5002 0 0 
  52.215 -22818  11590    478  22790  11622    -56      0 -22725  23405      0      0   5062   4999 0 0 
  52.340 -22821  11577    471  22790  11622    -56      0 -22725  23405      0      0   5056   4983 0 0 
  52.471 -22818  11586    469  22790  11622    -56      0 -22725  23405      0      0   5058   5001 0 0 
  52.611 -22818  11606    462  22790  11622    -56      0 -22725  23405      0      0   5056   4982 0 0 
  52.729 -22816  11617    469  22790  11622    -56      0 -22725  23405      0      0   5063   5030 0 0 
  52.869 -22820  11595    460  22790  11622    -56      0 -22725  23405      0      0   5059   5004 0 0 
  52.994 -22818  11588    453  22790  11622    -56      0 -22725  23405      0      0   5056   4989 0 0 
  53.124 -22818  11606    451  22790  11622    -56      0 -22725  23405      0      0   5054   5010 0 0 
  53.264 -22816  11606    458  22790  11622    -56      0 -22725  23405      0      0   5057   5018 0 0 
  53.379 -22820  11581    449  22790  11622    -56      0 -22725  23405      0      0   5049   4977 0 0 
  53.503 -22818  11586    444  22790  11623    -65      0 -22725  23405      0      0   5052   4994 0 0 
  53.617 -22814  11581    453  22790  11623    -65      0 -22725  23405      0      0   5054   5016 0 0 
  53.742 -22815  11588    449  22790  11623    -65      0 -22725  23405      0      0   5051   5036 0 0 
  53.856 -22818  11572    444  22790  11623    -65      0 -22725  23405      0      0   5056   4996 0 0 
  53.969 -22816  11590    444  22790  11623    -65      0 -22725  23405      0      0   5047   5000 0 0 
  54.093 -22816  11590    444  22790  11623    -65      0 -22725  23405      0      0   5054   5012 0 0 
  54.208 -22815  11590    451  22790  11623    -65      0 -22725  23405      0      0   5056   5007 0 0 
  54.322 -22818  11613    444  22790  11623    -65      0 -22725  23405      0      0   5057   5024 0 0 
  54.446 -22818  11604    444  22790  11623    -65      0 -22725  23405      0      0   5055   5016 0 0 
  54.576 -22815  11588    451  22790  11623    -65      0 -22725  23405      0      0   5052   5032 0 0 
  54.701 -22815  11579    453  22790  11623    -65      0 -22725  23405      0      0   5056   5026 0 0 
  54.815 -22816  11581    451  22790  11623    -65      0 -22725  23405      0      0   5055   5049 0 0 
  54.940 -22818  11586    453  22790  11623    -65      0 -22725  23405      0      0   5052   5016 0 0 
  55.054 -22818  11588    451  22790  11623    -65      0 -22725  23405      0      0   5054   5005 0 0 
  55.169 -22819  11606    449  22790  11623    -65      0 -22725  23405      0      0   5053   5022 0 0 
  55.294 -22818  11615    453  22790  11623    -65      0 -22725  23405      0      0   5058   5027 0 0 
  55.408 -22818  11581    453  22790  11623    -65      0 -22725  23405      0      0   5057   5024 0 0 
  55.522 -22818  11586    460  22790  11623    -65      0 -22725  23405      0      0   5055   5026 0 0 
  55.645 -22818  11588    458  22790  11623    -65      0 -22725  23405      0      0   5057   5014 0 0 
  55.760 -22818  11586    460  22790  11623    -65      0 -22725  23405      0      0   5056   5023 0 0 
  55.876 -22818  11604    451  22790  11623    -65      0 -22725  23405      0      0   5056   5002 0 0 
  56.016 -22816  11608    458  22790  11623    -65      0 -22725  23405      0      0   5060   5025 0 0 
  56.156 -22818  11615    460  22790  11623    -65      0 -22725  23405      0      0   5060   5023 0 0 
  56.282 -22816  11617    460  22790  11623    -65      0 -22725  23405      0      0   5059   5028 0 0 
  56.412 -22818  11622    453  22790  11623    -65      0 -22725  23405      0      0   5057   5023 0 0 
  56.528 -22818  11615    453  22790  11623    -65      0 -22725  23405      0      0   5059   5009 0 0 
  56.653 -22818  11608    467  22790  11623    -65      0 -22725  23405      0      0   5060   5022 0 0 
  56.766 -22818  11613    462  22790  11623    -65      0 -22725  23405      0      0   5059   5018 0 0 
  56.890 -22818  11615    453  22790  11623    -65      0 -22725  23405      0      0   5059   5022 0 0 
  57.004 -22818  11633    453  22790  11623    -65      0 -22725  23405      0      0   5061   5030 0 0 
  57.118 -22816  11613    460  22790  11623    -65      0 -22725  23405      0      0   5062   5022 0 0 
  57.259 -22815  11606    471  22790  11623    -65      0 -22725  23405      0      0   5063   5066 0 0 
  57.373 -22821  11570    467  22790  11623    -65      0 -22725  23405      0      0   5059   5022 0 0 
  57.498 -22821  11563    467  22790  11623    -65      0 -22725  23405      0      0   5054   5009 0 0 
  57.612 -22819  11581    467  22790  11623    -65      0 -22725  23405      0      0   5058   5000 0 0 
  57.726 -22818  11608    462  22790  11623    -65      0 -22725  23405      0      0   5059   5012 0 0 
  57.851 -22815  11645    476  22790  11623    -65      0 -22725  23405      0      0   5062   5073 0 0 
  57.965 -22818  11622    476  22790  11623    -65      0 -22725  23405      0      0   5063   5038 0 0 
  58.079 -22821  11586    476  22790  11626    -94      0 -22725  23405      0      0   5061   5022 0 0 
  58.202 -22819  11586    476  22790  11626    -94      0 -22725  23405      0      0   5061   5030 0 0 
  58.316 -22818  11581    478  22790  11626    -94      0 -22725  23405      0      0   5059   5027 0 0 
  58.441 -22818  11581    478  22790  11626    -94      0 -22725  23405      0      0   5060   5037 0 0 
  58.555 -22819  11590    476  22790  11626    -94      0 -22725  23405      0      0   5061   5040 0 0 
*** End ***
