 *** ZZT:Watch ***
File: D:\ZZT\Watch_ZAKUCA1A-ZAKUCA1A_062.log
Computer: INEM1332-NB; User: anto.maric
Connection: Telnet 192.168.0.11:23
Target: D105OSCZ; Application: ZAKUCA1A-ZAKUCA1A
Start time: 21.2.2025. 12:45:07

Signals: 15
 1.    VGACT int16
 2.     PACT int16
 3.     QACT int16
 4.    VGREF int16
 5.    PACTH int16
 6.    QACTH int16
 7.    QHREF int16
 8.    VHACT int16
 9.    VHREF int16
10.  COSPHIH int16
11.  COSHREF int16
12.    IFACT int16
13.    UFACT int16
14.    QHINC log16
15.    QHDEC log16

Data:
   0.642 -22733  11606    -57  22749  11625    -25      0 -22779  23405      0      0   4924   4866 0 0 
   0.800 -22735  11615    -61  22749  11625    -25      0 -22779  23405      0      0   4929   4884 0 0 
   0.925 -22734  11608    -55  22749  11625    -25      0 -22779  23405      0      0   4929   4923 0 0 
   1.065 -22732  11617    -52  22749  11625    -25      0 -22779  23405      0      0   4934   4943 0 0 
   1.181 -22734  11617    -48  22749  11625    -25      0 -22779  23405      0      0   4929   4947 0 0 
   1.295 -22735  11606    -30  22749  11625    -25      0 -22779  23405      0      0   4934   4941 0 0 
   1.436 -22736  11588    -30  22749  11625    -25      0 -22779  23405      0      0   4935   4955 0 0 
   1.593 -22739  11572    -19  22749  11625    -25      0 -22779  23405      0      0   4935   4969 0 0 
   1.736 -22739  11604    -16  22749  11625    -25      0 -22779  23405      0      0   4938   4973 0 0 
   1.917 -22738  11617      6  22749  11625    -25      0 -22779  23405      0      0   4946   4979 0 0 
   2.047 -22743  11613      6  22749  11625    -25      0 -22779  23405      0      0   4950   4977 0 0 
   2.172 -22745  11597     18  22749  11625    -25      0 -22766  23405      0      0   4947   4967 0 0 
   2.287 -22746  11588     24  22749  11625    -25      0 -22725  23405      0      0   4949   4964 0 0 
   2.414 -22746  11581     36  22749  11625    -25      0 -22725  23405      0      0   4949   4977 0 0 
   2.544 -22747  11552     42  22749  11625    -25      0 -22725  23405      0      0   4952   4967 0 0 
   2.670 -22750  11581     36  22749  11625    -25      0 -22725  23405      0      0   4952   4948 0 0 
   2.842 -22749  11604     42  22749  11625    -25      0 -22725  23405      0      0   4955   4957 0 0 
   2.983 -22750  11604     51  22749  11625    -25      0 -22725  23405      0      0   4954   4968 0 0 
   3.098 -22750  11597     65  22749  11625    -25      0 -22725  23405      0      0   4958   4960 0 0 
   3.223 -22751  11572     65  22749  11625    -25      0 -22725  23405      0      0   4959   4962 0 0 
   3.339 -22753  11559     69  22749  11625    -25      0 -22725  23405      0      0   4957   4957 0 0 
   3.480 -22753  11579     69  22749  11625    -25      0 -22725  23405      0      0   4959   4953 0 0 
   3.594 -22754  11586     72  22749  11625    -25      0 -22725  23405      0      0   4957   4946 0 0 
   3.760 -22753  11613     81  22758  11645   -610      0 -22725  23405     32      0   4962   5007 1 0 
   3.875 -22756  11604    101  22763  11645   -610      0 -22725  23405     32      0   4970   5075 0 0 
   3.991 -22761  11588    110  22763  11645   -610      0 -22725  23405     32      0   4975   5097 0 0 
   4.131 -22765  11586    133  22763  11645   -610      0 -22725  23405     32      0   4979   5053 0 0 
   4.246 -22767  11579    142  22763  11645   -610      0 -22725  23405     32      0   4980   5035 0 0 
   4.371 -22771  11590    151  22771  11645   -610      0 -22725  23405     32      0   4982   5084 1 0 
   4.486 -22775  11588    171  22784  11645   -610      0 -22725  23405     32      0   4990   5190 1 0 
   4.600 -22782  11586    196  22784  11645   -610      0 -22725  23405     32      0   4995   5194 0 0 
   4.725 -22788  11590    223  22784  11645   -610      0 -22719  23405     32      0   5008   5169 0 0 
   4.880 -22790  11581    254  22784  11645   -610      0 -22717  23405     32      0   5012   5163 0 0 
   5.005 -22796  11604    270  22785  11645   -610      0 -22717  23405     32      0   5018   5149 1 0 
   5.137 -22800  11606    300  22798  11645   -610      0 -22717  23405     32      0   5025   5217 1 0 
   5.250 -22807  11622    327  22805  11645   -610      0 -22717  23405     32      0   5038   5295 0 0 
   5.392 -22813  11615    372  22805  11645   -610      0 -22717  23405     32      0   5046   5300 0 0 
   5.517 -22819  11581    406  22805  11645   -610      0 -22717  23405     32      0   5056   5283 0 0 
   5.631 -22824  11550    439  22805  11645   -610      0 -22717  23405     32      0   5059   5236 0 0 
   5.798 -22832  11550    462  22812  11623   -460      0 -22717  23405     32      0   5063   5231 1 0 
   5.928 -22840  11568    503  22826  11623   -460      0 -22717  23405     32      0   5077   5349 0 0 
   6.042 -22847  11586    532  22826  11623   -460      0 -22717  23405     32      0   5086   5354 0 0 
   6.184 -22853  11604    575  22826  11623   -460      0 -22717  23405     32      0   5097   5311 0 0 
   6.299 -22858  11581    604  22826  11623   -460      0 -22717  23405     32      0   5103   5293 0 0 
   6.439 -22863  11595    634  22828  11623   -460      0 -22717  23405     32      0   5108   5253 1 0 
   6.564 -22870  11599    665  22842  11623   -460      0 -22717  23405     32      0   5116   5357 1 0 
   6.696 -22877  11615    703  22847  11623   -460      0 -22717  23405     32      0   5135   5414 0 0 
   6.836 -22886  11622    737  22847  11623   -460      0 -22717  23405     32      0   5140   5381 0 0 
   6.951 -22891  11608    773  22847  11623   -460      0 -22717  23405     32      0   5147   5346 0 0 
   7.092 -22896  11586    796  22847  11623   -460      0 -22717  23405     32      0   5153   5309 0 0 
   7.232 -22901  11581    830  22858  11623   -460      0 -22717  23405     32      0   5159   5350 1 0 
   7.349 -22909  11586    873  22868  11623   -460      0 -22717  23405     32      0   5173   5462 0 0 
   7.474 -22913  11608    904  22868  11623   -460      0 -22717  23405     32      0   5184   5442 0 0 
   7.614 -22921  11604    947  22868  11623   -460      0 -22717  23405     32      0   5193   5387 0 0 
   7.744 -22926  11613    974  22868  11623   -460      0 -22729  23405     32      0   5198   5379 0 0 
   7.869 -22930  11615   1004  22872  11623   -460      0 -22740  23405     32      0   5206   5354 1 0 
   7.999 -22934  11635   1037  22885  11623   -460      0 -22740  23405     32      0   5217   5480 1 0 
   8.126 -22942  11645   1083  22889  11623   -460      0 -22740  23405     32      0   5233   5516 0 0 
   8.241 -22950  11626   1119  22889  11623   -460      0 -22740  23405     32      0   5238   5471 0 0 
   8.366 -22957  11581   1152  22889  11623   -460      0 -22740  23405     32      0   5244   5447 0 0 
   8.522 -22961  11554   1193  22889  11623   -460      0 -22740  23405     32      0   5249   5413 0 0 
   8.638 -22968  11559   1209  22900  11623   -460      0 -22740  23405     32      0   5255   5443 1 0 
   8.752 -22974  11608   1238  22910  11623   -460      0 -22740  23405     32      0   5266   5536 0 0 
   8.876 -22980  11622   1272  22910  11623   -460      0 -22740  23405     32      0   5277   5515 0 0 
   8.992 -22986  11622   1306  22910  11623   -460      0 -22740  23405     32      0   5285   5478 0 0 
   9.117 -22991  11595   1342  22910  11623   -460      0 -22740  23405     32      0   5282   5464 0 0 
   9.232 -22998  11572   1353  22910  11623   -460      0 -22740  23405     32      0   5288   5405 0 0 
   9.346 -23000  11586   1378  22921  11623   -460      0 -22740  23405     32      0   5295   5463 1 0 
   9.486 -23006  11613   1410  22931  11623   -460      0 -22740  23405     32      0   5311   5582 0 0 
   9.642 -23016  11640   1455  22931  11632    441      0 -22740  23405    -33      0   5324   5545 0 0 
   9.784 -23019  11615   1504  22931  11632    441      0 -22740  23405    -33      0   5331   5525 0 0 
   9.899 -23027  11581   1525  22931  11632    441      0 -22740  23405    -33      0   5335   5468 0 0 
  10.040 -23029  11577   1545  22922  11632    441      0 -22740  23405    -33      0   5335   5387 0 1 
  10.165 -23029  11606   1536  22909  11632    441      0 -22740  23405    -33      0   5331   5214 0 0 
  10.296 -23026  11615   1525  22909  11632    441      0 -22740  23405    -33      0   5327   5183 0 0 
  10.420 -23022  11617   1514  22909  11632    441      0 -22740  23405    -33      0   5325   5190 0 0 
  10.551 -23020  11595   1504  22909  11632    441      0 -22740  23405    -33      0   5319   5171 0 0 
  10.676 -23020  11570   1482  22906  11632    441      0 -22756  23405    -33      0   5312   5145 0 1 
  10.791 -23016  11577   1453  22895  11632    441      0 -22771  23405    -33      0   5302   5024 0 1 
  10.931 -23007  11581   1416  22887  11632    441      0 -22771  23405    -33      0   5289   4910 0 0 
  11.045 -22999  11608   1362  22887  11632    441      0 -22771  23405    -33      0   5278   4944 0 0 
  11.186 -22992  11615   1324  22887  11632    441      0 -22771  23405    -33      0   5268   4929 0 0 
  11.344 -22986  11608   1270  22887  11632    441      0 -22771  23405    -33      0   5254   4933 0 0 
  11.469 -22980  11595   1227  22875  11632    441      0 -22771  23405    -33      0   5243   4878 0 1 
  11.599 -22969  11586   1184  22865  11632    441      0 -22771  23405    -33      0   5225   4770 0 0 
  11.724 -22957  11608   1130  22865  11632    441      0 -22771  23405    -33      0   5214   4775 0 0 
  11.840 -22951  11617   1080  22865  11632    441      0 -22771  23405    -33      0   5204   4811 0 0 
  11.980 -22942  11626   1037  22865  11632    441      0 -22771  23405    -33      0   5195   4845 0 0 
  12.121 -22933  11597   1001  22860  11610    936      0 -22771  23405    -99      0   5183   4873 0 1 
  12.235 -22925  11588    972  22848  11610    936      0 -22771  23405    -99      0   5174   4815 0 1 
  12.350 -22920  11561    913  22843  11610    936      0 -22771  23405    -99      0   5156   4720 0 0 
  12.475 -22910  11581    873  22843  11610    936      0 -22771  23405    -99      0   5148   4783 0 0 
  12.592 -22903  11608    828  22843  11610    936      0 -22771  23405    -99      0   5139   4809 0 0 
  12.732 -22893  11642    801  22843  11610    936      0 -22771  23405    -99      0   5135   4854 0 0 
  12.847 -22890  11645    758  22835  11610    936      0 -22771  23405    -99      0   5129   4864 0 1 
  12.987 -22884  11606    724  22823  11610    936      0 -22771  23405    -99      0   5115   4740 0 1 
  13.128 -22873  11581    674  22821  11610    936      0 -22771  23405    -99      0   5098   4724 0 0 
  13.245 -22865  11581    638  22821  11610    936      0 -22771  23405    -99      0   5090   4787 0 0 
  13.370 -22859  11599    606  22821  11610    936      0 -22771  23405    -99      0   5082   4825 0 0 
  13.499 -22855  11586    575  22818  11610    936      0 -22771  23405    -99      0   5077   4845 0 1 
  13.624 -22848  11570    543  22807  11610    936      0 -22771  23405    -99      0   5070   4765 0 1 
  13.739 -22842  11550    505  22799  11610    936      0 -22771  23405    -99      0   5057   4685 0 0 
  13.880 -22835  11550    469  22799  11610    936      0 -22771  23405    -99      0   5045   4740 0 0 
  14.022 -22825  11599    442  22799  11610    936      0 -22771  23405    -99      0   5040   4799 0 0 
  14.151 -22822  11617    403  22799  11610    936      0 -22768  23405    -99      0   5036   4808 0 0 
  14.277 -22814  11626    397  22790  11610    936      0 -22756  23405    -99      0   5033   4823 0 1 
  14.417 -22810  11577    367  22777  11610    936      0 -22756  23405    -99      0   5023   4694 0 0 
  14.531 -22804  11536    333  22777  11610    936      0 -22756  23405    -99      0   5008   4692 0 0 
  14.646 -22798  11550    297  22777  11610    936      0 -22756  23405    -99      0   5003   4757 0 0 
  14.786 -22791  11588    270  22777  11610    936      0 -22756  23405    -99      0   5002   4781 0 0 
  14.947 -22788  11615    241  22774  11610    936      0 -22756  23405    -99      0   4996   4794 0 1 
  15.072 -22781  11597    218  22759  11610    936      0 -22756  23405    -99      0   4988   4706 0 1 
  15.213 -22772  11568    187  22755  11610    936      0 -22756  23405    -99      0   4977   4675 0 0 
  15.345 -22769  11559    153  22755  11610    936      0 -22756  23405    -99      0   4968   4712 0 0 
  15.485 -22762  11595    119  22755  11610    936      0 -22756  23405    -99      0   4964   4730 0 0 
  15.625 -22757  11615     99  22755  11610    936      0 -22756  23405    -99      0   4959   4774 0 0 
  15.739 -22751  11626     78  22741  11610    936      0 -22756  23405    -99      0   4954   4700 0 1 
  15.880 -22747  11586     45  22733  11610    936      0 -22756  23405    -99      0   4946   4608 0 0 
  15.994 -22739  11568      9  22733  11610    936      0 -22756  23405    -99      0   4933   4623 0 0 
  16.135 -22734  11581    -21  22733  11610    936      0 -22756  23405    -99      0   4924   4663 0 0 
  16.251 -22728  11577    -39  22733  11616    -53      0 -22756  23405      0      0   4923   4707 0 0 
  16.374 -22724  11581    -57  22733  11616    -53      0 -22756  23405      0      0   4919   4778 0 0 
  16.532 -22721  11581    -82  22733  11616    -53      0 -22756  23405      0      0   4915   4788 0 0 
  16.646 -22718  11581    -93  22733  11616    -53      0 -22756  23405      0      0   4914   4809 0 0 
  16.771 -22716  11581    -91  22733  11616    -53      0 -22756  23405      0      0   4914   4834 0 0 
  16.878 -22716  11581   -100  22733  11616    -53      0 -22756  23405      0      0   4913   4857 0 0 
  17.034 -22714  11581   -100  22733  11616    -53      0 -22756  23405      0      0   4914   4876 0 0 
  17.150 -22716  11561   -100  22733  11616    -53      0 -22756  23405      0      0   4909   4882 0 0 
  17.316 -22713  11570    -98  22733  11616    -53      0 -22756  23405      0      0   4915   4902 0 0 
  17.446 -22716  11588    -93  22733  11616    -53      0 -22756  23405      0      0   4916   4912 0 0 
  17.571 -22716  11608    -84  22733  11616    -53      0 -22756  23405      0      0   4922   4935 0 0 
  17.685 -22716  11604    -79  22733  11616    -53      0 -22756  23405      0      0   4924   4945 0 0 
  17.799 -22717  11577    -66  22733  11616    -53      0 -22756  23405      0      0   4924   4953 0 0 
  17.924 -22718  11572    -57  22733  11616    -53      0 -22756  23405      0      0   4926   4967 0 0 
  18.039 -22721  11568    -57  22733  11616    -53      0 -22756  23405      0      0   4926   4948 0 0 
  18.153 -22721  11572    -43  22733  11616    -53      0 -22756  23405      0      0   4930   4969 0 0 
  18.291 -22723  11604    -37  22733  11616    -53      0 -22756  23405      0      0   4934   4981 0 0 
  18.415 -22725  11608    -30  22733  11616    -53      0 -22756  23405      0      0   4937   4976 0 0 
  18.545 -22726  11595    -21  22733  11616    -53      0 -22756  23405      0      0   4938   4959 0 0 
  18.669 -22727  11586    -16  22733  11616    -53      0 -22756  23405      0      0   4940   4967 0 0 
  18.783 -22726  11581      0  22733  11616    -53      0 -22756  23405      0      0   4941   4985 0 0 
  18.898 -22728  11581      2  22733  11616    -53      0 -22756  23405      0      0   4942   4970 0 0 
  19.022 -22729  11579     15  22733  11616    -53      0 -22756  23405      0      0   4945   4975 0 0 
  19.135 -22733  11586     15  22733  11616    -53      0 -22756  23405      0      0   4945   4958 0 0 
  19.251 -22732  11586     18  22733  11616    -53      0 -22756  23405      0      0   4945   4943 0 0 
  19.374 -22731  11599     29  22733  11616    -53      0 -22756  23405      0      0   4949   4963 0 0 
  19.488 -22734  11586     24  22733  11616    -53      0 -22756  23405      0      0   4949   4940 0 0 
  19.602 -22735  11590     27  22733  11616    -53      0 -22756  23405      0      0   4949   4948 0 0 
  19.727 -22735  11595     29  22733  11616    -53      0 -22756  23405      0      0   4948   4914 0 0 
  19.841 -22735  11590     29  22733  11616    -53      0 -22756  23405      0      0   4947   4947 0 0 
  19.964 -22736  11590     36  22733  11616    -53      0 -22756  23405      0      0   4951   4941 0 0 
  20.078 -22736  11581     36  22733  11616    -53      0 -22756  23405      0      0   4950   4941 0 0 
  20.192 -22736  11572     36  22733  11616    -53      0 -22756  23405      0      0   4947   4914 0 0 
  20.349 -22735  11581     42  22733  11616    -53      0 -22756  23405      0      0   4949   4933 0 0 
  20.472 -22737  11588     36  22733  11616    -53      0 -22756  23405      0      0   4949   4923 0 0 
  20.586 -22736  11586     42  22733  11616    -53      0 -22756  23405      0      0   4951   4919 0 0 
  20.700 -22736  11617     36  22733  11616    -53      0 -22733  23405      0      0   4953   4936 0 0 
  20.825 -22736  11624     36  22733  11616    -53      0 -22709  23405      0      0   4955   4925 0 0 
  20.940 -22735  11613     42  22733  11616    -53      0 -22709  23405      0      0   4955   4930 0 0 
  21.064 -22736  11595     36  22733  11616    -53      0 -22709  23405      0      0   4955   4939 0 0 
  21.179 -22736  11572     47  22733  11616    -53      0 -22709  23405      0      0   4951   4945 0 0 
  21.293 -22736  11581     42  22733  11616    -53      0 -22709  23405      0      0   4951   4904 0 0 
  21.416 -22736  11581     38  22733  11616    -53      0 -22709  23405      0      0   4948   4914 0 0 
  21.530 -22735  11581     45  22733  11616    -53      0 -22709  23405      0      0   4953   4923 0 0 
  21.646 -22736  11572     36  22733  11616    -53      0 -22709  23405      0      0   4950   4918 0 0 
  21.769 -22737  11563     36  22733  11616    -53      0 -22709  23405      0      0   4950   4933 0 0 
  21.883 -22736  11554     42  22733  11616    -53      0 -22709  23405      0      0   4949   4921 0 0 
  21.997 -22737  11572     36  22733  11616    -53      0 -22709  23405      0      0   4946   4897 0 0 
  22.122 -22736  11588     29  22733  11616    -53      0 -22709  23405      0      0   4949   4916 0 0 
  22.236 -22736  11572     29  22735  11628   -518      0 -22709  23405     32      0   4949   4931 0 0 
  22.351 -22736  11568     29  22735  11628   -518      0 -22709  23405     32      0   4945   4907 0 0 
  22.475 -22736  11554     29  22735  11628   -518      0 -22709  23405     32      0   4947   4917 0 0 
  22.616 -22736  11572     29  22735  11628   -518      0 -22709  23405     32      0   4946   4932 0 0 
  22.745 -22736  11581     29  22739  11628   -518      0 -22709  23405     32      0   4948   4918 1 0 
  22.869 -22738  11590     42  22753  11628   -518      0 -22709  23405     32      0   4957   5075 1 0 
  22.982 -22743  11570     63  22756  11628   -518      0 -22709  23405     32      0   4963   5113 0 0 
  23.096 -22745  11563     97  22756  11628   -518      0 -22709  23405     32      0   4971   5118 0 0 
  23.220 -22751  11543    110  22756  11628   -518      0 -22709  23405     32      0   4972   5105 0 0 
  23.334 -22754  11545    126  22756  11628   -518      0 -22709  23405     32      0   4974   5085 0 0 
  23.449 -22756  11572    142  22760  11628   -518      0 -22709  23405     32      0   4978   5098 1 0 
  23.574 -22760  11581    171  22773  11628   -518      0 -22709  23405     32      0   4992   5241 1 0 
  23.688 -22767  11599    207  22777  11628   -518      0 -22709  23405     32      0   5004   5309 0 0 
  23.802 -22776  11599    236  22777  11628   -518      0 -22709  23405     32      0   5013   5245 0 0 
  23.925 -22782  11581    270  22777  11628   -518      0 -22709  23405     32      0   5020   5219 0 0 
  24.068 -22788  11572    306  22777  11628   -518      0 -22709  23405     32      0   5026   5188 0 0 
  24.197 -22792  11559    333  22785  11628   -518      0 -22709  23405     32      0   5032   5243 1 0 
  24.322 -22800  11581    370  22798  11628   -518      0 -22709  23405     32      0   5047   5346 0 0 
  24.447 -22807  11613    406  22798  11628   -518      0 -22709  23405     32      0   5059   5341 0 0 
  24.579 -22812  11606    453  22798  11628   -518      0 -22709  23405     32      0   5070   5309 0 0 
  24.694 -22821  11581    487  22798  11628   -518      0 -22709  23405     32      0   5075   5300 0 0 
  24.819 -22824  11563    516  22798  11628   -518      0 -22709  23405     32      0   5079   5265 0 0 
  24.934 -22830  11581    541  22810  11628   -518      0 -22709  23405     32      0   5090   5328 1 0 
  25.048 -22838  11599    575  22819  11628   -518      0 -22709  23405     32      0   5100   5415 0 0 
  25.173 -22843  11613    613  22819  11604   -501      0 -22709  23405     32      0   5114   5399 0 0 
  25.288 -22851  11581    649  22819  11604   -501      0 -22709  23405     32      0   5118   5358 0 0 
  25.445 -22858  11570    694  22819  11604   -501      0 -22709  23405     32      0   5126   5321 0 0 
  25.585 -22865  11579    715  22823  11604   -501      0 -22709  23405     32      0   5132   5298 1 0 
  25.700 -22870  11597    749  22836  11604   -501      0 -22709  23405     32      0   5144   5427 1 0 
  25.825 -22878  11590    787  22840  11604   -501      0 -22709  23405     32      0   5154   5429 0 0 
  25.940 -22886  11579    823  22840  11604   -501      0 -22709  23405     32      0   5162   5379 0 0 
  26.065 -22890  11581    857  22840  11604   -501      0 -22709  23405     32      0   5167   5348 0 0 
  26.179 -22892  11599    886  22840  11604   -501      0 -22709  23405     32      0   5177   5344 0 0 
  26.293 -22900  11595    900  22846  11604   -501      0 -22709  23405     32      0   5181   5340 1 0 
  26.419 -22907  11586    922  22858  11604   -501      0 -22709  23405     32      0   5187   5411 1 0 
  26.551 -22912  11579    963  22861  11604   -501      0 -22709  23405     32      0   5196   5444 0 0 
  26.676 -22915  11597   1013  22861  11604   -501      0 -22717  23405     32      0   5207   5425 0 0 
  26.816 -22925  11604   1026  22861  11604   -501      0 -22725  23405     32      0   5214   5373 0 0 
  26.921 -22928  11606   1053  22861  11604   -501      0 -22725  23405     32      0   5217   5333 0 0 
  27.035 -22932  11606   1067  22870  11604   -501      0 -22725  23405     32      0   5221   5370 1 0 
  27.177 -22937  11615   1110  22882  11604   -501      0 -22725  23405     32      0   5235   5502 0 0 
  27.293 -22944  11615   1148  22882  11604   -501      0 -22725  23405     32      0   5243   5486 0 0 
  27.420 -22951  11615   1175  22882  11604   -501      0 -22725  23405     32      0   5249   5427 0 0 
  27.550 -22955  11597   1202  22882  11604   -501      0 -22725  23405     32      0   5259   5415 0 0 
  27.675 -22959  11597   1236  22884  11604   -501      0 -22725  23405     32      0   5259   5410 1 0 
  27.846 -22966  11599   1263  22900  11604   -501      0 -22725  23405     32      0   5269   5518 1 0 
  27.973 -22974  11617   1306  22903  11604   -501      0 -22725  23405     32      0   5285   5533 0 0 
  28.087 -22979  11631   1342  22903  11604   -501      0 -22725  23405     32      0   5295   5506 0 0 
  28.202 -22983  11617   1378  22903  11604   -501      0 -22725  23405     32      0   5302   5480 0 0 
  28.342 -22989  11599   1396  22903  11604   -501      0 -22725  23405     32      0   5306   5441 0 0 
  28.465 -22995  11595   1419  22914  11604   -501      0 -22725  23405     32      0   5308   5498 1 0 
  28.581 -23001  11590   1446  22924  11604   -501      0 -22725  23405     32      0   5317   5585 0 0 
  28.723 -23007  11599   1489  22924  11604   -501      0 -22725  23405     32      0   5329   5552 0 0 
  28.865 -23016  11606   1516  22924  11604   -501      0 -22725  23405     32      0   5336   5488 0 0 
  28.979 -23019  11608   1536  22924  11604   -501      0 -22725  23405     32      0   5341   5491 0 0 
  29.121 -23024  11597   1568  22928  11604   -501      0 -22725  23405     32      0   5348   5469 1 0 
  29.252 -23029  11606   1595  22942  11604   -501      0 -22725  23405     32      0   5354   5539 1 0 
  29.377 -23037  11617   1624  22945  11604   -501      0 -22725  23405     32      0   5364   5595 0 0 
  29.551 -23044  11617   1662  22945  11604   -501      0 -22725  23405     32      0   5376   5553 0 0 
  29.691 -23049  11617   1696  22945  11604   -501      0 -22725  23405     32      0   5382   5512 0 0 
  29.816 -23054  11622   1714  22949  11604   -501      0 -22725  23405     32      0   5389   5507 1 0 
  29.948 -23059  11622   1739  22962  11604   -501      0 -22725  23405     32      0   5395   5587 1 0 
  30.089 -23067  11606   1778  22966  11604   -501      0 -22725  23405     32      0   5404   5610 0 0 
  30.255 -23071  11599   1823  22966  11622    718      0 -22725  23405    -99      0   5415   5613 0 0 
  30.369 -23079  11608   1847  22966  11622    718      0 -22725  23405    -99      0   5420   5575 0 0 
  30.502 -23083  11617   1865  22964  11622    718      0 -22725  23405    -99      0   5422   5530 0 1 
  30.653 -23086  11608   1875  22951  11622    718      0 -22725  23405    -99      0   5420   5371 0 1 
  30.785 -23083  11624   1861  22944  11622    718      0 -22725  23405    -99      0   5412   5247 0 0 
  30.925 -23078  11631   1841  22944  11622    718      0 -22725  23405    -99      0   5408   5253 0 0 
  31.051 -23076  11654   1823  22944  11622    718      0 -22725  23405    -99      0   5406   5247 0 0 
  31.180 -23075  11663   1802  22944  11622    718      0 -22725  23405    -99      0   5402   5208 0 0 
  31.295 -23068  11635   1780  22932  11622    718      0 -22725  23405    -99      0   5393   5142 0 1 
  31.437 -23064  11595   1750  22922  11622    718      0 -22725  23405    -99      0   5376   4989 0 0 
  31.593 -23055  11581   1685  22922  11622    718      0 -22725  23405    -99      0   5359   5006 0 0 
  31.718 -23044  11626   1633  22922  11622    718      0 -22725  23405    -99      0   5349   5007 0 0 
  31.835 -23038  11660   1604  22922  11622    718      0 -22725  23405    -99      0   5343   5045 0 0 
  31.950 -23033  11640   1572  22915  11622    718      0 -22725  23405    -99      0   5335   5037 0 1 
  32.076 -23026  11604   1534  22903  11622    718      0 -22725  23405    -99      0   5321   4910 0 1 
  32.192 -23017  11568   1489  22900  11622    718      0 -22756  23405    -99      0   5306   4874 0 0 
  32.331 -23008  11568   1437  22900  11622    718      0 -22787  23405    -99      0   5291   4901 0 0 
  32.473 -22999  11597   1387  22900  11622    718      0 -22787  23405    -99      0   5281   4932 0 0 
  32.614 -22990  11660   1338  22898  11622    718      0 -22787  23405    -99      0   5276   4978 0 1 
  32.728 -22983  11687   1310  22887  11622    718      0 -22787  23405    -99      0   5271   4911 0 1 
  32.886 -22973  11651   1254  22878  11622    718      0 -22787  23405    -99      0   5252   4820 0 0 
  33.000 -22965  11617   1216  22878  11622    718      0 -22787  23405    -99      0   5241   4866 0 0 
  33.125 -22957  11608   1175  22878  11622    718      0 -22787  23405    -99      0   5230   4927 0 0 
  33.240 -22951  11586   1148  22878  11622    718      0 -22787  23405    -99      0   5221   4941 0 0 
  33.365 -22947  11595   1116  22873  11622    718      0 -22787  23405    -99      0   5216   4949 0 1 
  33.520 -22940  11608   1076  22859  11622    718      0 -22787  23405    -99      0   5205   4857 0 1 
  33.650 -22931  11590   1028  22856  11611   1067      0 -22787  23405   -132      0   5186   4823 0 0 
  33.775 -22924  11604    983  22856  11611   1067      0 -22787  23405   -132      0   5178   4855 0 0 
  33.889 -22917  11608    958  22856  11611   1067      0 -22787  23405   -132      0   5169   4888 0 0 
  34.015 -22911  11606    931  22856  11611   1067      0 -22787  23405   -132      0   5173   4957 0 0 
  34.146 -22909  11590    904  22843  11611   1067      0 -22787  23405   -132      0   5162   4860 0 1 
  34.312 -22899  11581    864  22834  11611   1067      0 -22787  23405   -132      0   5146   4781 0 0 
  34.442 -22888  11613    812  22834  11611   1067      0 -22787  23405   -132      0   5136   4837 0 0 
  34.584 -22882  11633    785  22834  11611   1067      0 -22787  23405   -132      0   5134   4897 0 0 
  34.699 -22877  11633    755  22834  11611   1067      0 -22787  23405   -132      0   5124   4921 0 0 
  34.865 -22874  11613    731  22822  11611   1067      0 -22787  23405   -132      0   5119   4840 0 1 
  34.995 -22865  11579    683  22812  11611   1067      0 -22787  23405   -132      0   5098   4730 0 0 
  35.135 -22857  11577    638  22812  11611   1067      0 -22787  23405   -132      0   5091   4767 0 0 
  35.251 -22854  11588    597  22812  11611   1067      0 -22787  23405   -132      0   5083   4787 0 0 
  35.374 -22846  11624    570  22812  11611   1067      0 -22787  23405   -132      0   5078   4856 0 0 
  35.491 -22843  11626    548  22807  11611   1067      0 -22787  23405   -132      0   5073   4844 0 1 
  35.631 -22838  11599    514  22793  11611   1067      0 -22787  23405   -132      0   5066   4732 0 1 
  35.771 -22827  11588    471  22790  11611   1067      0 -22764  23405   -132      0   5048   4703 0 0 
  35.887 -22823  11599    439  22790  11611   1067      0 -22756  23405   -132      0   5043   4734 0 0 
  36.027 -22814  11613    412  22790  11611   1067      0 -22756  23405   -132      0   5039   4791 0 0 
  36.141 -22810  11615    379  22790  11611   1067      0 -22756  23405   -132      0   5035   4827 0 0 
  36.283 -22807  11622    354  22776  11611   1067      0 -22756  23405   -132      0   5024   4739 0 1 
  36.397 -22798  11608    318  22768  11611   1067      0 -22756  23405   -132      0   5012   4674 0 0 
  36.539 -22789  11608    282  22768  11611   1067      0 -22756  23405   -132      0   5006   4718 0 0 
  36.679 -22785  11595    245  22768  11628    172      0 -22756  23405      0      0   4996   4730 0 0 
  36.821 -22780  11613    216  22768  11628    172      0 -22756  23405      0      0   4992   4786 0 0 
  36.936 -22776  11608    209  22768  11628    172      0 -22756  23405      0      0   4990   4827 0 0 
  37.077 -22773  11586    182  22768  11628    172      0 -22756  23405      0      0   4986   4844 0 0 
  37.191 -22772  11550    173  22768  11628    172      0 -22756  23405      0      0   4980   4837 0 0 
  37.333 -22771  11550    162  22768  11628    172      0 -22756  23405      0      0   4977   4858 0 0 
  37.473 -22767  11579    153  22768  11628    172      0 -22756  23405      0      0   4977   4884 0 0 
  37.598 -22766  11597    146  22768  11628    172      0 -22756  23405      0      0   4979   4937 0 0 
  37.702 -22766  11615    142  22768  11628    172      0 -22756  23405      0      0   4979   4925 0 0 
  37.842 -22766  11613    142  22768  11628    172      0 -22756  23405      0      0   4981   4945 0 0 
  37.967 -22766  11588    146  22768  11628    172      0 -22756  23405      0      0   4977   4956 0 0 
  38.082 -22766  11581    146  22768  11628    172      0 -22756  23405      0      0   4978   4995 0 0 
  38.196 -22767  11543    155  22768  11628    172      0 -22756  23405      0      0   4979   4982 0 0 
  38.321 -22769  11545    160  22768  11628    172      0 -22756  23405      0      0   4976   4971 0 0 
  38.435 -22768  11579    162  22768  11628    172      0 -22756  23405      0      0   4981   4981 0 0 
  38.550 -22769  11606    173  22768  11628    172      0 -22756  23405      0      0   4986   5012 0 0 
  38.702 -22769  11606    173  22768  11628    172      0 -22756  23405      0      0   4987   5007 0 0 
  38.833 -22772  11588    178  22768  11628    172      0 -22756  23405      0      0   4992   5023 0 0 
  38.989 -22775  11572    191  22768  11628    172      0 -22756  23405      0      0   4990   4988 0 0 
  39.129 -22775  11604    198  22768  11628    172      0 -22756  23405      0      0   4989   5013 0 0 
  39.301 -22775  11635    205  22768  11628    172      0 -22756  23405      0      0   4996   5024 0 0 
  39.427 -22776  11624    209  22768  11628    172      0 -22756  23405      0      0   5001   5018 0 0 
  39.542 -22777  11579    223  22768  11628    172      0 -22756  23405      0      0   5000   5022 0 0 
  39.667 -22780  11545    223  22768  11628    172      0 -22756  23405      0      0   4992   5004 0 0 
  39.782 -22781  11545    225  22768  11628    172      0 -22756  23405      0      0   4995   4989 0 0 
  39.896 -22778  11572    227  22768  11628    172      0 -22756  23405      0      0   5000   4989 0 0 
  40.038 -22778  11622    234  22768  11628    172      0 -22756  23405      0      0   5004   5009 0 0 
  40.194 -22782  11604    241  22768  11628    172      0 -22756  23405      0      0   5004   4990 0 0 
  40.319 -22782  11577    241  22768  11628    172      0 -22756  23405      0      0   5002   4993 0 0 
  40.433 -22783  11588    241  22768  11628    172      0 -22756  23405      0      0   5003   4992 0 0 
  40.573 -22781  11599    252  22768  11628    172      0 -22756  23405      0      0   5007   5001 0 0 
  40.687 -22785  11579    241  22768  11628    172      0 -22756  23405      0      0   5005   4971 0 0 
  40.801 -22785  11570    241  22768  11628    172      0 -22756  23405      0      0   5003   4958 0 0 
  40.926 -22785  11554    243  22768  11628    172      0 -22756  23405      0      0   5000   4964 0 0 
  41.041 -22782  11554    243  22768  11628    172      0 -22756  23405      0      0   4998   4959 0 0 
  41.165 -22783  11572    243  22768  11628    172      0 -22756  23405      0      0   5003   4974 0 0 
  41.278 -22783  11572    243  22768  11628    172      0 -22756  23405      0      0   5003   4945 0 0 
  41.392 -22785  11579    243  22768  11628    172      0 -22756  23405      0      0   5004   4996 0 0 
  41.517 -22783  11579    245  22768  11628    172      0 -22756  23405      0      0   5004   4996 0 0 
  41.648 -22785  11563    250  22768  11628    172      0 -22756  23405      0      0   5004   4988 0 0 
  41.788 -22783  11563    245  22768  11628    172      0 -22756  23405      0      0   5003   4971 0 0 
  41.902 -22785  11554    236  22768  11628    172      0 -22756  23405      0      0   5001   4942 0 0 
  42.025 -22785  11554    236  22768  11628    172      0 -22756  23405      0      0   4998   4920 0 0 
  42.139 -22783  11570    234  22768  11628    172      0 -22746  23405      0      0   4998   4946 0 0 
  42.264 -22783  11570    234  22768  11628    172      0 -22717  23405      0      0   4999   4944 0 0 
  42.378 -22782  11577    234  22768  11628    172      0 -22717  23405      0      0   4999   4959 0 0 
  42.492 -22785  11572    227  22768  11628    172      0 -22717  23405      0      0   4999   4937 0 0 
  42.615 -22783  11577    225  22768  11628    172      0 -22717  23405      0      0   4997   4951 0 0 
  42.730 -22782  11577    227  22768  11628    172      0 -22717  23405      0      0   4999   4950 0 0 
  42.844 -22782  11586    216  22768  11628    172      0 -22717  23405      0      0   4997   4959 0 0 
  42.986 -22781  11568    227  22768  11628    172      0 -22717  23405      0      0   4999   4978 0 0 
  43.141 -22782  11561    225  22768  11628    172      0 -22717  23405      0      0   4995   4961 0 0 
  43.266 -22782  11559    223  22768  11628    172      0 -22717  23405      0      0   4997   4982 0 0 
  43.381 -22782  11577    218  22768  11628    172      0 -22717  23405      0      0   4995   4953 0 0 
  43.498 -22781  11581    223  22768  11628    172      0 -22717  23405      0      0   4998   4963 0 0 
  43.623 -22782  11590    218  22768  11628    172      0 -22717  23405      0      0   4996   4958 0 0 
  43.738 -22780  11590    225  22768  11628    172      0 -22717  23405      0      0   4997   4961 0 0 
  43.852 -22782  11572    227  22768  11628    172      0 -22717  23405      0      0   4998   4979 0 0 
  43.992 -22780  11561    227  22768  11628    172      0 -22717  23405      0      0   4998   4971 0 0 
  44.150 -22780  11554    236  22768  11600   -309      0 -22717  23405      0      0   4999   4993 0 0 
  44.274 -22780  11543    234  22768  11600   -309      0 -22717  23405      0      0   4997   4969 0 0 
  44.390 -22782  11532    232  22768  11600   -309      0 -22717  23405      0      0   4993   4981 0 0 
  44.515 -22781  11541    234  22768  11600   -309      0 -22717  23405      0      0   4995   4987 0 0 
  44.630 -22782  11561    227  22768  11600   -309      0 -22717  23405      0      0   4995   4963 0 0 
  44.744 -22782  11581    236  22777  11600   -309      0 -22717  23405      0      0   5000   5052 1 0 
  44.869 -22785  11588    252  22789  11600   -309      0 -22717  23405      0      0   5009   5158 0 0 
  44.983 -22790  11581    279  22789  11600   -309      0 -22717  23405      0      0   5015   5174 0 0 
  45.098 -22794  11590    300  22789  11600   -309      0 -22717  23405      0      0   5025   5174 0 0 
  45.223 -22798  11577    318  22789  11600   -309      0 -22717  23405      0      0   5026   5139 0 0 
  45.338 -22799  11554    349  22789  11600   -309      0 -22717  23405      0      0   5032   5160 0 0 
  45.463 -22808  11541    354  22801  11600   -309      0 -22717  23405      0      0   5035   5181 1 0 
  45.593 -22814  11559    381  22810  11600   -309      0 -22717  23405      0      0   5043   5310 0 0 
  45.750 -22820  11586    435  22810  11600   -309      0 -22717  23405      0      0   5059   5301 0 0 
  45.890 -22825  11579    471  22810  11600   -309      0 -22717  23405      0      0   5072   5283 0 0 
  46.015 -22833  11552    505  22810  11600   -309      0 -22717  23405      0      0   5076   5254 0 0 
  46.130 -22837  11545    525  22817  11600   -309      0 -22717  23405      0      0   5081   5277 1 0 
  46.244 -22843  11559    552  22828  11600   -309      0 -22717  23405      0      0   5089   5338 1 0 
  46.369 -22851  11595    595  22831  11600   -309      0 -22717  23405      0      0   5104   5395 0 0 
  46.498 -22858  11599    631  22831  11600   -309      0 -22717  23405      0      0   5115   5356 0 0 
  46.639 -22864  11606    683  22831  11600   -309      0 -22717  23405      0      0   5125   5330 0 0 
  46.763 -22870  11606    706  22831  11600   -309      0 -22717  23405      0      0   5133   5321 0 0 
  46.879 -22875  11606    740  22843  11600   -309      0 -22717  23405      0      0   5139   5362 1 0 
  47.021 -22884  11581    782  22852  11600   -309      0 -22717  23405      0      0   5149   5431 0 0 
  47.135 -22890  11577    821  22852  11600   -309      0 -22717  23405      0      0   5159   5431 0 0 
  47.249 -22897  11572    850  22852  11601   -287      0 -22717  23405      0      0   5165   5391 0 0 
  47.372 -22901  11568    884  22852  11601   -287      0 -22717  23405      0      0   5173   5377 0 0 
  47.486 -22907  11572    909  22853  11601   -287      0 -22717  23405      0      0   5178   5343 1 0 
  47.600 -22911  11595    938  22865  11601   -287      0 -22717  23405      0      0   5189   5397 1 0 
  47.725 -22919  11615    974  22873  11601   -287      0 -22717  23405      0      0   5202   5499 0 0 
  47.839 -22923  11624   1017  22873  11601   -287      0 -22717  23405      0      0   5213   5480 0 0 
  47.994 -22935  11597   1053  22873  11601   -287      0 -22717  23405      0      0   5222   5433 0 0 
  48.119 -22941  11590   1089  22873  11601   -287      0 -22717  23405      0      0   5226   5385 0 0 
  48.233 -22946  11586   1107  22877  11601   -287      0 -22717  23405      0      0   5230   5379 1 0 
  48.347 -22951  11581   1137  22890  11601   -287      0 -22717  23405      0      0   5235   5443 1 0 
  48.470 -22958  11608   1164  22894  11601   -287      0 -22717  23405      0      0   5249   5508 0 0 
  48.584 -22964  11606   1193  22894  11601   -287      0 -22717  23405      0      0   5252   5446 0 0 
  48.698 -22970  11622   1218  22894  11601   -287      0 -22717  23405      0      0   5262   5405 0 0 
  48.823 -22974  11606   1236  22894  11601   -287      0 -22717  23405      0      0   5263   5364 0 0 
  48.937 -22976  11590   1261  22898  11601   -287      0 -22717  23405      0      0   5263   5365 1 0 
  49.051 -22980  11588   1279  22910  11601   -287      0 -22717  23405      0      0   5273   5452 1 0 
  49.174 -22988  11590   1310  22915  11601   -287      0 -22717  23405      0      0   5282   5518 0 0 
  49.289 -22992  11595   1338  22915  11601   -287      0 -22717  23405      0      0   5291   5483 0 0 
  49.413 -22997  11606   1374  22915  11601   -287      0 -22717  23405      0      0   5294   5449 0 0 
  49.527 -23001  11590   1389  22915  11601   -287      0 -22717  23405      0      0   5304   5443 0 0 
  49.642 -23005  11604   1407  22919  11601   -287      0 -22717  23405      0      0   5305   5409 1 0 
  49.767 -23012  11608   1423  22932  11601   -287      0 -22717  23405      0      0   5313   5495 1 0 
  49.881 -23016  11613   1462  22936  11601   -287      0 -22717  23405      0      0   5322   5549 0 0 
  50.021 -23024  11586   1495  22936  11601   -287      0 -22717  23405      0      0   5331   5521 0 0 
  50.177 -23032  11545   1523  22936  11601   -287      0 -22717  23405      0      0   5333   5449 0 0 
  50.293 -23033  11545   1543  22936  11601   -287      0 -22717  23405      0      0   5335   5446 0 0 
  50.418 -23039  11577   1561  22947  11601   -287      0 -22717  23405      0      0   5343   5467 1 0 
  50.548 -23045  11604   1577  22957  11601   -287      0 -22717  23405      0      0   5352   5561 0 0 
  50.673 -23050  11622   1608  22957  11601   -287      0 -22717  23405      0      0   5363   5527 0 0 
  50.787 -23056  11613   1633  22957  11601   -287      0 -22717  23405      0      0   5366   5505 0 0 
  50.903 -23057  11615   1667  22957  11601   -287      0 -22717  23405      0      0   5374   5504 0 0 
  51.043 -23064  11624   1678  22960  11601   -287      0 -22717  23405      0      0   5376   5476 1 0 
  51.183 -23066  11617   1705  22973  11601   -287      0 -22731  23405      0      0   5384   5564 1 0 
  51.323 -23075  11604   1744  22978  11601   -287      0 -22771  23405      0      0   5395   5605 0 0 
  51.465 -23079  11608   1793  22978  11601   -287      0 -22771  23405      0      0   5404   5615 0 0 
  51.580 -23088  11588   1811  22978  11601   -287      0 -22771  23405      0      0   5409   5559 0 0 
  51.752 -23090  11595   1834  22978  11601   -287      0 -22771  23405      0      0   5417   5543 0 0 
  51.876 -23097  11608   1865  22994  11601   -287      0 -22771  23405      0      0   5423   5607 1 0 
  51.990 -23101  11622   1897  22999  11601   -287      0 -22771  23405      0      0   5436   5682 0 0 
  52.115 -23108  11651   1938  22999  11601   -287      0 -22771  23405      0      0   5446   5658 0 0 
  52.247 -23115  11633   1965  22999  11601   -287      0 -22771  23405      0      0   5451   5621 0 0 
  52.371 -23121  11613   1987  22999  11601   -287      0 -22771  23405      0      0   5457   5592 0 0 
  52.484 -23123  11599   2019  23005  11601   -287      0 -22771  23405      0      0   5458   5593 1 0 
  52.598 -23126  11615   2046  23016  11601   -287      0 -22771  23405      0      0   5468   5698 1 0 
  52.722 -23137  11649   2075  23020  11609   1086      0 -22771  23405   -132      0   5482   5738 0 0 
  52.854 -23143  11663   2111  23020  11609   1086      0 -22771  23405   -132      0   5489   5688 0 0 
  52.994 -23149  11640   2145  23020  11609   1086      0 -22771  23405   -132      0   5498   5658 0 0 
  53.117 -23154  11597   2177  23020  11609   1086      0 -22771  23405   -132      0   5500   5626 0 0 
  53.249 -23158  11588   2190  23010  11609   1086      0 -22771  23405   -132      0   5499   5505 0 1 
  53.374 -23158  11608   2177  22998  11609   1086      0 -22771  23405   -132      0   5492   5347 0 0 
  53.488 -23153  11633   2159  22998  11609   1086      0 -22771  23405   -132      0   5490   5332 0 0 
  53.614 -23148  11654   2150  22998  11609   1086      0 -22771  23405   -132      0   5486   5339 0 0 
  53.729 -23147  11642   2132  22998  11609   1086      0 -22771  23405   -132      0   5484   5334 0 0 
  53.843 -23143  11626   2123  22998  11609   1086      0 -22771  23405   -132      0   5480   5329 0 0 
  53.968 -23143  11604   2100  22985  11609   1086      0 -22771  23405   -132      0   5470   5216 0 1 
  54.082 -23136  11599   2073  22976  11609   1086      0 -22771  23405   -132      0   5454   5098 0 0 
  54.222 -23127  11626   2023  22976  11609   1086      0 -22806  23405   -132      0   5446   5110 0 0 
  54.362 -23119  11604   1983  22976  11609   1086      0 -22818  23405   -132      0   5433   5136 0 0 
  54.476 -23112  11590   1951  22976  11609   1086      0 -22818  23405   -132      0   5424   5148 0 0 
  54.590 -23108  11590   1922  22972  11609   1086      0 -22818  23405   -132      0   5418   5135 0 1 
  54.713 -23101  11615   1884  22959  11609   1086      0 -22818  23405   -132      0   5406   5046 0 1 
  54.827 -23094  11617   1834  22954  11609   1086      0 -22818  23405   -132      0   5394   4951 0 0 
  54.941 -23086  11615   1789  22954  11609   1086      0 -22818  23405   -132      0   5379   4969 0 0 
  55.066 -23076  11615   1750  22954  11609   1086      0 -22818  23405   -132      0   5374   5025 0 0 
  55.181 -23072  11604   1712  22954  11609   1086      0 -22818  23405   -132      0   5365   5043 0 0 
  55.295 -23066  11570   1680  22950  11609   1086      0 -22818  23405   -132      0   5353   5046 0 1 
  55.419 -23060  11568   1640  22937  11609   1086      0 -22818  23405   -132      0   5340   4949 0 1 
  55.534 -23050  11572   1597  22932  11609   1086      0 -22818  23405   -132      0   5327   4881 0 0 
  55.674 -23038  11613   1545  22932  11617   1562      0 -22818  23405   -295      0   5315   4951 0 0 
  55.814 -23032  11635   1491  22932  11617   1562      0 -22818  23405   -295      0   5309   4980 0 0 
  55.928 -23027  11654   1459  22932  11617   1562      0 -22818  23405   -295      0   5300   4998 0 0 
  56.051 -23020  11635   1435  22924  11617   1562      0 -22818  23405   -295      0   5293   5021 0 1 
  56.165 -23013  11606   1401  22912  11617   1562      0 -22818  23405   -295      0   5282   4892 0 1 
  56.279 -23005  11604   1360  22910  11617   1562      0 -22818  23405   -295      0   5272   4891 0 0 
  56.393 -23000  11604   1308  22910  11617   1562      0 -22818  23405   -295      0   5260   4920 0 0 
  56.517 -22994  11617   1274  22910  11617   1562      0 -22818  23405   -295      0   5253   4945 0 0 
  56.632 -22987  11631   1245  22910  11617   1562      0 -22818  23405   -295      0   5248   4965 0 0 
  56.746 -22981  11626   1216  22902  11617   1562      0 -22818  23405   -295      0   5241   4973 0 1 
  56.864 -22975  11577   1189  22890  11617   1562      0 -22818  23405   -295      0   5229   4870 0 1 
  56.978 -22969  11563   1152  22888  11617   1562      0 -22818  23405   -295      0   5216   4850 0 0 
  57.092 -22963  11568   1110  22888  11617   1562      0 -22818  23405   -295      0   5203   4874 0 0 
  57.217 -22955  11608   1080  22888  11617   1562      0 -22806  23405   -295      0   5204   4937 0 0 
  57.331 -22952  11608   1055  22888  11617   1562      0 -22795  23405   -295      0   5200   4959 0 0 
  57.444 -22946  11604   1040  22881  11617   1562      0 -22795  23405   -295      0   5195   4952 0 1 
  57.568 -22942  11590   1008  22869  11617   1562      0 -22795  23405   -295      0   5186   4862 0 1 
  57.682 -22935  11586    976  22866  11617   1562      0 -22795  23405   -295      0   5172   4828 0 0 
  57.797 -22928  11599    940  22866  11617   1562      0 -22795  23405   -295      0   5168   4876 0 0 
  57.921 -22923  11595    909  22866  11617   1562      0 -22795  23405   -295      0   5162   4910 0 0 
  58.036 -22919  11586    891  22866  11617   1562      0 -22795  23405   -295      0   5153   4929 0 0 
  58.150 -22912  11595    875  22859  11617   1562      0 -22795  23405   -295      0   5151   4930 0 1 
  58.290 -22908  11579    839  22844  11617   1562      0 -22795  23405   -295      0   5142   4849 0 1 
  58.430 -22903  11579    803  22844  11617   1562      0 -22795  23405   -295      0   5130   4812 0 0 
  58.570 -22895  11595    760  22844  11617   1562      0 -22795  23405   -295      0   5123   4838 0 0 
  58.682 -22888  11606    742  22844  11617   1562      0 -22795  23405   -295      0   5116   4882 0 0 
  58.798 -22886  11606    715  22844  11617   1562      0 -22795  23405   -295      0   5112   4935 0 0 
  58.921 -22880  11595    697  22831  11617   1562      0 -22795  23405   -295      0   5107   4844 0 1 
  59.035 -22876  11586    665  22822  11617   1562      0 -22795  23405   -295      0   5096   4756 0 0 
  59.150 -22869  11563    638  22822  11617   1562      0 -22795  23405   -295      0   5087   4767 0 0 
  59.274 -22862  11570    611  22822  11617   1562      0 -22795  23405   -295      0   5081   4814 0 0 
  59.389 -22857  11599    577  22822  11617   1562      0 -22795  23405   -295      0   5078   4862 0 0 
  59.513 -22851  11608    559  22822  11617   1562      0 -22795  23405   -295      0   5073   4890 0 0 
  59.628 -22847  11595    548  22809  11617   1562      0 -22795  23405   -295      0   5070   4839 0 1 
  59.768 -22842  11561    516  22800  11617   1562      0 -22795  23405   -295      0   5054   4734 0 0 
  59.908 -22837  11543    478  22800  11617   1562      0 -22795  23405   -295      0   5044   4762 0 0 
  60.022 -22831  11563    442  22800  11617   1562      0 -22795  23405   -295      0   5038   4798 0 0 
  60.163 -22825  11613    412  22800  11617   1562      0 -22795  23405   -295      0   5034   4833 0 0 
  60.294 -22821  11626    397  22793  11617   1562      0 -22795  23405   -295      0   5035   4818 0 1 
  60.435 -22815  11595    361  22778  11617   1562      0 -22795  23405   -295      0   5021   4687 0 1 
  60.575 -22805  11552    324  22778  11617   1562      0 -22795  23405   -295      0   5006   4699 0 0 
  60.700 -22799  11561    295  22778  11617   1562      0 -22795  23405   -295      0   5000   4721 0 0 
  60.815 -22792  11606    277  22778  11617   1562      0 -22795  23405   -295      0   5000   4793 0 0 
  60.947 -22788  11622    259  22778  11617   1562      0 -22795  23405   -295      0   4998   4825 0 0 
  61.072 -22782  11604    236  22763  11617   1562      0 -22795  23405   -295      0   4991   4759 0 1 
  61.186 -22777  11577    207  22756  11617   1562      0 -22795  23405   -295      0   4979   4677 0 0 
  61.326 -22770  11550    180  22756  11617   1562      0 -22795  23405   -295      0   4971   4720 0 0 
  61.444 -22768  11559    151  22756  11617   1562      0 -22795  23405   -295      0   4964   4724 0 0 
  61.584 -22761  11590    135  22756  11617   1562      0 -22795  23405   -295      0   4961   4778 0 0 
  61.724 -22756  11626    110  22746  11617   1562      0 -22795  23405   -295      0   4959   4760 0 1 
  61.851 -22751  11606     87  22734  11617   1562      0 -22795  23405   -295      0   4951   4655 0 1 
  61.965 -22746  11545     54  22734  11617   1562      0 -22795  23405   -295      0   4937   4632 0 0 
  62.082 -22742  11550     24  22734  11617   1562      0 -22795  23405   -295      0   4931   4659 0 0 
  62.222 -22734  11572    -12  22734  11622   -271      0 -22795  23405      0      0   4923   4693 0 0 
  62.336 -22727  11590    -19  22734  11622   -271      0 -22795  23405      0      0   4923   4748 0 0 
  62.452 -22728  11572    -39  22745  11622   -271      0 -22795  23405      0      0   4923   4819 1 0 
  62.577 -22727  11595    -37  22755  11622   -271      0 -22795  23405      0      0   4927   4968 0 0 
  62.693 -22729  11606    -25  22755  11622   -271      0 -22795  23405      0      0   4935   5028 0 0 
  62.834 -22732  11606     -3  22755  11622   -271      0 -22795  23405      0      0   4941   5026 0 0 
  62.990 -22734  11586     29  22755  11622   -271      0 -22795  23405      0      0   4946   5071 0 0 
  63.130 -22739  11572     42  22761  11622   -271      0 -22795  23405      0      0   4952   5093 1 0 
  63.272 -22745  11606     81  22776  11622   -271      0 -22795  23405      0      0   4967   5260 0 0 
  63.402 -22755  11624    128  22776  11622   -271      0 -22795  23405      0      0   4985   5275 0 0 
  63.570 -22759  11617    171  22776  11622   -271      0 -22795  23405      0      0   4995   5281 0 0 
  63.701 -22771  11595    209  22776  11622   -271      0 -22756  23405      0      0   5002   5231 0 0 
  63.841 -22777  11604    241  22783  11622   -271      0 -22717  23405      0      0   5010   5229 1 0 
  63.998 -22787  11615    297  22797  11622   -271      0 -22717  23405      0      0   5029   5387 0 0 
  64.149 -22794  11615    349  22797  11622   -271      0 -22717  23405      0      0   5042   5370 0 0 
  64.263 -22807  11597    385  22797  11622   -271      0 -22717  23405      0      0   5052   5322 0 0 
  64.378 -22812  11588    417  22797  11622   -271      0 -22717  23405      0      0   5056   5289 0 0 
  64.492 -22818  11604    451  22799  11622   -271      0 -22717  23405      0      0   5065   5267 1 0 
  64.633 -22824  11604    485  22813  11622   -271      0 -22717  23405      0      0   5075   5362 1 0 
  64.775 -22834  11617    543  22818  11629   -556      0 -22717  23405     32      0   5091   5429 0 0 
  64.916 -22844  11604    593  22818  11629   -556      0 -22717  23405     32      0   5103   5386 0 0 
  65.045 -22849  11588    638  22818  11629   -556      0 -22717  23405     32      0   5112   5385 0 0 
  65.186 -22857  11559    665  22818  11629   -556      0 -22717  23405     32      0   5114   5300 0 0 
  65.300 -22862  11586    701  22831  11629   -556      0 -22717  23405     32      0   5124   5371 1 0 
  65.425 -22871  11615    728  22839  11629   -556      0 -22717  23405     32      0   5138   5439 0 0 
  65.582 -22877  11617    778  22839  11629   -556      0 -22717  23405     32      0   5151   5419 0 0 
  65.708 -22887  11590    819  22839  11629   -556      0 -22717  23405     32      0   5158   5369 0 0 
  65.822 -22891  11586    846  22839  11629   -556      0 -22717  23405     32      0   5160   5319 0 0 
  65.938 -22897  11579    873  22845  11629   -556      0 -22717  23405     32      0   5167   5320 1 0 
  66.051 -22901  11599    900  22857  11629   -556      0 -22717  23405     32      0   5179   5442 1 0 
  66.176 -22910  11608    927  22860  11629   -556      0 -22725  23405     32      0   5186   5443 0 0 
  66.290 -22913  11624    965  22860  11629   -556      0 -22733  23405     32      0   5197   5429 0 0 
  66.415 -22919  11606    999  22860  11629   -556      0 -22733  23405     32      0   5203   5391 0 0 
  66.530 -22923  11590   1031  22860  11629   -556      0 -22733  23405     32      0   5207   5367 0 0 
  66.645 -22931  11572   1044  22866  11629   -556      0 -22733  23405     32      0   5211   5340 1 0 
  66.769 -22934  11590   1071  22878  11629   -556      0 -22733  23405     32      0   5218   5437 1 0 
  66.896 -22940  11615   1110  22881  11629   -556      0 -22733  23405     32      0   5231   5490 0 0 
  67.064 -22947  11624   1155  22881  11629   -556      0 -22733  23405     32      0   5243   5459 0 0 
  67.178 -22952  11617   1182  22881  11629   -556      0 -22733  23405     32      0   5252   5431 0 0 
  67.318 -22959  11604   1202  22883  11629   -556      0 -22733  23405     32      0   5254   5362 1 0 
  67.432 -22963  11622   1225  22894  11629   -556      0 -22733  23405     32      0   5260   5433 1 0 
  67.547 -22969  11622   1261  22902  11629   -556      0 -22733  23405     32      0   5271   5531 0 0 
  67.673 -22975  11631   1290  22902  11617    291      0 -22733  23405      0      0   5277   5492 0 0 
  67.813 -22983  11615   1324  22902  11617    291      0 -22733  23405      0      0   5286   5466 0 0 
  67.953 -22987  11615   1351  22902  11617    291      0 -22733  23405      0      0   5291   5418 0 0 
  68.085 -22987  11617   1380  22894  11617    291      0 -22733  23405      0      0   5298   5365 0 1 
  68.225 -22989  11604   1380  22882  11617    291      0 -22733  23405      0      0   5291   5224 0 1 
  68.365 -22986  11588   1365  22880  11617    291      0 -22733  23405      0      0   5282   5139 0 0 
  68.521 -22985  11586   1344  22880  11617    291      0 -22733  23405      0      0   5271   5115 0 0 
  68.653 -22981  11597   1324  22880  11617    291      0 -22733  23405      0      0   5271   5126 0 0 
  68.777 -22979  11613   1306  22873  11617    291      0 -22733  23405      0      0   5267   5068 0 1 
  68.892 -22972  11599   1283  22861  11617    291      0 -22733  23405      0      0   5257   4965 0 1 
  69.017 -22965  11579   1243  22858  11617    291      0 -22733  23405      0      0   5246   4905 0 0 
  69.131 -22958  11568   1211  22858  11617    291      0 -22733  23405      0      0   5235   4912 0 0 
  69.245 -22952  11586   1166  22858  11617    291      0 -22733  23405      0      0   5226   4932 0 0 
  69.385 -22945  11590   1139  22858  11617    291      0 -22733  23405      0      0   5217   4936 0 0 
  69.567 -22937  11590   1094  22844  11617    291      0 -22733  23405      0      0   5206   4858 0 1 
  69.683 -22931  11586   1035  22836  11617    291      0 -22733  23405      0      0   5188   4740 0 0 
  69.798 -22922  11572    992  22836  11617    291      0 -22733  23405      0      0   5177   4756 0 0 
  69.921 -22914  11570    938  22836  11617    291      0 -22733  23405      0      0   5163   4764 0 0 
  70.037 -22906  11590    900  22836  11617    291      0 -22733  23405      0      0   5152   4785 0 0 
  70.151 -22898  11615    866  22833  11617    291      0 -22733  23405      0      0   5147   4849 0 1 
  70.274 -22890  11615    830  22821  11617    291      0 -22733  23405      0      0   5137   4769 0 1 
  70.391 -22884  11588    782  22814  11617    291      0 -22733  23405      0      0   5125   4681 0 0 
  70.513 -22876  11568    737  22814  11617    291      0 -22733  23405      0      0   5112   4700 0 0 
  70.627 -22866  11579    701  22814  11617    291      0 -22733  23405      0      0   5102   4757 0 0 
  70.768 -22858  11577    649  22814  11617    291      0 -22733  23405      0      0   5090   4767 0 0 
  70.907 -22852  11597    622  22807  11617    291      0 -22733  23405      0      0   5086   4822 0 1 
  71.037 -22844  11597    577  22792  11617    291      0 -22733  23405      0      0   5074   4696 0 1 
  71.152 -22835  11572    543  22792  11617    291      0 -22748  23405      0      0   5061   4702 0 0 
  71.276 -22831  11554    503  22792  11617    291      0 -22764  23405      0      0   5049   4710 0 0 
  71.391 -22824  11561    467  22792  11617    291      0 -22764  23405      0      0   5041   4760 0 0 
  71.515 -22819  11588    433  22792  11617    291      0 -22764  23405      0      0   5040   4802 0 0 
  71.630 -22811  11606    412  22783  11617    291      0 -22764  23405      0      0   5032   4781 0 1 
  71.754 -22807  11604    379  22770  11617    291      0 -22764  23405      0      0   5027   4666 0 1 
  71.869 -22799  11588    342  22770  11617    291      0 -22764  23405      0      0   5013   4646 0 0 
  71.983 -22792  11568    315  22770  11617    291      0 -22764  23405      0      0   5007   4710 0 0 
  72.098 -22787  11570    286  22770  11617    291      0 -22764  23405      0      0   4998   4763 0 0 
  72.222 -22782  11572    259  22770  11617    291      0 -22764  23405      0      0   4994   4772 0 0 
  72.378 -22778  11599    232  22758  11617    291      0 -22764  23405      0      0   4988   4727 0 1 
  72.503 -22770  11599    205  22748  11617    291      0 -22764  23405      0      0   4979   4643 0 0 
  72.632 -22760  11586    169  22748  11617    291      0 -22764  23405      0      0   4966   4689 0 0 
  72.749 -22756  11599    133  22748  11606     99      0 -22764  23405      0      0   4964   4729 0 0 
  72.887 -22753  11599    110  22748  11606     99      0 -22764  23405      0      0   4959   4746 0 0 
  73.002 -22749  11579     87  22748  11606     99      0 -22764  23405      0      0   4954   4765 0 0 
  73.127 -22747  11579     72  22748  11606     99      0 -22764  23405      0      0   4950   4774 0 0 
  73.267 -22740  11577     65  22748  11606     99      0 -22764  23405      0      0   4949   4833 0 0 
  73.407 -22743  11590     42  22748  11606     99      0 -22764  23405      0      0   4948   4831 0 0 
  73.539 -22740  11590     33  22748  11606     99      0 -22764  23405      0      0   4946   4868 0 0 
  73.664 -22737  11579     33  22748  11606     99      0 -22764  23405      0      0   4943   4868 0 0 
  73.779 -22738  11563     36  22748  11606     99      0 -22764  23405      0      0   4943   4909 0 0 
  73.893 -22737  11559     36  22748  11606     99      0 -22764  23405      0      0   4940   4936 0 0 
  74.035 -22738  11579     36  22748  11606     99      0 -22764  23405      0      0   4944   4940 0 0 
  74.176 -22738  11595     38  22748  11606     99      0 -22754  23405      0      0   4950   4953 0 0 
  74.331 -22737  11599     60  22748  11606     99      0 -22725  23405      0      0   4954   4994 0 0 
  74.474 -22739  11570     72  22748  11606     99      0 -22725  23405      0      0   4954   5009 0 0 
  74.589 -22743  11559     74  22748  11606     99      0 -22725  23405      0      0   4954   4989 0 0 
  74.729 -22743  11568     81  22748  11606     99      0 -22725  23405      0      0   4955   4970 0 0 
  74.902 -22746  11586     99  22748  11606     99      0 -22725  23405      0      0   4962   5021 0 0 
  75.042 -22746  11572    108  22748  11606     99      0 -22725  23405      0      0   4965   5007 0 0 
  75.167 -22749  11561    110  22748  11606     99      0 -22725  23405      0      0   4968   4983 0 0 
  75.296 -22749  11563    126  22748  11606     99      0 -22725  23405      0      0   4968   4970 0 0 
  75.463 -22751  11588    128  22748  11606     99      0 -22725  23405      0      0   4972   4983 0 0 
  75.580 -22754  11577    135  22748  11606     99      0 -22725  23405      0      0   4972   4977 0 0 
  75.694 -22755  11572    137  22748  11619   -517      0 -22725  23405     32      0   4971   4987 0 0 
  75.819 -22756  11543    144  22750  11619   -517      0 -22725  23405     32      0   4973   4967 1 0 
  75.933 -22757  11536    144  22762  11619   -517      0 -22725  23405     32      0   4974   5078 1 0 
  76.048 -22762  11545    171  22769  11619   -517      0 -22725  23405     32      0   4983   5158 0 0 
  76.188 -22766  11581    196  22769  11619   -517      0 -22725  23405     32      0   4991   5146 0 0 
  76.302 -22770  11590    218  22769  11619   -517      0 -22725  23405     32      0   5000   5150 0 0 
  76.427 -22776  11577    241  22769  11619   -517      0 -22725  23405     32      0   5004   5129 0 0 
  76.583 -22780  11554    261  22776  11619   -517      0 -22725  23405     32      0   5006   5148 1 0 
  76.708 -22785  11570    282  22788  11619   -517      0 -22725  23405     32      0   5017   5243 1 0 
  76.840 -22790  11606    342  22790  11619   -517      0 -22725  23405     32      0   5035   5314 0 0 
  76.965 -22799  11595    372  22790  11619   -517      0 -22725  23405     32      0   5041   5275 0 0 
  77.079 -22805  11579    399  22790  11619   -517      0 -22725  23405     32      0   5047   5251 0 0 
  77.194 -22810  11563    424  22790  11619   -517      0 -22721  23405     32      0   5050   5207 0 0 
  77.334 -22815  11568    451  22801  11619   -517      0 -22709  23405     32      0   5059   5273 1 0 
  77.492 -22823  11586    505  22811  11619   -517      0 -22709  23405     32      0   5078   5396 0 0 
  77.617 -22833  11579    548  22811  11619   -517      0 -22709  23405     32      0   5089   5336 0 0 
  77.747 -22838  11581    584  22811  11619   -517      0 -22709  23405     32      0   5096   5306 0 0 
  77.887 -22844  11579    620  22811  11619   -517      0 -22709  23405     32      0   5102   5278 0 0 
  78.013 -22848  11586    649  22820  11619   -517      0 -22709  23405     32      0   5110   5302 1 0 
  78.129 -22856  11613    676  22832  11619   -517      0 -22709  23405     32      0   5122   5409 1 0 
  78.299 -22869  11606    728  22832  11619   -517      0 -22709  23405     32      0   5136   5366 0 0 
  78.440 -22874  11615    760  22832  11619   -517      0 -22709  23405     32      0   5143   5375 0 0 
  78.565 -22879  11590    787  22832  11619   -517      0 -22709  23405     32      0   5148   5314 0 0 
  78.680 -22884  11606    821  22836  11619   -517      0 -22709  23405     32      0   5155   5320 1 0 
  78.796 -22890  11617    841  22849  11619   -517      0 -22709  23405     32      0   5162   5387 1 0 
  78.919 -22895  11631    891  22853  11619   -517      0 -22709  23405     32      0   5176   5473 0 0 
  79.117 -22908  11597    940  22853  11619   -517      0 -22709  23405     32      0   5190   5383 0 0 
  79.247 -22911  11590    967  22853  11619   -517      0 -22709  23405     32      0   5194   5364 0 0 
  79.372 -22915  11606    995  22856  11619   -517      0 -22709  23405     32      0   5201   5356 1 0 
  79.487 -22922  11617   1013  22869  11619   -517      0 -22709  23405     32      0   5209   5435 1 0 
  79.613 -22930  11613   1055  22874  11619   -517      0 -22709  23405     32      0   5221   5468 0 0 
  79.802 -22941  11581   1103  22874  11619   -517      0 -22709  23405     32      0   5229   5407 0 0 
  79.926 -22944  11588   1137  22874  11619   -517      0 -22709  23405     32      0   5235   5383 0 0 
  80.042 -22947  11597   1155  22874  11619   -517      0 -22709  23405     32      0   5239   5363 0 0 
  80.165 -22952  11626   1173  22886  11619   -517      0 -22709  23405     32      0   5244   5427 1 0 
  80.323 -22958  11649   1211  22895  11619   -517      0 -22709  23405     32      0   5261   5512 0 0 
  80.463 -22964  11615   1270  22895  11619   -517      0 -22709  23405     32      0   5273   5518 0 0 
  80.595 -22973  11588   1292  22895  11619   -517      0 -22709  23405     32      0   5277   5435 0 0 
  80.735 -22979  11577   1317  22895  11626    307      0 -22709  23405      0      0   5279   5399 0 0 
  80.849 -22980  11572   1328  22885  11626    307      0 -22709  23405      0      0   5279   5314 0 1 
  80.975 -22980  11595   1333  22873  11626    307      0 -22709  23405      0      0   5277   5186 0 0 
  81.133 -22978  11617   1310  22873  11626    307      0 -22709  23405      0      0   5272   5139 0 0 
  81.273 -22974  11631   1301  22873  11626    307      0 -22709  23405      0      0   5269   5139 0 0 
  81.387 -22970  11615   1283  22873  11626    307      0 -22709  23405      0      0   5263   5130 0 0 
  81.527 -22967  11613   1265  22866  11626    307      0 -22709  23405      0      0   5260   5071 0 1 
  81.641 -22963  11624   1238  22854  11626    307      0 -22709  23405      0      0   5251   4955 0 1 
  81.764 -22956  11622   1193  22851  11626    307      0 -22709  23405      0      0   5236   4881 0 0 
  81.881 -22950  11608   1155  22851  11626    307      0 -22709  23405      0      0   5226   4898 0 0 
  82.036 -22940  11608   1116  22851  11626    307      0 -22709  23405      0      0   5213   4882 0 0 
  82.159 -22936  11613   1076  22851  11626    307      0 -22709  23405      0      0   5204   4909 0 0 
  82.290 -22926  11599   1037  22838  11626    307      0 -22709  23405      0      0   5191   4831 0 1 
  82.415 -22919  11577    992  22829  11626    307      0 -22709  23405      0      0   5178   4738 0 0 
  82.530 -22909  11570    947  22829  11626    307      0 -22709  23405      0      0   5166   4748 0 0 
  82.686 -22898  11608    893  22829  11626    307      0 -22737  23405      0      0   5153   4817 0 0 
  82.843 -22891  11613    848  22829  11626    307      0 -22764  23405      0      0   5146   4840 0 0 
  82.983 -22884  11613    812  22819  11626    307      0 -22764  23405      0      0   5133   4787 0 1 
  83.097 -22877  11608    755  22807  11626    307      0 -22764  23405      0      0   5121   4692 0 0 
  83.223 -22867  11590    715  22807  11626    307      0 -22764  23405      0      0   5108   4720 0 0 
  83.378 -22858  11597    658  22807  11626    307      0 -22764  23405      0      0   5096   4738 0 0 
  83.550 -22848  11606    615  22807  11626    307      0 -22764  23405      0      0   5084   4786 0 0 
  83.691 -22843  11588    586  22797  11628    629      0 -22764  23405    -33      0   5077   4790 0 1 
  83.816 -22833  11577    534  22785  11628    629      0 -22764  23405    -33      0   5060   4627 0 0 
  83.972 -22824  11586    480  22785  11628    629      0 -22764  23405    -33      0   5047   4679 0 0 
  84.103 -22815  11613    444  22785  11628    629      0 -22764  23405    -33      0   5043   4736 0 0 
  84.226 -22810  11622    399  22785  11628    629      0 -22764  23405    -33      0   5034   4795 0 0 
  84.342 -22807  11617    381  22778  11628    629      0 -22764  23405    -33      0   5031   4776 0 1 
  84.465 -22798  11597    351  22766  11628    629      0 -22764  23405    -33      0   5020   4685 0 1 
  84.580 -22791  11579    309  22763  11628    629      0 -22764  23405    -33      0   5008   4653 0 0 
  84.694 -22782  11590    291  22763  11628    629      0 -22756  23405    -33      0   5002   4718 0 0 
  84.819 -22777  11595    254  22763  11628    629      0 -22748  23405    -33      0   4994   4738 0 0 
  84.934 -22773  11613    236  22763  11628    629      0 -22748  23405    -33      0   4992   4777 0 0 
  85.050 -22770  11617    209  22758  11628    629      0 -22748  23405    -33      0   4987   4774 0 1 
  85.175 -22764  11599    196  22744  11628    629      0 -22748  23405    -33      0   4981   4706 0 1 
  85.290 -22756  11577    173  22741  11628    629      0 -22748  23405    -33      0   4970   4669 0 0 
  85.456 -22753  11586    126  22741  11628    629      0 -22748  23405    -33      0   4962   4682 0 0 
  85.601 -22745  11613     92  22741  11628    629      0 -22748  23405    -33      0   4956   4764 0 0 
  85.743 -22739  11635     74  22741  11625    -21      0 -22748  23405      0      0   4957   4791 0 0 
  85.883 -22735  11635     63  22741  11625    -21      0 -22748  23405      0      0   4956   4817 0 0 
  86.023 -22732  11624     51  22741  11625    -21      0 -22748  23405      0      0   4952   4839 0 0 
  86.138 -22732  11590     42  22741  11625    -21      0 -22748  23405      0      0   4947   4862 0 0 
  86.295 -22733  11570     38  22741  11625    -21      0 -22748  23405      0      0   4946   4907 0 0 
  86.436 -22733  11568     38  22741  11625    -21      0 -22748  23405      0      0   4944   4902 0 0 
  86.550 -22729  11579     38  22741  11625    -21      0 -22748  23405      0      0   4947   4955 0 0 
  86.691 -22734  11563     38  22741  11625    -21      0 -22748  23405      0      0   4945   4932 0 0 
*** End ***
