 *** ZZT:Watch ***
File: D:\ZZT\Watch_ZAKUCA1A-ZAKUCA1A_059.log
Computer: INEM1332-NB; User: anto.maric
Connection: Telnet 192.168.0.11:23
Target: D105OSCZ; Application: ZAKUCA1A-ZAKUCA1A
Start time: 21.2.2025. 12:40:36

Signals: 14
 1.    VGACT int16
 2.     PACT int16
 3.     QACT int16
 4.    VGREF int16
 5.    PACTH int16
 6.    QACTH int16
 7.    QHREF int16
 8.    VHACT int16
 9.    VHREF int16
10.  COSPHIH int16
11.  COSHREF int16
12.    IFACT int16
13.    UFACT int16
14.    QHINC log16

Data:
   0.024 -22866  11597    782  22817  11629   -444      0 -22694  23405     32      0   5143   5188 
   0.477 -22879  11613    855  22827  11629   -444      0 -22717  23405     32      0   5163   5249 0 
   0.591 -22879  11613    873  22827  11629   -444      0 -22717  23405     32      0   5167   5235 0 
   0.706 -22884  11604    882  22834  11629   -444      0 -22717  23405     32      0   5168   5247 1 
   0.831 -22888  11613    891  22838  11629   -444      0 -22717  23405     32      0   5175   5300 0 
   0.945 -22891  11631    911  22838  11629   -444      0 -22717  23405     32      0   5181   5279 0 
   1.059 -22893  11631    927  22838  11629   -444      0 -22717  23405     32      0   5183   5275 0 
   1.184 -22896  11622    945  22838  11609    127      0 -22717  23405      0      0   5186   5222 0 
   1.313 -22898  11613    954  22838  11609    127      0 -22717  23405      0      0   5188   5208 0 
   1.438 -22901  11622    956  22838  11609    127      0 -22717  23405      0      0   5189   5217 0 
   1.578 -22902  11631    963  22838  11609    127      0 -22717  23405      0      0   5192   5194 0 
   1.693 -22901  11631    967  22838  11609    127      0 -22717  23405      0      0   5190   5185 0 
   1.807 -22901  11631    981  22838  11609    127      0 -22717  23405      0      0   5194   5198 0 
   1.931 -22904  11613    981  22838  11609    127      0 -22717  23405      0      0   5191   5156 0 
   2.044 -22906  11613    974  22838  11609    127      0 -22717  23405      0      0   5190   5169 0 
   2.158 -22904  11622    972  22838  11609    127      0 -22717  23405      0      0   5191   5143 0 
   2.282 -22904  11631    965  22838  11609    127      0 -22717  23405      0      0   5188   5149 0 
   2.397 -22904  11645    963  22838  11609    127      0 -22717  23405      0      0   5190   5132 0 
   2.511 -22902  11645    965  22838  11609    127      0 -22717  23405      0      0   5189   5146 0 
   2.636 -22904  11640    958  22838  11609    127      0 -22717  23405      0      0   5191   5135 0 
   2.751 -22901  11613    963  22838  11609    127      0 -22717  23405      0      0   5187   5117 0 
   3.311 -22902  11581    956  22838  11609    127      0 -22717  23405      0      0   5184   5140 0 
   3.425 -22901  11615    931  22838  11609    127      0 -22733  23405      0      0   5179   5084 0 
   3.540 -22901  11613    922  22838  11609    127      0 -22733  23405      0      0   5177   5071 0 
   3.654 -22899  11622    922  22838  11609    127      0 -22733  23405      0      0   5177   5107 0 
   3.779 -22899  11606    918  22838  11609    127      0 -22733  23405      0      0   5175   5105 0 
   3.908 -22898  11597    909  22838  11609    127      0 -22733  23405      0      0   5173   5085 0 
   4.033 -22898  11595    893  22838  11609    127      0 -22733  23405      0      0   5167   5050 0 
   4.147 -22897  11613    891  22838  11647    416      0 -22733  23405    -33      0   5168   5089 0 
   4.262 -22895  11617    884  22838  11647    416      0 -22733  23405    -33      0   5165   5077 0 
   4.386 -22893  11615    875  22829  11647    416      0 -22733  23405    -33      0   5161   5041 0 
   4.500 -22889  11604    859  22826  11647    416      0 -22733  23405    -33      0   5158   4964 0 
   4.614 -22888  11606    839  22826  11647    416      0 -22733  23405    -33      0   5151   4980 0 
   4.737 -22885  11588    828  22826  11647    416      0 -22733  23405    -33      0   5146   4975 0 
   4.851 -22881  11588    814  22826  11647    416      0 -22733  23405    -33      0   5143   4994 0 
   4.976 -22880  11595    794  22819  11647    416      0 -22733  23405    -33      0   5140   4987 0 
   5.090 -22875  11579    785  22814  11647    416      0 -22733  23405    -33      0   5132   4893 0 
   5.204 -22873  11579    749  22814  11647    416      0 -22733  23405    -33      0   5123   4889 0 
   5.329 -22868  11597    724  22814  11647    416      0 -22733  23405    -33      0   5120   4916 0 
   5.443 -22863  11613    710  22814  11647    416      0 -22733  23405    -33      0   5117   4933 0 
   5.598 -22858  11617    685  22807  11647    416      0 -22733  23405    -33      0   5114   4921 0 
   5.738 -22854  11622    656  22802  11647    416      0 -22739  23405    -33      0   5106   4860 0 
   5.852 -22849  11608    631  22802  11647    416      0 -22740  23405    -33      0   5097   4848 0 
   5.975 -22844  11588    620  22802  11647    416      0 -22740  23405    -33      0   5091   4887 0 
   6.089 -22843  11579    593  22802  11647    416      0 -22740  23405    -33      0   5084   4913 0 
   6.203 -22840  11590    579  22795  11647    416      0 -22740  23405    -33      0   5083   4881 0 
   6.328 -22834  11622    552  22790  11647    416      0 -22740  23405    -33      0   5076   4838 0 
   6.443 -22830  11613    530  22790  11647    416      0 -22740  23405    -33      0   5070   4827 0 
   6.557 -22824  11613    512  22790  11647    416      0 -22740  23405    -33      0   5066   4856 0 
   6.681 -22824  11606    485  22790  11625    329      0 -22740  23405      0      0   5058   4861 0 
   6.794 -22818  11581    469  22785  11625    329      0 -22740  23405      0      0   5054   4860 0 
   6.910 -22813  11577    449  22778  11625    329      0 -22740  23405      0      0   5048   4813 0 
   7.051 -22811  11577    421  22778  11625    329      0 -22740  23405      0      0   5039   4811 0 
   7.176 -22804  11608    399  22778  11625    329      0 -22740  23405      0      0   5036   4851 0 
   7.290 -22800  11615    379  22778  11625    329      0 -22740  23405      0      0   5032   4858 0 
   7.405 -22798  11624    367  22774  11625    329      0 -22740  23405      0      0   5033   4893 0 
   7.530 -22793  11613    349  22766  11625    329      0 -22740  23405      0      0   5026   4805 0 
   7.660 -22789  11586    336  22766  11625    329      0 -22740  23405      0      0   5020   4819 0 
   7.784 -22787  11570    309  22766  11625    329      0 -22740  23405      0      0   5012   4829 0 
   7.901 -22782  11588    295  22766  11625    329      0 -22740  23405      0      0   5011   4869 0 
   8.041 -22779  11613    279  22761  11625    329      0 -22740  23405      0      0   5009   4850 0 
   8.156 -22777  11608    250  22754  11625    329      0 -22740  23405      0      0   4999   4778 0 
   8.281 -22771  11613    234  22754  11625    329      0 -22740  23405      0      0   4997   4815 0 
   8.436 -22768  11595    216  22754  11625    329      0 -22740  23405      0      0   4989   4824 0 
   8.551 -22765  11604    200  22754  11625    329      0 -22740  23405      0      0   4989   4841 0 
   8.677 -22760  11599    191  22745  11625    329      0 -22740  23405      0      0   4987   4825 0 
   8.791 -22757  11579    171  22742  11625    329      0 -22740  23405      0      0   4975   4775 0 
   8.907 -22755  11586    151  22742  11625    329      0 -22740  23405      0      0   4972   4766 0 
   9.048 -22751  11590    135  22742  11625    329      0 -22740  23405      0      0   4970   4803 0 
   9.204 -22747  11622    110  22742  11625    329      0 -22733  23405      0      0   4966   4815 0 
   9.344 -22742  11635    106  22730  11625    329      0 -22725  23405      0      0   4963   4773 0 
   9.460 -22738  11581     81  22730  11625    329      0 -22725  23405      0      0   4955   4768 0 
   9.585 -22736  11561     72  22730  11625    329      0 -22725  23405      0      0   4949   4770 0 
   9.700 -22735  11552     45  22730  11625    329      0 -22725  23405      0      0   4945   4777 0 
   9.826 -22728  11568     45  22728  11625    329      0 -22725  23405      0      0   4943   4841 0 
   9.940 -22727  11586     24  22718  11625    329      0 -22725  23405      0      0   4940   4775 0 
  10.054 -22723  11595      6  22718  11625    329      0 -22725  23405      0      0   4936   4750 0 
  10.179 -22722  11599    -12  22718  11625    329      0 -22725  23405      0      0   4930   4752 0 
  10.294 -22718  11595    -28  22718  11625    329      0 -22725  23405      0      0   4929   4754 0 
  10.408 -22714  11588    -37  22718  11625    329      0 -22725  23405      0      0   4925   4799 0 
  10.574 -22713  11588    -64  22706  11625    329      0 -22725  23405      0      0   4920   4688 0 
  10.688 -22705  11606    -93  22706  11632   -311      0 -22725  23405      0      0   4911   4685 0 
  10.803 -22701  11604   -109  22706  11632   -311      0 -22725  23405      0      0   4907   4725 0 
  10.928 -22699  11588   -129  22706  11632   -311      0 -22725  23405      0      0   4902   4734 0 
  11.044 -22696  11559   -136  22707  11632   -311      0 -22725  23405      0      0   4899   4748 1 
  11.160 -22695  11545   -147  22717  11632   -311      0 -22725  23405      0      0   4897   4862 0 
  11.285 -22696  11572   -147  22717  11632   -311      0 -22725  23405      0      0   4902   4910 0 
  11.399 -22695  11579   -136  22717  11632   -311      0 -22725  23405      0      0   4904   4917 0 
  11.513 -22698  11581   -134  22717  11632   -311      0 -22725  23405      0      0   4908   4915 0 
  11.656 -22698  11577   -129  22717  11632   -311      0 -22725  23405      0      0   4908   4898 0 
  11.796 -22701  11563   -116  22728  11632   -311      0 -22725  23405      0      0   4911   5014 0 
  11.952 -22705  11590    -91  22728  11632   -311      0 -22725  23405      0      0   4919   5034 0 
  12.092 -22709  11597    -79  22728  11632   -311      0 -22725  23405      0      0   4926   5034 0 
  12.206 -22714  11590    -64  22728  11632   -311      0 -22725  23405      0      0   4929   5016 0 
  12.364 -22716  11586    -37  22737  11632   -311      0 -22725  23405      0      0   4936   5086 1 
  12.489 -22723  11588    -19  22739  11632   -311      0 -22725  23405      0      0   4943   5107 0 
  12.604 -22726  11586      9  22739  11632   -311      0 -22725  23405      0      0   4947   5103 0 
  12.728 -22731  11581     36  22739  11632   -311      0 -22702  23405      0      0   4953   5107 0 
  12.843 -22735  11579     56  22739  11632   -311      0 -22694  23405      0      0   4961   5080 0 
  12.957 -22738  11579     74  22747  11632   -311      0 -22694  23405      0      0   4965   5117 1 
  13.080 -22742  11586     99  22750  11632   -311      0 -22694  23405      0      0   4972   5140 0 
  13.196 -22748  11586    115  22750  11632   -311      0 -22694  23405      0      0   4975   5121 0 
  13.312 -22753  11579    135  22750  11632   -311      0 -22694  23405      0      0   4982   5101 0 
  13.452 -22754  11595    160  22750  11632   -311      0 -22694  23405      0      0   4986   5095 0 
  13.577 -22759  11588    178  22759  11619   -689      0 -22694  23405     65      0   4994   5139 1 
*** End ***
