 *** ZZT:Watch ***
File: D:\ZZT\Watch_ZAKUCA1A-ZAKUCA1A_055.log
Computer: INEM1332-NB; User: anto.maric
Connection: Telnet 192.168.0.11:23
Target: D105OSCZ; Application: ZAKUCA1A-ZAKUCA1A
Start time: 21.2.2025. 12:23:09

Signals: 13
 1.    VGACT int16
 2.     PACT int16
 3.     QACT int16
 4.    VGREF int16
 5.    PACTH int16
 6.    QACTH int16
 7.    QHREF int16
 8.    VHACT int16
 9.    VHREF int16
10.  COSPHIH int16
11.  COSHREF int16
12.    IFACT int16
13.    UFACT int16

Data:
   0.654 -22748  11586    133  22740  11638   -483   -483 -22702  22702     32     32   4968   4931 
   0.837 -22749  11570    137  22740  11638   -483   -483 -22702  22702     32     32   4969   4939 
   0.952 -22749  11572    135  22740  11638   -483   -483 -22702  22702     32     32   4968   4924 
   1.092 -22748  11581    137  22740  11638   -483   -483 -22702  22702     32     32   4968   4913 
   1.206 -22749  11595    128  22740  11638   -483   -483 -22702  22702     32     32   4966   4906 
   1.320 -22749  11581    124  22740  11638   -483   -483 -22702  22702     32     32   4966   4920 
   1.443 -22746  11581    135  22740  11638   -483   -483 -22702  22702     32     32   4966   4952 
   1.558 -22748  11579    124  22740  11638   -483   -483 -22702  22702     32     32   4965   4904 
   1.673 -22748  11581    124  22740  11638   -483   -483 -22702  22702     32     32   4966   4905 
   2.200 -22747  11606    119  22740  11638   -483   -483 -22702  22702     32     32   4967   4931 
   2.321 -22747  11577    128  22740  11638   -483   -483 -22702  22702     32     32   4963   4937 
   2.462 -22744  11597    137  22740  11638   -483   -483 -22702  22702     32     32   4968   4939 
   2.577 -22747  11595    128  22740  11638   -483   -483 -22702  22702     32     32   4969   4925 
   2.717 -22748  11581    133  22740  11638   -483   -483 -22702  22702     32     32   4967   4949 
   2.857 -22748  11572    128  22740  11638   -483   -483 -22702  22702     32     32   4963   4934 
   2.999 -22748  11586    133  22740  11638   -483   -483 -22702  22702     32     32   4966   4937 
   3.114 -22749  11595    124  22740  11638   -483   -483 -22702  22702     32     32   4965   4903 
   3.255 -22747  11597    128  22740  11638   -483   -483 -22702  22702     32     32   4970   4925 
   3.369 -22749  11588    124  22740  11626   -423   -423 -22702  22702     32     32   4968   4905 
   3.511 -22746  11617    128  22740  11626   -423   -423 -22702  22702     32     32   4970   4925 
   3.625 -22748  11617    124  22740  11626   -423   -423 -22702  22702     32     32   4969   4926 
   3.765 -22747  11622    124  22740  11626   -423   -423 -22702  22702     32     32   4970   4920 
   3.890 -22747  11608    119  22740  11626   -423   -423 -22702  22702     32     32   4970   4941 
   4.021 -22747  11579    126  22740  11626   -423   -423 -22702  22702     32     32   4967   4923 
   4.147 -22748  11590    117  22740  11626   -423   -423 -22702  22702     32     32   4963   4894 
*** End ***
