 *** ZZT:Watch ***
File: D:\ZZT\Watch_ZAKUCA1A-ZAKUCA1A_074.log
Computer: INEM1332-NB; User: anto.maric
Connection: Telnet 192.168.0.11:23
Target: D105OSCZ; Application: ZAKUCA1A-ZAKUCA1A
Start time: 21.2.2025. 14:06:21

Signals: 14
 1.    VGACT int16
 2.     PACT int16
 3.     QACT int16
 4.    VGREF int16
 5.    PACTH int16
 6.    QACTH int16
 7.    QHREF int16
 8.    VHACT int16
 9.    VHREF int16
10.  COSPHIH int16
11.  COSHREF int16
12.    IFACT int16
13.    UFACT int16
14.    QHDEC log16

Data:
   0.452 -22903  11516    458  22874  11550    -68      0 -22810  23405      0      0   5050   5068 0 
   0.566 -22901  11514    458  22874  11550    -68      0 -22810  23405      0      0   5050   5085 0 
   0.691 -22903  11532    451  22874  11550    -68      0 -22810  23405      0      0   5050   5058 0 
   0.805 -22902  11527    453  22874  11550    -68      0 -22810  23405      0      0   5050   5083 0 
   0.945 -22901  11518    458  22874  11550    -68      0 -22810  23405      0      0   5050   5099 0 
   1.085 -22903  11473    458  22874  11550    -68      0 -22810  23405      0      0   5048   5078 0 
   1.199 -22901  11471    460  22874  11550    -68      0 -22810  23405      0      0   5046   5079 0 
   1.314 -22902  11496    458  22874  11550    -68      0 -22810  23405      0      0   5050   5096 0 
   1.439 -22902  11523    451  22874  11550    -68      0 -22810  23405      0      0   5049   5077 0 
   1.553 -22901  11523    449  22874  11550    -68      0 -22810  23405      0      0   5048   5062 0 
   1.667 -22901  11527    451  22874  11550    -68      0 -22810  23405      0      0   5050   5081 0 
   1.791 -22899  11523    460  22874  11550    -68      0 -22810  23405      0      0   5052   5097 0 
   1.904 -22901  11489    458  22874  11550    -68      0 -22810  23405      0      0   5048   5090 0 
   2.018 -22901  11496    453  22874  11550    -68      0 -22810  23405      0      0   5048   5085 0 
   2.143 -22901  11491    458  22874  11550    -68      0 -22810  23405      0      0   5048   5092 0 
   2.257 -22900  11500    460  22874  11550    -68      0 -22810  23405      0      0   5051   5094 0 
   2.847 -22901  11496    458  22874  11550    -68      0 -22810  23405      0      0   5049   5115 0 
   2.963 -22903  11480    458  22874  11535    -81      0 -22810  23405      0      0   5050   5079 0 
   3.112 -22903  11469    458  22874  11535    -81      0 -22810  23405      0      0   5044   5080 0 
   3.236 -22906  11446    453  22874  11535    -81      0 -22810  23405      0      0   5043   5065 0 
   3.351 -22902  11453    460  22874  11535    -81      0 -22810  23405      0      0   5041   5063 0 
   3.466 -22901  11496    458  22874  11535    -81      0 -22810  23405      0      0   5048   5086 0 
   3.591 -22901  11500    460  22874  11535    -81      0 -22810  23405      0      0   5050   5066 0 
   3.705 -22903  11514    451  22874  11535    -81      0 -22810  23405      0      0   5048   5075 0 
   3.819 -22902  11482    453  22874  11535    -81      0 -22810  23405      0      0   5044   5062 0 
   3.943 -22902  11471    451  22874  11535    -81      0 -22810  23405      0      0   5046   5073 0 
   4.056 -22903  11455    451  22874  11535    -81      0 -22810  23405      0      0   5045   5050 0 
   4.180 -22901  11478    458  22874  11535    -81      0 -22810  23405      0      0   5045   5064 0 
   4.295 -22900  11518    453  22874  11535    -81      0 -22810  23405      0      0   5045   5109 0 
   4.409 -22900  11523    458  22874  11535    -81      0 -22810  23405      0      0   5048   5103 0 
   4.533 -22902  11498    453  22874  11535    -81      0 -22810  23405      0      0   5050   5086 0 
*** End ***
