 *** ZZT:Watch ***
File: D:\ZZT\Watch_ZAKUCA1A-ZAKUCA1A_008.log
Computer: INEM1332-NB; User: anto.maric
Connection: Telnet 192.168.0.11:23
Target: D105OSCZ; Application: ZAKUCA1A-ZAKUCA1A
Start time: 21.2.2025. 10:55:47

Signals: 15
 1.    VGACT int16
 2.     PACT int16
 3.     QACT int16
 4.    VGREF int16
 5.    PACTH int16
 6.    QACTH int16
 7.    QHREF int16
 8.    VHACT int16
 9.    VHREF int16
10.  COSPHIH int16
11.  COSHREF int16
12.    IFACT int16
13.    UFACT int16
14. OEXLIMON log16
15. QACTHMAX log16

Data:
   1.421 -24243  11633   8465  23746  11512   7609   7609 -23073  23073  -5439  -5439   7050   6956 1 1 
   1.546 -24243  11645   8459  23746  11512   7609   7609 -23073  23073  -5439  -5439   7049   6951 1 1 
   1.662 -24243  11678   8454  23746  11497   7615   7609 -23073  23073  -5439  -5439   7051   6947 1 1 
   1.778 -24242  11678   8459  23746  11497   7615   7615 -23073  23073  -5439  -5439   7051   6966 1 1 
   1.929 -24242  11645   8454  23746  11497   7615   7615 -23073  23073  -5439  -5439   7049   6957 1 1 
   2.044 -24242  11635   8456  23746  11497   7615   7615 -23073  23073  -5439  -5439   7047   6966 1 1 
   2.175 -24242  11649   8454  23746  11497   7615   7615 -23073  23073  -5439  -5439   7048   6967 1 1 
   2.300 -24242  11667   8454  23746  11497   7615   7615 -23073  23073  -5439  -5439   7047   6952 1 1 
   2.415 -24240  11663   8450  23746  11497   7615   7615 -23073  23073  -5439  -5439   7048   6964 1 1 
   2.530 -24242  11654   8454  23746  11497   7615   7615 -23073  23073  -5439  -5439   7050   6962 1 1 
   2.670 -24238  11645   8456  23746  11497   7615   7615 -23073  23073  -5439  -5439   7047   6973 1 1 
   2.810 -24242  11645   8454  23746  11497   7615   7615 -23073  23073  -5439  -5439   7047   6946 1 1 
   2.950 -24239  11635   8454  23746  11497   7615   7615 -23073  23073  -5439  -5439   7048   6968 1 1 
   3.092 -24242  11635   8445  23746  11497   7615   7615 -23073  23073  -5439  -5439   7046   6962 1 1 
   3.222 -24242  11663   8445  23746  11497   7615   7615 -23073  23073  -5439  -5439   7044   6966 1 1 
   3.347 -24242  11672   8438  23746  11497   7615   7615 -23073  23073  -5439  -5439   7044   6940 1 1 
   3.462 -24240  11676   8438  23746  11497   7615   7615 -23073  23073  -5439  -5439   7046   6971 1 1 
   3.577 -24237  11645   8447  23746  11497   7615   7615 -23073  23073  -5439  -5439   7047   7008 1 1 
   3.702 -24229  11624   8528  23746  11497   7615   7615 -23073  23073  -5439  -5439   7061   7160 1 1 
   3.818 -24235  11642   8531  23746  11497   7615   7615 -23073  23073  -5439  -5439   7069   7118 1 1 
   3.958 -24242  11658   8528  23746  11497   7615   7615 -23073  23073  -5439  -5439   7068   7041 1 1 
   4.073 -24245  11622   8531  23746  11497   7615   7615 -23073  23073  -5439  -5439   7066   7006 1 1 
   4.239 -24247  11645   8526  23746  11499   7602   7602 -23073  23073  -5439  -5439   7066   6991 1 1 
   4.369 -24248  11658   8519  23746  11499   7602   7602 -23073  23073  -5439  -5439   7065   6975 1 1 
   4.494 -24247  11663   8517  23746  11499   7602   7602 -23073  23073  -5439  -5439   7066   6964 1 1 
   4.608 -24248  11642   8513  23746  11499   7602   7602 -23073  23073  -5439  -5439   7060   6946 1 1 
   4.725 -24247  11645   8510  23746  11499   7602   7602 -23073  23073  -5439  -5439   7057   6939 1 1 
   4.866 -24246  11649   8504  23746  11499   7602   7602 -23073  23073  -5439  -5439   7058   6960 1 1 
   5.006 -24246  11651   8504  23746  11499   7602   7602 -23073  23073  -5439  -5439   7059   6970 1 1 
   5.163 -24246  11649   8499  23746  11499   7602   7602 -23073  23073  -5439  -5439   7054   6963 1 1 
   5.278 -24245  11663   8495  23746  11499   7602   7602 -23073  23073  -5439  -5439   7059   6958 1 1 
   5.419 -24244  11678   8495  23746  11499   7602   7602 -23073  23073  -5439  -5439   7057   6956 1 1 
   5.544 -24244  11669   8490  23746  11499   7602   7602 -23073  23073  -5439  -5439   7058   6951 1 1 
   5.658 -24244  11660   8490  23746  11499   7602   7602 -23071  23071  -5439  -5439   7057   6968 1 1 
   5.799 -24245  11645   8474  23746  11499   7602   7602 -23065  23067  -5439  -5439   7051   6955 1 1 
   5.928 -24244  11660   8474  23746  11499   7602   7602 -23065  23065  -5439  -5439   7051   6955 1 1 
   6.053 -24244  11676   8472  23746  11499   7602   7602 -23065  23065  -5439  -5439   7055   6962 1 1 
   6.167 -24244  11687   8468  23746  11499   7602   7602 -23065  23065  -5439  -5439   7053   6958 1 1 
   6.292 -24242  11678   8468  23746  11499   7602   7602 -23065  23065  -5439  -5439   7055   6984 1 1 
   6.407 -24244  11631   8459  23746  11499   7602   7602 -23065  23065  -5439  -5439   7049   6930 1 1 
   6.523 -24244  11631   8454  23746  11499   7602   7602 -23065  23065  -5439  -5439   7048   6935 1 1 
   6.646 -24242  11651   8447  23746  11502   7640   7602 -23065  23065  -5471  -5439   7046   6941 1 1 
   6.762 -24242  11678   8438  23746  11502   7640   7640 -23065  23065  -5471  -5471   7047   6953 1 1 
   6.877 -24237  11694   8445  23746  11502   7640   7640 -23065  23065  -5471  -5471   7048   6975 1 1 
   7.022 -24240  11669   8440  23746  11502   7640   7640 -23065  23065  -5471  -5471   7047   6949 1 1 
   7.192 -24242  11608   8440  23746  11502   7640   7640 -23065  23065  -5471  -5471   7043   6947 1 1 
   7.306 -24242  11622   8438  23746  11502   7640   7640 -23065  23065  -5471  -5471   7043   6954 1 1 
   7.422 -24240  11642   8438  23746  11502   7640   7640 -23065  23065  -5471  -5471   7044   6967 1 1 
   7.548 -24239  11672   8436  23746  11502   7640   7640 -23065  23065  -5471  -5471   7040   6970 1 1 
   7.663 -24238  11676   8436  23746  11502   7640   7640 -23065  23065  -5471  -5471   7047   6973 1 1 
   7.778 -24238  11649   8438  23746  11502   7640   7640 -23065  23065  -5471  -5471   7045   6977 1 1 
   7.902 -24239  11615   8440  23746  11502   7640   7640 -23065  23065  -5471  -5471   7043   6962 1 1 
   8.017 -24238  11624   8447  23746  11502   7640   7640 -23065  23065  -5471  -5471   7044   6977 1 1 
   8.142 -24239  11642   8447  23746  11502   7640   7640 -23065  23065  -5471  -5471   7047   6986 1 1 
   8.257 -24240  11667   8447  23746  11502   7640   7640 -23065  23065  -5471  -5471   7047   6984 1 1 
   8.769 -24239  11672   8454  23746  11502   7640   7640 -23065  23065  -5471  -5471   7048   6993 1 1 
   8.876 -24242  11624   8474  23746  11502   7640   7640 -23073  23073  -5471  -5471   7051   6982 1 1 
   9.001 -24242  11649   8472  23746  11502   7640   7640 -23073  23073  -5471  -5471   7052   6988 1 1 
   9.117 -24242  11667   8472  23746  11502   7640   7640 -23073  23073  -5471  -5471   7053   6974 1 1 
   9.242 -24239  11660   8477  23746  11502   7640   7640 -23073  23073  -5471  -5471   7055   6996 1 1 
   9.355 -24243  11651   8474  23746  11502   7640   7640 -23073  23073  -5471  -5471   7054   6965 1 1 
   9.471 -24242  11654   8477  23746  11502   7640   7640 -23073  23073  -5471  -5471   7055   6970 1 1 
   9.613 -24244  11649   8472  23746  11487   7596   7640 -23073  23073  -5439  -5471   7052   6964 1 1 
   9.753 -24243  11651   8472  23746  11487   7596   7596 -23073  23073  -5439  -5439   7049   6971 1 1 
   9.869 -24242  11624   8474  23746  11487   7596   7596 -23073  23073  -5439  -5439   7051   6972 1 1 
   9.994 -24244  11642   8463  23746  11487   7596   7596 -23073  23073  -5439  -5439   7051   6961 1 1 
  10.124 -24243  11654   8465  23746  11487   7596   7596 -23073  23073  -5439  -5439   7051   6980 1 1 
  10.249 -24242  11678   8465  23746  11487   7596   7596 -23073  23073  -5439  -5439   7052   6968 1 1 
  10.364 -24242  11667   8465  23746  11487   7596   7596 -23073  23073  -5439  -5439   7053   6974 1 1 
  10.479 -24242  11649   8472  23746  11487   7596   7596 -23073  23073  -5439  -5439   7051   6974 1 1 
  10.603 -24243  11615   8472  23746  11487   7596   7596 -23073  23073  -5439  -5439   7045   6967 1 1 
  10.717 -24243  11624   8465  23746  11487   7596   7596 -23073  23073  -5439  -5439   7049   6964 1 1 
  10.840 -24242  11640   8463  23746  11487   7596   7596 -23073  23073  -5439  -5439   7047   6976 1 1 
  10.954 -24243  11649   8459  23746  11487   7596   7596 -23073  23073  -5439  -5439   7048   6953 1 1 
  11.068 -24240  11645   8459  23746  11487   7596   7596 -23073  23073  -5439  -5439   7046   6957 1 1 
  11.208 -24243  11642   8456  23746  11487   7596   7596 -23073  23073  -5439  -5439   7046   6937 1 1 
  11.348 -24243  11663   8445  23746  11487   7596   7596 -23073  23073  -5439  -5439   7049   6945 1 1 
  11.463 -24242  11658   8450  23746  11487   7596   7596 -23073  23073  -5439  -5439   7048   6965 1 1 
  11.577 -24242  11645   8445  23746  11487   7596   7596 -23073  23073  -5439  -5439   7047   6964 1 1 
  11.702 -24242  11645   8440  23746  11487   7596   7596 -23073  23073  -5439  -5439   7046   6957 1 1 
  11.816 -24240  11633   8440  23746  11487   7596   7596 -23073  23073  -5439  -5439   7041   6954 1 1 
  11.941 -24240  11633   8436  23746  11487   7596   7596 -23073  23073  -5439  -5439   7040   6953 1 1 
  12.055 -24242  11626   8438  23746  11487   7596   7596 -23073  23073  -5439  -5439   7044   6969 1 1 
  12.169 -24242  11640   8431  23746  11490   7616   7616 -23073  23073  -5439  -5439   7038   6949 1 1 
  12.292 -24239  11685   8431  23746  11490   7616   7616 -23073  23073  -5439  -5439   7045   6974 1 1 
  12.406 -24240  11685   8431  23746  11490   7616   7616 -23073  23073  -5439  -5439   7046   6965 1 1 
  12.520 -24239  11690   8431  23746  11490   7616   7616 -23073  23073  -5439  -5439   7046   6974 1 1 
  12.645 -24239  11676   8438  23746  11490   7616   7616 -23073  23073  -5439  -5439   7044   6980 1 1 
  12.759 -24240  11658   8431  23746  11490   7616   7616 -23073  23073  -5439  -5439   7045   6973 1 1 
  12.873 -24238  11649   8445  23746  11490   7616   7616 -23073  23073  -5439  -5439   7047   6982 1 1 
  12.998 -24242  11622   8436  23746  11490   7616   7616 -23073  23073  -5439  -5439   7043   6955 1 1 
  13.139 -24242  11649   8436  23746  11490   7616   7616 -23073  23073  -5439  -5439   7044   6945 1 1 
  13.271 -24240  11669   8431  23746  11490   7616   7616 -23073  23073  -5439  -5439   7043   6953 1 1 
  13.412 -24238  11705   8431  23746  11490   7616   7616 -23073  23073  -5439  -5439   7044   6979 1 1 
  13.526 -24238  11705   8431  23746  11490   7616   7616 -23073  23073  -5439  -5439   7046   6985 1 1 
  13.653 -24240  11667   8429  23746  11490   7616   7616 -23073  23073  -5439  -5439   7045   6976 1 1 
  13.768 -24242  11622   8431  23746  11490   7616   7616 -23073  23073  -5439  -5439   7042   6973 1 1 
  13.893 -24242  11615   8427  23746  11490   7616   7616 -23073  23073  -5439  -5439   7038   6942 1 1 
  14.023 -24240  11660   8431  23746  11490   7616   7616 -23073  23073  -5439  -5439   7039   6947 1 1 
  14.189 -24239  11717   8422  23746  11500   7586   7616 -23073  23073  -5406  -5439   7047   6965 1 1 
  14.304 -24239  11690   8429  23746  11500   7586   7586 -23073  23073  -5406  -5406   7046   6957 1 1 
  14.420 -24239  11642   8431  23746  11500   7586   7586 -23073  23073  -5406  -5406   7044   6974 1 1 
  14.545 -24242  11590   8427  23746  11500   7586   7586 -23073  23073  -5406  -5406   7037   6930 1 1 
  14.659 -24240  11608   8420  23746  11500   7586   7586 -23073  23073  -5406  -5406   7038   6962 1 1 
  14.774 -24239  11640   8429  23746  11500   7586   7586 -23073  23073  -5406  -5406   7038   6960 1 1 
  14.914 -24238  11687   8422  23746  11500   7586   7586 -23073  23073  -5406  -5406   7041   6953 1 1 
  15.029 -24240  11681   8422  23746  11500   7586   7586 -23073  23073  -5406  -5406   7039   6956 1 1 
  15.153 -24240  11649   8413  23746  11500   7586   7586 -23073  23073  -5406  -5406   7038   6951 1 1 
  15.310 -24240  11640   8411  23746  11500   7586   7586 -23073  23073  -5406  -5406   7038   6954 1 1 
  15.426 -24240  11654   8411  23746  11500   7586   7586 -23073  23073  -5406  -5406   7037   6949 1 1 
  15.551 -24240  11663   8402  23746  11500   7586   7586 -23073  23073  -5406  -5406   7038   6945 1 1 
  15.665 -24239  11676   8404  23746  11500   7586   7586 -23073  23073  -5406  -5406   7038   6929 1 1 
  15.791 -24238  11678   8402  23746  11500   7586   7586 -23073  23073  -5406  -5406   7039   6941 1 1 
  15.905 -24236  11663   8411  23746  11500   7586   7586 -23073  23073  -5406  -5406   7038   6953 1 1 
  16.019 -24237  11654   8404  23746  11500   7586   7586 -23073  23073  -5406  -5406   7039   6985 1 1 
  16.159 -24238  11631   8404  23746  11500   7586   7586 -23075  23073  -5406  -5406   7037   6963 1 1 
  16.300 -24240  11642   8411  23746  11500   7586   7586 -23081  23081  -5406  -5406   7037   6968 1 1 
  16.415 -24237  11663   8411  23746  11500   7586   7586 -23081  23081  -5406  -5406   7038   6943 1 1 
  16.529 -24238  11676   8413  23746  11500   7586   7586 -23081  23081  -5406  -5406   7038   6966 1 1 
  16.669 -24238  11690   8411  23746  11500   7586   7586 -23081  23081  -5406  -5406   7034   6964 1 1 
  16.794 -24238  11685   8402  23746  11500   7586   7586 -23081  23081  -5406  -5406   7037   6961 1 1 
  16.951 -24238  11687   8402  23746  11500   7586   7586 -23081  23081  -5406  -5406   7039   6978 1 1 
  17.066 -24238  11651   8402  23746  11500   7586   7586 -23081  23081  -5406  -5406   7034   6944 1 1 
  17.193 -24238  11663   8411  23746  11500   7586   7586 -23081  23081  -5406  -5406   7040   6972 1 1 
  17.309 -24239  11681   8402  23746  11500   7586   7586 -23081  23081  -5406  -5406   7038   6948 1 1 
  17.424 -24239  11685   8400  23746  11500   7586   7586 -23081  23081  -5406  -5406   7036   6950 1 1 
  17.548 -24237  11681   8402  23746  11500   7586   7586 -23081  23081  -5406  -5406   7036   6951 1 1 
*** End ***
