 *** ZZT:Watch ***
File: D:\ZZT\Watch_ZAKUCA1A-ZAKUCA1A_007.log
Computer: INEM1332-NB; User: anto.maric
Connection: Telnet 192.168.0.11:23
Target: D105OSCZ; Application: ZAKUCA1A-ZAKUCA1A
Start time: 21.2.2025. 10:53:20

Signals: 15
 1.    VGACT int16
 2.     PACT int16
 3.     QACT int16
 4.    VGREF int16
 5.    PACTH int16
 6.    QACTH int16
 7.    QHREF int16
 8.    VHACT int16
 9.    VHREF int16
10.  COSPHIH int16
11.  COSHREF int16
12.    IFACT int16
13.    UFACT int16
14. OEXLIMON log16
15. QACTHMAX log16

Data:
   0.030 -24136  11751   7933  23669  11619   7135   7135 -23034  23034  -4849  -4849   6913   6795 0 
   0.511 -24135  11760   7940  23669  11619   7135   7135 -23034  23034  -4849  -4849   6915   6808 0 0 
   0.668 -24135  11744   7940  23669  11619   7135   7135 -23034  23034  -4849  -4849   6913   6814 0 0 
   0.782 -24136  11733   7942  23669  11616   7115   7115 -23034  23034  -4816  -4816   6911   6810 0 0 
   0.907 -24136  11730   7940  23669  11616   7115   7115 -23034  23034  -4816  -4816   6913   6818 0 0 
   1.048 -24136  11751   7942  23669  11616   7115   7115 -23034  23034  -4816  -4816   6913   6805 0 0 
   1.180 -24136  11762   7940  23669  11616   7115   7115 -23034  23034  -4816  -4816   6912   6801 0 0 
   1.305 -24135  11771   7935  23669  11616   7115   7115 -23034  23034  -4816  -4816   6915   6829 0 0 
   1.420 -24136  11748   7944  23669  11616   7115   7115 -23034  23034  -4816  -4816   6915   6816 0 0 
   1.545 -24136  11744   7940  23669  11616   7115   7115 -23034  23034  -4816  -4816   6914   6823 0 0 
   1.659 -24135  11762   7949  23669  11616   7115   7115 -23034  23034  -4816  -4816   6917   6807 0 0 
   1.814 -24136  11753   7944  23669  11616   7115   7115 -23034  23034  -4816  -4816   6915   6810 0 0 
   1.929 -24136  11766   7940  23669  11616   7115   7115 -23034  23034  -4816  -4816   6914   6797 0 0 
   2.055 -24136  11748   7949  23669  11616   7115   7115 -23034  23034  -4816  -4816   6914   6820 0 0 
   2.169 -24136  11717   7951  23669  11616   7115   7115 -23034  23034  -4816  -4816   6915   6824 0 0 
   2.294 -24136  11723   7953  23669  11616   7115   7115 -23034  23034  -4816  -4816   6915   6830 0 0 
   2.425 -24137  11735   7949  23669  11616   7115   7115 -23034  23034  -4816  -4816   6916   6792 0 0 
   2.549 -24137  11760   7940  23669  11616   7115   7115 -23034  23034  -4816  -4816   6914   6808 0 0 
   2.665 -24137  11762   7935  23669  11604   7110   7115 -23034  23034  -4816  -4816   6911   6789 0 0 
   2.779 -24137  11742   7933  23669  11604   7110   7110 -23034  23034  -4816  -4816   6911   6791 0 0 
   2.904 -24137  11723   7940  23669  11604   7110   7110 -23034  23034  -4816  -4816   6909   6807 0 0 
   3.019 -24138  11714   7933  23669  11604   7110   7110 -23034  23034  -4816  -4816   6909   6787 0 0 
   3.133 -24137  11730   7924  23669  11604   7110   7110 -23034  23034  -4816  -4816   6905   6782 0 0 
   3.273 -24136  11751   7922  23669  11604   7110   7110 -23034  23034  -4816  -4816   6905   6780 0 0 
   3.414 -24136  11742   7922  23669  11604   7110   7110 -23034  23034  -4816  -4816   6904   6789 0 0 
   3.529 -24136  11744   7915  23669  11604   7110   7110 -23034  23034  -4816  -4816   6904   6799 0 0 
   3.656 -24136  11730   7906  23669  11604   7110   7110 -23034  23034  -4816  -4816   6905   6783 0 0 
   3.771 -24137  11726   7903  23669  11604   7110   7110 -23034  23034  -4816  -4816   6903   6755 0 0 
   3.896 -24136  11778   7897  23669  11604   7110   7110 -23034  23034  -4816  -4816   6901   6774 0 0 
   4.010 -24135  11780   7890  23669  11604   7110   7110 -23034  23034  -4816  -4816   6900   6760 0 0 
   4.124 -24133  11769   7894  23669  11604   7110   7110 -23034  23034  -4816  -4816   6902   6769 0 0 
   4.250 -24134  11744   7885  23669  11604   7110   7110 -23034  23034  -4816  -4816   6900   6764 0 0 
   4.364 -24134  11744   7879  23669  11604   7110   7110 -23034  23034  -4816  -4816   6898   6754 0 0 
   4.507 -24134  11753   7870  23669  11604   7110   7110 -23034  23034  -4816  -4816   6897   6771 0 0 
   4.622 -24130  11760   7867  23669  11604   7110   7110 -23034  23034  -4816  -4816   6893   6767 0 0 
   4.777 -24129  11753   7867  23669  11591   7109   7109 -23034  23034  -4849  -4849   6896   6795 0 0 
   4.902 -24134  11733   7867  23669  11591   7109   7109 -23034  23034  -4849  -4849   6890   6782 0 0 
   5.017 -24131  11739   7849  23669  11591   7109   7109 -23034  23034  -4849  -4849   6890   6753 0 0 
   5.159 -24131  11753   7845  23669  11591   7109   7109 -23034  23034  -4849  -4849   6887   6773 0 0 
   5.300 -24129  11762   7849  23669  11591   7109   7109 -23034  23034  -4849  -4849   6891   6773 0 0 
   5.414 -24131  11742   7840  23669  11591   7109   7109 -23034  23034  -4849  -4849   6888   6786 0 0 
   5.572 -24130  11733   7840  23669  11591   7109   7109 -23034  23034  -4849  -4849   6888   6768 0 0 
   5.712 -24130  11742   7840  23669  11591   7109   7109 -23034  23034  -4849  -4849   6888   6772 0 0 
   5.827 -24129  11757   7834  23669  11591   7109   7109 -23034  23034  -4849  -4849   6886   6771 0 0 
   5.950 -24127  11789   7840  23669  11591   7109   7109 -23034  23034  -4849  -4849   6888   6789 0 0 
   6.066 -24129  11780   7840  23669  11591   7109   7109 -23034  23034  -4849  -4849   6891   6795 0 0 
   6.181 -24129  11751   7843  23669  11591   7109   7109 -23034  23034  -4849  -4849   6889   6787 0 0 
   6.321 -24129  11730   7843  23669  11591   7109   7109 -23034  23034  -4849  -4849   6889   6804 0 0 
   6.446 -24129  11730   7845  23669  11591   7109   7109 -23034  23034  -4849  -4849   6889   6787 0 0 
   6.576 -24129  11751   7852  23669  11591   7109   7109 -23034  23034  -4849  -4849   6891   6818 0 0 
   6.719 -24130  11757   7849  23669  11606   7042   7109 -23034  23034  -4751  -4849   6892   6803 0 0 
   6.859 -24130  11753   7852  23672  11606   7042   7042 -23034  23034  -4751  -4751   6892   6771 0 0 
   6.976 -24134  11757   7863  23685  11606   7042   7042 -23034  23034  -4751  -4751   6899   6933 0 0 
   7.117 -24137  11766   7899  23698  11606   7042   7042 -23034  23034  -4751  -4751   6911   7059 0 0 
   7.231 -24148  11757   7944  23708  11606   7042   7042 -23034  23034  -4751  -4751   6928   7170 0 0 
   7.397 -24157  11762   8012  23708  11606   7042   7042 -23034  23034  -4751  -4751   6945   7137 0 0 
   7.512 -24164  11757   8052  23708  11606   7042   7042 -23034  23034  -4751  -4751   6958   7112 0 0 
   7.669 -24171  11753   8102  23708  11606   7042   7042 -23034  23034  -4751  -4751   6965   7077 0 0 
   7.779 -24175  11744   8140  23708  11606   7042   7042 -23040  23040  -4751  -4751   6977   7092 0 0 
   7.903 -24181  11744   8167  23708  11606   7042   7042 -23042  23042  -4751  -4751   6982   7051 0 0 
   8.019 -24186  11762   8188  23708  11606   7042   7042 -23042  23042  -4751  -4751   6987   7024 0 0 
   8.145 -24188  11789   8206  23708  11606   7042   7042 -23042  23042  -4751  -4751   6993   6998 0 0 
   8.259 -24191  11771   8222  23708  11606   7042   7042 -23042  23042  -4751  -4751   6997   6994 0 0 
   8.415 -24193  11751   8246  23708  11606   7042   7042 -23042  23042  -4751  -4751   6999   6987 0 0 
   8.531 -24195  11744   8255  23708  11606   7042   7042 -23042  23042  -4751  -4751   7000   6962 0 0 
   8.655 -24197  11751   8255  23708  11607   7042   7042 -23042  23042  -4751  -4751   7001   6929 0 0 
   8.771 -24199  11775   8251  23708  11607   7042   7042 -23042  23042  -4751  -4751   7000   6892 0 0 
   8.896 -24199  11793   8255  23708  11607   7042   7042 -23042  23042  -4751  -4751   7001   6885 0 0 
   9.025 -24197  11780   8255  23716  11607   7042   7042 -23042  23042  -4751  -4751   7005   6968 0 0 
   9.151 -24203  11760   8276  23727  11607   7042   7042 -23042  23042  -4751  -4751   7008   7067 0 0 
   9.265 -24207  11733   8303  23727  11607   7042   7042 -23042  23042  -4751  -4751   7015   7069 0 0 
   9.379 -24210  11742   8323  23727  11607   7042   7042 -23042  23042  -4751  -4751   7022   7045 0 0 
   9.479 -24212  11742   8348  23727  11607   7042   7042 -23042  23042  -4751  -4751   7027   7056 0 0 
   9.619 -24216  11735   8359  23727  11607   7042   7042 -23042  23042  -4751  -4751   7030   7043 0 0 
   9.760 -24220  11766   8368  23727  11607   7042   7042 -23048  23046  -4751  -4751   7029   7000 0 0 
   9.902 -24221  11823   8373  23727  11607   7042   7042 -23050  23050  -4751  -4751   7038   6990 0 0 
  10.016 -24221  11805   8382  23727  11607   7042   7042 -23050  23050  -4751  -4751   7037   6969 0 0 
  10.131 -24221  11753   8395  23727  11607   7042   7042 -23050  23050  -4751  -4751   7039   6981 0 0 
  10.271 -24225  11703   8391  23727  11607   7042   7042 -23050  23050  -4751  -4751   7034   6940 0 0 
  10.411 -24225  11733   8391  23727  11607   7042   7042 -23050  23050  -4751  -4751   7033   6925 0 0 
  10.526 -24224  11744   8391  23727  11607   7042   7042 -23050  23050  -4751  -4751   7033   6921 0 0 
  10.666 -24224  11789   8386  23735  11607   7042   7042 -23050  23050  -4751  -4751   7034   6969 0 0 
  10.783 -24225  11775   8411  23746  11614   7403   7403 -23050  23050  -5144  -5144   7047   7119 1 1 
  10.908 -24232  11739   8436  23746  11614   7403   7403 -23050  23050  -5144  -5144   7053   7113 1 1 
  11.023 -24235  11721   8456  23746  11614   7403   7403 -23050  23050  -5144  -5144   7056   7079 1 1 
  11.164 -24240  11742   8481  23746  11614   7403   7403 -23050  23050  -5144  -5144   7061   7046 1 1 
  11.280 -24240  11769   8490  23746  11614   7403   7403 -23050  23050  -5144  -5144   7068   7055 1 1 
  11.406 -24242  11789   8508  23746  11614   7403   7403 -23050  23050  -5144  -5144   7072   7043 1 1 
  11.520 -24244  11771   8517  23746  11614   7403   7403 -23050  23050  -5144  -5144   7073   7037 1 1 
  11.661 -24246  11744   8526  23746  11614   7403   7403 -23050  23050  -5144  -5144   7073   7020 1 1 
  11.819 -24248  11733   8540  23746  11614   7403   7403 -23056  23054  -5144  -5144   7076   7008 1 1 
  11.959 -24246  11769   8547  23746  11614   7403   7403 -23058  23058  -5144  -5144   7078   7002 1 1 
  12.074 -24249  11775   8547  23746  11614   7403   7403 -23058  23058  -5144  -5144   7079   6983 1 1 
  12.216 -24248  11769   8547  23746  11614   7403   7403 -23058  23058  -5144  -5144   7075   6987 1 1 
  12.331 -24249  11733   8558  23746  11614   7403   7403 -23058  23058  -5144  -5144   7077   6986 1 1 
  12.471 -24249  11730   8562  23746  11614   7403   7403 -23058  23058  -5144  -5144   7082   6982 1 1 
  12.612 -24250  11748   8558  23746  11614   7403   7403 -23058  23058  -5144  -5144   7081   7014 1 1 
  12.729 -24251  11726   8556  23746  11614   7403   7403 -23058  23058  -5144  -5144   7077   6966 1 1 
  12.870 -24250  11739   8549  23746  11614   7403   7403 -23058  23058  -5144  -5144   7076   6931 1 1 
  13.012 -24251  11751   8544  23746  11614   7403   7403 -23058  23058  -5144  -5144   7072   6937 1 1 
  13.127 -24250  11753   8544  23746  11614   7403   7403 -23058  23058  -5144  -5144   7070   6937 1 1 
  13.267 -24250  11751   8528  23746  11614   7403   7403 -23058  23058  -5144  -5144   7073   6942 1 1 
  13.384 -24249  11753   8526  23746  11614   7403   7403 -23058  23058  -5144  -5144   7071   6932 1 1 
  13.524 -24248  11762   8522  23746  11614   7403   7403 -23058  23058  -5144  -5144   7066   6931 1 1 
  13.655 -24246  11769   8522  23746  11614   7403   7403 -23058  23058  -5144  -5144   7068   6941 1 1 
  13.772 -24244  11775   8531  23746  11589   7556   7556 -23058  23058  -5308  -5308   7071   6971 1 1 
  13.912 -24246  11775   8522  23746  11589   7556   7556 -23058  23058  -5308  -5308   7071   6952 1 1 
  14.027 -24246  11771   8519  23746  11589   7556   7556 -23058  23058  -5308  -5308   7073   6965 1 1 
  14.169 -24246  11766   8517  23746  11589   7556   7556 -23058  23058  -5308  -5308   7069   6952 1 1 
  14.324 -24244  11769   8519  23746  11589   7556   7556 -23058  23058  -5308  -5308   7068   6957 1 1 
  14.450 -24246  11751   8517  23746  11589   7556   7556 -23058  23058  -5308  -5308   7069   6959 1 1 
  14.565 -24246  11760   8513  23746  11589   7556   7556 -23058  23058  -5308  -5308   7067   6970 1 1 
  14.707 -24246  11775   8510  23746  11589   7556   7556 -23065  23065  -5308  -5308   7067   6950 1 1 
  14.848 -24245  11787   8501  23746  11589   7556   7556 -23073  23073  -5308  -5308   7064   6931 1 1 
  15.006 -24243  11805   8508  23746  11589   7556   7556 -23073  23073  -5308  -5308   7069   6957 1 1 
  15.120 -24244  11775   8510  23746  11589   7556   7556 -23073  23073  -5308  -5308   7067   6958 1 1 
  15.246 -24244  11769   8499  23746  11589   7556   7556 -23073  23073  -5308  -5308   7061   6950 1 1 
  15.376 -24243  11784   8508  23746  11589   7556   7556 -23073  23073  -5308  -5308   7067   6966 1 1 
  15.503 -24242  11771   8508  23746  11589   7556   7556 -23073  23073  -5308  -5308   7066   6957 1 1 
  15.617 -24244  11780   8501  23746  11589   7556   7556 -23073  23073  -5308  -5308   7066   6986 1 1 
  15.732 -24243  11744   8508  23746  11609   7652   7652 -23073  23073  -5406  -5406   7065   6962 1 1 
  15.872 -24244  11739   8513  23746  11609   7652   7652 -23073  23073  -5406  -5406   7063   6962 1 1 
  16.013 -24244  11748   8517  23746  11609   7652   7652 -23073  23073  -5406  -5406   7067   6982 1 1 
  16.130 -24244  11769   8517  23746  11609   7652   7652 -23073  23073  -5406  -5406   7069   6977 1 1 
  16.281 -24242  11780   8522  23746  11609   7652   7652 -23073  23073  -5406  -5406   7072   6992 1 1 
  16.395 -24243  11771   8522  23746  11609   7652   7652 -23073  23073  -5406  -5406   7071   6995 1 1 
  16.510 -24245  11757   8526  23746  11609   7652   7652 -23073  23073  -5406  -5406   7071   6981 1 1 
  16.666 -24246  11742   8528  23746  11609   7652   7652 -23073  23073  -5406  -5406   7069   6971 1 1 
  16.782 -24246  11753   8528  23746  11609   7652   7652 -23073  23073  -5406  -5406   7070   6976 1 1 
  16.905 -24244  11769   8528  23746  11609   7652   7652 -23073  23073  -5406  -5406   7073   6992 1 1 
  17.047 -24244  11775   8535  23746  11609   7652   7652 -23073  23073  -5406  -5406   7076   6984 1 1 
  17.177 -24247  11769   8538  23746  11609   7652   7652 -23071  23073  -5406  -5406   7075   6967 1 1 
  17.317 -24246  11787   8540  23746  11609   7652   7652 -23065  23065  -5406  -5406   7075   6990 1 1 
  17.458 -24244  11780   8544  23746  11609   7652   7652 -23065  23065  -5406  -5406   7078   6993 1 1 
  17.574 -24246  11771   8544  23746  11609   7652   7652 -23065  23065  -5406  -5406   7076   6970 1 1 
  17.699 -24246  11762   8547  23746  11606   7638   7638 -23065  23065  -5406  -5406   7075   6977 1 1 
  17.829 -24246  11775   8544  23746  11606   7638   7638 -23065  23065  -5406  -5406   7075   6979 1 1 
  17.969 -24246  11787   8538  23746  11606   7638   7638 -23065  23065  -5406  -5406   7075   6974 1 1 
  18.097 -24245  11789   8544  23746  11606   7638   7638 -23065  23065  -5406  -5406   7077   6975 1 1 
  18.227 -24246  11775   8544  23746  11606   7638   7638 -23065  23065  -5406  -5406   7075   6975 1 1 
  18.353 -24246  11753   8544  23746  11606   7638   7638 -23065  23065  -5406  -5406   7076   6972 1 1 
  18.468 -24246  11748   8544  23746  11606   7638   7638 -23065  23065  -5406  -5406   7073   6959 1 1 
  18.582 -24245  11762   8544  23746  11606   7638   7638 -23065  23065  -5406  -5406   7076   6968 1 1 
  18.707 -24245  11778   8544  23746  11606   7638   7638 -23065  23065  -5406  -5406   7077   6989 1 1 
  18.823 -24245  11775   8544  23746  11606   7638   7638 -23065  23065  -5406  -5406   7077   6981 1 1 
  18.964 -24246  11753   8544  23746  11606   7638   7638 -23065  23065  -5406  -5406   7074   6974 1 1 
  19.079 -24247  11726   8544  23746  11606   7638   7638 -23065  23065  -5406  -5406   7073   6964 1 1 
  19.230 -24245  11742   8547  23746  11606   7638   7638 -23065  23065  -5406  -5406   7074   6974 1 1 
  19.362 -24245  11775   8544  23746  11606   7638   7638 -23065  23065  -5406  -5406   7076   6982 1 1 
  19.476 -24247  11775   8544  23746  11606   7638   7638 -23065  23065  -5406  -5406   7077   6981 1 1 
  19.601 -24246  11753   8547  23746  11606   7638   7638 -23065  23065  -5406  -5406   7078   6996 1 1 
  19.731 -24247  11714   8547  23746  11619   7666   7666 -23065  23065  -5406  -5406   7071   6958 1 1 
  19.856 -24246  11735   8553  23746  11619   7666   7666 -23065  23065  -5406  -5406   7073   6971 1 1 
  19.971 -24247  11744   8544  23746  11619   7666   7666 -23065  23065  -5406  -5406   7074   6951 1 1 
  20.096 -24248  11775   8535  23746  11619   7666   7666 -23065  23065  -5406  -5406   7073   6959 1 1 
  20.239 -24247  11769   8540  23746  11619   7666   7666 -23065  23065  -5406  -5406   7074   6962 1 1 
  20.369 -24247  11742   8535  23746  11619   7666   7666 -23065  23065  -5406  -5406   7071   6955 1 1 
  20.509 -24246  11726   8540  23746  11619   7666   7666 -23065  23065  -5406  -5406   7072   6963 1 1 
  20.625 -24246  11769   8535  23746  11619   7666   7666 -23065  23065  -5406  -5406   7071   6947 1 1 
  20.765 -24244  11780   8538  23746  11619   7666   7666 -23065  23065  -5406  -5406   7073   6973 1 1 
  20.880 -24244  11762   8544  23746  11619   7666   7666 -23065  23065  -5406  -5406   7074   6984 1 1 
  21.021 -24244  11744   8544  23746  11619   7666   7666 -23065  23065  -5406  -5406   7076   6981 1 1 
  21.163 -24246  11762   8547  23746  11619   7666   7666 -23065  23065  -5406  -5406   7077   6988 1 1 
  21.286 -24244  11780   8549  23746  11619   7666   7666 -23065  23065  -5406  -5406   7076   6983 1 1 
  21.401 -24245  11780   8549  23746  11619   7666   7666 -23065  23065  -5406  -5406   7081   6996 1 1 
  21.515 -24246  11775   8556  23746  11619   7666   7666 -23065  23065  -5406  -5406   7079   6982 1 1 
  21.631 -24245  11780   8558  23746  11619   7666   7666 -23065  23065  -5406  -5406   7080   6984 1 1 
  21.771 -24247  11762   8556  23746  11597   7672   7672 -23065  23065  -5439  -5439   7080   6962 1 1 
  21.913 -24246  11775   8558  23746  11597   7672   7672 -23065  23065  -5439  -5439   7078   6990 1 1 
  22.071 -24246  11787   8558  23746  11597   7672   7672 -23065  23065  -5439  -5439   7082   7002 1 1 
  22.212 -24247  11771   8565  23746  11597   7672   7672 -23065  23065  -5439  -5439   7081   6982 1 1 
  22.326 -24247  11775   8558  23746  11597   7672   7672 -23065  23065  -5439  -5439   7083   6989 1 1 
  22.468 -24249  11762   8562  23746  11597   7672   7672 -23065  23065  -5439  -5439   7081   6978 1 1 
  22.582 -24248  11787   8558  23746  11597   7672   7672 -23065  23065  -5439  -5439   7081   6971 1 1 
  22.708 -24247  11769   8558  23746  11597   7672   7672 -23065  23065  -5439  -5439   7080   6974 1 1 
  22.822 -24247  11775   8565  23746  11597   7672   7672 -23065  23065  -5439  -5439   7081   6978 1 1 
  22.965 -24248  11793   8553  23746  11597   7672   7672 -23065  23065  -5439  -5439   7078   6962 1 1 
  23.106 -24249  11780   8547  23746  11597   7672   7672 -23065  23065  -5439  -5439   7076   6969 1 1 
  23.220 -24247  11778   8549  23746  11597   7672   7672 -23065  23065  -5439  -5439   7079   6951 1 1 
  23.345 -24247  11769   8547  23746  11597   7672   7672 -23065  23065  -5439  -5439   7079   6952 1 1 
  23.460 -24245  11751   8556  23746  11597   7672   7672 -23065  23065  -5439  -5439   7073   6972 1 1 
  23.575 -24246  11769   8547  23746  11597   7672   7672 -23065  23065  -5439  -5439   7075   6974 1 1 
  23.700 -24246  11775   8549  23746  11597   7672   7672 -23065  23065  -5439  -5439   7081   6976 1 1 
  23.832 -24246  11784   8549  23746  11597   7672   7672 -23065  23065  -5439  -5439   7079   6968 1 1 
  23.955 -24246  11796   8549  23746  11597   7672   7672 -23065  23065  -5439  -5439   7080   7003 1 1 
  24.097 -24246  11766   8558  23746  11597   7672   7672 -23065  23065  -5439  -5439   7081   6995 1 1 
  24.227 -24248  11726   8562  23746  11597   7672   7672 -23065  23065  -5439  -5439   7076   6981 1 1 
  24.369 -24247  11733   8558  23746  11597   7672   7672 -23065  23065  -5439  -5439   7077   6968 1 1 
  24.484 -24247  11753   8549  23746  11597   7672   7672 -23065  23065  -5439  -5439   7079   6972 1 1 
  24.609 -24246  11769   8558  23746  11597   7672   7672 -23065  23065  -5439  -5439   7078   6961 1 1 
  24.724 -24247  11748   8549  23746  11597   7672   7672 -23065  23065  -5439  -5439   7076   6967 1 1 
  24.865 -24247  11744   8553  23746  11597   7672   7672 -23065  23065  -5439  -5439   7078   6976 1 1 
  24.981 -24247  11757   8556  23746  11597   7672   7672 -23065  23065  -5439  -5439   7072   6972 1 1 
  25.121 -24246  11778   8556  23746  11597   7672   7672 -23065  23065  -5439  -5439   7075   6978 1 1 
  25.279 -24244  11778   8565  23746  11597   7672   7672 -23065  23065  -5439  -5439   7084   7007 1 1 
  25.419 -24247  11769   8558  23746  11597   7672   7672 -23065  23065  -5439  -5439   7079   6998 1 1 
  25.560 -24246  11762   8558  23746  11597   7672   7672 -23065  23065  -5439  -5439   7081   6982 1 1 
  25.718 -24247  11751   8558  23746  11611   7676   7676 -23065  23065  -5439  -5439   7080   6986 1 1 
  25.832 -24246  11766   8565  23746  11611   7676   7676 -23065  23065  -5439  -5439   7079   6981 1 1 
  25.958 -24249  11753   8556  23746  11611   7676   7676 -23065  23065  -5439  -5439   7079   6968 1 1 
  26.073 -24248  11714   8556  23746  11611   7676   7676 -23065  23065  -5439  -5439   7077   6966 1 1 
  26.215 -24249  11712   8556  23746  11611   7676   7676 -23065  23065  -5439  -5439   7074   6957 1 1 
  26.330 -24247  11733   8553  23746  11611   7676   7676 -23065  23065  -5439  -5439   7075   6951 1 1 
  26.470 -24246  11769   8556  23746  11611   7676   7676 -23065  23065  -5439  -5439   7077   6973 1 1 
  26.610 -24247  11784   8547  23746  11611   7676   7676 -23065  23065  -5439  -5439   7079   6965 1 1 
  26.724 -24247  11744   8547  23746  11611   7676   7676 -23065  23065  -5439  -5439   7076   6961 1 1 
  26.849 -24248  11712   8547  23746  11611   7676   7676 -23065  23065  -5439  -5439   7072   6947 1 1 
  26.962 -24248  11705   8540  23746  11611   7676   7676 -23065  23065  -5439  -5439   7072   6948 1 1 
  27.078 -24246  11735   8544  23746  11611   7676   7676 -23065  23065  -5439  -5439   7071   6963 1 1 
  27.201 -24246  11762   8531  23746  11611   7676   7676 -23065  23065  -5439  -5439   7071   6963 1 1 
  27.315 -24246  11778   8528  23746  11611   7676   7676 -23065  23065  -5439  -5439   7073   6961 1 1 
  27.429 -24246  11757   8531  23746  11611   7676   7676 -23065  23065  -5439  -5439   7069   6952 1 1 
  27.553 -24246  11735   8535  23746  11611   7676   7676 -23065  23065  -5439  -5439   7071   6966 1 1 
  27.668 -24244  11739   8544  23746  11594   7684   7684 -23065  23065  -5439  -5439   7071   6992 1 1 
  27.782 -24245  11748   8540  23746  11594   7684   7684 -23065  23065  -5439  -5439   7073   6980 1 1 
  27.905 -24245  11780   8540  23746  11594   7684   7684 -23065  23065  -5439  -5439   7077   7000 1 1 
  28.019 -24244  11807   8538  23746  11594   7684   7684 -23065  23065  -5439  -5439   7075   7004 1 1 
  28.144 -24245  11760   8547  23746  11594   7684   7684 -23065  23065  -5439  -5439   7075   6972 1 1 
  28.258 -24244  11735   8553  23746  11594   7684   7684 -23065  23065  -5439  -5439   7076   6987 1 1 
  28.372 -24245  11703   8553  23746  11594   7684   7684 -23065  23065  -5439  -5439   7074   6989 1 1 
  28.497 -24246  11730   8553  23746  11594   7684   7684 -23065  23065  -5439  -5439   7077   6990 1 1 
  28.609 -24246  11793   8553  23746  11594   7684   7684 -23065  23065  -5439  -5439   7077   6976 1 1 
  28.723 -24245  11793   8556  23746  11594   7684   7684 -23065  23065  -5439  -5439   7082   6997 1 1 
  28.847 -24245  11771   8562  23746  11594   7684   7684 -23065  23065  -5439  -5439   7081   7004 1 1 
  28.979 -24246  11748   8567  23746  11594   7684   7684 -23065  23065  -5439  -5439   7080   7010 1 1 
  29.102 -24248  11744   8565  23746  11594   7684   7684 -23065  23065  -5439  -5439   7081   6990 1 1 
  29.233 -24247  11757   8567  23746  11594   7684   7684 -23065  23065  -5439  -5439   7079   6990 1 1 
  29.356 -24248  11769   8567  23746  11594   7684   7684 -23065  23065  -5439  -5439   7082   6999 1 1 
  29.470 -24246  11775   8576  23746  11594   7684   7684 -23065  23065  -5439  -5439   7086   7005 1 1 
  29.596 -24247  11775   8576  23746  11594   7684   7684 -23065  23065  -5439  -5439   7085   7005 1 1 
  29.710 -24246  11733   8583  23746  11603   7663   7663 -23065  23065  -5439  -5439   7083   7014 1 1 
  29.825 -24248  11721   8585  23746  11603   7663   7663 -23065  23065  -5439  -5439   7085   7004 1 1 
  29.949 -24250  11690   8585  23746  11603   7663   7663 -23065  23065  -5439  -5439   7083   6998 1 1 
  30.063 -24248  11714   8592  23746  11603   7663   7663 -23065  23065  -5439  -5439   7085   6979 1 1 
  30.177 -24249  11748   8589  23746  11603   7663   7663 -23065  23065  -5439  -5439   7081   7006 1 1 
  30.302 -24249  11751   8589  23746  11603   7663   7663 -23065  23065  -5439  -5439   7085   6981 1 1 
  30.416 -24250  11742   8585  23746  11603   7663   7663 -23065  23065  -5439  -5439   7084   6977 1 1 
  30.529 -24250  11723   8585  23746  11603   7663   7663 -23065  23065  -5439  -5439   7084   6973 1 1 
  30.653 -24250  11742   8585  23746  11603   7663   7663 -23065  23065  -5439  -5439   7085   6965 1 1 
  30.767 -24248  11748   8583  23746  11603   7663   7663 -23065  23065  -5439  -5439   7081   6983 1 1 
  30.881 -24249  11769   8583  23746  11603   7663   7663 -23065  23065  -5439  -5439   7085   6971 1 1 
  31.007 -24248  11778   8576  23746  11603   7663   7663 -23065  23065  -5439  -5439   7085   6967 1 1 
  31.121 -24248  11775   8576  23746  11603   7663   7663 -23065  23065  -5439  -5439   7084   6972 1 1 
  31.262 -24248  11769   8576  23746  11603   7663   7663 -23065  23065  -5439  -5439   7083   6979 1 1 
  31.376 -24248  11778   8571  23746  11603   7663   7663 -23065  23065  -5439  -5439   7085   6972 1 1 
  31.500 -24249  11760   8567  23746  11603   7663   7663 -23065  23065  -5439  -5439   7080   6981 1 1 
  31.614 -24249  11748   8565  23746  11603   7663   7663 -23065  23065  -5439  -5439   7079   6973 1 1 
  31.729 -24249  11730   8565  23746  11582   7706   7706 -23065  23065  -5471  -5471   7078   6959 1 1 
  31.853 -24248  11742   8562  23746  11582   7706   7706 -23065  23065  -5471  -5471   7076   6965 1 1 
  31.966 -24247  11771   8556  23746  11582   7706   7706 -23065  23065  -5471  -5471   7079   6976 1 1 
  32.080 -24248  11778   8549  23746  11582   7706   7706 -23065  23065  -5471  -5471   7078   6957 1 1 
  32.204 -24248  11760   8547  23746  11582   7706   7706 -23065  23065  -5471  -5471   7079   6945 1 1 
  32.318 -24249  11742   8540  23746  11582   7706   7706 -23065  23065  -5471  -5471   7074   6946 1 1 
  32.432 -24248  11717   8544  23746  11582   7706   7706 -23065  23065  -5471  -5471   7074   6948 1 1 
  32.558 -24245  11733   8540  23746  11582   7706   7706 -23065  23065  -5471  -5471   7074   6949 1 1 
  32.672 -24248  11744   8528  23746  11582   7706   7706 -23065  23065  -5471  -5471   7069   6947 1 1 
  32.797 -24247  11748   8528  23746  11582   7706   7706 -23065  23065  -5471  -5471   7070   6951 1 1 
  32.911 -24247  11744   8519  23746  11582   7706   7706 -23065  23065  -5471  -5471   7071   6937 1 1 
  33.026 -24245  11760   8522  23746  11582   7706   7706 -23065  23065  -5471  -5471   7070   6955 1 1 
  33.149 -24244  11771   8522  23746  11582   7706   7706 -23065  23065  -5471  -5471   7068   6969 1 1 
  33.263 -24245  11733   8522  23746  11582   7706   7706 -23065  23065  -5471  -5471   7071   6953 1 1 
  33.379 -24245  11714   8519  23746  11582   7706   7706 -23065  23065  -5471  -5471   7068   6955 1 1 
  33.502 -24246  11714   8519  23746  11582   7706   7706 -23065  23065  -5471  -5471   7067   6945 1 1 
  33.616 -24246  11726   8519  23746  11582   7706   7706 -23065  23065  -5471  -5471   7066   6943 1 1 
  33.730 -24244  11775   8519  23746  11582   7706   7706 -23065  23065  -5471  -5471   7069   6956 1 1 
  33.870 -24245  11789   8508  23746  11582   7706   7706 -23065  23065  -5471  -5471   7069   6939 1 1 
  33.995 -24244  11796   8508  23746  11582   7706   7706 -23065  23065  -5471  -5471   7069   6952 1 1 
  34.125 -24242  11748   8513  23746  11582   7706   7706 -23065  23065  -5471  -5471   7067   6974 1 1 
  34.249 -24242  11723   8519  23746  11582   7706   7706 -23065  23065  -5471  -5471   7066   6983 1 1 
  34.363 -24243  11739   8517  23746  11582   7706   7706 -23065  23065  -5471  -5471   7067   6986 1 1 
  34.478 -24243  11760   8517  23746  11582   7706   7706 -23065  23065  -5471  -5471   7067   6985 1 1 
  34.618 -24244  11775   8517  23746  11582   7706   7706 -23065  23065  -5471  -5471   7070   6986 1 1 
  34.733 -24243  11762   8519  23746  11582   7706   7706 -23065  23065  -5471  -5471   7070   6987 1 1 
  34.858 -24244  11730   8522  23746  11582   7706   7706 -23065  23065  -5471  -5471   7070   6989 1 1 
  34.972 -24245  11712   8519  23746  11582   7706   7706 -23065  23065  -5471  -5471   7067   6987 1 1 
  35.098 -24245  11735   8519  23746  11582   7706   7706 -23065  23065  -5471  -5471   7068   6964 1 1 
  35.229 -24246  11771   8519  23746  11587   7659   7659 -23065  23065  -5439  -5439   7071   6968 1 1 
  35.355 -24244  11807   8519  23746  11587   7659   7659 -23065  23065  -5439  -5439   7073   6971 1 1 
  35.511 -24244  11805   8519  23746  11587   7659   7659 -23065  23065  -5439  -5439   7074   6975 1 1 
  35.625 -24244  11751   8519  23746  11587   7659   7659 -23065  23065  -5439  -5439   7072   6967 1 1 
  35.767 -24244  11712   8522  23746  11587   7659   7659 -23065  23065  -5439  -5439   7068   6985 1 1 
  35.881 -24246  11712   8526  23746  11587   7659   7659 -23065  23065  -5439  -5439   7068   6970 1 1 
  36.006 -24245  11742   8528  23746  11587   7659   7659 -23065  23065  -5439  -5439   7070   6974 1 1 
  36.121 -24245  11751   8531  23746  11587   7659   7659 -23065  23065  -5439  -5439   7073   6998 1 1 
  36.279 -24246  11751   8531  23746  11587   7659   7659 -23065  23065  -5439  -5439   7074   6967 1 1 
  36.420 -24246  11735   8538  23746  11587   7659   7659 -23065  23065  -5439  -5439   7071   6976 1 1 
  36.560 -24246  11730   8538  23746  11587   7659   7659 -23065  23065  -5439  -5439   7071   6984 1 1 
  36.675 -24246  11721   8547  23746  11587   7659   7659 -23065  23065  -5439  -5439   7073   6962 1 1 
  36.817 -24247  11751   8535  23746  11587   7659   7659 -23065  23065  -5439  -5439   7073   6963 1 1 
  36.931 -24247  11760   8531  23746  11587   7659   7659 -23065  23065  -5439  -5439   7074   6974 1 1 
  37.055 -24246  11748   8540  23746  11587   7659   7659 -23065  23065  -5439  -5439   7075   6964 1 1 
  37.171 -24247  11744   8528  23746  11587   7659   7659 -23065  23065  -5439  -5439   7074   6978 1 1 
  37.311 -24245  11748   8540  23746  11587   7659   7659 -23065  23065  -5439  -5439   7075   6978 1 1 
  37.426 -24246  11739   8535  23746  11587   7659   7659 -23065  23065  -5439  -5439   7074   6965 1 1 
  37.551 -24246  11723   8535  23746  11587   7659   7659 -23065  23065  -5439  -5439   7071   6970 1 1 
  37.665 -24246  11721   8538  23746  11600   7652   7652 -23065  23065  -5406  -5406   7072   6986 1 1 
  37.779 -24247  11730   8528  23746  11600   7652   7652 -23065  23065  -5406  -5406   7069   6962 1 1 
  37.919 -24244  11762   8540  23746  11600   7652   7652 -23065  23065  -5406  -5406   7075   6971 1 1 
  38.033 -24245  11762   8540  23746  11600   7652   7652 -23065  23065  -5406  -5406   7077   6982 1 1 
  38.156 -24246  11769   8540  23746  11600   7652   7652 -23065  23065  -5406  -5406   7075   6975 1 1 
  38.270 -24246  11769   8538  23746  11600   7652   7652 -23065  23065  -5406  -5406   7075   6966 1 1 
  38.395 -24246  11748   8540  23746  11600   7652   7652 -23065  23065  -5406  -5406   7075   6972 1 1 
  38.509 -24246  11726   8544  23746  11600   7652   7652 -23065  23065  -5406  -5406   7072   6983 1 1 
  38.623 -24248  11730   8535  23746  11600   7652   7652 -23065  23065  -5406  -5406   7071   6964 1 1 
  38.746 -24248  11744   8531  23746  11600   7652   7652 -23065  23065  -5406  -5406   7072   6951 1 1 
  38.860 -24245  11769   8540  23746  11600   7652   7652 -23065  23065  -5406  -5406   7074   6976 1 1 
  38.975 -24244  11748   8547  23746  11600   7652   7652 -23065  23065  -5406  -5406   7073   6984 1 1 
  39.099 -24246  11696   8549  23746  11600   7652   7652 -23065  23065  -5406  -5406   7073   6982 1 1 
  39.213 -24247  11717   8540  23746  11600   7652   7652 -23065  23065  -5406  -5406   7071   6978 1 1 
  39.327 -24247  11757   8531  23746  11600   7652   7652 -23065  23065  -5406  -5406   7075   6974 1 1 
  39.452 -24247  11780   8528  23746  11600   7652   7652 -23065  23065  -5406  -5406   7073   6964 1 1 
  39.566 -24245  11780   8528  23746  11600   7652   7652 -23065  23065  -5406  -5406   7074   6970 1 1 
  39.681 -24246  11733   8531  23746  11587   7663   7663 -23065  23065  -5439  -5439   7071   6941 1 1 
  39.976 -24246  11721   8519  23746  11587   7663   7663 -23065  23065  -5439  -5439   7066   6948 1 1 
  40.101 -24247  11748   8517  23746  11587   7663   7663 -23065  23065  -5439  -5439   7066   6961 1 1 
  40.231 -24246  11744   8517  23746  11587   7663   7663 -23065  23065  -5439  -5439   7068   6934 1 1 
  40.373 -24247  11735   8508  23746  11587   7663   7663 -23065  23065  -5439  -5439   7062   6937 1 1 
  40.514 -24245  11717   8510  23746  11587   7663   7663 -23065  23065  -5439  -5439   7064   6954 1 1 
  40.628 -24245  11751   8508  23746  11587   7663   7663 -23065  23065  -5439  -5439   7063   6943 1 1 
  40.771 -24244  11766   8504  23746  11587   7663   7663 -23065  23065  -5439  -5439   7065   6949 1 1 
  40.896 -24244  11753   8499  23746  11587   7663   7663 -23065  23065  -5439  -5439   7064   6950 1 1 
  41.009 -24243  11748   8504  23746  11587   7663   7663 -23065  23065  -5439  -5439   7062   6963 1 1 
  41.125 -24244  11751   8495  23746  11587   7663   7663 -23065  23065  -5439  -5439   7061   6951 1 1 
  41.265 -24243  11751   8499  23746  11587   7663   7663 -23065  23065  -5439  -5439   7060   6950 1 1 
  41.379 -24243  11757   8490  23746  11587   7663   7663 -23065  23065  -5439  -5439   7064   6964 1 1 
  41.502 -24244  11730   8490  23746  11587   7663   7663 -23065  23065  -5439  -5439   7057   6953 1 1 
  41.616 -24243  11721   8492  23746  11587   7663   7663 -23065  23065  -5439  -5439   7061   6948 1 1 
  41.731 -24243  11748   8490  23746  11587   7656   7656 -23065  23065  -5439  -5439   7059   6955 1 1 
  41.859 -24243  11748   8486  23746  11587   7656   7656 -23065  23065  -5439  -5439   7061   6957 1 1 
  41.973 -24243  11748   8483  23746  11587   7656   7656 -23065  23065  -5439  -5439   7060   6955 1 1 
  42.098 -24243  11760   8483  23746  11587   7656   7656 -23065  23065  -5439  -5439   7061   6948 1 1 
  42.230 -24243  11733   8483  23746  11587   7656   7656 -23065  23065  -5439  -5439   7058   6957 1 1 
  42.371 -24243  11717   8483  23746  11587   7656   7656 -23065  23065  -5439  -5439   7057   6955 1 1 
  42.496 -24243  11723   8481  23746  11587   7656   7656 -23065  23065  -5439  -5439   7056   6957 1 1 
  42.628 -24243  11751   8481  23746  11587   7656   7656 -23065  23065  -5439  -5439   7057   6944 1 1 
  42.754 -24243  11762   8481  23746  11587   7656   7656 -23069  23069  -5439  -5439   7059   6959 1 1 
  42.868 -24242  11766   8483  23746  11587   7656   7656 -23073  23073  -5439  -5439   7061   6967 1 1 
  43.009 -24243  11769   8472  23746  11587   7656   7656 -23073  23073  -5439  -5439   7057   6961 1 1 
  43.126 -24242  11757   8477  23746  11587   7656   7656 -23073  23073  -5439  -5439   7061   6956 1 1 
  43.282 -24242  11748   8481  23746  11587   7656   7656 -23073  23073  -5439  -5439   7057   6955 1 1 
  43.425 -24242  11748   8477  23746  11587   7656   7656 -23073  23073  -5439  -5439   7055   6941 1 1 
  43.565 -24242  11757   8477  23746  11587   7656   7656 -23073  23073  -5439  -5439   7058   6950 1 1 
  43.672 -24242  11766   8474  23746  11587   7656   7656 -23073  23073  -5439  -5439   7057   6959 1 1 
  43.813 -24242  11730   8477  23746  11587   7656   7656 -23073  23073  -5439  -5439   7059   6955 1 1 
  43.981 -24242  11730   8481  23746  11587   7656   7656 -23073  23073  -5439  -5439   7058   6955 1 1 
  44.110 -24242  11735   8477  23746  11587   7656   7656 -23073  23073  -5439  -5439   7058   6975 1 1 
  44.225 -24242  11753   8483  23746  11587   7656   7656 -23073  23073  -5439  -5439   7059   6946 1 1 
  44.350 -24242  11775   8483  23746  11587   7656   7656 -23073  23073  -5439  -5439   7061   6957 1 1 
  44.482 -24240  11775   8483  23746  11587   7656   7656 -23073  23073  -5439  -5439   7058   6976 1 1 
  44.624 -24240  11739   8495  23746  11587   7656   7656 -23073  23073  -5439  -5439   7062   6985 1 1 
  44.748 -24242  11721   8492  23746  11594   7609   7609 -23073  23073  -5373  -5373   7062   6980 1 1 
  44.881 -24243  11714   8495  23746  11594   7609   7609 -23073  23073  -5373  -5373   7062   6970 1 1 
  45.021 -24242  11748   8495  23746  11594   7609   7609 -23073  23073  -5373  -5373   7060   6966 1 1 
  45.146 -24242  11751   8499  23746  11594   7609   7609 -23073  23073  -5373  -5373   7063   6984 1 1 
  45.261 -24242  11744   8513  23746  11594   7609   7609 -23073  23073  -5373  -5373   7066   6992 1 1 
  45.418 -24244  11753   8504  23746  11594   7609   7609 -23073  23073  -5373  -5373   7065   6979 1 1 
  45.533 -24244  11730   8508  23746  11594   7609   7609 -23073  23073  -5373  -5373   7065   6973 1 1 
  45.658 -24244  11733   8510  23746  11594   7609   7609 -23073  23073  -5373  -5373   7063   6980 1 1 
  45.773 -24243  11742   8513  23746  11594   7609   7609 -23073  23073  -5373  -5373   7067   6978 1 1 
  45.898 -24245  11744   8508  23746  11594   7609   7609 -23073  23073  -5373  -5373   7065   6984 1 1 
  46.030 -24245  11760   8510  23746  11594   7609   7609 -23073  23073  -5373  -5373   7066   6965 1 1 
  46.155 -24244  11771   8510  23746  11594   7609   7609 -23073  23073  -5373  -5373   7069   6970 1 1 
  46.270 -24244  11771   8508  23746  11594   7609   7609 -23073  23073  -5373  -5373   7066   6979 1 1 
  46.410 -24244  11739   8513  23746  11594   7609   7609 -23073  23073  -5373  -5373   7069   6956 1 1 
  46.550 -24246  11723   8510  23746  11594   7609   7609 -23073  23073  -5373  -5373   7063   6968 1 1 
  46.665 -24245  11748   8510  23746  11589   7622   7622 -23073  23073  -5373  -5373   7068   6959 1 1 
  46.779 -24246  11748   8504  23746  11589   7622   7622 -23073  23073  -5373  -5373   7066   6963 1 1 
  46.904 -24245  11757   8499  23746  11589   7622   7622 -23073  23073  -5373  -5373   7064   6959 1 1 
  47.062 -24244  11751   8504  23746  11589   7622   7622 -23073  23073  -5373  -5373   7065   6957 1 1 
  47.177 -24246  11726   8501  23746  11589   7622   7622 -23073  23073  -5373  -5373   7063   6958 1 1 
  47.302 -24245  11753   8490  23746  11589   7622   7622 -23073  23073  -5373  -5373   7063   6935 1 1 
  47.419 -24244  11751   8486  23746  11589   7622   7622 -23073  23073  -5373  -5373   7061   6941 1 1 
  47.533 -24245  11751   8483  23746  11589   7622   7622 -23073  23073  -5373  -5373   7061   6931 1 1 
  47.659 -24245  11751   8483  23746  11589   7622   7622 -23073  23073  -5373  -5373   7063   6939 1 1 
  47.774 -24245  11751   8472  23746  11589   7622   7622 -23073  23073  -5373  -5373   7054   6921 1 1 
  47.899 -24243  11784   8465  23746  11589   7622   7622 -23073  23073  -5373  -5373   7055   6943 1 1 
  48.029 -24242  11784   8465  23746  11589   7622   7622 -23073  23073  -5373  -5373   7060   6930 1 1 
  48.154 -24242  11775   8463  23746  11589   7622   7622 -23073  23073  -5373  -5373   7057   6942 1 1 
  48.296 -24242  11739   8459  23746  11589   7622   7622 -23073  23073  -5373  -5373   7057   6951 1 1 
  48.410 -24242  11714   8456  23746  11589   7622   7622 -23073  23073  -5373  -5373   7049   6937 1 1 
  48.525 -24242  11714   8454  23746  11589   7622   7622 -23073  23073  -5373  -5373   7050   6932 1 1 
  48.650 -24240  11766   8450  23746  11589   7622   7622 -23073  23073  -5373  -5373   7053   6944 1 1 
  48.780 -24240  11757   8450  23746  11585   7637   7637 -23073  23073  -5406  -5406   7051   6940 1 1 
  48.904 -24240  11733   8454  23746  11585   7637   7637 -23073  23073  -5406  -5406   7050   6952 1 1 
  49.019 -24242  11714   8450  23746  11585   7637   7637 -23073  23073  -5406  -5406   7049   6936 1 1 
  49.160 -24242  11723   8445  23746  11585   7637   7637 -23073  23073  -5406  -5406   7046   6938 1 1 
  49.302 -24239  11762   8436  23746  11585   7637   7637 -23073  23073  -5406  -5406   7050   6919 1 1 
  49.416 -24239  11780   8440  23746  11585   7637   7637 -23073  23073  -5406  -5406   7052   6960 1 1 
  49.531 -24240  11769   8431  23746  11585   7637   7637 -23073  23073  -5406  -5406   7046   6929 1 1 
  49.656 -24242  11744   8429  23746  11585   7637   7637 -23073  23073  -5406  -5406   7050   6931 1 1 
  49.770 -24240  11714   8427  23746  11585   7637   7637 -23073  23073  -5406  -5406   7046   6936 1 1 
  49.884 -24240  11705   8427  23746  11585   7637   7637 -23073  23073  -5406  -5406   7045   6933 1 1 
  50.007 -24238  11753   8429  23746  11585   7637   7637 -23073  23073  -5406  -5406   7046   6932 1 1 
  50.122 -24239  11769   8418  23746  11585   7637   7637 -23073  23073  -5406  -5406   7042   6949 1 1 
  50.249 -24240  11744   8422  23746  11585   7637   7637 -23073  23073  -5406  -5406   7043   6920 1 1 
  50.364 -24238  11723   8422  23746  11585   7637   7637 -23073  23073  -5406  -5406   7042   6933 1 1 
  50.478 -24240  11712   8422  23746  11585   7637   7637 -23073  23073  -5406  -5406   7044   6947 1 1 
  50.603 -24237  11714   8429  23746  11585   7637   7637 -23073  23073  -5406  -5406   7043   6953 1 1 
  50.717 -24238  11717   8429  23746  11578   7584   7584 -23073  23073  -5373  -5373   7044   6974 1 1 
  50.833 -24242  11721   8427  23746  11578   7584   7584 -23073  23073  -5373  -5373   7045   6946 1 1 
  50.958 -24237  11721   8427  23746  11578   7584   7584 -23073  23073  -5373  -5373   7044   6949 1 1 
  51.074 -24237  11751   8429  23746  11578   7584   7584 -23073  23073  -5373  -5373   7047   6964 1 1 
  51.214 -24237  11780   8445  23746  11578   7584   7584 -23073  23073  -5373  -5373   7049   6996 1 1 
  51.329 -24238  11760   8445  23746  11578   7584   7584 -23073  23073  -5373  -5373   7055   6997 1 1 
  51.454 -24242  11726   8454  23746  11578   7584   7584 -23073  23073  -5373  -5373   7052   6971 1 1 
  51.568 -24242  11717   8454  23746  11578   7584   7584 -23073  23073  -5373  -5373   7051   6956 1 1 
  51.683 -24240  11733   8456  23746  11578   7584   7584 -23075  23075  -5373  -5373   7053   6955 1 1 
  51.808 -24239  11771   8456  23746  11578   7584   7584 -23081  23079  -5373  -5373   7052   6973 1 1 
  51.923 -24240  11784   8456  23746  11578   7584   7584 -23081  23081  -5373  -5373   7056   6970 1 1 
  52.048 -24242  11775   8456  23746  11578   7584   7584 -23081  23081  -5373  -5373   7056   6966 1 1 
  52.163 -24242  11751   8456  23746  11578   7584   7584 -23081  23081  -5373  -5373   7051   6948 1 1 
  52.303 -24242  11735   8456  23746  11578   7584   7584 -23081  23081  -5373  -5373   7053   6953 1 1 
  52.446 -24242  11753   8454  23746  11578   7584   7584 -23081  23081  -5373  -5373   7049   6957 1 1 
  52.560 -24242  11778   8454  23746  11578   7584   7584 -23081  23081  -5373  -5373   7054   6970 1 1 
  52.674 -24242  11757   8447  23746  11573   7568   7584 -23081  23081  -5340  -5373   7053   6944 1 1 
  52.799 -24242  11766   8447  23746  11573   7568   7568 -23081  23081  -5340  -5340   7051   6941 1 1 
  52.914 -24240  11753   8447  23746  11573   7568   7568 -23081  23081  -5340  -5340   7051   6958 1 1 
  53.028 -24242  11748   8454  23746  11573   7568   7568 -23081  23081  -5340  -5340   7053   6949 1 1 
  53.154 -24240  11717   8450  23746  11573   7568   7568 -23081  23081  -5340  -5340   7049   6939 1 1 
  53.269 -24242  11717   8454  23746  11573   7568   7568 -23081  23081  -5340  -5340   7051   6939 1 1 
  53.426 -24242  11748   8450  23746  11573   7568   7568 -23081  23081  -5340  -5340   7051   6939 1 1 
  53.582 -24242  11733   8438  23746  11573   7568   7568 -23081  23081  -5340  -5340   7045   6935 1 1 
  53.699 -24242  11717   8438  23746  11573   7568   7568 -23081  23081  -5340  -5340   7047   6927 1 1 
  53.829 -24242  11733   8438  23746  11573   7568   7568 -23081  23081  -5340  -5340   7047   6915 1 1 
  53.954 -24240  11757   8422  23746  11573   7568   7568 -23081  23081  -5340  -5340   7045   6933 1 1 
  54.070 -24239  11757   8427  23746  11573   7568   7568 -23081  23081  -5340  -5340   7047   6941 1 1 
  54.210 -24238  11762   8429  23746  11573   7568   7568 -23081  23081  -5340  -5340   7051   6975 1 1 
  54.351 -24238  11753   8438  23746  11573   7568   7568 -23081  23081  -5340  -5340   7047   6964 1 1 
  54.480 -24239  11766   8436  23746  11573   7568   7568 -23081  23081  -5340  -5340   7048   6959 1 1 
  54.623 -24240  11753   8436  23746  11573   7568   7568 -23081  23081  -5340  -5340   7050   6966 1 1 
  54.763 -24239  11757   8445  23746  11573   7568   7568 -23077  23077  -5340  -5340   7052   6988 1 1 
  54.878 -24238  11748   8454  23746  11573   7568   7568 -23073  23073  -5340  -5340   7055   6988 1 1 
  55.018 -24242  11712   8454  23746  11573   7568   7568 -23073  23073  -5340  -5340   7052   6953 1 1 
  55.159 -24240  11739   8450  23746  11573   7568   7568 -23073  23073  -5340  -5340   7049   6937 1 1 
  55.275 -24240  11762   8445  23746  11573   7568   7568 -23073  23073  -5340  -5340   7050   6941 1 1 
  55.400 -24240  11780   8445  23746  11573   7568   7568 -23073  23073  -5340  -5340   7055   6959 1 1 
  55.515 -24240  11766   8454  23746  11573   7568   7568 -23073  23073  -5340  -5340   7055   6976 1 1 
  55.629 -24242  11708   8454  23746  11573   7568   7568 -23073  23073  -5340  -5340   7053   6949 1 1 
  55.755 -24242  11687   8454  23746  11588   7573   7573 -23073  23073  -5340  -5340   7048   6941 1 1 
  55.870 -24242  11730   8447  23746  11588   7573   7573 -23073  23073  -5340  -5340   7051   6949 1 1 
  55.995 -24242  11757   8447  23746  11588   7573   7573 -23073  23073  -5340  -5340   7051   6939 1 1 
  56.109 -24240  11778   8447  23746  11588   7573   7573 -23073  23073  -5340  -5340   7053   6937 1 1 
  56.224 -24242  11739   8445  23746  11588   7573   7573 -23073  23073  -5340  -5340   7052   6941 1 1 
  56.349 -24242  11705   8447  23746  11588   7573   7573 -23073  23073  -5340  -5340   7050   6935 1 1 
  56.463 -24243  11678   8447  23746  11588   7573   7573 -23073  23073  -5340  -5340   7047   6941 1 1 
  56.580 -24242  11694   8445  23746  11588   7573   7573 -23073  23073  -5340  -5340   7047   6937 1 1 
  56.703 -24240  11735   8445  23746  11588   7573   7573 -23073  23073  -5340  -5340   7045   6959 1 1 
  56.820 -24239  11771   8440  23746  11588   7573   7573 -23073  23073  -5340  -5340   7047   6956 1 1 
  56.934 -24240  11748   8440  23746  11588   7573   7573 -23073  23073  -5340  -5340   7050   6937 1 1 
  57.085 -24240  11730   8440  23746  11588   7573   7573 -23073  23073  -5340  -5340   7051   6959 1 1 
  57.217 -24237  11703   8454  23746  11588   7573   7573 -23073  23073  -5340  -5340   7043   6943 1 1 
  57.357 -24237  11712   8463  23746  11588   7573   7573 -23073  23073  -5340  -5340   7050   6990 1 1 
  57.472 -24238  11721   8463  23746  11588   7573   7573 -23073  23073  -5340  -5340   7050   6974 1 1 
  57.597 -24240  11726   8463  23746  11588   7573   7573 -23073  23073  -5340  -5340   7055   6970 1 1 
  57.711 -24240  11735   8459  23746  11589   7584   7584 -23073  23073  -5340  -5340   7049   6978 1 1 
  57.826 -24242  11748   8459  23746  11589   7584   7584 -23073  23073  -5340  -5340   7051   6948 1 1 
  57.951 -24240  11757   8459  23746  11589   7584   7584 -23073  23073  -5340  -5340   7056   6988 1 1 
  58.081 -24242  11748   8468  23746  11589   7584   7584 -23073  23073  -5340  -5340   7056   6986 1 1 
  58.232 -24242  11721   8481  23746  11589   7584   7584 -23073  23073  -5340  -5340   7056   6963 1 1 
  58.378 -24242  11744   8474  23746  11589   7584   7584 -23073  23073  -5340  -5340   7055   6966 1 1 
  58.505 -24238  11787   8483  23746  11589   7584   7584 -23073  23073  -5340  -5340   7060   6996 1 1 
  58.621 -24238  11802   8483  23746  11589   7584   7584 -23073  23073  -5340  -5340   7064   7002 1 1 
  58.761 -24240  11775   8486  23746  11589   7584   7584 -23073  23073  -5340  -5340   7061   6994 1 1 
  58.916 -24243  11703   8490  23746  11589   7584   7584 -23073  23073  -5340  -5340   7057   6975 1 1 
  59.031 -24242  11708   8499  23746  11589   7584   7584 -23073  23073  -5340  -5340   7061   6998 1 1 
  59.156 -24243  11739   8490  23746  11589   7584   7584 -23073  23073  -5340  -5340   7062   6983 1 1 
  59.273 -24244  11742   8486  23746  11589   7584   7584 -23073  23073  -5340  -5340   7060   6953 1 1 
  59.397 -24245  11739   8483  23746  11589   7584   7584 -23073  23073  -5340  -5340   7061   6962 1 1 
  59.511 -24245  11744   8483  23746  11589   7584   7584 -23073  23073  -5340  -5340   7061   6955 1 1 
  59.627 -24244  11744   8483  23746  11589   7584   7584 -23073  23073  -5340  -5340   7061   6953 1 1 
  59.768 -24246  11717   8483  23746  11589   7584   7584 -23073  23073  -5340  -5340   7060   6959 1 1 
  59.893 -24246  11687   8481  23746  11589   7584   7584 -23073  23073  -5340  -5340   7056   6926 1 1 
  60.023 -24246  11712   8465  23746  11589   7584   7584 -23073  23073  -5340  -5340   7053   6927 1 1 
  60.165 -24245  11739   8454  23746  11589   7584   7584 -23073  23073  -5340  -5340   7051   6921 1 1 
  60.280 -24243  11742   8456  23746  11589   7584   7584 -23073  23073  -5340  -5340   7053   6932 1 1 
  60.405 -24243  11721   8450  23746  11589   7584   7584 -23073  23073  -5340  -5340   7049   6930 1 1 
  60.519 -24243  11694   8450  23746  11589   7584   7584 -23073  23073  -5340  -5340   7049   6924 1 1 
  60.634 -24243  11690   8450  23746  11589   7584   7584 -23073  23073  -5340  -5340   7046   6925 1 1 
  60.774 -24243  11703   8438  23746  11591   7616   7616 -23073  23073  -5373  -5373   7042   6919 1 1 
  60.899 -24242  11735   8438  23746  11591   7616   7616 -23073  23073  -5373  -5373   7047   6927 1 1 
  61.055 -24239  11744   8431  23746  11591   7616   7616 -23073  23073  -5373  -5373   7043   6913 1 1 
  61.171 -24239  11757   8422  23746  11591   7616   7616 -23073  23073  -5373  -5373   7047   6935 1 1 
  61.296 -24239  11753   8420  23746  11591   7616   7616 -23073  23073  -5373  -5373   7042   6936 1 1 
  61.411 -24237  11733   8427  23746  11591   7616   7616 -23073  23073  -5373  -5373   7045   6970 1 1 
  61.525 -24237  11705   8438  23746  11591   7616   7616 -23073  23073  -5373  -5373   7043   6962 1 1 
  61.651 -24238  11694   8431  23746  11591   7616   7616 -23073  23073  -5373  -5373   7041   6929 1 1 
  61.780 -24240  11726   8427  23746  11591   7616   7616 -23073  23073  -5373  -5373   7044   6937 1 1 
  61.905 -24239  11766   8420  23746  11591   7616   7616 -23073  23073  -5373  -5373   7045   6953 1 1 
  62.020 -24238  11766   8422  23746  11591   7616   7616 -23073  23073  -5373  -5373   7048   6964 1 1 
  62.145 -24238  11744   8436  23746  11591   7616   7616 -23073  23073  -5373  -5373   7049   6967 1 1 
  62.275 -24240  11721   8436  23746  11591   7616   7616 -23073  23073  -5373  -5373   7048   6962 1 1 
  62.415 -24239  11703   8440  23746  11591   7616   7616 -23073  23073  -5373  -5373   7045   6957 1 1 
  62.531 -24240  11714   8440  23746  11591   7616   7616 -23073  23073  -5373  -5373   7046   6950 1 1 
  62.657 -24239  11735   8440  23746  11591   7616   7616 -23073  23073  -5373  -5373   7049   6948 1 1 
  62.772 -24242  11753   8429  23746  11591   7616   7616 -23073  23073  -5373  -5373   7048   6968 1 1 
  62.897 -24242  11742   8438  23746  11591   7616   7616 -23073  23073  -5373  -5373   7048   6939 1 1 
  63.014 -24240  11721   8436  23746  11591   7616   7616 -23073  23073  -5373  -5373   7046   6956 1 1 
  63.128 -24240  11730   8436  23746  11591   7616   7616 -23073  23073  -5373  -5373   7046   6925 1 1 
  63.254 -24239  11735   8436  23746  11591   7616   7616 -23073  23073  -5373  -5373   7047   6946 1 1 
  63.369 -24240  11726   8429  23746  11591   7616   7616 -23073  23073  -5373  -5373   7048   6978 1 1 
  63.511 -24239  11714   8438  23746  11591   7616   7616 -23073  23073  -5373  -5373   7047   6957 1 1 
  63.659 -24240  11751   8436  23746  11591   7616   7616 -23073  23073  -5373  -5373   7048   6958 1 1 
  63.773 -24238  11748   8445  23746  11591   7616   7616 -23073  23073  -5373  -5373   7049   6967 1 1 
  63.898 -24236  11742   8450  23746  11591   7616   7616 -23073  23073  -5373  -5373   7049   7004 1 1 
  64.013 -24240  11721   8454  23746  11591   7616   7616 -23073  23073  -5373  -5373   7051   6982 1 1 
  64.127 -24239  11735   8465  23746  11591   7616   7616 -23073  23073  -5373  -5373   7055   6990 1 1 
  64.252 -24239  11748   8459  23746  11591   7616   7616 -23073  23073  -5373  -5373   7053   6992 1 1 
  64.366 -24240  11748   8468  23746  11591   7616   7616 -23073  23073  -5373  -5373   7057   6988 1 1 
  64.480 -24239  11753   8477  23746  11591   7616   7616 -23073  23073  -5373  -5373   7059   6994 1 1 
  64.603 -24242  11757   8481  23746  11591   7616   7616 -23073  23073  -5373  -5373   7060   6981 1 1 
  64.717 -24242  11735   8474  23746  11572   7574   7574 -23073  23073  -5340  -5373   7057   6978 1 1 
  64.831 -24242  11739   8481  23746  11572   7574   7574 -23073  23073  -5340  -5340   7059   6979 1 1 
  64.971 -24243  11744   8483  23746  11572   7574   7574 -23073  23073  -5340  -5340   7056   6974 1 1 
  65.096 -24242  11753   8483  23746  11572   7574   7574 -23073  23073  -5340  -5340   7059   6992 1 1 
  65.210 -24240  11757   8495  23746  11572   7574   7574 -23073  23073  -5340  -5340   7063   6990 1 1 
  65.324 -24242  11757   8492  23746  11572   7574   7574 -23073  23073  -5340  -5340   7064   7003 1 1 
  65.464 -24242  11730   8504  23746  11572   7574   7574 -23073  23073  -5340  -5340   7062   7002 1 1 
  65.578 -24245  11714   8499  23746  11572   7574   7574 -23073  23073  -5340  -5340   7066   6992 1 1 
  65.701 -24246  11717   8501  23746  11572   7574   7574 -23073  23073  -5340  -5340   7067   6991 1 1 
  65.831 -24244  11766   8510  23746  11572   7574   7574 -23073  23073  -5340  -5340   7068   6988 1 1 
  65.955 -24245  11784   8499  23746  11572   7574   7574 -23073  23073  -5340  -5340   7069   6962 1 1 
  66.069 -24245  11793   8499  23746  11572   7574   7574 -23073  23073  -5340  -5340   7070   6982 1 1 
  66.183 -24244  11762   8495  23746  11572   7574   7574 -23073  23073  -5340  -5340   7067   6968 1 1 
  66.308 -24245  11726   8492  23746  11572   7574   7574 -23073  23073  -5340  -5340   7064   6959 1 1 
  66.422 -24245  11699   8504  23746  11572   7574   7574 -23073  23073  -5340  -5340   7066   6972 1 1 
  66.545 -24247  11717   8490  23746  11572   7574   7574 -23073  23073  -5340  -5340   7061   6941 1 1 
  66.660 -24246  11769   8481  23746  11572   7574   7574 -23073  23073  -5340  -5340   7062   6948 1 1 
  66.774 -24243  11771   8483  23746  11591   7609   7609 -23073  23073  -5373  -5373   7060   6951 1 1 
  66.898 -24244  11757   8486  23746  11591   7609   7609 -23073  23073  -5373  -5373   7063   6964 1 1 
  67.012 -24243  11735   8483  23746  11591   7609   7609 -23073  23073  -5373  -5373   7058   6962 1 1 
  67.127 -24245  11730   8481  23746  11591   7609   7609 -23073  23073  -5373  -5373   7058   6941 1 1 
  67.252 -24243  11739   8472  23746  11591   7609   7609 -23073  23073  -5373  -5373   7060   6935 1 1 
  67.366 -24242  11748   8472  23746  11591   7609   7609 -23073  23073  -5373  -5373   7059   6949 1 1 
  67.480 -24242  11739   8472  23746  11591   7609   7609 -23073  23073  -5373  -5373   7056   6946 1 1 
  67.620 -24242  11721   8472  23746  11591   7609   7609 -23073  23073  -5373  -5373   7058   6953 1 1 
  67.745 -24243  11712   8465  23746  11591   7609   7609 -23073  23073  -5373  -5373   7056   6949 1 1 
  67.875 -24243  11735   8454  23746  11591   7609   7609 -23073  23073  -5373  -5373   7053   6933 1 1 
  68.000 -24242  11744   8450  23746  11591   7609   7609 -23073  23073  -5373  -5373   7054   6937 1 1 
  68.114 -24242  11742   8450  23746  11591   7609   7609 -23073  23073  -5373  -5373   7054   6936 1 1 
  68.228 -24242  11714   8454  23746  11591   7609   7609 -23073  23073  -5373  -5373   7052   6940 1 1 
  68.353 -24243  11723   8450  23746  11591   7609   7609 -23073  23073  -5373  -5373   7054   6944 1 1 
  68.467 -24242  11748   8445  23746  11591   7609   7609 -23073  23073  -5373  -5373   7053   6939 1 1 
  68.580 -24242  11744   8436  23746  11591   7609   7609 -23073  23073  -5373  -5373   7052   6936 1 1 
  68.704 -24242  11739   8427  23746  11591   7609   7609 -23073  23073  -5373  -5373   7047   6910 1 1 
  68.818 -24240  11733   8436  23746  11591   7609   7609 -23073  23073  -5373  -5373   7047   6967 1 1 
  68.932 -24240  11726   8427  23746  11591   7609   7609 -23073  23073  -5373  -5373   7047   6927 1 1 
  69.057 -24239  11757   8422  23746  11591   7609   7609 -23073  23073  -5373  -5373   7046   6942 1 1 
  69.172 -24242  11735   8418  23746  11591   7609   7609 -23073  23073  -5373  -5373   7047   6931 1 1 
  69.297 -24239  11730   8420  23746  11591   7609   7609 -23073  23073  -5373  -5373   7046   6936 1 1 
  69.411 -24237  11748   8427  23746  11591   7609   7609 -23073  23073  -5373  -5373   7047   6955 1 1 
  69.525 -24240  11739   8418  23746  11591   7609   7609 -23073  23073  -5373  -5373   7046   6951 1 1 
  69.648 -24239  11742   8420  23746  11591   7609   7609 -23073  23073  -5373  -5373   7048   6947 1 1 
  69.779 -24238  11721   8420  23746  11575   7600   7600 -23073  23073  -5373  -5373   7045   6955 1 1 
  69.902 -24238  11699   8422  23746  11575   7600   7600 -23073  23073  -5373  -5373   7044   6952 1 1 
  70.032 -24239  11714   8422  23746  11575   7600   7600 -23073  23073  -5373  -5373   7044   6959 1 1 
  70.172 -24237  11751   8422  23746  11575   7600   7600 -23073  23073  -5373  -5373   7048   6963 1 1 
  70.297 -24238  11766   8422  23746  11575   7600   7600 -23073  23073  -5373  -5373   7050   6966 1 1 
  70.411 -24238  11733   8422  23746  11575   7600   7600 -23073  23073  -5373  -5373   7045   6947 1 1 
  70.527 -24239  11703   8429  23746  11575   7600   7600 -23073  23073  -5373  -5373   7043   6940 1 1 
  70.667 -24238  11703   8438  23746  11575   7600   7600 -23073  23073  -5373  -5373   7046   6995 1 1 
  70.824 -24239  11742   8429  23746  11575   7600   7600 -23073  23073  -5373  -5373   7048   6973 1 1 
  70.949 -24238  11762   8431  23746  11575   7600   7600 -23073  23073  -5373  -5373   7048   6962 1 1 
  71.080 -24238  11753   8438  23746  11575   7600   7600 -23073  23073  -5373  -5373   7049   6972 1 1 
  71.203 -24238  11723   8445  23746  11575   7600   7600 -23073  23073  -5373  -5373   7052   6984 1 1 
  71.318 -24242  11712   8445  23746  11575   7600   7600 -23073  23073  -5373  -5373   7051   6967 1 1 
  71.434 -24239  11708   8454  23746  11575   7600   7600 -23073  23073  -5373  -5373   7052   6980 1 1 
  71.560 -24242  11717   8454  23746  11575   7600   7600 -23073  23073  -5373  -5373   7054   6966 1 1 
  71.674 -24242  11733   8450  23746  11575   7561   7600 -23073  23073  -5340  -5373   7054   6955 1 1 
  71.799 -24240  11751   8454  23746  11575   7561   7561 -23073  23073  -5340  -5340   7056   6985 1 1 
  71.913 -24242  11760   8454  23746  11575   7561   7561 -23073  23073  -5340  -5340   7056   6962 1 1 
  72.053 -24242  11748   8454  23746  11575   7561   7561 -23073  23073  -5340  -5340   7055   6958 1 1 
  72.194 -24242  11723   8454  23746  11575   7561   7561 -23073  23073  -5340  -5340   7051   6963 1 1 
  72.311 -24242  11685   8456  23746  11575   7561   7561 -23073  23073  -5340  -5340   7052   6949 1 1 
  72.426 -24240  11696   8456  23746  11575   7561   7561 -23073  23073  -5340  -5340   7052   6957 1 1 
  72.551 -24242  11742   8454  23746  11575   7561   7561 -23073  23073  -5340  -5340   7053   6954 1 1 
  72.665 -24240  11762   8450  23746  11575   7561   7561 -23073  23073  -5340  -5340   7056   6959 1 1 
  72.780 -24242  11766   8450  23746  11575   7561   7561 -23073  23073  -5340  -5340   7055   6951 1 1 
  72.923 -24242  11735   8450  23746  11575   7561   7561 -23073  23073  -5340  -5340   7052   6948 1 1 
  73.048 -24242  11717   8454  23746  11575   7561   7561 -23073  23073  -5340  -5340   7055   6964 1 1 
  73.162 -24242  11726   8454  23746  11575   7561   7561 -23073  23073  -5340  -5340   7053   6984 1 1 
  73.277 -24242  11733   8454  23746  11575   7561   7561 -23073  23073  -5340  -5340   7055   6965 1 1 
  73.428 -24240  11739   8447  23746  11575   7561   7561 -23073  23073  -5340  -5340   7052   6955 1 1 
  73.560 -24240  11744   8454  23746  11575   7561   7561 -23073  23073  -5340  -5340   7052   6953 1 1 
  73.675 -24242  11717   8445  23746  11575   7561   7561 -23073  23073  -5340  -5340   7053   6955 1 1 
  73.800 -24242  11733   8440  23746  11575   7561   7561 -23073  23073  -5340  -5340   7053   6951 1 1 
  73.940 -24240  11744   8438  23746  11575   7561   7561 -23073  23073  -5340  -5340   7050   6955 1 1 
  74.069 -24239  11733   8450  23746  11575   7561   7561 -23073  23073  -5340  -5340   7052   6966 1 1 
  74.209 -24238  11717   8456  23746  11575   7561   7561 -23073  23073  -5340  -5340   7054   6978 1 1 
  74.334 -24242  11721   8447  23746  11575   7561   7561 -23073  23073  -5340  -5340   7052   6940 1 1 
  74.450 -24240  11739   8445  23746  11575   7561   7561 -23073  23073  -5340  -5340   7052   6966 1 1 
  74.581 -24240  11744   8456  23746  11575   7561   7561 -23073  23073  -5340  -5340   7055   6978 1 1 
  74.708 -24240  11717   8459  23746  11572   7592   7592 -23073  23073  -5373  -5373   7054   6966 1 1 
  74.824 -24239  11690   8465  23746  11572   7592   7592 -23073  23073  -5373  -5373   7057   6999 1 1 
  74.950 -24242  11678   8463  23746  11572   7592   7592 -23073  23073  -5373  -5373   7055   6970 1 1 
  75.080 -24242  11705   8463  23746  11572   7592   7592 -23073  23073  -5373  -5373   7050   6960 1 1 
  75.205 -24240  11735   8465  23746  11572   7592   7592 -23073  23073  -5373  -5373   7060   6986 1 1 
  75.320 -24240  11766   8472  23746  11572   7592   7592 -23073  23073  -5373  -5373   7061   6982 1 1 
  75.462 -24239  11751   8483  23746  11572   7592   7592 -23073  23073  -5373  -5373   7059   6998 1 1 
  75.577 -24242  11705   8483  23746  11572   7592   7592 -23073  23073  -5373  -5373   7061   6974 1 1 
  75.720 -24244  11705   8483  23746  11572   7592   7592 -23073  23073  -5373  -5373   7061   6988 1 1 
  75.845 -24244  11726   8483  23746  11572   7592   7592 -23073  23073  -5373  -5373   7058   6982 1 1 
  75.975 -24242  11769   8490  23746  11572   7592   7592 -23073  23073  -5373  -5373   7062   6968 1 1 
  76.100 -24243  11778   8483  23746  11572   7592   7592 -23073  23073  -5373  -5373   7067   6986 1 1 
  76.217 -24244  11748   8483  23746  11572   7592   7592 -23073  23073  -5373  -5373   7065   6981 1 1 
  76.332 -24244  11735   8483  23746  11572   7592   7592 -23073  23073  -5373  -5373   7064   6968 1 1 
  76.457 -24244  11703   8490  23746  11572   7592   7592 -23073  23073  -5373  -5373   7061   6964 1 1 
  76.572 -24245  11705   8481  23746  11572   7592   7592 -23073  23073  -5373  -5373   7061   6974 1 1 
  76.712 -24244  11726   8483  23746  11560   7597   7592 -23073  23073  -5373  -5373   7062   6974 1 1 
  76.854 -24243  11757   8474  23746  11560   7597   7597 -23073  23073  -5373  -5373   7062   6938 1 1 
  76.969 -24243  11748   8472  23746  11560   7597   7597 -23073  23073  -5373  -5373   7061   6957 1 1 
  77.083 -24242  11733   8468  23746  11560   7597   7597 -23073  23073  -5373  -5373   7060   6951 1 1 
  77.208 -24243  11714   8474  23746  11560   7597   7597 -23073  23073  -5373  -5373   7058   6947 1 1 
  77.323 -24243  11714   8468  23746  11560   7597   7597 -23073  23073  -5373  -5373   7059   6970 1 1 
  77.448 -24244  11705   8463  23746  11560   7597   7597 -23073  23073  -5373  -5373   7055   6936 1 1 
  77.562 -24243  11712   8463  23746  11560   7597   7597 -23073  23073  -5373  -5373   7056   6949 1 1 
  77.677 -24242  11733   8463  23746  11560   7597   7597 -23073  23073  -5373  -5373   7051   6951 1 1 
  77.802 -24240  11766   8456  23746  11560   7597   7597 -23073  23073  -5373  -5373   7057   6942 1 1 
  77.932 -24240  11751   8456  23746  11560   7597   7597 -23073  23073  -5373  -5373   7056   6953 1 1 
  78.056 -24242  11742   8456  23746  11560   7597   7597 -23073  23073  -5373  -5373   7053   6966 1 1 
  78.171 -24242  11723   8450  23746  11560   7597   7597 -23073  23073  -5373  -5373   7051   6937 1 1 
  78.296 -24240  11723   8454  23746  11560   7597   7597 -23073  23073  -5373  -5373   7054   6957 1 1 
  78.410 -24242  11733   8456  23746  11560   7597   7597 -23073  23073  -5373  -5373   7053   6964 1 1 
  78.524 -24239  11730   8456  23746  11560   7597   7597 -23073  23073  -5373  -5373   7055   6976 1 1 
  78.649 -24240  11712   8450  23746  11560   7597   7597 -23073  23073  -5373  -5373   7052   6941 1 1 
  78.764 -24242  11714   8450  23746  11560   7597   7597 -23073  23073  -5373  -5373   7050   6959 1 1 
  78.879 -24238  11735   8456  23746  11560   7597   7597 -23073  23073  -5373  -5373   7057   6976 1 1 
  79.006 -24240  11733   8456  23746  11560   7597   7597 -23073  23073  -5373  -5373   7054   6980 1 1 
  79.119 -24240  11717   8463  23746  11560   7597   7597 -23073  23073  -5373  -5373   7057   6983 1 1 
  79.244 -24242  11705   8463  23746  11560   7597   7597 -23073  23073  -5373  -5373   7057   6955 1 1 
  79.360 -24242  11703   8465  23746  11560   7597   7597 -23073  23073  -5373  -5373   7055   6965 1 1 
  79.475 -24242  11717   8459  23746  11560   7597   7597 -23073  23073  -5373  -5373   7056   6970 1 1 
  79.615 -24242  11730   8468  23746  11560   7597   7597 -23073  23073  -5373  -5373   7056   6966 1 1 
  79.730 -24242  11739   8468  23746  11575   7596   7596 -23073  23073  -5373  -5373   7057   6972 1 1 
  79.855 -24242  11717   8465  23746  11575   7596   7596 -23073  23073  -5373  -5373   7057   6959 1 1 
  80.012 -24242  11705   8468  23746  11575   7596   7596 -23073  23073  -5373  -5373   7055   6951 1 1 
  80.127 -24242  11705   8474  23746  11575   7596   7596 -23073  23073  -5373  -5373   7057   6966 1 1 
  80.252 -24240  11757   8474  23746  11575   7596   7596 -23073  23073  -5373  -5373   7060   6971 1 1 
  80.367 -24242  11760   8465  23746  11575   7596   7596 -23073  23073  -5373  -5373   7060   6965 1 1 
  80.482 -24242  11760   8468  23746  11575   7596   7596 -23073  23073  -5373  -5373   7062   6970 1 1 
  80.624 -24242  11739   8474  23746  11575   7596   7596 -23073  23073  -5373  -5373   7060   6972 1 1 
  80.765 -24242  11703   8481  23746  11575   7596   7596 -23073  23073  -5373  -5373   7059   6977 1 1 
  80.905 -24242  11705   8483  23746  11575   7596   7596 -23073  23073  -5373  -5373   7060   6973 1 1 
  81.019 -24242  11735   8486  23746  11575   7596   7596 -23073  23073  -5373  -5373   7062   6972 1 1 
  81.144 -24242  11760   8481  23746  11575   7596   7596 -23073  23073  -5373  -5373   7063   6976 1 1 
  81.284 -24242  11730   8486  23746  11575   7596   7596 -23073  23073  -5373  -5373   7063   6986 1 1 
  81.416 -24242  11690   8492  23746  11575   7596   7596 -23073  23073  -5373  -5373   7061   6973 1 1 
  81.557 -24243  11717   8486  23746  11575   7596   7596 -23073  23073  -5373  -5373   7063   6974 1 1 
  81.697 -24243  11742   8486  23746  11575   7596   7596 -23073  23073  -5373  -5373   7062   6980 1 1 
  81.826 -24243  11721   8495  23746  11575   7596   7596 -23073  23073  -5373  -5373   7063   6995 1 1 
  81.951 -24245  11708   8495  23746  11575   7596   7596 -23073  23073  -5373  -5373   7063   6966 1 1 
  82.083 -24242  11723   8499  23746  11575   7596   7596 -23073  23073  -5373  -5373   7064   6988 1 1 
  82.206 -24243  11739   8492  23746  11575   7596   7596 -23073  23073  -5373  -5373   7064   6960 1 1 
  82.321 -24243  11742   8495  23746  11575   7596   7596 -23073  23073  -5373  -5373   7064   6964 1 1 
  82.463 -24243  11733   8501  23746  11575   7596   7596 -23073  23073  -5373  -5373   7063   6974 1 1 
  82.618 -24242  11705   8504  23746  11575   7596   7596 -23073  23073  -5373  -5373   7065   6976 1 1 
  82.759 -24244  11703   8508  23746  11578   7614   7614 -23073  23073  -5373  -5373   7066   6986 1 1 
  82.874 -24245  11735   8504  23746  11578   7614   7614 -23073  23073  -5373  -5373   7067   6990 1 1 
  83.014 -24244  11757   8504  23746  11578   7614   7614 -23073  23073  -5373  -5373   7069   6983 1 1 
  83.172 -24244  11748   8504  23746  11578   7614   7614 -23073  23073  -5373  -5373   7069   6980 1 1 
  83.297 -24245  11721   8510  23746  11578   7614   7614 -23073  23073  -5373  -5373   7066   6981 1 1 
  83.428 -24245  11714   8504  23746  11578   7614   7614 -23073  23073  -5373  -5373   7064   6969 1 1 
  83.569 -24245  11721   8508  23746  11578   7614   7614 -23073  23073  -5373  -5373   7065   6949 1 1 
  83.702 -24245  11733   8501  23746  11578   7614   7614 -23073  23073  -5373  -5373   7067   6975 1 1 
  83.831 -24244  11726   8510  23746  11578   7614   7614 -23073  23073  -5373  -5373   7067   6964 1 1 
  83.972 -24245  11723   8508  23746  11578   7614   7614 -23073  23073  -5373  -5373   7066   6968 1 1 
  84.112 -24245  11717   8501  23746  11578   7614   7614 -23073  23073  -5373  -5373   7066   6967 1 1 
  84.228 -24245  11685   8510  23746  11578   7614   7614 -23073  23073  -5373  -5373   7063   6961 1 1 
  84.351 -24245  11685   8501  23746  11578   7614   7614 -23073  23073  -5373  -5373   7060   6949 1 1 
  84.468 -24244  11708   8508  23746  11578   7614   7614 -23073  23073  -5373  -5373   7063   6949 1 1 
  84.582 -24243  11726   8499  23746  11578   7614   7614 -23073  23073  -5373  -5373   7059   6943 1 1 
  84.708 -24245  11714   8492  23746  11578   7614   7614 -23073  23073  -5373  -5373   7060   6943 1 1 
  84.848 -24244  11703   8490  23746  11578   7614   7614 -23073  23073  -5373  -5373   7059   6943 1 1 
  84.980 -24243  11708   8490  23746  11578   7614   7614 -23073  23073  -5373  -5373   7059   6952 1 1 
  85.105 -24243  11703   8495  23746  11578   7614   7614 -23073  23073  -5373  -5373   7058   6958 1 1 
  85.220 -24244  11690   8490  23746  11578   7614   7614 -23073  23073  -5373  -5373   7058   6950 1 1 
  85.345 -24243  11708   8490  23746  11578   7614   7614 -23073  23073  -5373  -5373   7058   6970 1 1 
  85.477 -24244  11708   8490  23746  11578   7614   7614 -23073  23073  -5373  -5373   7058   6958 1 1 
  85.617 -24243  11696   8486  23746  11578   7614   7614 -23073  23073  -5373  -5373   7053   6955 1 1 
  85.774 -24243  11672   8486  23746  11562   7640   7640 -23073  23073  -5439  -5439   7057   6960 1 1 
  85.898 -24243  11694   8481  23746  11562   7640   7640 -23073  23073  -5439  -5439   7053   6952 1 1 
  86.012 -24244  11714   8477  23746  11562   7640   7640 -23073  23073  -5439  -5439   7056   6958 1 1 
  86.170 -24242  11723   8474  23746  11562   7640   7640 -23073  23073  -5439  -5439   7057   6949 1 1 
  86.295 -24242  11730   8481  23746  11562   7640   7640 -23073  23073  -5439  -5439   7052   6958 1 1 
  86.425 -24242  11717   8474  23746  11562   7640   7640 -23073  23073  -5439  -5439   7057   6943 1 1 
*** End ***
