 *** ZZT:Watch ***
File: D:\ZZT\Watch_ZAKUCA1A-ZAKUCA1A_076.log
Computer: INEM1332-NB; User: anto.maric
Connection: Telnet 192.168.0.11:23
Target: D105OSCZ; Application: ZAKUCA1A-ZAKUCA1A
Start time: 21.2.2025. 14:06:33

Signals: 14
 1.    VGACT int16
 2.     PACT int16
 3.     QACT int16
 4.    VGREF int16
 5.    PACTH int16
 6.    QACTH int16
 7.    QHREF int16
 8.    VHACT int16
 9.    VHREF int16
10.  COSPHIH int16
11.  COSHREF int16
12.    IFACT int16
13.    UFACT int16
14.    VHINC log16

Data:
   0.000 -22899  11471    424  22874  11522    -69      0 -22810  23405      0      0   5039   5068 
   0.452 -22900  11496    424  22874  11522    -69      0 -22810  23405      0      0   5041   5062 0 
   0.566 -22899  11496    433  22874  11522    -69      0 -22810  23405      0      0   5043   5057 0 
   0.680 -22901  11514    424  22874  11522    -69      0 -22810  23405      0      0   5041   5059 0 
   0.820 -22900  11496    424  22874  11522    -69      0 -22810  23405      0      0   5041   5064 0 
   0.960 -22900  11471    424  22874  11522    -69      0 -22810  23405      0      0   5039   5073 0 
   1.075 -22899  11459    433  22874  11522    -69      0 -22810  23405      0      0   5039   5071 0 
   1.189 -22898  11478    433  22874  11522    -69      0 -22810  23405      0      0   5039   5083 0 
   1.314 -22900  11487    424  22874  11522    -69      0 -22810  23405      0      0   5041   5073 0 
   1.428 -22900  11491    424  22874  11522    -69      0 -22810  23405      0      0   5038   5058 0 
   1.570 -22900  11491    424  22874  11522    -69      0 -22810  23405      0      0   5039   5080 0 
   1.683 -22899  11489    424  22874  11525   -112      0 -22810  23405      0      0   5041   5081 0 
   1.850 -22900  11487    424  22874  11525   -112      0 -22810  23405      0      0   5038   5093 0 
   1.981 -22899  11480    426  22874  11525   -112      0 -22810  23405      0      0   5041   5095 0 
   2.121 -22899  11482    433  22874  11525   -112      0 -22810  23405      0      0   5041   5076 0 
   2.235 -22900  11496    435  22874  11525   -112      0 -22810  23405      0      0   5043   5084 0 
   2.360 -22900  11509    442  22874  11525   -112      0 -22810  23405      0      0   5046   5064 0 
   2.923 -22901  11505    430  22874  11525   -112      0 -22810  23405      0      0   5040   5075 0 
   3.037 -22900  11498    453  22874  11525   -112      0 -22810  23405      0      0   5047   5095 0 
   3.162 -22900  11498    458  22874  11525   -112      0 -22810  23405      0      0   5047   5113 0 
   3.276 -22903  11473    453  22874  11525   -112      0 -22810  23405      0      0   5045   5079 0 
   3.402 -22901  11482    458  22874  11525   -112      0 -22810  23405      0      0   5047   5092 0 
   3.532 -22903  11491    458  22874  11525   -112      0 -22810  23405      0      0   5047   5075 0 
   3.657 -22900  11532    460  22874  11525   -112      0 -22810  23405      0      0   5050   5098 0 
   3.772 -22903  11514    458  22874  11525   -112      0 -22810  23405      0      0   5052   5077 0 
   3.886 -22903  11491    460  22874  11525   -112      0 -22810  23405      0      0   5049   5071 0 
   4.011 -22902  11496    458  22874  11525   -112      0 -22810  23405      0      0   5047   5073 0 
   4.126 -22902  11498    460  22874  11525   -112      0 -22810  23405      0      0   5048   5066 0 
   4.251 -22903  11516    458  22874  11525   -112      0 -22810  23405      0      0   5049   5068 0 
   4.383 -22903  11514    453  22874  11525   -112      0 -22810  23405      0      0   5049   5076 0 
   4.523 -22902  11523    449  22874  11525   -112      0 -22810  23405      0      0   5047   5062 0 
   4.664 -22902  11518    451  22874  11532    -87      0 -22810  23405      0      0   5047   5068 0 
   4.778 -22901  11482    451  22874  11532    -87      0 -22810  23405      0      0   5047   5076 0 
   4.921 -22900  11471    458  22874  11532    -87      0 -22810  23405      0      0   5046   5086 0 
   5.036 -22903  11462    451  22874  11532    -87      0 -22810  23405      0      0   5042   5070 0 
   5.187 -22900  11469    458  22874  11532    -87      0 -22810  23405      0      0   5045   5101 0 
   5.334 -22901  11487    449  22874  11532    -87      0 -22810  23405      0      0   5045   5068 0 
   5.460 -22901  11496    451  22874  11532    -87      0 -22810  23405      0      0   5047   5088 0 
   5.576 -22900  11514    449  22874  11532    -87      0 -22810  23405      0      0   5047   5091 0 
   5.702 -22899  11536    458  22874  11532    -87      0 -22810  23405      0      0   5051   5107 0 
   5.832 -22901  11518    458  22874  11532    -87      0 -22810  23405      0      0   5050   5101 0 
   5.957 -22902  11482    458  22874  11532    -87      0 -22810  23405      0      0   5048   5073 0 
   6.130 -22903  11469    458  22874  11532    -87      0 -22810  23405      0      0   5045   5077 0 
   6.255 -22903  11491    458  22874  11532    -87      0 -22810  23405      0      0   5046   5084 0 
   6.387 -22903  11514    453  22874  11532    -87      0 -22810  23405      0      0   5044   5075 0 
   6.528 -22902  11500    451  22874  11532    -87      0 -22810  23405      0      0   5047   5058 0 
   6.670 -22901  11514    453  22874  11521    -82      0 -22810  23405      0      0   5050   5077 0 
   6.785 -22903  11478    451  22874  11521    -82      0 -22810  23405      0      0   5045   5056 0 
   6.911 -22903  11459    453  22874  11521    -82      0 -22810  23405      0      0   5044   5058 0 
   7.083 -22903  11478    449  22874  11521    -82      0 -22810  23405      0      0   5042   5065 0 
   7.208 -22900  11491    451  22874  11521    -82      0 -22810  23405      0      0   5045   5070 0 
   7.323 -22900  11523    451  22874  11521    -82      0 -22810  23405      0      0   5048   5089 0 
   7.464 -22901  11507    444  22874  11521    -82      0 -22810  23405      0      0   5047   5071 0 
   7.578 -22902  11500    444  22874  11521    -82      0 -22810  23405      0      0   5044   5054 0 
   7.744 -22901  11487    449  22874  11521    -82      0 -22810  23405      0      0   5043   5082 0 
   7.859 -22899  11487    458  22874  11521    -82      0 -22810  23405      0      0   5044   5103 0 
   7.976 -22900  11473    458  22874  11521    -82      0 -22810  23405      0      0   5043   5091 0 
   8.091 -22901  11478    453  22874  11521    -82      0 -22810  23405      0      0   5046   5092 0 
   8.216 -22902  11473    458  22874  11521    -82      0 -22810  23405      0      0   5046   5099 0 
   8.330 -22900  11500    453  22874  11521    -82      0 -22810  23405      0      0   5047   5093 0 
   8.455 -22901  11498    458  22874  11521    -82      0 -22810  23405      0      0   5050   5110 0 
*** End ***
