 *** ZZT:Watch ***
File: D:\ZZT\Watch_ZAKUCA1A-ZAKUCA1A_029.log
Computer: INEM1332-NB; User: anto.maric
Connection: Telnet 192.168.0.11:23
Target: D105OSCZ; Application: ZAKUCA1A-ZAKUCA1A
Start time: 21.2.2025. 12:23:01

Signals:  7
 1.     Q2IN log16
 2.     Q1IN log16
 3. ACKQ0OF0 log16
 4.  ACKQ0OF log16
 5. VAUXACTP int16
 6.   VAUXP1 int16
 7.  INVERTP log16

Data:
   0.244 1 1 1 1  22141  22141 0 
   0.368 1 1 1 1  22141  22141 0 
   0.508 1 1 1 1  22153  22153 0 
   0.623 1 1 1 1  22141  22141 0 
   0.738 1 1 1 1  22141  22141 0 
   0.863 1 1 1 1  22141  22141 0 
   0.978 1 1 1 1  22153  22153 0 
   1.103 1 1 1 1  22141  22141 0 
   1.220 1 1 1 1  22153  22153 0 
   1.376 1 1 1 1  22141  22141 0 
   1.491 1 1 1 1  22141  22141 0 
   1.632 1 1 1 1  22141  22141 0 
   1.747 1 1 1 1  22141  22141 0 
   1.888 1 1 1 1  22141  22141 0 
   2.014 1 1 1 1  22141  22141 0 
   2.130 1 1 1 1  22141  22141 0 
   2.244 1 1 1 1  22141  22141 0 
   2.765 1 1 1 1  22141  22141 0 
   2.882 1 1 1 1  22141  22141 0 
   3.022 1 1 1 1  22141  22141 0 
   3.137 1 1 1 1  22141  22141 0 
   3.262 1 1 1 1  22141  22141 0 
   3.377 1 1 1 1  22141  22141 0 
   3.493 1 1 1 1  22141  22141 0 
   3.634 1 1 1 1  22141  22141 0 
   3.774 1 1 1 1  22147  22147 0 
   3.889 1 1 1 1  22141  22141 0 
   4.015 1 1 1 1  22147  22147 0 
   4.131 1 1 1 1  22141  22141 0 
   4.245 1 1 1 1  22141  22141 0 
   4.370 1 1 1 1  22141  22141 0 
   4.486 1 1 1 1  22141  22141 0 
   4.610 1 1 1 1  22141  22141 0 
   4.726 1 1 1 1  22141  22141 0 
   4.842 1 1 1 1  22147  22147 0 
   4.967 1 1 1 1  22141  22141 0 
   5.123 1 1 1 1  22147  22147 0 
   5.244 1 1 1 1  22147  22147 0 
   5.385 1 1 1 1  22147  22147 0 
   5.510 1 1 1 1  22141  22141 0 
   5.651 1 1 1 1  22147  22147 0 
   5.782 1 1 1 1  22147  22147 0 
   5.896 1 1 1 1  22147  22147 0 
   6.022 1 1 1 1  22147  22147 0 
   6.137 1 1 1 1  22141  22141 0 
   6.262 1 1 1 1  22147  22147 0 
   6.392 1 1 1 1  22141  22141 0 
   6.533 1 1 1 1  22147  22147 0 
   6.659 1 1 1 1  22147  22147 0 
   6.773 1 1 1 1  22141  22141 0 
   6.888 1 1 1 1  22147  22147 0 
   7.013 1 1 1 1  22158  22158 0 
   7.128 1 1 1 1  22147  22147 0 
   7.243 1 1 1 1  22147  22147 0 
   7.385 1 1 1 1  22147  22147 0 
   7.510 1 1 1 1  22147  22147 0 
   7.640 1 1 1 1  22153  22153 0 
*** End ***
