 *** ZZT:Watch ***
File: D:\ZZT\Watch_ZAKUCA1A-ZAKUCA1A_086.log
Computer: INEM1332-NB; User: anto.maric
Connection: Telnet 192.168.0.11:23
Target: D105OSCZ; Application: ZAKUCA1A-ZAKUCA1A
Start time: 21.2.2025. 14:58:45

Signals: 14
 1.    VGACT int16
 2.     PACT int16
 3.     QACT int16
 4.    VGREF int16
 5.    PACTH int16
 6.    QACTH int16
 7.    QHREF int16
 8.    VHACT int16
 9.    VHREF int16
10.  COSPHIH int16
11.  COSHREF int16
12.    IFACT int16
13.    UFACT int16
14.  COSHINC log16

Data:
   0.056 -23052  11624    435  23024  11641   -139      0 -22965  24179      0      0   5104   5103 
   0.507 -23050  11606    453  23024  11641   -139      0 -22965  24179      0      0   5110   5125 0 
   0.621 -23050  11599    462  23024  11641   -139      0 -22965  24179      0      0   5108   5137 0 
   0.746 -23050  11613    460  23024  11641   -139      0 -22965  24179      0      0   5107   5148 0 
   0.860 -23050  11608    467  23024  11641   -139      0 -22965  24179      0      0   5110   5137 0 
   0.974 -23049  11617    471  23024  11641   -139      0 -22965  24179      0      0   5114   5159 0 
   1.098 -23052  11597    471  23024  11641   -139      0 -22965  24179      0      0   5112   5140 0 
   1.212 -23053  11581    476  23024  11641   -139      0 -22965  24179      0      0   5112   5129 0 
   1.336 -23054  11586    469  23024  11641   -139      0 -22965  24179      0      0   5110   5125 0 
   1.450 -23053  11597    480  23024  11641   -139      0 -22965  24179      0      0   5108   5114 0 
   1.564 -23054  11617    467  23024  11641   -139      0 -22965  24179      0      0   5111   5129 0 
   1.704 -23054  11626    469  23024  11641   -139      0 -22965  24179      0      0   5114   5111 0 
   1.818 -23052  11649    471  23024  11641   -139      0 -22965  24179      0      0   5112   5115 0 
   1.958 -23053  11642    469  23024  11641   -139      0 -22965  24179      0      0   5113   5118 0 
   2.099 -23051  11617    480  23024  11638    -87      0 -22965  24179      0      0   5116   5137 0 
   2.213 -23053  11588    476  23024  11638    -87      0 -22965  24179      0      0   5112   5125 0 
   2.337 -23053  11581    476  23024  11638    -87      0 -22965  24179      0      0   5110   5129 0 
   2.467 -23053  11588    476  23024  11638    -87      0 -22965  24179      0      0   5109   5125 0 
   2.591 -23052  11615    478  23024  11638    -87      0 -22965  24179      0      0   5114   5134 0 
   3.173 -23053  11595    476  23024  11638    -87      0 -22965  24179      0      0   5109   5114 0 
   3.313 -23054  11624    471  23024  11638    -87      0 -22965  24179      0      0   5112   5105 0 
   3.437 -23053  11615    471  23024  11638    -87      0 -22965  24179      0      0   5112   5113 0 
   3.551 -23053  11577    476  23024  11638    -87      0 -22965  24179      0      0   5110   5115 0 
   3.667 -23053  11534    485  23024  11638    -87      0 -22965  24179      0      0   5108   5107 0 
   3.790 -23054  11532    478  23024  11638    -87      0 -22965  24179      0      0   5106   5119 0 
   3.904 -23054  11552    471  23024  11638    -87      0 -22965  24179      0      0   5106   5109 0 
   4.018 -23052  11608    478  23024  11638    -87      0 -22965  24179      0      0   5109   5107 0 
   4.142 -23052  11606    476  23024  11638    -87      0 -22965  24179      0      0   5112   5114 0 
   4.256 -23051  11606    485  23024  11638    -87      0 -22965  24179      0      0   5112   5139 0 
   4.370 -23052  11608    485  23024  11638    -87      0 -22965  24179      0      0   5112   5125 0 
   4.496 -23053  11577    489  23024  11638    -87      0 -22965  24179      0      0   5110   5130 0 
   4.610 -23053  11588    485  23024  11638    -87      0 -22963  24179      0      0   5110   5130 0 
   4.723 -23053  11599    485  23024  11638    -87      0 -22957  24179      0      0   5112   5120 0 
   4.863 -23051  11633    496  23024  11638    -87      0 -22957  24179      0      0   5114   5162 0 
   4.987 -23055  11606    489  23024  11638    -87      0 -22957  24179      0      0   5115   5131 0 
   5.117 -23055  11579    487  23024  11638    -87      0 -22957  24179      0      0   5112   5109 0 
   5.241 -23055  11554    485  23024  11638    -87      0 -22957  24179      0      0   5108   5099 0 
   5.355 -23054  11588    487  23024  11638    -87      0 -22957  24179      0      0   5108   5113 0 
   5.470 -23054  11622    476  23024  11638    -87      0 -22957  24179      0      0   5112   5117 0 
   5.594 -23054  11640    471  23024  11638    -87      0 -22957  24179      0      0   5111   5100 0 
   5.708 -23053  11642    469  23024  11638    -87      0 -22957  24179      0      0   5110   5103 0 
   5.822 -23053  11608    471  23024  11638    -87      0 -22957  24179      0      0   5111   5108 0 
   5.946 -23053  11579    478  23024  11638    -87      0 -22957  24179      0      0   5111   5115 0 
   6.060 -23053  11570    471  23024  11638    -87      0 -22957  24179      0      0   5104   5103 0 
   6.175 -23053  11579    469  23024  11638    -87      0 -22957  24179      0      0   5108   5121 0 
   6.299 -23053  11590    471  23024  11638    -87      0 -22957  24179      0      0   5106   5109 0 
   6.414 -23053  11599    471  23024  11638    -87      0 -22957  24179      0      0   5108   5095 0 
   6.553 -23052  11615    471  23024  11638    -87      0 -22957  24179      0      0   5110   5131 0 
   6.693 -23052  11613    469  23024  11638    -87      0 -22957  24179      0      0   5110   5113 0 
   6.808 -23054  11590    467  23024  11638    -87      0 -22957  24179      0      0   5108   5108 0 
   6.923 -23054  11568    467  23024  11638    -87      0 -22957  24179      0      0   5102   5101 0 
   7.063 -23051  11590    469  23024  11638    -87      0 -22957  24179      0      0   5106   5105 0 
   7.204 -23052  11588    467  23024  11638    -87      0 -22957  24179      0      0   5106   5118 0 
   7.319 -23052  11599    462  23024  11638    -87      0 -22957  24179      0      0   5107   5111 0 
   7.460 -23053  11572    467  23024  11638    -87      0 -22957  24179      0      0   5105   5080 0 
   7.584 -23053  11563    460  23024  11638    -87      0 -22957  24179      0      0   5102   5097 0 
   7.699 -23053  11561    453  23024  11638    -87      0 -22957  24179      0      0   5100   5088 0 
   7.813 -23053  11581    449  23024  11638    -87      0 -22957  24179      0      0   5100   5081 0 
   7.938 -23051  11599    444  23024  11638    -87      0 -22957  24179      0      0   5103   5086 0 
   8.052 -23051  11608    449  23024  11638    -87      0 -22957  24179      0      0   5104   5108 0 
   8.167 -23049  11608    453  23024  11638    -87      0 -22957  24179      0      0   5104   5108 0 
   8.308 -23052  11597    449  23024  11638    -87      0 -22957  24179      0      0   5102   5100 0 
   8.437 -23051  11604    442  23024  11638    -87      0 -22957  24179      0      0   5103   5090 0 
   8.551 -23051  11615    439  23024  11638    -87      0 -22957  24179      0      0   5102   5115 0 
   8.665 -23050  11622    449  23024  11613    -55      0 -22957  24179      0      0   5105   5107 0 
   8.789 -23049  11624    444  23024  11613    -55      0 -22957  24179      0      0   5104   5115 0 
   8.905 -23049  11608    449  23024  11613    -55      0 -22957  24179      0      0   5106   5121 0 
   9.019 -23050  11604    449  23024  11613    -55      0 -22957  24179      0      0   5105   5107 0 
   9.151 -23050  11586    449  23024  11613    -55      0 -22957  24179      0      0   5102   5124 0 
   9.291 -23049  11595    458  23024  11613    -55      0 -22957  24179      0      0   5107   5125 0 
   9.405 -23051  11579    453  23024  11613    -55      0 -22957  24179      0      0   5102   5121 0 
   9.519 -23051  11586    458  23024  11613    -55      0 -22957  24179      0      0   5105   5117 0 
   9.644 -23052  11590    460  23024  11613    -55      0 -22957  24179      0      0   5106   5115 0 
   9.758 -23051  11608    460  23024  11613    -55      0 -22957  24179      0      0   5107   5122 0 
   9.872 -23050  11606    460  23024  11613    -55      0 -22957  24179      0      0   5107   5127 0 
   9.996 -23052  11604    460  23024  11613    -55      0 -22957  24179      0      0   5108   5111 0 
  10.110 -23050  11595    467  23024  11613    -55      0 -22961  24179      0      0   5106   5121 0 
  10.224 -23052  11579    467  23024  11613    -55      0 -22965  24179      0      0   5104   5108 0 
  10.349 -23051  11586    469  23024  11613    -55      0 -22965  24179      0      0   5103   5117 0 
  10.464 -23053  11597    467  23024  11613    -55      0 -22965  24179      0      0   5106   5144 0 
  10.604 -23053  11608    460  23024  11613    -55      0 -22965  24179      0      0   5108   5103 0 
  10.759 -23052  11604    467  23024  11613    -55      0 -22965  24179      0      0   5106   5102 0 
  10.874 -23052  11608    467  23024  11613    -55      0 -22965  24179      0      0   5108   5115 0 
  11.000 -23052  11615    467  23024  11613    -55      0 -22965  24179      0      0   5106   5138 0 
  11.114 -23052  11613    467  23024  11636    -90      0 -22965  24179      0      0   5108   5117 0 
  11.254 -23053  11608    467  23024  11636    -90      0 -22965  24179      0      0   5110   5119 0 
  11.411 -23053  11606    462  23024  11636    -90      0 -22965  24179      0      0   5108   5115 0 
  11.551 -23052  11617    469  23024  11636    -90      0 -22965  24179      0      0   5108   5116 0 
  11.667 -23051  11633    471  23024  11636    -90      0 -22965  24179      0      0   5109   5113 0 
  11.807 -23052  11622    467  23024  11636    -90      0 -22965  24179      0      0   5109   5124 0 
  11.922 -23052  11590    469  23024  11636    -90      0 -22965  24179      0      0   5110   5117 0 
  12.047 -23054  11581    467  23024  11636    -90      0 -22965  24179      0      0   5107   5101 0 
  12.188 -23052  11577    467  23024  11636    -90      0 -22965  24179      0      0   5107   5107 0 
  12.319 -23053  11608    460  23024  11636    -90      0 -22965  24179      0      0   5108   5099 0 
  12.444 -23052  11608    462  23024  11636    -90      0 -22965  24179      0      0   5109   5113 0 
  12.586 -23053  11615    458  23024  11636    -90      0 -22963  24179      0      0   5108   5103 0 
  12.728 -23051  11606    467  23024  11636    -90      0 -22957  24179      0      0   5108   5113 0 
  12.873 -23051  11615    462  23024  11636    -90      0 -22957  24179      0      0   5109   5125 0 
  13.001 -23052  11617    460  23024  11636    -90      0 -22957  24179      0      0   5104   5120 0 
  13.115 -23051  11626    460  23024  11636    -90      0 -22957  24179      0      0   5108   5119 0 
  13.240 -23052  11604    460  23024  11636    -90      0 -22957  24179      0      0   5104   5119 0 
  13.370 -23051  11617    460  23024  11636    -90      0 -22957  24179      0      0   5108   5123 0 
  13.511 -23051  11613    462  23024  11636    -90      0 -22957  24179      0      0   5108   5116 0 
*** End ***
