 *** ZZT:Watch ***
File: D:\ZZT\Watch_ZAKUCA1A-ZAKUCA1A_001.log
Computer: INEM1332-NB; User: anto.maric
Connection: Telnet 192.168.0.11:23
Target: D105OSCZ; Application: ZAKUCA1A-ZAKUCA1A
Start time: 21.2.2025. 10:41:19

Signals: 13
 1.    VGACT int16
 2.     PACT int16
 3.     QACT int16
 4.    VGREF int16
 5.    PACTH int16
 6.    QACTH int16
 7.    QHREF int16
 8.    VHACT int16
 9.    VHREF int16
10.  COSPHIH int16
11.  COSHREF int16
12.    IFACT int16
13.    UFACT int16

Data:
   0.072 -22926  11617    722  22881  11625    194    194 -22795  22795      0      0   5121   5018 
   0.197 -22925  11633    728  22881  11625    194    194 -22795  22795      0      0   5123   5017 
   0.311 -22926  11622    724  22881  11625    194    194 -22795  22795      0      0   5124   5032 
   0.425 -22926  11597    731  22881  11625    194    194 -22795  22795      0      0   5121   5021 
   0.550 -22926  11581    728  22881  11625    194    194 -22795  22795      0      0   5117   5022 
   0.665 -22925  11590    731  22881  11625    194    194 -22795  22795      0      0   5118   5030 
   0.779 -22925  11599    731  22881  11625    194    194 -22795  22795      0      0   5120   5046 
   0.903 -22926  11590    731  22881  11626    178    178 -22795  22795      0      0   5122   5043 
   1.018 -22925  11579    733  22881  11626    178    178 -22795  22795      0      0   5119   5030 
   1.133 -22924  11604    733  22881  11626    178    178 -22795  22795      0      0   5120   5040 
   1.273 -22926  11599    737  22881  11626    178    178 -22795  22795      0      0   5121   5040 
   1.414 -22924  11606    742  22881  11626    178    178 -22795  22795      0      0   5125   5046 
   1.571 -22926  11595    742  22881  11626    178    178 -22795  22795      0      0   5125   5065 
   1.712 -22926  11577    746  22881  11626    178    178 -22795  22795      0      0   5125   5039 
   1.826 -22926  11586    746  22881  11626    178    178 -22795  22795      0      0   5124   5032 
   1.951 -22926  11615    746  22881  11626    178    178 -22795  22795      0      0   5123   5048 
   2.083 -22923  11649    767  22881  11626    178    178 -22795  22795      0      0   5131   5075 
   2.224 -22928  11622    778  22881  11626    178    178 -22795  22795      0      0   5125   5053 
   2.349 -22928  11570    767  22881  11626    178    178 -22795  22795      0      0   5127   5030 
   2.463 -22928  11561    764  22881  11626    178    178 -22795  22795      0      0   5126   5045 
   2.578 -22928  11577    764  22881  11626    178    178 -22795  22795      0      0   5124   5038 
   2.706 -22928  11613    773  22881  11626    178    178 -22795  22795      0      0   5130   5049 
   2.820 -22928  11622    785  22881  11626    178    178 -22795  22795      0      0   5128   5033 
   2.960 -22928  11613    785  22881  11626    178    178 -22795  22795      0      0   5127   5050 
   3.075 -22928  11597    760  22881  11626    178    178 -22795  22795      0      0   5131   5038 
   3.215 -22926  11604    769  22881  11626    178    178 -22795  22795      0      0   5131   5049 
   3.373 -22926  11624    755  22881  11613    188    188 -22795  22795      0      0   5132   5084 
   3.514 -22928  11613    749  22881  11613    188    188 -22795  22795      0      0   5133   5055 
   3.630 -22928  11595    758  22881  11613    188    188 -22795  22795      0      0   5129   5045 
   3.755 -22928  11606    776  22881  11613    188    188 -22795  22795      0      0   5129   5047 
   3.868 -22926  11624    769  22881  11613    188    188 -22795  22795      0      0   5133   5040 
   3.984 -22928  11633    751  22881  11613    188    188 -22795  22795      0      0   5135   5073 
   4.124 -22929  11613    755  22881  11613    188    188 -22795  22795      0      0   5131   5063 
   4.250 -22931  11579    751  22881  11613    188    188 -22795  22795      0      0   5130   5030 
   4.375 -22928  11608    773  22881  11613    188    188 -22795  22795      0      0   5129   5036 
   4.515 -22928  11645    760  22881  11613    188    188 -22795  22795      0      0   5133   5055 
   4.630 -22929  11624    760  22881  11613    188    188 -22795  22795      0      0   5129   5043 
   4.755 -22928  11622    760  22881  11613    188    188 -22795  22795      0      0   5132   5028 
   4.870 -22928  11608    764  22881  11613    188    188 -22791  22791      0      0   5128   5030 
   4.995 -22928  11617    764  22881  11613    188    188 -22787  22787      0      0   5131   5042 
   5.126 -22929  11613    758  22881  11613    188    188 -22787  22787      0      0   5131   5029 
   5.249 -22930  11615    746  22881  11613    188    188 -22787  22787      0      0   5128   5016 
   5.379 -22929  11617    728  22881  11613    188    188 -22787  22787      0      0   5128   5040 
   5.503 -22928  11622    737  22881  11613    188    188 -22787  22787      0      0   5130   5020 
   5.633 -22928  11617    751  22881  11613    188    188 -22787  22787      0      0   5128   5030 
   5.757 -22928  11613    746  22881  11613    188    188 -22787  22787      0      0   5127   5030 
   5.872 -22928  11597    742  22881  11639    213    213 -22787  22787      0      0   5127   5028 
   5.996 -22928  11588    742  22881  11639    213    213 -22787  22787      0      0   5125   5014 
   6.110 -22929  11572    746  22881  11639    213    213 -22787  22787      0      0   5123   5022 
   6.225 -22926  11581    746  22881  11639    213    213 -22787  22787      0      0   5123   5038 
   6.348 -22928  11604    737  22881  11639    213    213 -22787  22787      0      0   5121   5014 
   6.464 -22925  11626    740  22881  11639    213    213 -22787  22787      0      0   5123   5010 
   6.578 -22926  11617    731  22881  11639    213    213 -22787  22787      0      0   5123   5043 
   6.701 -22925  11595    737  22881  11639    213    213 -22787  22787      0      0   5122   5037 
   6.816 -22925  11570    746  22881  11639    213    213 -22789  22789      0      0   5123   5037 
   6.930 -22926  11590    746  22881  11639    213    213 -22795  22793      0      0   5122   5025 
   7.054 -22926  11622    733  22881  11639    213    213 -22795  22795      0      0   5123   5023 
   7.169 -22924  11642    755  22881  11639    213    213 -22795  22795      0      0   5124   5067 
   7.283 -22924  11615    760  22881  11639    213    213 -22795  22795      0      0   5128   5074 
   7.407 -22924  11572    769  22881  11639    213    213 -22795  22795      0      0   5123   5042 
   7.520 -22928  11554    751  22881  11639    213    213 -22795  22795      0      0   5121   5022 
   7.662 -22928  11604    742  22881  11639    213    213 -22795  22795      0      0   5123   5042 
   7.776 -22926  11640    742  22881  11639    213    213 -22795  22795      0      0   5127   5044 
   7.901 -22925  11642    746  22881  11616    194    194 -22795  22795      0      0   5128   5042 
   8.016 -22925  11622    751  22881  11616    194    194 -22795  22795      0      0   5125   5058 
   8.141 -22926  11606    746  22881  11616    194    194 -22795  22795      0      0   5124   5034 
   8.271 -22928  11595    746  22881  11616    194    194 -22795  22795      0      0   5126   5028 
   8.411 -22928  11606    746  22881  11616    194    194 -22795  22795      0      0   5121   5022 
   8.526 -22926  11640    746  22881  11616    194    194 -22795  22795      0      0   5128   5051 
   8.668 -22926  11642    749  22881  11616    194    194 -22795  22795      0      0   5130   5064 
   8.809 -22928  11622    746  22881  11616    194    194 -22795  22795      0      0   5129   5028 
   8.967 -22928  11606    740  22881  11616    194    194 -22795  22795      0      0   5119   5031 
   9.081 -22926  11613    733  22881  11616    194    194 -22795  22795      0      0   5125   5037 
   9.224 -22925  11606    724  22881  11616    194    194 -22795  22795      0      0   5124   5033 
   9.365 -22929  11581    733  22881  11616    194    194 -22795  22795      0      0   5120   5016 
   9.522 -22928  11599    731  22881  11616    194    194 -22795  22795      0      0   5122   5010 
   9.646 -22926  11608    733  22881  11616    194    194 -22795  22795      0      0   5122   5025 
   9.778 -22926  11608    737  22881  11616    194    194 -22795  22795      0      0   5122   5030 
   9.903 -22926  11615    733  22881  11616    194    194 -22795  22795      0      0   5122   5026 
  10.017 -22926  11608    746  22881  11616    194    194 -22795  22795      0      0   5122   5034 
  10.135 -22925  11624    737  22881  11616    194    194 -22795  22795      0      0   5124   5031 
  10.301 -22924  11645    737  22881  11644    193    194 -22795  22795      0      0   5121   5046 
  10.416 -22921  11667    746  22881  11644    193    193 -22795  22795      0      0   5127   5093 
  10.533 -22926  11631    746  22881  11644    193    193 -22795  22795      0      0   5129   5062 
  10.674 -22926  11588    742  22881  11644    193    193 -22795  22795      0      0   5128   5058 
  10.814 -22928  11581    746  22881  11644    193    193 -22795  22795      0      0   5123   5038 
  10.931 -22929  11590    740  22881  11644    193    193 -22795  22795      0      0   5121   5040 
  11.071 -22926  11626    746  22881  11644    193    193 -22795  22795      0      0   5128   5042 
  11.196 -22928  11635    733  22881  11644    193    193 -22795  22795      0      0   5125   5046 
  11.328 -22928  11606    742  22881  11644    193    193 -22795  22795      0      0   5123   5041 
  11.453 -22929  11588    742  22881  11644    193    193 -22795  22795      0      0   5123   5024 
  11.568 -22926  11590    746  22881  11644    193    193 -22795  22795      0      0   5120   5014 
  11.683 -22928  11624    737  22881  11644    193    193 -22795  22795      0      0   5125   5044 
  11.823 -22926  11635    740  22881  11644    193    193 -22795  22795      0      0   5125   5034 
  11.951 -22926  11635    733  22881  11644    193    193 -22795  22795      0      0   5127   5039 
  12.066 -22925  11615    733  22881  11644    193    193 -22795  22795      0      0   5126   5034 
  12.180 -22925  11586    746  22881  11644    193    193 -22795  22795      0      0   5124   5044 
  12.321 -22925  11579    733  22881  11644    193    193 -22795  22795      0      0   5123   5063 
  12.446 -22925  11572    731  22881  11644    193    193 -22795  22795      0      0   5119   5046 
  12.561 -22926  11570    728  22881  11644    193    193 -22795  22795      0      0   5118   5021 
  12.677 -22926  11579    746  22881  11644    193    193 -22795  22795      0      0   5120   5028 
  12.818 -22928  11622    733  22881  11644    193    193 -22795  22795      0      0   5122   5011 
  12.932 -22924  11645    749  22881  11644    193    193 -22795  22795      0      0   5129   5057 
  13.073 -22928  11624    724  22881  11644    193    193 -22795  22795      0      0   5131   5054 
  13.216 -22928  11588    746  22881  11644    193    193 -22795  22795      0      0   5123   5008 
  13.374 -22928  11597    733  22881  11644    193    193 -22795  22795      0      0   5123   5016 
  13.499 -22925  11622    742  22881  11644    193    193 -22795  22795      0      0   5125   5028 
  13.629 -22926  11622    751  22881  11644    193    193 -22795  22795      0      0   5126   5035 
  13.769 -22928  11588    731  22881  11644    193    193 -22795  22795      0      0   5122   5034 
  13.927 -22928  11597    731  22881  11644    193    193 -22795  22795      0      0   5120   5015 
  14.052 -22926  11606    733  22881  11644    193    193 -22795  22795      0      0   5122   5014 
  14.166 -22926  11633    733  22881  11644    193    193 -22795  22795      0      0   5122   5013 
  14.302 -22928  11635    722  22881  11644    193    193 -22795  22795      0      0   5122   5007 
  14.432 -22925  11640    728  22881  11617    190    190 -22795  22795      0      0   5122   5029 
  14.573 -22924  11615    740  22881  11617    190    190 -22795  22795      0      0   5124   5041 
  14.715 -22923  11588    755  22881  11617    190    190 -22795  22795      0      0   5120   5030 
  14.830 -22928  11579    731  22881  11617    190    190 -22795  22795      0      0   5116   5000 
  14.970 -22928  11608    713  22881  11617    190    190 -22795  22795      0      0   5115   5014 
  15.098 -22925  11640    710  22881  11617    190    190 -22795  22795      0      0   5122   5027 
  15.213 -22923  11642    719  22881  11617    190    190 -22795  22795      0      0   5123   5042 
  15.327 -22923  11626    728  22881  11617    190    190 -22795  22795      0      0   5123   5058 
  15.467 -22924  11604    728  22881  11617    190    190 -22795  22795      0      0   5120   5046 
  15.582 -22926  11577    728  22881  11617    190    190 -22795  22795      0      0   5117   5043 
  15.722 -22926  11588    715  22881  11617    190    190 -22795  22795      0      0   5118   5007 
  15.880 -22924  11633    722  22881  11617    190    190 -22795  22795      0      0   5118   5034 
  16.005 -22925  11642    713  22881  11617    190    190 -22795  22795      0      0   5121   5040 
  16.119 -22925  11626    715  22881  11617    190    190 -22795  22795      0      0   5121   5050 
  16.245 -22923  11633    719  22881  11617    190    190 -22795  22795      0      0   5117   5034 
  16.375 -22925  11608    719  22881  11617    190    190 -22795  22795      0      0   5120   5042 
  16.515 -22923  11604    724  22881  11617    190    190 -22795  22795      0      0   5120   5052 
  16.657 -22926  11613    722  22881  11617    190    190 -22795  22795      0      0   5119   5038 
  16.782 -22928  11604    715  22881  11617    190    190 -22795  22795      0      0   5119   5028 
  16.912 -22925  11599    724  22881  11636    166    166 -22795  22795      0      0   5121   5036 
  17.026 -22925  11595    731  22881  11636    166    166 -22795  22795      0      0   5121   5066 
  17.151 -22925  11572    737  22881  11636    166    166 -22795  22795      0      0   5119   5048 
  17.265 -22928  11588    728  22881  11636    166    166 -22795  22795      0      0   5119   5030 
  17.381 -22926  11615    719  22881  11636    166    166 -22795  22795      0      0   5116   5016 
  17.506 -22926  11615    719  22881  11636    166    166 -22795  22795      0      0   5121   5018 
  17.622 -22925  11606    722  22881  11636    166    166 -22795  22795      0      0   5122   5031 
  17.747 -22924  11615    728  22881  11636    166    166 -22795  22795      0      0   5121   5044 
  17.860 -22926  11606    722  22881  11636    166    166 -22795  22795      0      0   5121   5034 
*** End ***
