 *** ZZT:Watch ***
File: D:\ZZT\Watch_ZAKUCA1A-ZAKUCA1A_085.log
Computer: INEM1332-NB; User: anto.maric
Connection: Telnet 192.168.0.11:23
Target: D105OSCZ; Application: ZAKUCA1A-ZAKUCA1A
Start time: 21.2.2025. 14:58:40

Signals: 13
 1.    VGACT int16
 2.     PACT int16
 3.     QACT int16
 4.    VGREF int16
 5.    PACTH int16
 6.    QACTH int16
 7.    QHREF int16
 8.    VHACT int16
 9.    VHREF int16
10.  COSPHIH int16
11.  COSHREF int16
12.    IFACT int16
13.    UFACT int16

Data:
   0.437 -23052  11559    424  23024  11623   -158      0 -22965  24179      0      0   5097   5114 
   0.578 -23050  11568    430  23024  11623   -158      0 -22965  24179      0      0   5098   5103 
   0.751 -23051  11570    426  23024  11623   -158      0 -22965  24179      0      0   5097   5120 
   0.891 -23052  11606    415  23024  11623   -158      0 -22965  24179      0      0   5099   5086 
   1.032 -23052  11599    408  23024  11623   -158      0 -22965  24179      0      0   5096   5080 
   1.174 -23052  11604    412  23024  11623   -158      0 -22965  24179      0      0   5097   5087 
   1.330 -23053  11579    397  23024  11623   -158      0 -22965  24179      0      0   5095   5064 
   1.444 -23050  11579    397  23024  11623   -158      0 -22965  24179      0      0   5090   5055 
   1.569 -23050  11579    394  23024  11623   -158      0 -22965  24179      0      0   5092   5063 
   1.684 -23049  11595    394  23024  11623   -158      0 -22965  24179      0      0   5091   5081 
   1.799 -23048  11604    394  23024  11623   -158      0 -22965  24179      0      0   5091   5115 
   1.924 -23050  11599    381  23024  11623   -158      0 -22965  24179      0      0   5089   5081 
   2.038 -23048  11608    381  23024  11623   -158      0 -22965  24179      0      0   5091   5062 
   2.179 -23046  11617    381  23024  11623   -158      0 -22965  24179      0      0   5093   5076 
   2.293 -23045  11606    388  23024  11623   -158      0 -22965  24179      0      0   5090   5091 
   2.433 -23042  11615    397  23024  11623   -158      0 -22965  24179      0      0   5093   5156 
   2.574 -23043  11617    406  23024  11623   -158      0 -22965  24179      0      0   5097   5166 
   2.688 -23046  11624    408  23024  11623   -158      0 -22965  24179      0      0   5100   5135 
   2.813 -23048  11606    408  23024  11623   -158      0 -22965  24179      0      0   5099   5133 
   2.928 -23049  11597    408  23024  11623   -158      0 -22965  24179      0      0   5095   5111 
   3.043 -23049  11597    408  23024  11623   -158      0 -22965  24179      0      0   5096   5106 
   3.183 -23049  11579    415  23024  11623   -158      0 -22965  24179      0      0   5097   5116 
   3.299 -23046  11577    424  23024  11623   -158      0 -22965  24179      0      0   5097   5131 
   3.438 -23045  11613    435  23024  11623   -158      0 -22965  24179      0      0   5103   5160 
   3.563 -23044  11633    458  23024  11623   -158      0 -22965  24179      0      0   5108   5190 
   3.677 -23046  11615    467  23024  11623   -158      0 -22965  24179      0      0   5114   5206 
   3.792 -23050  11579    471  23024  11623   -158      0 -22965  24179      0      0   5111   5182 
   3.917 -23050  11552    478  23024  11623   -158      0 -22965  24179      0      0   5110   5160 
   4.031 -23054  11552    476  23024  11623   -158      0 -22965  24179      0      0   5107   5140 
   4.145 -23056  11577    462  23024  11623   -158      0 -22965  24179      0      0   5108   5115 
   4.269 -23056  11579    460  23024  11623   -158      0 -22965  24179      0      0   5106   5083 
   4.383 -23055  11597    451  23024  11623   -158      0 -22965  24179      0      0   5106   5098 
   4.497 -23055  11586    460  23024  11641   -139      0 -22965  24179      0      0   5108   5097 
   4.637 -23054  11568    467  23024  11641   -139      0 -22965  24179      0      0   5106   5078 
   4.763 -23054  11572    458  23024  11641   -139      0 -22965  24179      0      0   5104   5091 
   4.877 -23054  11577    458  23024  11641   -139      0 -22965  24179      0      0   5103   5079 
   4.991 -23054  11606    451  23024  11641   -139      0 -22965  24179      0      0   5100   5086 
   5.131 -23051  11626    451  23024  11641   -139      0 -22965  24179      0      0   5106   5103 
   5.270 -23052  11631    435  23024  11641   -139      0 -22965  24179      0      0   5106   5089 
*** End ***
