 *** ZZT:Watch ***
File: D:\ZZT\Watch_ZAKUCA1A-ZAKUCA1A_003.log
Computer: INEM1332-NB; User: anto.maric
Connection: Telnet 192.168.0.11:23
Target: D105OSCZ; Application: ZAKUCA1A-ZAKUCA1A
Start time: 21.2.2025. 10:50:29

Signals: 14
 1.    VGACT int16
 2.     PACT int16
 3.     QACT int16
 4.    VGREF int16
 5.    PACTH int16
 6.    QACTH int16
 7.    QHREF int16
 8.    VHACT int16
 9.    VHREF int16
10.  COSPHIH int16
11.  COSHREF int16
12.    IFACT int16
13.    UFACT int16
14. OEXLIMON log16

Data:
   0.030 -24251  11742   8463  23756  11601   7597   7597 -23081  23081  -5340  -5340   7059   6958 
   0.496 -24250  11771   8450  23756  11601   7597   7597 -23081  23081  -5340  -5340   7060   6919 1 
   0.627 -24250  11793   8447  23756  11601   7597   7597 -23081  23081  -5340  -5340   7060   6939 1 
   0.753 -24250  11780   8445  23756  11601   7597   7597 -23081  23081  -5340  -5340   7062   6929 1 
   0.893 -24250  11769   8450  23756  11601   7597   7597 -23081  23081  -5340  -5340   7059   6936 1 
   1.008 -24251  11742   8450  23756  11601   7597   7597 -23081  23081  -5340  -5340   7061   6923 1 
   1.122 -24250  11762   8456  23756  11601   7597   7597 -23081  23081  -5340  -5340   7059   6933 1 
   1.264 -24250  11771   8456  23756  11601   7597   7597 -23081  23081  -5340  -5340   7064   6945 1 
   1.379 -24250  11744   8459  23756  11601   7597   7597 -23081  23081  -5340  -5340   7061   6939 1 
   1.519 -24250  11739   8456  23756  11601   7597   7597 -23081  23081  -5340  -5340   7060   6909 1 
   1.645 -24250  11744   8456  23756  11601   7597   7597 -23081  23081  -5340  -5340   7059   6929 1 
   1.760 -24249  11739   8463  23756  11601   7597   7597 -23081  23081  -5340  -5340   7062   6941 1 
   1.917 -24250  11744   8459  23756  11591   7596   7596 -23081  23081  -5373  -5373   7059   6955 1 
   2.032 -24250  11744   8468  23756  11591   7596   7596 -23081  23081  -5373  -5373   7061   6955 1 
   2.173 -24253  11739   8472  23756  11591   7596   7596 -23081  23081  -5373  -5373   7063   6948 1 
   2.315 -24253  11744   8472  23756  11591   7596   7596 -23081  23081  -5373  -5373   7063   6932 1 
   2.456 -24253  11748   8463  23756  11591   7596   7596 -23081  23081  -5373  -5373   7065   6944 1 
   2.571 -24254  11739   8463  23756  11591   7596   7596 -23081  23081  -5373  -5373   7062   6918 1 
   2.713 -24251  11744   8463  23756  11591   7596   7596 -23081  23081  -5373  -5373   7062   6912 1 
   2.827 -24253  11751   8463  23756  11591   7596   7596 -23081  23081  -5373  -5373   7060   6919 1 
*** End ***
