 *** ZZT:Watch ***
File: D:\ZZT\Watch_ZAKUCA1A-ZAKUCA1A_077.log
Computer: INEM1332-NB; User: anto.maric
Connection: Telnet 192.168.0.11:23
Target: D105OSCZ; Application: ZAKUCA1A-ZAKUCA1A
Start time: 21.2.2025. 14:06:42

Signals: 15
 1.    VGACT int16
 2.     PACT int16
 3.     QACT int16
 4.    VGREF int16
 5.    PACTH int16
 6.    QACTH int16
 7.    QHREF int16
 8.    VHACT int16
 9.    VHREF int16
10.  COSPHIH int16
11.  COSHREF int16
12.    IFACT int16
13.    UFACT int16
14.    VHINC log16
15.    VHDEC log16

Data:
   0.031 -22902  11505    453  22874  11521    -82      0 -22810  23405      0      0   5049   5083 0 
   0.485 -22900  11464    467  22874  11521    -82      0 -22810  23405      0      0   5044   5084 0 0 
   0.625 -22901  11480    462  22874  11521    -82      0 -22810  23405      0      0   5048   5093 0 0 
   0.765 -22902  11471    460  22874  11521    -82      0 -22810  23405      0      0   5045   5092 0 0 
   0.886 -22902  11500    462  22874  11521    -82      0 -22810  23405      0      0   5049   5097 0 0 
   1.007 -22901  11500    458  22874  11521    -82      0 -22810  23405      0      0   5051   5073 0 0 
   1.126 -22902  11498    458  22874  11521    -82      0 -22810  23405      0      0   5050   5095 0 0 
   1.246 -22903  11473    458  22874  11521    -82      0 -22810  23405      0      0   5048   5075 0 0 
   1.386 -22901  11471    467  22874  11521    -82      0 -22810  23405      0      0   5048   5081 0 0 
   1.545 -22903  11469    458  22874  11521    -82      0 -22810  23405      0      0   5048   5075 0 0 
   1.666 -22903  11464    458  22874  11521    -82      0 -22810  23405      0      0   5046   5078 0 0 
   1.785 -22903  11500    458  22874  11521    -82      0 -22810  23405      0      0   5048   5083 0 0 
   1.907 -22901  11500    462  22874  11521    -82      0 -22810  23405      0      0   5050   5097 0 0 
   2.027 -22903  11505    453  22874  11521    -82      0 -22810  23405      0      0   5050   5083 0 0 
   2.145 -22903  11505    460  22874  11521    -82      0 -22810  23405      0      0   5049   5071 0 0 
   2.265 -22901  11496    462  22874  11521    -82      0 -22810  23405      0      0   5050   5082 0 0 
   2.836 -22901  11473    467  22874  11521    -82      0 -22810  23405      0      0   5050   5104 0 0 
   2.950 -22902  11478    460  22874  11521    -82      0 -22810  23405      0      0   5048   5087 0 0 
   3.090 -22902  11505    458  22874  11521    -72      0 -22810  23405      0      0   5049   5081 0 0 
   3.232 -22902  11498    458  22874  11521    -72      0 -22810  23405      0      0   5048   5079 0 0 
   3.373 -22901  11480    460  22874  11521    -72      0 -22810  23405      0      0   5048   5083 0 0 
   3.488 -22902  11459    462  22874  11521    -72      0 -22810  23405      0      0   5049   5071 0 0 
   3.628 -22903  11464    458  22874  11521    -72      0 -22810  23405      0      0   5044   5076 0 0 
   3.783 -22903  11500    458  22874  11521    -72      0 -22810  23405      0      0   5048   5081 0 0 
   3.897 -22901  11532    460  22874  11521    -72      0 -22810  23405      0      0   5051   5099 0 0 
   4.022 -22902  11509    453  22874  11521    -72      0 -22810  23405      0      0   5050   5085 0 0 
   4.137 -22900  11516    462  22874  11521    -72      0 -22810  23405      0      0   5051   5098 0 0 
   4.277 -22902  11498    460  22874  11521    -72      0 -22810  23405      0      0   5050   5083 0 0 
   4.434 -22901  11491    462  22874  11521    -72      0 -22810  23405      0      0   5051   5111 0 0 
*** End ***
