 *** ZZT:Watch ***
File: D:\ZZT\Watch_ZAKUCA1A-ZAKUCA1A_087.log
Computer: INEM1332-NB; User: anto.maric
Connection: Telnet 192.168.0.11:23
Target: D105OSCZ; Application: ZAKUCA1A-ZAKUCA1A
Start time: 21.2.2025. 14:58:59

Signals: 15
 1.    VGACT int16
 2.     PACT int16
 3.     QACT int16
 4.    VGREF int16
 5.    PACTH int16
 6.    QACTH int16
 7.    QHREF int16
 8.    VHACT int16
 9.    VHREF int16
10.  COSPHIH int16
11.  COSHREF int16
12.    IFACT int16
13.    UFACT int16
14.  COSHINC log16
15.  COSHDEC log16

Data:
   0.082 -23051  11613    467  23024  11635    -71      0 -22957  24179      0      0   5108   5129 0 
   0.550 -23051  11606    471  23024  11635    -71      0 -22957  24179      0      0   5111   5137 0 0 
   0.665 -23051  11613    471  23024  11635    -71      0 -22957  24179      0      0   5110   5135 0 0 
   0.806 -23051  11595    489  23024  11635    -71      0 -22957  24179      0      0   5110   5150 0 0 
   0.946 -23052  11579    485  23024  11635    -71      0 -22957  24179      0      0   5112   5152 0 0 
   1.062 -23053  11579    487  23024  11635    -71      0 -22957  24179      0      0   5112   5143 0 0 
   1.202 -23054  11597    494  23024  11635    -71      0 -22957  24179      0      0   5113   5133 0 0 
   1.359 -23055  11597    487  23024  11635    -71      0 -22957  24179      0      0   5111   5126 0 0 
   1.484 -23056  11613    476  23024  11635    -71      0 -22957  24179      0      0   5112   5121 0 0 
   1.600 -23064  11570    435  23024  11635    -71      0 -22957  24179      0      0   5100   4996 0 0 
   1.714 -23062  11586    430  23024  11635    -71      0 -22957  24179      0      0   5096   4984 0 0 
   1.839 -23059  11613    412  23024  11635    -71      0 -22957  24179      0      0   5094   4993 0 0 
   1.969 -23054  11626    403  23024  11635    -71      0 -22957  24179      0      0   5094   5008 0 0 
   2.135 -23051  11635    394  23024  11635    -71      0 -22957  24179      0      0   5092   5031 0 0 
   2.266 -23049  11633    388  23024  11635    -71      0 -22957  24179      0      0   5092   5050 0 0 
   2.407 -23049  11608    388  23024  11635    -71      0 -22957  24179      0      0   5089   5048 0 0 
   2.548 -23045  11617    385  23024  11635    -71      0 -22957  24179      0      0   5090   5091 0 0 
   3.137 -23042  11604    399  23024  11635    -71      0 -22957  24179      0      0   5092   5113 0 0 
   3.266 -23048  11586    403  23024  11635    -71      0 -22957  24179      0      0   5093   5127 0 0 
   3.407 -23049  11590    403  23024  11635    -71      0 -22957  24179      0      0   5094   5083 0 0 
   3.548 -23049  11586    403  23024  11635    -71      0 -22957  24179      0      0   5090   5091 0 0 
   3.663 -23049  11581    403  23024  11635    -71      0 -22957  24179      0      0   5092   5079 0 0 
   3.803 -23048  11588    403  23024  11635    -71      0 -22957  24179      0      0   5090   5089 0 0 
   3.918 -23046  11597    408  23024  11635    -71      0 -22957  24179      0      0   5092   5139 0 0 
   4.043 -23048  11604    406  23024  11635    -71      0 -22957  24179      0      0   5096   5122 0 0 
   4.184 -23049  11608    408  23024  11635    -71      0 -22957  24179      0      0   5096   5117 0 0 
   4.298 -23046  11617    408  23024  11635    -71      0 -22957  24179      0      0   5097   5123 0 0 
   4.413 -23048  11590    417  23024  11635    -71      0 -22957  24179      0      0   5096   5111 0 0 
   4.569 -23046  11581    417  23024  11635    -71      0 -22957  24179      0      0   5096   5120 0 0 
   4.694 -23048  11597    415  23024  11635    -71      0 -22957  24179      0      0   5099   5137 0 0 
   4.809 -23050  11606    403  23024  11635    -71      0 -22957  24179      0      0   5097   5098 0 0 
   4.934 -23052  11595    397  23024  11635    -71      0 -22957  24179      0      0   5093   5093 0 0 
   5.050 -23051  11595    403  23024  11635    -71      0 -22957  24179      0      0   5094   5085 0 0 
   5.165 -23052  11581    394  23024  11635    -71      0 -22957  24179      0      0   5090   5062 0 0 
   5.290 -23051  11577    397  23024  11635    -71      0 -22957  24179      0      0   5090   5058 0 0 
   5.404 -23050  11579    390  23024  11635    -71      0 -22957  24179      0      0   5090   5069 0 0 
   5.519 -23049  11608    381  23024  11635    -71      0 -22957  24179      0      0   5090   5063 0 0 
   5.644 -23048  11604    388  23024  11625   -131      0 -22957  24179      0      0   5090   5075 0 0 
   5.758 -23049  11581    379  23024  11625   -131      0 -22957  24179      0      0   5088   5077 0 0 
   5.885 -23049  11586    376  23024  11625   -131      0 -22957  24179      0      0   5084   5054 0 0 
   6.015 -23046  11572    376  23024  11625   -131      0 -22957  24179      0      0   5084   5064 0 0 
   6.156 -23048  11586    370  23024  11625   -131      0 -22957  24179      0      0   5084   5066 0 0 
   6.296 -23046  11597    370  23024  11625   -131      0 -22957  24179      0      0   5082   5085 0 0 
   6.412 -23046  11604    370  23024  11625   -131      0 -22957  24179      0      0   5086   5076 0 0 
   6.536 -23046  11577    370  23024  11625   -131      0 -22957  24179      0      0   5085   5071 0 0 
   6.666 -23046  11568    363  23024  11625   -131      0 -22957  24179      0      0   5083   5072 0 0 
   6.807 -23046  11561    361  23024  11625   -131      0 -22957  24179      0      0   5076   5087 0 0 
   6.947 -23046  11577    358  23024  11625   -131      0 -22957  24179      0      0   5076   5077 0 0 
   7.063 -23046  11579    358  23024  11625   -131      0 -22961  24179      0      0   5080   5069 0 0 
   7.204 -23046  11577    351  23024  11625   -131      0 -22965  24179      0      0   5078   5074 0 0 
   7.360 -23046  11590    336  23024  11625   -131      0 -22965  24179      0      0   5077   5053 0 0 
   7.501 -23045  11615    333  23024  11625   -131      0 -22965  24179      0      0   5081   5042 0 0 
   7.643 -23045  11595    331  23024  11625   -131      0 -22965  24179      0      0   5076   5052 0 0 
   7.758 -23046  11581    327  23024  11625   -131      0 -22965  24179      0      0   5073   5067 0 0 
   7.898 -23046  11559    324  23024  11625   -131      0 -22965  24179      0      0   5072   5037 0 0 
   8.013 -23046  11550    313  23024  11625   -131      0 -22965  24179      0      0   5066   5032 0 0 
   8.138 -23046  11561    297  23024  11616   -166      0 -22965  24179      0      0   5067   5019 0 0 
   8.253 -23044  11581    297  23024  11616   -166      0 -22965  24179      0      0   5066   5025 0 0 
   8.367 -23043  11608    291  23024  11616   -166      0 -22965  24179      0      0   5067   5015 0 0 
   8.508 -23042  11595    282  23024  11616   -166      0 -22965  24179      0      0   5065   5012 0 0 
   8.633 -23043  11572    277  23024  11616   -166      0 -22965  24179      0      0   5062   5024 0 0 
   8.763 -23042  11550    273  23024  11616   -166      0 -22965  24179      0      0   5058   5032 0 0 
   8.888 -23042  11552    263  23024  11616   -166      0 -22965  24179      0      0   5057   5017 0 0 
   9.019 -23042  11554    254  23024  11616   -166      0 -22965  24179      0      0   5054   5005 0 0 
   9.160 -23040  11568    245  23024  11616   -166      0 -22965  24179      0      0   5055   5013 0 0 
   9.300 -23037  11588    241  23024  11616   -166      0 -22965  24179      0      0   5053   5018 0 0 
   9.414 -23035  11597    236  23024  11616   -166      0 -22965  24179      0      0   5055   5042 0 0 
   9.555 -23037  11579    236  23024  11616   -166      0 -22965  24179      0      0   5052   5055 0 0 
   9.711 -23035  11572    241  23024  11616   -166      0 -22965  24179      0      0   5054   5073 0 0 
   9.836 -23035  11570    236  23024  11616   -166      0 -22965  24179      0      0   5051   5056 0 0 
   9.968 -23035  11595    234  23024  11616   -166      0 -22965  24179      0      0   5052   5064 0 0 
  10.109 -23035  11606    241  23024  11616   -166      0 -22969  24179      0      0   5056   5077 0 0 
  10.265 -23035  11604    243  23024  11616   -166      0 -22973  24179      0      0   5058   5088 0 0 
  10.407 -23035  11568    245  23024  11616   -166      0 -22973  24179      0      0   5058   5087 0 0 
  10.532 -23035  11595    252  23024  11616   -166      0 -22973  24179      0      0   5056   5097 0 0 
  10.647 -23037  11595    252  23024  11616   -166      0 -22973  24179      0      0   5058   5086 0 0 
  10.761 -23035  11604    261  23024  11616   -166      0 -22973  24179      0      0   5063   5098 0 0 
  10.902 -23040  11563    263  23024  11616   -166      0 -22973  24179      0      0   5060   5090 0 0 
  11.017 -23042  11534    250  23024  11616   -166      0 -22973  24179      0      0   5052   5037 0 0 
  11.157 -23040  11563    252  23024  11616   -166      0 -22973  24179      0      0   5056   5051 0 0 
  11.282 -23040  11579    245  23024  11616   -166      0 -22973  24179      0      0   5052   5048 0 0 
  11.413 -23039  11595    243  23024  11616   -166      0 -22973  24179      0      0   5054   5046 0 0 
  11.553 -23040  11586    245  23024  11616   -166      0 -22973  24179      0      0   5056   5062 0 0 
  11.668 -23041  11570    236  23024  11616   -166      0 -22973  24179      0      0   5052   5032 0 0 
  11.810 -23039  11577    236  23024  11616   -166      0 -22973  24179      0      0   5052   5035 0 0 
  11.935 -23038  11577    236  23024  11616   -166      0 -22973  24179      0      0   5052   5048 0 0 
  12.066 -23038  11581    232  23024  11628   -289      0 -22973  24179      0      0   5052   5044 0 0 
  12.190 -23035  11608    234  23024  11628   -289      0 -22973  24179      0      0   5055   5068 0 0 
  12.305 -23037  11604    232  23024  11628   -289      0 -22973  24179      0      0   5056   5066 0 0 
  12.420 -23037  11613    234  23024  11628   -289      0 -22973  24179      0      0   5059   5058 0 0 
  12.545 -23039  11599    232  23024  11628   -289      0 -22973  24179      0      0   5056   5058 0 0 
  12.660 -23037  11581    234  23024  11628   -289      0 -22973  24179      0      0   5054   5068 0 0 
  12.785 -23038  11581    234  23024  11628   -289      0 -22973  24179      0      0   5055   5060 0 0 
  12.915 -23038  11577    234  23024  11628   -289      0 -22973  24179      0      0   5054   5070 0 0 
  13.055 -23037  11588    232  23024  11628   -289      0 -22973  24179      0      0   5053   5040 0 0 
  13.213 -23037  11608    234  23024  11628   -289      0 -22973  24179      0      0   5058   5085 0 0 
  13.353 -23038  11588    236  23024  11628   -289      0 -22973  24179      0      0   5053   5052 0 0 
  13.468 -23039  11561    241  23024  11628   -289      0 -22973  24179      0      0   5055   5064 0 0 
  13.608 -23039  11559    236  23024  11628   -289      0 -22973  24179      0      0   5054   5048 0 0 
  13.747 -23037  11577    241  23024  11628   -289      0 -22973  24179      0      0   5052   5066 0 0 
  13.904 -23037  11588    250  23024  11628   -289      0 -22973  24179      0      0   5050   5099 0 0 
  14.019 -23038  11579    245  23024  11628   -289      0 -22973  24179      0      0   5056   5075 0 0 
  14.143 -23040  11590    236  23024  11628   -289      0 -22973  24179      0      0   5056   5046 0 0 
  14.257 -23038  11597    234  23024  11628   -289      0 -22973  24179      0      0   5054   5050 0 0 
  14.371 -23038  11597    236  23024  11628   -289      0 -22973  24179      0      0   5056   5045 0 0 
  14.496 -23039  11586    236  23024  11628   -289      0 -22973  24179      0      0   5054   5039 0 0 
  14.612 -23035  11570    245  23024  11628   -289      0 -22973  24179      0      0   5055   5071 0 0 
  14.737 -23037  11572    236  23024  11628   -289      0 -22973  24179      0      0   5052   5071 0 0 
  14.894 -23038  11586    236  23024  11628   -289      0 -22973  24179      0      0   5051   5046 0 0 
  15.035 -23035  11615    243  23024  11628   -289      0 -22973  24179      0      0   5059   5091 0 0 
  15.166 -23035  11631    245  23024  11628   -289      0 -22973  24179      0      0   5060   5099 0 0 
  15.307 -23035  11606    263  23024  11628   -289      0 -22973  24179      0      0   5062   5111 0 0 
  15.489 -23037  11588    263  23024  11628   -289      0 -22973  24179      0      0   5061   5099 0 0 
  15.621 -23040  11588    263  23024  11628   -289      0 -22973  24179      0      0   5058   5063 0 0 
  15.762 -23040  11599    263  23024  11628   -289      0 -22973  24179      0      0   5056   5082 0 0 
  15.888 -23039  11599    263  23024  11628   -289      0 -22973  24179      0      0   5060   5065 0 0 
  16.018 -23040  11606    261  23024  11628   -289      0 -22973  24179      0      0   5060   5064 0 0 
  16.143 -23041  11595    261  23024  11628   -289      0 -22973  24179      0      0   5058   5073 0 0 
  16.284 -23038  11624    263  23024  11628   -289      0 -22973  24179      0      0   5063   5088 0 0 
  16.399 -23042  11617    263  23024  11628   -289      0 -22973  24179      0      0   5064   5073 0 0 
  16.513 -23040  11617    263  23024  11628   -289      0 -22973  24179      0      0   5066   5088 0 0 
  16.638 -23041  11615    263  23024  11628   -289      0 -22973  24179      0      0   5065   5069 0 0 
  16.768 -23038  11606    263  23024  11628   -289      0 -22973  24179      0      0   5063   5054 0 0 
  16.950 -23040  11604    263  23024  11628   -289      0 -22973  24179      0      0   5064   5068 0 0 
  17.091 -23040  11615    263  23024  11636   -281      0 -22973  24179      0      0   5062   5081 0 0 
  17.207 -23040  11626    263  23024  11636   -281      0 -22973  24179      0      0   5068   5097 0 0 
  17.347 -23039  11617    270  23024  11636   -281      0 -22973  24179      0      0   5067   5075 0 0 
  17.487 -23040  11599    263  23024  11636   -281      0 -22973  24179      0      0   5066   5088 0 0 
  17.643 -23040  11588    273  23024  11636   -281      0 -22973  24179      0      0   5062   5065 0 0 
  17.784 -23039  11588    273  23024  11636   -281      0 -22973  24179      0      0   5064   5068 0 0 
  17.940 -23040  11590    277  23024  11636   -281      0 -22973  24179      0      0   5062   5092 0 0 
  18.070 -23041  11588    277  23024  11636   -281      0 -22973  24179      0      0   5062   5066 0 0 
  18.296 -23042  11590    268  23024  11636   -281      0 -22973  24179      0      0   5062   5064 0 0 
  18.436 -23041  11597    268  23024  11636   -281      0 -22973  24179      0      0   5062   5059 0 0 
  18.567 -23040  11617    263  23024  11636   -281      0 -22973  24179      0      0   5063   5088 0 0 
  18.691 -23042  11606    263  23024  11636   -281      0 -22973  24179      0      0   5064   5060 0 0 
  18.806 -23042  11590    263  23024  11636   -281      0 -22973  24179      0      0   5060   5048 0 0 
  18.963 -23042  11590    259  23024  11636   -281      0 -22973  24179      0      0   5057   5049 0 0 
  19.119 -23033  11626    277  23024  11636   -281      0 -22973  24179      0      0   5064   5139 0 0 
  19.261 -23035  11615    288  23024  11636   -281      0 -22973  24179      0      0   5069   5125 0 0 
  19.401 -23039  11590    291  23024  11636   -281      0 -22973  24179      0      0   5068   5104 0 0 
  19.640 -23042  11554    297  23024  11641   -264      0 -22973  24179      0      0   5064   5093 0 0 
  19.796 -23042  11590    288  23024  11641   -264      0 -22973  24179      0      0   5066   5090 0 0 
  19.912 -23038  11599    297  23024  11641   -264      0 -22973  24179      0      0   5065   5104 0 0 
  20.053 -23039  11586    304  23024  11641   -264      0 -22973  24179      0      0   5073   5113 0 0 
  20.168 -23037  11570    333  23024  11641   -264      0 -22973  24179      0      0   5076   5168 0 0 
  20.308 -23039  11563    336  23024  11641   -264      0 -22973  24179      0      0   5076   5166 0 0 
  20.589 -23044  11588    333  23024  11641   -264      0 -22973  24179      0      0   5076   5153 0 0 
  20.720 -23043  11613    370  23024  11641   -264      0 -22973  24179      0      0   5088   5153 0 0 
  20.859 -23048  11552    367  23024  11641   -264      0 -22973  24179      0      0   5084   5114 0 0 
  20.999 -23052  11534    358  23024  11641   -264      0 -22973  24179      0      0   5077   5048 0 0 
  21.155 -23051  11552    342  23024  11641   -264      0 -22973  24179      0      0   5077   5034 0 0 
  21.269 -23048  11599    345  23024  11641   -264      0 -22973  24179      0      0   5080   5062 0 0 
  21.508 -23048  11606    340  23024  11641   -264      0 -22973  24179      0      0   5081   5067 0 0 
  21.632 -23046  11570    349  23024  11641   -264      0 -22973  24179      0      0   5080   5081 0 0 
  21.762 -23046  11586    351  23024  11641   -264      0 -22973  24179      0      0   5081   5080 0 0 
  21.917 -23044  11590    354  23024  11641   -264      0 -22973  24179      0      0   5081   5121 0 0 
  22.057 -23044  11577    358  23024  11623   -199      0 -22973  24179      0      0   5081   5111 0 0 
  22.197 -23046  11554    363  23024  11623   -199      0 -22973  24179      0      0   5078   5093 0 0 
  22.311 -23046  11561    367  23024  11623   -199      0 -22973  24179      0      0   5080   5097 0 0 
  22.451 -23046  11561    363  23024  11623   -199      0 -22973  24179      0      0   5081   5091 0 0 
  22.565 -23048  11561    358  23024  11623   -199      0 -22973  24179      0      0   5081   5090 0 0 
  22.705 -23046  11570    358  23024  11623   -199      0 -22973  24179      0      0   5079   5091 0 0 
  22.902 -23046  11581    363  23024  11623   -199      0 -22973  24179      0      0   5082   5091 0 0 
  23.016 -23046  11570    367  23024  11623   -199      0 -22973  24179      0      0   5083   5093 0 0 
  23.157 -23045  11590    367  23024  11623   -199      0 -22973  24179      0      0   5084   5101 0 0 
  23.296 -23045  11597    370  23024  11623   -199      0 -22973  24179      0      0   5086   5095 0 0 
  23.410 -23045  11597    379  23024  11623   -199      0 -22973  24179      0      0   5086   5127 0 0 
  23.534 -23043  11599    394  23024  11623   -199      0 -22973  24179      0      0   5089   5125 0 0 
  23.648 -23044  11599    390  23024  11623   -199      0 -22973  24179      0      0   5092   5148 0 0 
  23.762 -23045  11590    397  23024  11623   -199      0 -22973  24179      0      0   5091   5117 0 0 
  23.902 -23045  11561    399  23024  11623   -199      0 -22973  24179      0      0   5089   5125 0 0 
  24.017 -23046  11563    399  23024  11623   -199      0 -22973  24179      0      0   5089   5121 0 0 
  24.157 -23046  11581    408  23024  11623   -199      0 -22973  24179      0      0   5094   5136 0 0 
  24.281 -23049  11595    403  23024  11623   -199      0 -22973  24179      0      0   5094   5104 0 0 
  24.411 -23049  11590    403  23024  11623   -199      0 -22973  24179      0      0   5094   5106 0 0 
  24.535 -23049  11615    403  23024  11623   -199      0 -22973  24179      0      0   5095   5099 0 0 
  24.649 -23048  11597    408  23024  11623   -199      0 -22973  24179      0      0   5094   5097 0 0 
  24.764 -23049  11590    412  23024  11623   -199      0 -22973  24179      0      0   5096   5131 0 0 
  24.888 -23049  11599    408  23024  11623   -199      0 -22973  24179      0      0   5094   5116 0 0 
  25.002 -23050  11588    403  23024  11623   -199      0 -22973  24179      0      0   5096   5102 0 0 
  25.116 -23050  11590    406  23024  11623   -199      0 -22967  24179      0      0   5094   5116 0 0 
  25.241 -23049  11572    408  23024  11623   -199      0 -22965  24179      0      0   5092   5105 0 0 
  25.356 -23050  11559    406  23024  11623   -199      0 -22965  24179      0      0   5092   5090 0 0 
  25.470 -23050  11559    406  23024  11623   -199      0 -22965  24179      0      0   5087   5100 0 0 
  25.598 -23049  11572    399  23024  11623   -199      0 -22965  24179      0      0   5092   5082 0 0 
  25.712 -23049  11579    399  23024  11623   -199      0 -22965  24179      0      0   5090   5085 0 0 
  25.836 -23049  11588    406  23024  11623   -199      0 -22965  24179      0      0   5092   5087 0 0 
  25.966 -23049  11572    403  23024  11623   -199      0 -22965  24179      0      0   5088   5095 0 0 
  26.090 -23049  11559    403  23024  11619   -131      0 -22965  24179      0      0   5091   5090 0 0 
  26.220 -23046  11572    403  23024  11619   -131      0 -22965  24179      0      0   5092   5113 0 0 
  26.359 -23048  11568    406  23024  11619   -131      0 -22965  24179      0      0   5090   5115 0 0 
  26.483 -23049  11590    403  23024  11619   -131      0 -22965  24179      0      0   5088   5104 0 0 
  26.597 -23048  11590    403  23024  11619   -131      0 -22965  24179      0      0   5092   5093 0 0 
  26.713 -23049  11604    399  23024  11619   -131      0 -22965  24179      0      0   5093   5096 0 0 
  26.837 -23048  11597    406  23024  11619   -131      0 -22965  24179      0      0   5092   5116 0 0 
  26.968 -23046  11588    412  23024  11619   -131      0 -22965  24179      0      0   5092   5137 0 0 
  27.093 -23049  11570    415  23024  11619   -131      0 -22965  24179      0      0   5094   5111 0 0 
  27.249 -23050  11579    406  23024  11619   -131      0 -22965  24179      0      0   5094   5103 0 0 
  27.364 -23049  11588    403  23024  11619   -131      0 -22965  24179      0      0   5092   5094 0 0 
  27.504 -23048  11606    412  23024  11619   -131      0 -22965  24179      0      0   5096   5104 0 0 
  27.619 -23049  11599    399  23024  11619   -131      0 -22965  24179      0      0   5094   5105 0 0 
  27.744 -23050  11590    403  23024  11619   -131      0 -22965  24179      0      0   5092   5077 0 0 
  27.859 -23050  11595    399  23024  11619   -131      0 -22965  24179      0      0   5091   5087 0 0 
  27.999 -23049  11606    399  23024  11619   -131      0 -22965  24179      0      0   5092   5089 0 0 
  28.156 -23049  11608    397  23024  11619   -131      0 -22965  24179      0      0   5094   5094 0 0 
  28.271 -23049  11590    397  23024  11619   -131      0 -22965  24179      0      0   5092   5084 0 0 
  28.414 -23048  11595    394  23024  11619   -131      0 -22965  24179      0      0   5091   5073 0 0 
  28.539 -23048  11606    397  23024  11619   -131      0 -22965  24179      0      0   5091   5083 0 0 
  28.669 -23048  11622    390  23024  11619   -131      0 -22965  24179      0      0   5094   5119 0 0 
  28.794 -23048  11604    390  23024  11619   -131      0 -22965  24179      0      0   5092   5085 0 0 
  28.909 -23048  11586    388  23024  11619   -131      0 -22965  24179      0      0   5090   5079 0 0 
  29.050 -23048  11568    394  23024  11620   -131      0 -22965  24179      0      0   5088   5086 0 0 
  29.191 -23045  11581    397  23024  11620   -131      0 -22965  24179      0      0   5090   5119 0 0 
  29.307 -23046  11608    397  23024  11620   -131      0 -22965  24179      0      0   5092   5130 0 0 
  29.450 -23046  11615    397  23024  11620   -131      0 -22965  24179      0      0   5094   5125 0 0 
  29.564 -23046  11595    397  23024  11620   -131      0 -22965  24179      0      0   5094   5126 0 0 
  29.704 -23046  11577    406  23024  11620   -131      0 -22965  24179      0      0   5093   5152 0 0 
  29.818 -23049  11568    406  23024  11620   -131      0 -22965  24179      0      0   5093   5115 0 0 
  29.959 -23048  11561    408  23024  11620   -131      0 -22965  24179      0      0   5094   5113 0 0 
  30.099 -23049  11588    403  23024  11620   -131      0 -22965  24179      0      0   5093   5112 0 0 
  30.255 -23046  11615    406  23024  11620   -131      0 -22965  24179      0      0   5096   5119 0 0 
  30.369 -23048  11613    408  23024  11620   -131      0 -22965  24179      0      0   5100   5117 0 0 
  30.568 -23050  11595    408  23024  11620   -131      0 -22965  24179      0      0   5097   5113 0 0 
  30.708 -23049  11572    408  23024  11620   -131      0 -22965  24179      0      0   5095   5096 0 0 
  30.849 -23049  11586    415  23024  11620   -131      0 -22965  24179      0      0   5095   5101 0 0 
  30.963 -23050  11572    403  23024  11620   -131      0 -22965  24179      0      0   5093   5086 0 0 
  31.103 -23051  11577    403  23024  11620   -131      0 -22965  24179      0      0   5092   5068 0 0 
  31.262 -23050  11588    399  23024  11620   -131      0 -22965  24179      0      0   5092   5084 0 0 
  31.418 -23048  11581    399  23024  11620   -131      0 -22965  24179      0      0   5092   5089 0 0 
  31.560 -23050  11559    397  23024  11620   -131      0 -22965  24179      0      0   5090   5089 0 0 
  31.841 -23049  11568    397  23024  11620   -131      0 -22965  24179      0      0   5090   5086 0 0 
  31.971 -23048  11599    397  23024  11620   -131      0 -22965  24179      0      0   5091   5123 0 0 
  32.096 -23048  11590    397  23024  11620   -131      0 -22965  24179      0      0   5092   5101 0 0 
  32.269 -23048  11561    399  23024  11620   -131      0 -22965  24179      0      0   5091   5113 0 0 
  32.394 -23048  11541    403  23024  11620   -131      0 -22965  24179      0      0   5090   5106 0 0 
  32.535 -23049  11577    397  23024  11620   -131      0 -22965  24179      0      0   5092   5121 0 0 
  32.650 -23048  11595    399  23024  11620   -131      0 -22965  24179      0      0   5092   5098 0 0 
  32.764 -23046  11617    399  23024  11620   -131      0 -22965  24179      0      0   5094   5119 0 0 
  32.904 -23048  11599    399  23024  11620   -131      0 -22965  24179      0      0   5095   5108 0 0 
  33.020 -23046  11588    408  23024  11620   -131      0 -22965  24179      0      0   5096   5123 0 0 
  33.145 -23048  11579    408  23024  11620   -131      0 -22965  24179      0      0   5095   5125 0 0 
  33.261 -23048  11581    412  23024  11620   -131      0 -22965  24179      0      0   5092   5113 0 0 
  33.386 -23048  11597    408  23024  11620   -131      0 -22965  24179      0      0   5095   5119 0 0 
  33.526 -23046  11613    415  23024  11620   -131      0 -22965  24179      0      0   5099   5133 0 0 
  33.641 -23048  11604    421  23024  11620   -131      0 -22965  24179      0      0   5097   5154 0 0 
  33.782 -23050  11554    430  23024  11620   -131      0 -22965  24179      0      0   5098   5127 0 0 
  33.913 -23051  11550    424  23024  11620   -131      0 -22965  24179      0      0   5095   5111 0 0 
  34.037 -23051  11545    421  23024  11617   -122      0 -22965  24179      0      0   5096   5102 0 0 
  34.152 -23049  11595    421  23024  11617   -122      0 -22965  24179      0      0   5097   5120 0 0 
  34.319 -23050  11615    421  23024  11617   -122      0 -22965  24179      0      0   5096   5101 0 0 
  34.433 -23049  11608    421  23024  11617   -122      0 -22965  24179      0      0   5098   5101 0 0 
  34.564 -23049  11572    421  23024  11617   -122      0 -22965  24179      0      0   5099   5107 0 0 
  34.720 -23050  11552    417  23024  11617   -122      0 -22965  24179      0      0   5095   5093 0 0 
  34.845 -23049  11541    424  23024  11617   -122      0 -22965  24179      0      0   5096   5104 0 0 
  35.019 -23050  11570    412  23024  11617   -122      0 -22965  24179      0      0   5094   5099 0 0 
  35.159 -23049  11577    408  23024  11617   -122      0 -22965  24179      0      0   5093   5098 0 0 
  35.285 -23050  11572    406  23024  11617   -122      0 -22965  24179      0      0   5094   5097 0 0 
  35.416 -23049  11552    424  23024  11617   -122      0 -22965  24179      0      0   5093   5109 0 0 
  35.541 -23049  11552    415  23024  11617   -122      0 -22965  24179      0      0   5092   5086 0 0 
  35.671 -23049  11559    412  23024  11617   -122      0 -22965  24179      0      0   5096   5107 0 0 
  35.796 -23049  11579    412  23024  11617   -122      0 -22965  24179      0      0   5095   5104 0 0 
  35.910 -23049  11588    415  23024  11617   -122      0 -22965  24179      0      0   5096   5099 0 0 
  36.066 -23049  11590    406  23024  11617   -122      0 -22965  24179      0      0   5095   5111 0 0 
  36.206 -23049  11568    415  23024  11617   -122      0 -22965  24179      0      0   5094   5109 0 0 
  36.347 -23049  11572    412  23024  11617   -122      0 -22965  24179      0      0   5094   5099 0 0 
  36.562 -23049  11604    415  23024  11617   -122      0 -22965  24179      0      0   5098   5099 0 0 
  36.703 -23046  11613    412  23024  11617   -122      0 -22965  24179      0      0   5098   5107 0 0 
  36.885 -23049  11606    406  23024  11617   -122      0 -22965  24179      0      0   5097   5099 0 0 
  37.015 -23048  11613    415  23024  11617   -122      0 -22965  24179      0      0   5098   5113 0 0 
  37.155 -23049  11590    412  23024  11617   -122      0 -22965  24179      0      0   5099   5095 0 0 
  37.271 -23049  11563    415  23024  11617   -122      0 -22965  24179      0      0   5092   5099 0 0 
  37.468 -23049  11568    412  23024  11617   -122      0 -22965  24179      0      0   5095   5111 0 0 
  37.592 -23048  11588    424  23024  11617   -122      0 -22965  24179      0      0   5098   5119 0 0 
  37.708 -23049  11604    417  23024  11617   -122      0 -22965  24179      0      0   5101   5130 0 0 
  37.833 -23049  11588    415  23024  11617   -122      0 -22965  24179      0      0   5095   5104 0 0 
  37.963 -23050  11588    415  23024  11617   -122      0 -22965  24179      0      0   5097   5099 0 0 
  38.103 -23049  11586    424  23024  11592   -115      0 -22965  24179      0      0   5098   5109 0 0 
  38.259 -23051  11604    415  23024  11592   -115      0 -22965  24179      0      0   5096   5115 0 0 
  38.400 -23049  11595    415  23024  11592   -115      0 -22965  24179      0      0   5096   5103 0 0 
  38.514 -23049  11590    415  23024  11592   -115      0 -22965  24179      0      0   5099   5102 0 0 
  38.654 -23049  11595    417  23024  11592   -115      0 -22965  24179      0      0   5099   5107 0 0 
  38.769 -23049  11586    417  23024  11592   -115      0 -22965  24179      0      0   5098   5111 0 0 
  39.446 -23049  11570    417  23024  11592   -115      0 -22965  24179      0      0   5093   5091 0 0 
  39.602 -23051  11570    406  23024  11592   -115      0 -22965  24179      0      0   5093   5091 0 0 
  39.717 -23051  11577    399  23024  11592   -115      0 -22965  24179      0      0   5093   5060 0 0 
  39.857 -23049  11590    403  23024  11592   -115      0 -22965  24179      0      0   5093   5091 0 0 
  39.981 -23049  11581    399  23024  11592   -115      0 -22965  24179      0      0   5093   5071 0 0 
  40.096 -23049  11577    399  23024  11620   -115      0 -22965  24179      0      0   5089   5087 0 0 
  40.211 -23049  11590    394  23024  11620   -115      0 -22965  24179      0      0   5093   5091 0 0 
  40.335 -23048  11588    394  23024  11620   -115      0 -22965  24179      0      0   5093   5092 0 0 
  40.467 -23048  11613    394  23024  11620   -115      0 -22965  24179      0      0   5093   5107 0 0 
  40.618 -23049  11599    390  23024  11620   -115      0 -22965  24179      0      0   5093   5087 0 0 
  40.733 -23049  11606    385  23024  11620   -115      0 -22965  24179      0      0   5093   5075 0 0 
  40.863 -23048  11586    394  23024  11620   -115      0 -22965  24179      0      0   5091   5096 0 0 
  40.987 -23046  11588    390  23024  11620   -115      0 -22965  24179      0      0   5093   5119 0 0 
  41.127 -23048  11586    390  23024  11620   -115      0 -22965  24179      0      0   5092   5101 0 0 
  41.259 -23048  11597    390  23024  11620   -115      0 -22965  24179      0      0   5091   5094 0 0 
  41.399 -23046  11597    390  23024  11620   -115      0 -22965  24179      0      0   5091   5095 0 0 
  41.556 -23046  11597    397  23024  11620   -115      0 -22965  24179      0      0   5095   5122 0 0 
  41.696 -23048  11577    397  23024  11620   -115      0 -22965  24179      0      0   5090   5097 0 0 
  41.853 -23048  11588    397  23024  11620   -115      0 -22965  24179      0      0   5091   5107 0 0 
  41.969 -23046  11588    399  23024  11620   -115      0 -22965  24179      0      0   5095   5101 0 0 
  42.109 -23048  11595    399  23024  11625   -137      0 -22965  24179      0      0   5095   5125 0 0 
  42.250 -23049  11586    403  23024  11625   -137      0 -22965  24179      0      0   5093   5127 0 0 
  42.365 -23049  11586    403  23024  11625   -137      0 -22965  24179      0      0   5095   5092 0 0 
  42.490 -23049  11604    403  23024  11625   -137      0 -22965  24179      0      0   5095   5101 0 0 
  42.606 -23046  11599    408  23024  11625   -137      0 -22965  24179      0      0   5098   5143 0 0 
  42.746 -23049  11590    403  23024  11625   -137      0 -22965  24179      0      0   5097   5102 0 0 
  42.870 -23050  11577    403  23024  11625   -137      0 -22965  24179      0      0   5091   5088 0 0 
  43.003 -23049  11581    399  23024  11625   -137      0 -22965  24179      0      0   5090   5089 0 0 
  43.143 -23046  11599    403  23024  11625   -137      0 -22965  24179      0      0   5094   5091 0 0 
  43.342 -23048  11613    399  23024  11625   -137      0 -22965  24179      0      0   5095   5114 0 0 
  43.456 -23048  11608    403  23024  11625   -137      0 -22965  24179      0      0   5096   5116 0 0 
  43.596 -23049  11572    408  23024  11625   -137      0 -22965  24179      0      0   5094   5119 0 0 
  43.712 -23048  11550    426  23024  11625   -137      0 -22965  24179      0      0   5095   5127 0 0 
  43.837 -23049  11545    412  23024  11625   -137      0 -22965  24179      0      0   5091   5117 0 0 
  43.967 -23050  11561    408  23024  11625   -137      0 -22965  24179      0      0   5094   5109 0 0 
  44.107 -23049  11586    408  23024  11625   -137      0 -22965  24179      0      0   5094   5083 0 0 
  44.247 -23049  11586    408  23024  11625   -137      0 -22965  24179      0      0   5092   5108 0 0 
  44.362 -23049  11581    408  23024  11625   -137      0 -22965  24179      0      0   5096   5109 0 0 
  44.518 -23049  11563    415  23024  11625   -137      0 -22965  24179      0      0   5095   5103 0 0 
  44.659 -23049  11550    408  23024  11625   -137      0 -22965  24179      0      0   5092   5103 0 0 
  44.799 -23049  11550    412  23024  11625   -137      0 -22965  24179      0      0   5094   5107 0 0 
  44.955 -23050  11563    406  23024  11625   -137      0 -22965  24179      0      0   5093   5089 0 0 
  45.070 -23050  11581    403  23024  11616   -129      0 -22965  24179      0      0   5094   5085 0 0 
  45.210 -23049  11581    397  23024  11616   -129      0 -22965  24179      0      0   5091   5083 0 0 
  45.352 -23049  11577    406  23024  11616   -129      0 -22965  24179      0      0   5094   5087 0 0 
  45.467 -23049  11577    403  23024  11616   -129      0 -22965  24179      0      0   5093   5100 0 0 
  45.598 -23050  11552    399  23024  11616   -129      0 -22965  24179      0      0   5091   5076 0 0 
  45.713 -23050  11561    394  23024  11616   -129      0 -22965  24179      0      0   5088   5073 0 0 
  45.856 -23049  11561    394  23024  11616   -129      0 -22965  24179      0      0   5088   5071 0 0 
  45.971 -23049  11588    388  23024  11616   -129      0 -22965  24179      0      0   5088   5077 0 0 
  46.112 -23049  11579    376  23024  11616   -129      0 -22965  24179      0      0   5089   5072 0 0 
  46.252 -23049  11552    376  23024  11616   -129      0 -22965  24179      0      0   5082   5060 0 0 
  46.409 -23049  11552    376  23024  11616   -129      0 -22965  24179      0      0   5083   5067 0 0 
  46.549 -23046  11590    372  23024  11616   -129      0 -22965  24179      0      0   5084   5069 0 0 
  46.664 -23048  11597    363  23024  11616   -129      0 -22965  24179      0      0   5085   5066 0 0 
  46.805 -23046  11590    358  23024  11616   -129      0 -22965  24179      0      0   5084   5062 0 0 
  46.961 -23046  11572    361  23024  11616   -129      0 -22965  24179      0      0   5084   5082 0 0 
  47.158 -23045  11572    361  23024  11616   -129      0 -22965  24179      0      0   5080   5073 0 0 
  47.283 -23045  11590    351  23024  11616   -129      0 -22965  24179      0      0   5081   5067 0 0 
  47.399 -23044  11604    358  23024  11616   -129      0 -22965  24179      0      0   5082   5086 0 0 
  47.514 -23045  11590    358  23024  11616   -129      0 -22965  24179      0      0   5084   5092 0 0 
  47.654 -23044  11586    361  23024  11616   -129      0 -22965  24179      0      0   5084   5095 0 0 
  47.836 -23044  11563    363  23024  11616   -129      0 -22965  24179      0      0   5082   5105 0 0 
  47.967 -23044  11568    361  23024  11616   -129      0 -22965  24179      0      0   5083   5099 0 0 
  48.107 -23044  11581    363  23024  11609   -156      0 -22965  24179      0      0   5084   5102 0 0 
  48.248 -23044  11590    370  23024  11609   -156      0 -22965  24179      0      0   5086   5099 0 0 
  48.404 -23046  11581    363  23024  11609   -156      0 -22965  24179      0      0   5086   5111 0 0 
  48.519 -23044  11581    372  23024  11609   -156      0 -22965  24179      0      0   5086   5106 0 0 
  48.661 -23048  11552    363  23024  11609   -156      0 -22965  24179      0      0   5082   5106 0 0 
  48.817 -23044  11568    381  23024  11609   -156      0 -22965  24179      0      0   5085   5129 0 0 
  48.958 -23046  11572    381  23024  11609   -156      0 -22965  24179      0      0   5085   5115 0 0 
  49.114 -23045  11581    388  23024  11609   -156      0 -22965  24179      0      0   5090   5120 0 0 
  49.254 -23055  11543    351  23024  11609   -156      0 -22965  24179      0      0   5080   5011 0 0 
  49.369 -23052  11545    345  23024  11609   -156      0 -22965  24179      0      0   5078   5018 0 0 
  49.495 -23051  11586    331  23024  11609   -156      0 -22965  24179      0      0   5075   5012 0 0 
  49.651 -23049  11599    324  23024  11609   -156      0 -22965  24179      0      0   5074   5012 0 0 
  49.766 -23046  11595    322  23024  11609   -156      0 -22965  24179      0      0   5074   5024 0 0 
  49.906 -23045  11552    322  23024  11609   -156      0 -22965  24179      0      0   5070   5058 0 0 
  50.048 -23044  11545    324  23024  11609   -156      0 -22965  24179      0      0   5072   5062 0 0 
  50.163 -23042  11559    327  23024  11609   -156      0 -22965  24179      0      0   5070   5065 0 0 
  50.304 -23044  11613    304  23024  11609   -156      0 -22965  24179      0      0   5075   5065 0 0 
  50.419 -23040  11581    331  23024  11609   -156      0 -22965  24179      0      0   5072   5084 0 0 
  50.559 -23042  11617    322  23024  11609   -156      0 -22965  24179      0      0   5077   5099 0 0 
  50.716 -23041  11608    322  23024  11609   -156      0 -22965  24179      0      0   5075   5086 0 0 
  50.857 -23041  11536    331  23024  11609   -156      0 -22965  24179      0      0   5073   5093 0 0 
  50.997 -23041  11534    331  23024  11609   -156      0 -22965  24179      0      0   5072   5084 0 0 
  51.112 -23043  11572    327  23024  11609   -156      0 -22965  24179      0      0   5071   5087 0 0 
  51.252 -23042  11613    318  23024  11609   -156      0 -22965  24179      0      0   5076   5084 0 0 
  51.367 -23043  11604    318  23024  11609   -156      0 -22965  24179      0      0   5076   5071 0 0 
  51.507 -23042  11568    331  23024  11609   -156      0 -22965  24179      0      0   5077   5104 0 0 
  51.633 -23042  11532    333  23024  11609   -156      0 -22965  24179      0      0   5073   5106 0 0 
  51.789 -23044  11534    327  23024  11609   -156      0 -22965  24179      0      0   5074   5073 0 0 
  51.929 -23045  11545    324  23024  11609   -156      0 -22965  24179      0      0   5072   5075 0 0 
  52.060 -23048  11579    318  23024  11613   -211      0 -22965  24179      0      0   5073   5064 0 0 
  52.200 -23046  11577    309  23024  11613   -211      0 -22965  24179      0      0   5069   5064 0 0 
  52.315 -23046  11570    304  23024  11613   -211      0 -22965  24179      0      0   5070   5032 0 0 
  52.455 -23045  11568    304  23024  11613   -211      0 -22965  24179      0      0   5068   5026 0 0 
  52.611 -23043  11572    300  23024  11613   -211      0 -22965  24179      0      0   5066   5038 0 0 
  52.753 -23040  11581    304  23024  11613   -211      0 -22965  24179      0      0   5070   5071 0 0 
  52.868 -23041  11581    297  23024  11613   -211      0 -22965  24179      0      0   5068   5076 0 0 
  53.008 -23041  11563    300  23024  11613   -211      0 -22965  24179      0      0   5068   5065 0 0 
  53.148 -23041  11568    295  23024  11613   -211      0 -22965  24179      0      0   5068   5075 0 0 
  53.262 -23040  11570    306  23024  11613   -211      0 -22965  24179      0      0   5070   5081 0 0 
  53.387 -23042  11581    295  23024  11613   -211      0 -22965  24179      0      0   5068   5071 0 0 
  53.517 -23042  11579    291  23024  11613   -211      0 -22965  24179      0      0   5067   5064 0 0 
  53.641 -23042  11568    288  23024  11613   -211      0 -22965  24179      0      0   5064   5052 0 0 
  53.755 -23042  11554    291  23024  11613   -211      0 -22965  24179      0      0   5064   5048 0 0 
  53.869 -23042  11550    282  23024  11613   -211      0 -22965  24179      0      0   5061   5050 0 0 
  53.993 -23043  11568    279  23024  11613   -211      0 -22965  24179      0      0   5062   5048 0 0 
  54.108 -23042  11572    273  23024  11613   -211      0 -22965  24179      0      0   5061   5050 0 0 
  54.248 -23042  11595    270  23024  11613   -211      0 -22965  24179      0      0   5063   5036 0 0 
  54.388 -23040  11588    273  23024  11613   -211      0 -22965  24179      0      0   5060   5041 0 0 
  54.502 -23041  11588    261  23024  11613   -211      0 -22965  24179      0      0   5062   5043 0 0 
  54.616 -23042  11554    263  23024  11613   -211      0 -22965  24179      0      0   5057   5036 0 0 
  54.740 -23040  11545    263  23024  11613   -211      0 -22965  24179      0      0   5056   5046 0 0 
  54.854 -23039  11554    263  23024  11613   -211      0 -22965  24179      0      0   5058   5059 0 0 
  54.969 -23038  11581    261  23024  11613   -211      0 -22965  24179      0      0   5059   5083 0 0 
  55.093 -23038  11606    259  23024  11613   -211      0 -22965  24179      0      0   5058   5061 0 0 
  55.207 -23039  11613    261  23024  11613   -211      0 -22965  24179      0      0   5062   5060 0 0 
  55.331 -23040  11599    254  23024  11613   -211      0 -22965  24179      0      0   5060   5056 0 0 
  55.446 -23039  11581    261  23024  11613   -211      0 -22965  24179      0      0   5062   5077 0 0 
  55.560 -23039  11581    259  23024  11613   -211      0 -22965  24179      0      0   5060   5066 0 0 
  55.700 -23040  11572    259  23024  11613   -211      0 -22965  24179      0      0   5058   5049 0 0 
  55.841 -23039  11586    254  23024  11613   -211      0 -22965  24179      0      0   5057   5076 0 0 
  55.956 -23039  11581    259  23024  11613   -211      0 -22965  24179      0      0   5058   5058 0 0 
  56.071 -23037  11581    254  23024  11613   -211      0 -22965  24179      0      0   5058   5062 0 0 
  56.212 -23039  11572    254  23024  11613   -211      0 -22965  24179      0      0   5056   5045 0 0 
  56.337 -23040  11563    252  23024  11613   -211      0 -22965  24179      0      0   5054   5058 0 0 
  56.452 -23040  11577    245  23024  11613   -211      0 -22965  24179      0      0   5053   5029 0 0 
  56.609 -23037  11581    254  23024  11613   -211      0 -22971  24179      0      0   5058   5070 0 0 
  56.734 -23038  11599    250  23024  11613   -211      0 -22973  24179      0      0   5056   5066 0 0 
  56.849 -23038  11581    250  23024  11613   -211      0 -22973  24179      0      0   5054   5059 0 0 
  56.963 -23038  11581    252  23024  11613   -211      0 -22973  24179      0      0   5053   5073 0 0 
  57.087 -23037  11561    252  23024  11613   -211      0 -22973  24179      0      0   5057   5065 0 0 
  57.217 -23039  11559    252  23024  11613   -211      0 -22973  24179      0      0   5054   5056 0 0 
  57.357 -23039  11550    250  23024  11613   -211      0 -22973  24179      0      0   5056   5059 0 0 
  57.497 -23039  11552    250  23024  11613   -211      0 -22973  24179      0      0   5056   5058 0 0 
  57.638 -23040  11532    250  23024  11620   -274      0 -22973  24179      0      0   5051   5058 0 0 
  57.752 -23040  11541    245  23024  11620   -274      0 -22973  24179      0      0   5051   5046 0 0 
  57.990 -23039  11545    245  23024  11620   -274      0 -22973  24179      0      0   5051   5048 0 0 
  58.147 -23039  11577    250  23024  11620   -274      0 -22973  24179      0      0   5055   5068 0 0 
  58.261 -23038  11581    245  23024  11620   -274      0 -22973  24179      0      0   5056   5060 0 0 
  58.401 -23039  11608    250  23024  11620   -274      0 -22973  24179      0      0   5060   5063 0 0 
  58.597 -23038  11595    250  23024  11620   -274      0 -22973  24179      0      0   5058   5075 0 0 
  58.712 -23038  11568    254  23024  11620   -274      0 -22973  24179      0      0   5059   5072 0 0 
  58.851 -23038  11570    254  23024  11620   -274      0 -22973  24179      0      0   5056   5078 0 0 
  58.965 -23039  11559    254  23024  11620   -274      0 -22973  24179      0      0   5058   5073 0 0 
  59.089 -23038  11559    259  23024  11620   -274      0 -22973  24179      0      0   5054   5055 0 0 
  59.219 -23040  11570    254  23024  11620   -274      0 -22973  24179      0      0   5054   5064 0 0 
  59.359 -23039  11581    252  23024  11620   -274      0 -22973  24179      0      0   5058   5071 0 0 
  59.499 -23040  11581    250  23024  11620   -274      0 -22973  24179      0      0   5054   5054 0 0 
  59.613 -23041  11568    245  23024  11620   -274      0 -22978  24179      0      0   5056   5058 0 0 
  59.753 -23040  11561    243  23024  11620   -274      0 -22980  24179      0      0   5054   5037 0 0 
  59.893 -23040  11534    241  23024  11620   -274      0 -22980  24179      0      0   5050   5042 0 0 
  60.007 -23042  11543    234  23024  11620   -274      0 -22980  24179      0      0   5048   5028 0 0 
  60.146 -23040  11568    227  23024  11620   -274      0 -22980  24179      0      0   5048   5022 0 0 
  60.261 -23037  11613    232  23024  11620   -274      0 -22980  24179      0      0   5053   5048 0 0 
  60.400 -23037  11595    236  23024  11620   -274      0 -22980  24179      0      0   5053   5077 0 0 
  60.514 -23035  11586    243  23024  11620   -274      0 -22980  24179      0      0   5054   5074 0 0 
  60.654 -23035  11554    252  23024  11610   -286      0 -22980  24179      0      0   5056   5106 0 0 
  60.794 -23037  11550    254  23024  11610   -286      0 -22980  24179      0      0   5057   5099 0 0 
  60.908 -23038  11552    254  23024  11610   -286      0 -22980  24179      0      0   5055   5081 0 0 
  61.033 -23038  11577    261  23024  11610   -286      0 -22980  24179      0      0   5057   5104 0 0 
  61.147 -23037  11595    268  23024  11610   -286      0 -22980  24179      0      0   5060   5108 0 0 
  61.261 -23038  11581    270  23024  11610   -286      0 -22980  24179      0      0   5063   5093 0 0 
  61.385 -23038  11572    273  23024  11610   -286      0 -22980  24179      0      0   5062   5079 0 0 
  61.501 -23040  11554    277  23024  11610   -286      0 -22980  24179      0      0   5061   5110 0 0 
  61.640 -23041  11545    277  23024  11610   -286      0 -22980  24179      0      0   5062   5091 0 0 
  61.755 -23041  11554    279  23024  11610   -286      0 -22980  24179      0      0   5062   5083 0 0 
  61.869 -23041  11577    277  23024  11610   -286      0 -22980  24179      0      0   5062   5093 0 0 
  61.993 -23041  11590    279  23024  11610   -286      0 -22980  24179      0      0   5066   5097 0 0 
  62.107 -23042  11599    277  23024  11610   -286      0 -22980  24179      0      0   5065   5079 0 0 
  62.248 -23043  11581    273  23024  11610   -286      0 -22980  24179      0      0   5065   5073 0 0 
  62.388 -23045  11525    268  23024  11610   -286      0 -22980  24179      0      0   5058   5034 0 0 
  62.502 -23044  11525    259  23024  11610   -286      0 -22980  24179      0      0   5056   5023 0 0 
  62.616 -23044  11541    252  23024  11610   -286      0 -22980  24179      0      0   5052   5018 0 0 
  62.741 -23045  11577    236  23024  11610   -286      0 -22980  24179      0      0   5053   5016 0 0 
  62.855 -23044  11579    227  23024  11610   -286      0 -22980  24179      0      0   5049   4969 0 0 
  62.969 -23041  11581    223  23024  11610   -286      0 -22980  24179      0      0   5051   5006 0 0 
  63.109 -23042  11554    218  23024  11610   -286      0 -22980  24179      0      0   5049   5009 0 0 
  63.248 -23040  11545    216  23024  11610   -286      0 -22980  24179      0      0   5045   5012 0 0 
  63.404 -23039  11541    207  23024  11610   -286      0 -22980  24179      0      0   5043   5012 0 0 
  63.517 -23037  11563    191  23024  11610   -286      0 -22978  24179      0      0   5041   5010 0 0 
  63.659 -23037  11568    189  23024  11610   -286      0 -22974  24179      0      0   5041   5013 0 0 
  63.856 -23035  11561    189  23024  11610   -286      0 -22973  24179      0      0   5042   5022 0 0 
  63.996 -23037  11500    182  23024  11610   -286      0 -22973  24179      0      0   5030   5013 0 0 
  64.110 -23035  11509    180  23024  11610   -286      0 -22973  24179      0      0   5033   5028 0 0 
  64.234 -23035  11525    173  23024  11610   -286      0 -22973  24179      0      0   5030   5016 0 0 
  64.348 -23035  11536    164  23024  11610   -286      0 -22973  24179      0      0   5034   5010 0 0 
  64.462 -23033  11550    164  23024  11610   -286      0 -22973  24179      0      0   5034   5027 0 0 
  64.586 -23033  11554    169  23024  11597   -265      0 -22973  24179      0      0   5037   5036 0 0 
  64.717 -23033  11563    164  23024  11597   -265      0 -22973  24179      0      0   5036   5025 0 0 
  64.857 -23033  11552    162  23024  11597   -265      0 -22973  24179      0      0   5033   5039 0 0 
  64.982 -23034  11541    162  23024  11597   -265      0 -22973  24179      0      0   5032   5026 0 0 
  65.097 -23034  11543    155  23024  11597   -265      0 -22973  24179      0      0   5034   5021 0 0 
  65.212 -23033  11554    153  23024  11597   -265      0 -22973  24179      0      0   5033   5022 0 0 
  65.337 -23032  11550    151  23024  11597   -265      0 -22973  24179      0      0   5033   5034 0 0 
  65.467 -23033  11561    153  23024  11597   -265      0 -22973  24179      0      0   5033   5036 0 0 
  65.584 -23033  11545    151  23024  11597   -265      0 -22973  24179      0      0   5033   5032 0 0 
  65.714 -23033  11545    144  23024  11597   -265      0 -22973  24179      0      0   5029   5020 0 0 
  65.856 -23031  11545    144  23024  11597   -265      0 -22973  24179      0      0   5030   5032 0 0 
  65.996 -23029  11545    151  23024  11597   -265      0 -22973  24179      0      0   5032   5046 0 0 
  66.154 -23031  11525    153  23024  11597   -265      0 -22973  24179      0      0   5030   5048 0 0 
  66.268 -23033  11523    144  23024  11597   -265      0 -22973  24179      0      0   5029   5030 0 0 
  66.409 -23034  11527    137  23024  11597   -265      0 -22973  24179      0      0   5027   5019 0 0 
  66.691 -23034  11545    133  23024  11597   -265      0 -22973  24179      0      0   5027   5004 0 0 
  66.804 -23031  11554    137  23024  11597   -265      0 -22973  24179      0      0   5030   5037 0 0 
  66.920 -23031  11545    142  23024  11597   -265      0 -22973  24179      0      0   5029   5046 0 0 
  67.060 -23032  11536    144  23024  11597   -265      0 -22976  24179      0      0   5027   5038 0 0 
  67.200 -23032  11541    142  23024  11597   -265      0 -22988  24179      0      0   5031   5048 0 0 
  67.341 -23031  11545    144  23024  11597   -265      0 -22988  24179      0      0   5031   5039 0 0 
  67.481 -23031  11545    144  23024  11597   -265      0 -22988  24179      0      0   5029   5050 0 0 
  67.611 -23033  11532    142  23024  11597   -265      0 -22988  24179      0      0   5029   5040 0 0 
  67.737 -23030  11550    146  23024  11597   -265      0 -22988  24179      0      0   5030   5052 0 0 
  67.868 -23031  11545    151  23024  11597   -265      0 -22988  24179      0      0   5034   5044 0 0 
  67.992 -23031  11545    153  23024  11597   -265      0 -22988  24179      0      0   5035   5058 0 0 
  68.133 -23029  11545    155  23024  11575   -387      0 -22988  24179     32      0   5034   5063 0 0 
  68.263 -23031  11563    160  23024  11575   -387      0 -22988  24179     32      0   5035   5060 0 0 
  68.388 -23031  11568    162  23024  11575   -387      0 -22988  24179     32      0   5038   5085 0 0 
  68.503 -23031  11545    173  23024  11575   -387      0 -22988  24179     32      0   5039   5085 0 0 
  68.617 -23033  11523    173  23024  11575   -387      0 -22988  24179     32      0   5039   5068 0 0 
  68.757 -23033  11518    187  23024  11575   -387      0 -22988  24179     32      0   5037   5078 0 0 
  68.899 -23034  11536    187  23024  11575   -387      0 -22988  24179     32      0   5037   5068 0 0 
  69.055 -23035  11581    180  23024  11575   -387      0 -22988  24179     32      0   5042   5065 0 0 
  69.213 -23034  11608    180  23024  11575   -387      0 -22988  24179     32      0   5046   5050 0 0 
  69.354 -23034  11608    180  23024  11575   -387      0 -22988  24179     32      0   5047   5069 0 0 
  69.510 -23035  11554    189  23024  11575   -387      0 -22988  24179     32      0   5043   5065 0 0 
  69.652 -23035  11518    189  23024  11575   -387      0 -22988  24179     32      0   5041   5052 0 0 
  69.766 -23035  11541    189  23024  11575   -387      0 -22988  24179     32      0   5042   5047 0 0 
  69.891 -23035  11581    189  23024  11575   -387      0 -22988  24179     32      0   5045   5040 0 0 
  70.005 -23034  11590    189  23024  11584   -368      0 -22988  24179     32      0   5046   5059 0 0 
  70.120 -23035  11590    189  23024  11584   -368      0 -22988  24179     32      0   5045   5056 0 0 
  70.261 -23035  11550    191  23024  11584   -368      0 -22988  24179     32      0   5044   5061 0 0 
  70.386 -23035  11541    189  23024  11584   -368      0 -22988  24179     32      0   5046   5065 0 0 
  70.526 -23035  11552    189  23024  11584   -368      0 -22988  24179     32      0   5043   5064 0 0 
  70.656 -23037  11581    189  23024  11584   -368      0 -22988  24179     32      0   5046   5061 0 0 
  70.812 -23037  11581    189  23024  11584   -368      0 -22988  24179     32      0   5046   5056 0 0 
  70.968 -23035  11568    189  23024  11584   -368      0 -22988  24179     32      0   5045   5066 0 0 
  71.108 -23020  11509    282  23024  11584   -368      0 -22988  24179     32      0   5057   5265 0 0 
  71.248 -23024  11581    288  23024  11584   -368      0 -22988  24179     32      0   5070   5269 0 0 
  71.364 -23029  11624    306  23024  11584   -368      0 -22988  24179     32      0   5079   5257 0 0 
  71.505 -23035  11642    322  23024  11584   -368      0 -22988  24179     32      0   5081   5225 0 0 
  71.661 -23042  11552    342  23024  11584   -368      0 -22982  24179     32      0   5083   5186 0 0 
  71.801 -23044  11534    351  23024  11584   -368      0 -22980  24179     32      0   5083   5167 0 0 
  71.999 -23046  11550    351  23024  11584   -368      0 -22980  24179     32      0   5083   5136 0 0 
  72.113 -23048  11604    351  23024  11584   -368      0 -22980  24179     32      0   5088   5133 0 0 
  72.238 -23048  11579    354  23024  11584   -368      0 -22980  24179     32      0   5085   5106 0 0 
  72.353 -23050  11559    351  23024  11584   -368      0 -22980  24179     32      0   5083   5079 0 0 
  72.467 -23049  11559    349  23024  11584   -368      0 -22980  24179     32      0   5081   5068 0 0 
  72.592 -23049  11577    351  23024  11584   -368      0 -22980  24179     32      0   5083   5078 0 0 
  72.732 -23049  11579    345  23024  11584   -368      0 -22980  24179     32      0   5083   5068 0 0 
  72.863 -23048  11577    349  23024  11584   -368      0 -22980  24179     32      0   5083   5085 0 0 
  73.003 -23048  11561    354  23024  11584   -368      0 -22980  24179     32      0   5081   5079 0 0 
  73.159 -23046  11577    345  23024  11584   -368      0 -22980  24179     32      0   5081   5084 0 0 
  73.285 -23046  11588    345  23024  11584   -368      0 -22980  24179     32      0   5082   5083 0 0 
  73.416 -23046  11588    349  23024  11584   -368      0 -22980  24179     32      0   5084   5093 0 0 
  73.556 -23045  11554    349  23024  11584   -368      0 -22980  24179     32      0   5082   5092 0 0 
  73.682 -23046  11536    354  23024  11584   -368      0 -22980  24179     32      0   5080   5105 0 0 
  73.822 -23044  11550    349  23024  11584   -368      0 -22980  24179     32      0   5079   5098 0 0 
  74.067 -23044  11579    349  23024  11584   -368      0 -22980  24179     32      0   5077   5100 0 0 
  74.208 -23044  11577    358  23024  11603   -179      0 -22980  24179      0      0   5086   5099 0 0 
  74.333 -23046  11552    358  23024  11603   -179      0 -22980  24179      0      0   5083   5100 0 0 
  74.463 -23045  11543    361  23024  11603   -179      0 -22980  24179      0      0   5083   5105 0 0 
  74.602 -23048  11552    358  23024  11603   -179      0 -22980  24179      0      0   5082   5091 0 0 
  74.716 -23046  11579    354  23024  11603   -179      0 -22980  24179      0      0   5084   5097 0 0 
  74.842 -23046  11588    358  23024  11603   -179      0 -22980  24179      0      0   5085   5093 0 0 
  74.956 -23046  11570    358  23024  11603   -179      0 -22980  24179      0      0   5085   5092 0 0 
  75.070 -23046  11577    358  23024  11603   -179      0 -22980  24179      0      0   5083   5089 0 0 
  75.210 -23045  11552    358  23024  11603   -179      0 -22980  24179      0      0   5084   5109 0 0 
  75.335 -23045  11568    363  23024  11603   -179      0 -22980  24179      0      0   5084   5107 0 0 
  75.449 -23045  11570    361  23024  11603   -179      0 -22980  24179      0      0   5085   5107 0 0 
  75.558 -23046  11561    361  23024  11603   -179      0 -22980  24179      0      0   5085   5096 0 0 
  75.699 -23048  11570    361  23024  11603   -179      0 -22980  24179      0      0   5085   5093 0 0 
  75.813 -23046  11561    363  23024  11603   -179      0 -22980  24179      0      0   5083   5101 0 0 
  75.954 -23046  11572    361  23024  11603   -179      0 -22980  24179      0      0   5083   5080 0 0 
  76.068 -23046  11581    361  23024  11603   -179      0 -22973  24179      0      0   5081   5077 0 0 
  76.210 -23048  11581    351  23024  11603   -179      0 -22965  24179      0      0   5084   5078 0 0 
  76.407 -23046  11552    351  23024  11603   -179      0 -22965  24179      0      0   5083   5079 0 0 
  76.547 -23045  11541    349  23024  11603   -179      0 -22965  24179      0      0   5079   5067 0 0 
  76.663 -23046  11543    342  23024  11603   -179      0 -22965  24179      0      0   5079   5073 0 0 
  76.788 -23045  11579    340  23024  11603   -179      0 -22965  24179      0      0   5079   5079 0 0 
  76.918 -23045  11597    340  23024  11603   -179      0 -22965  24179      0      0   5080   5077 0 0 
  77.043 -23044  11604    340  23024  11603   -179      0 -22965  24179      0      0   5082   5081 0 0 
  77.183 -23044  11545    345  23024  11603   -179      0 -22965  24179      0      0   5080   5085 0 0 
  77.315 -23044  11536    349  23024  11603   -179      0 -22965  24179      0      0   5077   5083 0 0 
  77.440 -23046  11532    331  23024  11603   -179      0 -22965  24179      0      0   5076   5071 0 0 
  77.555 -23048  11545    324  23024  11600   -170      0 -22965  24179      0      0   5076   5075 0 0 
  77.696 -23048  11554    315  23024  11600   -170      0 -22965  24179      0      0   5072   5023 0 0 
  77.836 -23048  11561    295  23024  11600   -170      0 -22965  24179      0      0   5070   5012 0 0 
  77.966 -23049  11545    282  23024  11600   -170      0 -22965  24179      0      0   5066   4993 0 0 
  78.091 -23048  11554    263  23024  11600   -170      0 -22965  24179      0      0   5060   4972 0 0 
  78.220 -23046  11577    252  23024  11600   -170      0 -22965  24179      0      0   5058   4983 0 0 
  78.345 -23044  11586    234  23024  11600   -170      0 -22965  24179      0      0   5057   4972 0 0 
  78.460 -23042  11606    218  23024  11600   -170      0 -22965  24179      0      0   5056   4973 0 0 
  78.600 -23042  11581    214  23024  11600   -170      0 -22965  24179      0      0   5051   4965 0 0 
  78.716 -23039  11559    191  23024  11600   -170      0 -22965  24179      0      0   5046   4969 0 0 
  78.856 -23038  11541    187  23024  11600   -170      0 -22965  24179      0      0   5042   4969 0 0 
  78.997 -23037  11568    169  23024  11600   -170      0 -22965  24179      0      0   5036   4959 0 0 
  79.111 -23035  11581    153  23024  11600   -170      0 -22971  24179      0      0   5036   4971 0 0 
  79.251 -23033  11606    142  23024  11600   -170      0 -22973  24179      0      0   5038   4969 0 0 
  79.407 -23032  11599    128  23024  11600   -170      0 -22973  24179      0      0   5036   4975 0 0 
  79.549 -23032  11579    117  23024  11600   -170      0 -22973  24179      0      0   5031   4972 0 0 
  79.706 -23033  11559    108  23024  11600   -170      0 -22973  24179      0      0   5025   4973 0 0 
  79.846 -23029  11581     92  23024  11600   -170      0 -22973  24179      0      0   5025   4985 0 0 
  79.961 -23029  11581     87  23024  11600   -170      0 -22973  24179      0      0   5023   4983 0 0 
  80.102 -23030  11570     78  23024  11600   -170      0 -22973  24179      0      0   5023   4987 0 0 
*** End ***
