 *** ZZT:Watch ***
File: D:\ZZT\Watch_ZAKUCA1A-ZAKUCA1A_090.log
Computer: INEM1332-NB; User: anto.maric
Connection: Telnet 192.168.0.11:23
Target: D105OSCZ; Application: ZAKUCA1A-ZAKUCA1A
Start time: 21.2.2025. 15:09:03

Signals: 16
 1.    VGACT int16
 2.     PACT int16
 3.     QACT int16
 4.    VGREF int16
 5.    PACTH int16
 6.    QACTH int16
 7.    QHREF int16
 8.    VHACT int16
 9.    VHREF int16
10.  COSPHIH int16
11.  COSHREF int16
12.    IFACT int16
13.    UFACT int16
14.  COSHINC log16
15.  COSHDEC log16
16. COHREFCC int16

Data:
   0.072 -21550  11473  -7061  21978  11638  -8088      0 -22601  24179   5863    655   3432   3465 0 0    980 
   0.156 -21550  11462  -7061  21978  11638  -8088      0 -22601  24179   5863    655   3431   3446 0 0    980 
   0.253 -21552  11462  -7061  21978  11638  -8088      0 -22601  24179   5863    655   3430   3446 0 0    980 
   0.352 -21552  11464  -7065  21978  11638  -8088      0 -22601  24179   5863    655   3430   3452 0 0    980 
   0.451 -21549  11462  -7056  21978  11638  -8088      0 -22601  24179   5863    655   3429   3428 0 0    980 
   0.524 -21553  11462  -7074  21978  11638  -8088      0 -22601  24179   5863    655   3428   3438 0 0    980 
   0.607 -21554  11464  -7074  21978  11638  -8088      0 -22601  24179   5863    655   3428   3469 0 1    980 
   0.721 -21554  11473  -7070  21978  11638  -8088      0 -22601  24179   5863    655   3426   3443 0 0    980 
   0.804 -21552  11491  -7065  21978  11638  -8088      0 -22601  24179   5863    655   3433   3471 0 0    980 
   0.909 -21552  11482  -7058  21978  11638  -8088      0 -22601  24179   5863    655   3432   3451 0 0    980 
   1.008 -21553  11462  -7061  21978  11638  -8088      0 -22601  24179   5863    655   3430   3461 0 0    980 
   1.091 -21555  11464  -7074  21978  11638  -8088      0 -22601  24179   5863    655   3429   3429 0 0    980 
   1.174 -21554  11471  -7076  21978  11638  -8088      0 -22601  24179   5863    655   3428   3450 0 1    980 
   1.246 -21554  11478  -7067  21978  11638  -8088      0 -22601  24179   5863    655   3429   3457 0 1    980 
   1.318 -21553  11471  -7067  21978  11638  -8088      0 -22601  24179   5863    655   3430   3433 0 0    980 
   1.402 -21555  11478  -7074  21978  11638  -8088      0 -22601  24179   5863    655   3430   3456 0 0    980 
   1.500 -21556  11489  -7074  21978  11638  -8088      0 -22601  24179   5863    655   3431   3470 0 0    980 
   1.600 -21556  11498  -7074  21978  11638  -8088      0 -22601  24179   5863    655   3433   3471 0 0    980 
   1.697 -21555  11507  -7065  21978  11638  -8088      0 -22601  24179   5863    655   3437   3459 0 0    980 
   1.771 -21556  11509  -7067  21978  11638  -8088      0 -22601  24179   5863    655   3435   3486 0 1    980 
   1.870 -21555  11498  -7058  21978  11638  -8088      0 -22601  24179   5863    655   3437   3465 0 1    980 
   1.952 -21556  11478  -7058  21978  11638  -8088      0 -22601  24179   5863    655   3435   3464 0 0    980 
   2.051 -21560  11446  -7061  21978  11638  -8088      0 -22601  24179   5863    655   3429   3449 0 0    980 
   2.149 -21557  11441  -7058  21978  11638  -8088      0 -22601  24179   5863    655   3429   3432 0 0    980 
   2.223 -21555  11459  -7056  21978  11638  -8088      0 -22601  24179   5863    655   3429   3452 0 0    980 
   2.305 -21556  11469  -7065  21978  11638  -8088      0 -22601  24179   5863    655   3431   3445 0 0    980 
   2.405 -21556  11455  -7058  21978  11638  -8088      0 -22601  24179   5863    655   3431   3425 0 1    980 
   2.503 -21553  11480  -7052  21978  11638  -8088      0 -22601  24179   5863    655   3431   3437 0 0    980 
   2.602 -21555  11478  -7058  21978  11638  -8088      0 -22601  24179   5863    655   3433   3472 0 0    980 
   2.674 -21555  11480  -7058  21978  11638  -8088      0 -22601  24179   5863    655   3433   3437 0 0    980 
   2.773 -21555  11462  -7056  21978  11638  -8088      0 -22601  24179   5863    655   3431   3444 0 0    980 
   2.857 -21555  11462  -7058  21978  11638  -8088      0 -22601  24179   5863    655   3433   3447 0 0    980 
   2.954 -21554  11453  -7056  21978  11638  -8088      0 -22601  24179   5863    655   3431   3431 0 0    980 
   3.053 -21555  11441  -7058  21978  11638  -8088      0 -22601  24179   5863    655   3427   3431 0 1    980 
   3.136 -21556  11437  -7065  21978  11638  -8088      0 -22601  24179   5863    655   3427   3453 0 0    980 
   3.208 -21555  11450  -7058  21978  11638  -8088      0 -22601  24179   5863    655   3429   3426 0 0    980 
   3.308 -21556  11464  -7065  21978  11652  -8093      0 -22601  24179   5863    655   3428   3439 0 0    980 
   3.406 -21556  11462  -7070  21978  11652  -8093      0 -22601  24179   5863    655   3429   3449 0 0    980 
   3.503 -21554  11469  -7056  21978  11652  -8093      0 -22601  24179   5863    655   3430   3442 0 0    980 
   3.587 -21555  11464  -7067  21978  11652  -8093      0 -22601  24179   5863    655   3428   3421 0 0    980 
   3.660 -21554  11464  -7058  21978  11652  -8093      0 -22601  24179   5863    655   3429   3442 0 1    980 
   3.743 -21553  11464  -7058  21978  11652  -8093      0 -22601  24179   5863    655   3431   3433 0 0    980 
   3.842 -21552  11462  -7058  21978  11652  -8093      0 -22601  24179   5863    655   3428   3437 0 0    980 
   3.914 -21554  11459  -7058  21978  11652  -8093      0 -22601  24179   5863    655   3427   3441 0 0    980 
   4.013 -21552  11464  -7058  21978  11652  -8093      0 -22601  24179   5863    655   3430   3426 0 0    980 
   4.111 -21553  11464  -7067  21978  11652  -8093      0 -22601  24179   5863    655   3429   3423 0 0    980 
   4.194 -21552  11478  -7070  21978  11652  -8093      0 -22601  24179   5863    655   3426   3454 0 0    980 
   4.294 -21554  11478  -7070  21978  11652  -8093      0 -22601  24179   5863    655   3426   3441 0 1    980 
   4.367 -21553  11482  -7065  21978  11652  -8093      0 -22601  24179   5863    655   3431   3447 0 0    980 
   4.449 -21552  11487  -7065  21978  11652  -8093      0 -22601  24179   5863    655   3429   3464 0 0    980 
   4.522 -21551  11482  -7056  21978  11652  -8093      0 -22601  24179   5863    655   3430   3439 0 0    980 
   4.622 -21554  11471  -7070  21978  11652  -8093      0 -22601  24179   5863    655   3430   3459 0 0    980 
   4.704 -21554  11471  -7067  21978  11652  -8093      0 -22601  24179   5863    655   3429   3426 0 0    980 
   4.787 -21555  11464  -7074  21978  11652  -8093      0 -22601  24179   5863    655   3429   3460 0 0    980 
   4.874 -21555  11464  -7074  21978  11652  -8093      0 -22601  24179   5863    655   3429   3437 0 1    980 
   4.975 -21552  11464  -7058  21978  11652  -8093      0 -22601  24179   5863    655   3430   3441 0 0    980 
   5.073 -21551  11464  -7065  21978  11652  -8093      0 -22601  24179   5863    655   3427   3427 0 0    980 
   5.156 -21552  11471  -7065  21978  11652  -8093      0 -22601  24179   5863    655   3428   3454 0 0    980 
   5.239 -21551  11482  -7070  21978  11652  -8093      0 -22601  24179   5863    655   3428   3441 0 0    980 
   5.338 -21551  11500  -7067  21978  11652  -8093      0 -22601  24179   5863    655   3435   3469 0 0    980 
   5.426 -21553  11482  -7070  21978  11652  -8093      0 -22601  24179   5863    655   3430   3443 0 0    980 
   5.508 -21554  11489  -7070  21978  11652  -8093      0 -22601  24179   5863    655   3432   3459 0 1    980 
   5.592 -21554  11473  -7067  21978  11652  -8093      0 -22601  24179   5863    655   3431   3447 0 0    980 
   5.664 -21556  11469  -7076  21978  11652  -8093      0 -22601  24179   5863    655   3429   3428 0 0    980 
   5.762 -21554  11469  -7067  21978  11652  -8093      0 -22601  24179   5863    655   3431   3455 0 0    980 
   5.846 -21554  11469  -7067  21978  11652  -8093      0 -22601  24179   5863    655   3429   3430 0 0    980 
   5.928 -21554  11471  -7070  21978  11652  -8093      0 -22601  24179   5863    655   3430   3451 0 0    980 
   6.027 -21551  11480  -7061  21978  11652  -8093      0 -22601  24179   5863    655   3429   3431 0 0    980 
   6.100 -21552  11473  -7058  21978  11652  -8093      0 -22601  24179   5863    655   3432   3462 0 1    980 
   6.215 -21550  11491  -7058  21978  11652  -8093      0 -22601  24179   5863    655   3434   3459 0 0    980 
   6.298 -21550  11500  -7058  21978  11655  -8094      0 -22601  24179   5863    655   3434   3451 0 0    980 
   6.413 -21551  11505  -7061  21978  11655  -8094      0 -22601  24179   5863    655   3435   3449 0 0    980 
   6.497 -21550  11491  -7052  21978  11655  -8094      0 -22601  24179   5863    655   3432   3451 0 0    980 
   6.569 -21550  11471  -7056  21978  11655  -8094      0 -22601  24179   5863    655   3428   3463 0 0    980 
   6.668 -21551  11446  -7052  21978  11655  -8094      0 -22601  24179   5863    655   3430   3443 0 1    980 
   6.753 -21552  11428  -7058  21978  11655  -8094      0 -22601  24179   5863    655   3426   3419 0 1    980 
   6.867 -21553  11446  -7065  21978  11655  -8094      0 -22601  24179   5863    655   3424   3424 0 0    980 
   6.967 -21552  11464  -7065  21978  11655  -8094      0 -22601  24179   5863    655   3426   3450 0 0    980 
   7.050 -21550  11471  -7058  21978  11655  -8094      0 -22601  24179   5863    655   3430   3440 0 0    980 
   7.149 -21549  11500  -7061  21978  11655  -8094      0 -22601  24179   5863    655   3432   3434 0 0    980 
   7.330 -21549  11500  -7056  21978  11655  -8094      0 -22601  24179   5863    655   3430   3444 0 1    980 
   7.445 -21550  11491  -7058  21978  11655  -8094      0 -22601  24179   5863    655   3435   3440 0 0    980 
   7.544 -21548  11471  -7047  21978  11655  -8094      0 -22601  24179   5863    655   3435   3435 0 0    980 
   7.627 -21551  11453  -7061  21978  11655  -8094      0 -22601  24179   5863    655   3430   3425 0 0    980 
   7.717 -21550  11459  -7061  21978  11655  -8094      0 -22601  24179   5863    655   3426   3444 0 0    980 
   7.842 -21552  11453  -7058  21978  11655  -8094      0 -22601  24179   5863    655   3429   3455 0 0    980 
   7.940 -21550  11464  -7058  21978  11655  -8094      0 -22601  24179   5863    655   3430   3453 0 1    980 
   8.069 -21551  11496  -7065  21978  11655  -8094      0 -22601  24179   5863    655   3433   3471 0 0    980 
   8.168 -21550  11498  -7058  21978  11655  -8094      0 -22601  24179   5863    655   3433   3448 0 0    980 
   8.268 -21551  11498  -7058  21978  11655  -8094      0 -22601  24179   5863    655   3434   3461 0 0    980 
   8.351 -21550  11480  -7052  21978  11655  -8094      0 -22601  24179   5863    655   3435   3446 0 0    980 
   8.450 -21549  11469  -7052  21978  11655  -8094      0 -22601  24179   5863    655   3432   3468 0 0    980 
   8.550 -21549  11473  -7052  21978  11655  -8094      0 -22601  24179   5863    655   3432   3456 0 1    980 
   8.623 -21550  11471  -7056  21978  11655  -8094      0 -22601  24179   5863    655   3432   3459 0 0    980 
   8.721 -21548  11473  -7047  21978  11655  -8094      0 -22601  24179   5863    655   3434   3454 0 0    980 
   8.805 -21548  11482  -7049  21978  11655  -8094      0 -22601  24179   5863    655   3434   3437 0 0    980 
   8.889 -21549  11489  -7056  21978  11655  -8094      0 -22601  24179   5863    655   3434   3445 0 0    980 
   8.962 -21550  11489  -7058  21978  11655  -8094      0 -22601  24179   5863    655   3432   3468 0 0    980 
   9.062 -21549  11491  -7056  21978  11655  -8094      0 -22601  24179   5863    655   3436   3461 0 0    980 
   9.144 -21548  11480  -7043  21978  11655  -8094      0 -22601  24179   5863    655   3434   3467 0 1    980 
   9.244 -21546  11478  -7038  21978  11655  -8094      0 -22601  24179   5863    655   3436   3447 0 1    980 
   9.342 -21550  11462  -7058  21978  11655  -8094      0 -22601  24179   5863    655   3431   3441 0 0    980 
   9.473 -21550  11450  -7058  21978  11655  -8094      0 -22601  24179   5863    655   3430   3448 0 0    980 
   9.571 -21548  11473  -7049  21978  11655  -8094      0 -22601  24179   5863    655   3432   3445 0 0    980 
   9.653 -21546  11480  -7047  21978  11655  -8094      0 -22601  24179   5863    655   3434   3456 0 0    980 
   9.795 -21545  11498  -7049  21978  11655  -8094      0 -22601  24179   5863    655   3436   3453 0 1    980 
   9.937 -21546  11505  -7052  21978  11655  -8094      0 -22601  24179   5863    655   3436   3447 0 0    980 
  10.021 -21548  11500  -7047  21978  11655  -8094      0 -22601  24179   5863    655   3438   3445 0 0    980 
  10.125 -21546  11496  -7043  21978  11655  -8094      0 -22601  24179   5863    655   3437   3446 0 0    980 
  10.209 -21546  11489  -7047  21978  11655  -8094      0 -22601  24179   5863    655   3434   3451 0 0    980 
  10.308 -21548  11471  -7047  21978  11655  -8094      0 -22601  24179   5863    655   3434   3449 0 0    980 
  10.425 -21546  11464  -7047  21978  11655  -8094      0 -22601  24179   5863    655   3430   3436 0 1    980 
  10.523 -21544  11469  -7038  21978  11655  -8094      0 -22601  24179   5863    655   3432   3425 0 0    980 
  10.648 -21545  11462  -7047  21978  11655  -8094      0 -22601  24179   5863    655   3432   3433 0 0    980 
  10.721 -21543  11471  -7040  21978  11655  -8094      0 -22601  24179   5863    655   3432   3441 0 0    980 
  10.820 -21543  11482  -7043  21978  11655  -8094      0 -22601  24179   5863    655   3432   3439 0 0    980 
  10.921 -21542  11480  -7043  21978  11655  -8094      0 -22601  24179   5863    655   3434   3445 0 0    980 
  11.050 -21543  11487  -7049  21978  11655  -8094      0 -22601  24179   5863    655   3432   3427 0 1    980 
  11.164 -21543  11478  -7052  21978  11655  -8094      0 -22601  24179   5863    655   3432   3456 0 0    980 
  11.248 -21543  11480  -7049  21978  11655  -8094      0 -22601  24179   5863    655   3432   3449 0 0    980 
  11.347 -21543  11471  -7052  21978  11664  -8078      0 -22601  24179   5831    655   3432   3436 0 0    980 
  11.446 -21545  11462  -7056  21978  11664  -8078      0 -22601  24179   5831    655   3428   3436 0 0    980 
  11.628 -21541  11462  -7052  21978  11664  -8078      0 -22601  24179   5831    655   3428   3439 0 1    980 
  11.701 -21542  11464  -7056  21978  11664  -8078      0 -22601  24179   5831    655   3428   3425 0 0    980 
  11.800 -21541  11471  -7049  21978  11664  -8078      0 -22601  24179   5831    655   3428   3433 0 0    980 
  11.916 -21540  11478  -7052  21978  11664  -8078      0 -22601  24179   5831    655   3432   3455 0 0    980 
  12.015 -21539  11491  -7047  21978  11664  -8078      0 -22601  24179   5831    655   3434   3453 0 0    980 
  12.114 -21541  11489  -7052  21978  11664  -8078      0 -22601  24179   5831    655   3431   3445 0 0    980 
  12.213 -21540  11498  -7049  21978  11664  -8078      0 -22601  24179   5831    655   3432   3446 0 1    980 
  12.295 -21541  11500  -7047  21978  11664  -8078      0 -22597  24179   5831    655   3436   3471 0 0    980 
  12.369 -21539  11514  -7040  21978  11664  -8078      0 -22590  24179   5831    655   3437   3464 0 0    980 
  12.468 -21540  11500  -7047  21978  11664  -8078      0 -22586  24179   5831    655   3436   3459 0 0    980 
  12.550 -21539  11505  -7043  21978  11664  -8078      0 -22586  24179   5831    655   3438   3457 0 0    980 
  12.634 -21540  11487  -7047  21978  11664  -8078      0 -22586  24179   5831    655   3436   3461 0 0    980 
  12.707 -21540  11478  -7043  21978  11664  -8078      0 -22586  24179   5831    655   3434   3463 0 0    980 
  12.806 -21539  11464  -7034  21978  11664  -8078      0 -22586  24179   5831    655   3434   3446 0 1    980 
  12.889 -21539  11464  -7043  21978  11664  -8078      0 -22586  24179   5831    655   3434   3437 0 1    980 
  12.988 -21546  11441  -7074  21978  11664  -8078      0 -22586  24179   5831    655   3426   3453 0 0    980 
  13.102 -21548  11414  -7074  21978  11664  -8078      0 -22586  24179   5831    655   3423   3449 0 0    980 
  13.204 -21548  11491  -7079  21978  11664  -8078      0 -22586  24179   5831    655   3430   3461 0 0    980 
  13.287 -21542  11586  -7061  21978  11664  -8078      0 -22586  24179   5831    655   3442   3488 0 0    980 
  13.375 -21543  11570  -7061  21978  11664  -8078      0 -22586  24179   5831    655   3446   3504 0 0    980 
  13.458 -21549  11527  -7058  21978  11664  -8078      0 -22586  24179   5831    655   3442   3514 0 1    980 
  13.556 -21550  11459  -7047  21978  11664  -8078      0 -22586  24179   5831    655   3438   3469 0 0    980 
  13.640 -21552  11383  -7049  21978  11664  -8078      0 -22586  24179   5831    655   3425   3438 0 0    980 
  13.739 -21551  11392  -7056  21978  11664  -8078      0 -22586  24179   5831    655   3424   3405 0 0    980 
  13.836 -21550  11453  -7061  21978  11654  -8080      0 -22586  24179   5831    655   3426   3448 0 0    980 
  13.909 -21548  11514  -7065  21978  11654  -8080      0 -22586  24179   5831    655   3434   3452 0 0    980 
  14.008 -21549  11552  -7070  21978  11654  -8080      0 -22586  24179   5831    655   3438   3485 0 0    980 
  14.090 -21549  11561  -7058  21978  11654  -8080      0 -22586  24179   5831    655   3444   3484 0 1    980 
  14.189 -21550  11532  -7052  21978  11654  -8080      0 -22586  24179   5831    655   3443   3489 0 0    980 
  14.288 -21551  11491  -7040  21978  11654  -8080      0 -22586  24179   5831    655   3439   3462 0 0    980 
  14.361 -21551  11462  -7040  21978  11654  -8080      0 -22586  24179   5831    655   3436   3459 0 0    980 
  14.459 -21553  11462  -7052  21978  11654  -8080      0 -22586  24179   5831    655   3434   3439 0 0    980 
  14.542 -21552  11471  -7047  21978  11654  -8080      0 -22586  24179   5831    655   3433   3458 0 0    980 
  14.641 -21552  11480  -7056  21978  11654  -8080      0 -22586  24179   5831    655   3436   3469 0 1    980 
  14.742 -21553  11473  -7052  21978  11654  -8080      0 -22586  24179   5831    655   3434   3461 0 0    980 
  14.815 -21553  11471  -7052  21978  11654  -8080      0 -22586  24179   5831    655   3433   3458 0 0    980 
  14.899 -21552  11480  -7047  21978  11654  -8080      0 -22586  24179   5831    655   3435   3453 0 0    980 
  14.997 -21550  11498  -7052  21978  11654  -8080      0 -22586  24179   5831    655   3437   3457 0 0    980 
  15.096 -21552  11500  -7058  21978  11654  -8080      0 -22586  24179   5831    655   3437   3453 0 0    980 
  15.194 -21552  11498  -7056  21978  11654  -8080      0 -22586  24179   5831    655   3437   3457 0 0    980 
  15.267 -21555  11480  -7058  21978  11654  -8080      0 -22586  24179   5831    655   3438   3469 0 1    980 
  15.365 -21552  11473  -7047  21978  11654  -8080      0 -22586  24179   5831    655   3437   3455 0 0    980 
  15.448 -21553  11455  -7047  21978  11654  -8080      0 -22586  24179   5831    655   3434   3439 0 0    980 
  15.547 -21556  11453  -7058  21978  11654  -8080      0 -22586  24179   5831    655   3431   3444 0 0    980 
  15.619 -21556  11459  -7058  21978  11654  -8080      0 -22586  24179   5831    655   3432   3449 0 0    980 
  15.703 -21556  11473  -7061  21978  11654  -8080      0 -22586  24179   5831    655   3433   3463 0 0    980 
  15.817 -21555  11462  -7056  21978  11654  -8080      0 -22588  24179   5831    655   3431   3447 0 0    980 
  15.902 -21553  11462  -7052  21978  11654  -8080      0 -22591  24179   5831    655   3433   3439 0 1    980 
  16.026 -21555  11462  -7058  21978  11654  -8080      0 -22593  24179   5831    655   3431   3442 0 0    980 
  16.115 -21555  11480  -7058  21978  11654  -8080      0 -22593  24179   5831    655   3433   3452 0 0    980 
  16.240 -21555  11489  -7061  21978  11654  -8080      0 -22593  24179   5831    655   3433   3459 0 0    980 
  16.338 -21554  11489  -7058  21978  11670  -8077      0 -22593  24179   5831    655   3436   3459 0 0    980 
  16.437 -21556  11473  -7061  21978  11670  -8077      0 -22593  24179   5831    655   3434   3446 0 0    980 
  16.552 -21559  11462  -7070  21978  11670  -8077      0 -22593  24179   5831    655   3432   3441 0 1    980 
  16.625 -21559  11446  -7061  21978  11670  -8077      0 -22593  24179   5831    655   3431   3453 0 0    980 
  16.724 -21556  11455  -7058  21978  11670  -8077      0 -22593  24179   5831    655   3432   3433 0 0    980 
  16.806 -21557  11478  -7074  21978  11670  -8077      0 -22593  24179   5831    655   3431   3444 0 0    980 
  16.920 -21555  11487  -7058  21978  11670  -8077      0 -22593  24179   5831    655   3435   3453 0 0    980 
  17.020 -21556  11514  -7065  21978  11670  -8077      0 -22593  24179   5831    655   3437   3457 0 0    980 
  17.118 -21555  11516  -7058  21978  11670  -8077      0 -22593  24179   5831    655   3439   3457 0 1    980 
  17.215 -21557  11507  -7065  21978  11670  -8077      0 -22593  24179   5831    655   3439   3465 0 0    980 
  17.316 -21560  11482  -7061  21978  11670  -8077      0 -22593  24179   5831    655   3434   3459 0 0    980 
  17.414 -21557  11478  -7058  21978  11670  -8077      0 -22593  24179   5831    655   3437   3446 0 0    980 
  17.523 -21559  11459  -7058  21978  11670  -8077      0 -22593  24179   5831    655   3435   3450 0 0    980 
  17.622 -21557  11462  -7056  21978  11670  -8077      0 -22593  24179   5831    655   3429   3448 0 0    980 
  17.726 -21560  11444  -7065  21978  11670  -8077      0 -22593  24179   5831    655   3429   3442 0 1    980 
  17.834 -21560  11469  -7074  21978  11670  -8077      0 -22595  24179   5831    655   3429   3450 0 0    980 
  17.950 -21560  11462  -7065  21978  11670  -8077      0 -22599  24179   5831    655   3433   3441 0 0    980 
  18.065 -21561  11469  -7076  21978  11670  -8077      0 -22601  24179   5831    655   3429   3455 0 0    980 
  18.164 -21561  11473  -7076  21978  11670  -8077      0 -22601  24179   5831    655   3431   3455 0 0    980 
  18.247 -21562  11473  -7074  21978  11670  -8077      0 -22601  24179   5831    655   3431   3457 0 0    980 
  18.346 -21562  11482  -7079  21978  11670  -8077      0 -22601  24179   5831    655   3432   3462 0 1    980 
  18.445 -21563  11487  -7074  21978  11670  -8077      0 -22601  24179   5831    655   3436   3471 0 0    980 
  18.527 -21563  11498  -7076  21978  11670  -8077      0 -22601  24179   5831    655   3435   3466 0 0    980 
  18.628 -21563  11491  -7070  21978  11670  -8077      0 -22601  24179   5831    655   3437   3467 0 0    980 
  18.726 -21563  11498  -7074  21978  11670  -8077      0 -22601  24179   5831    655   3435   3471 0 0    980 
  18.825 -21562  11498  -7058  21978  11670  -8077      0 -22601  24179   5831    655   3437   3470 0 0    980 
  18.956 -21563  11500  -7065  21978  11670  -8077      0 -22601  24179   5831    655   3435   3449 0 1    980 
  19.168 -21564  11473  -7058  21978  11670  -8077      0 -22601  24179   5831    655   3437   3469 0 0    980 
  19.277 -21563  11480  -7061  21978  11670  -8077      0 -22601  24179   5831    655   3435   3441 0 0    980 
  19.348 -21565  11478  -7076  21978  11660  -8088      0 -22601  24179   5831    655   3436   3440 0 0    980 
  19.422 -21564  11464  -7070  21978  11660  -8088      0 -22601  24179   5831    655   3435   3454 0 0    980 
  19.520 -21565  11480  -7074  21978  11660  -8088      0 -22601  24179   5831    655   3433   3461 0 0    980 
  19.629 -21564  11480  -7067  21978  11660  -8088      0 -22601  24179   5831    655   3437   3483 0 1    980 
  19.717 -21564  11464  -7065  21978  11660  -8088      0 -22601  24179   5831    655   3435   3459 0 0    980 
  19.816 -21567  11462  -7074  21978  11660  -8088      0 -22601  24179   5831    655   3434   3451 0 0    980 
  19.914 -21567  11453  -7076  21978  11660  -8088      0 -22601  24179   5831    655   3428   3449 0 0    980 
  20.012 -21567  11464  -7076  21978  11660  -8088      0 -22601  24179   5831    655   3431   3456 0 0    980 
  20.095 -21565  11473  -7067  21978  11660  -8088      0 -22601  24179   5831    655   3431   3457 0 0    980 
  20.168 -21565  11478  -7065  21978  11660  -8088      0 -22601  24179   5831    655   3433   3452 0 1    980 
  20.266 -21566  11462  -7067  21978  11660  -8088      0 -22601  24179   5831    655   3433   3457 0 0    980 
  20.350 -21565  11462  -7065  21978  11660  -8088      0 -22601  24179   5831    655   3433   3460 0 0    980 
  20.423 -21565  11462  -7058  21978  11660  -8088      0 -22601  24179   5831    655   3433   3444 0 0    980 
  20.506 -21565  11480  -7074  21978  11660  -8088      0 -22601  24179   5831    655   3434   3439 0 0    980 
  20.589 -21564  11487  -7065  21978  11660  -8088      0 -22601  24179   5831    655   3435   3450 0 0    980 
  20.662 -21566  11487  -7074  21978  11660  -8088      0 -22601  24179   5831    655   3434   3455 0 0    980 
  20.744 -21565  11482  -7065  21978  11660  -8088      0 -22601  24179   5831    655   3438   3458 0 1    980 
  20.843 -21564  11478  -7058  21978  11660  -8088      0 -22601  24179   5831    655   3434   3446 0 1    980 
  20.926 -21565  11462  -7061  21978  11660  -8088      0 -22601  24179   5831    655   3435   3439 0 0    980 
  21.009 -21565  11446  -7065  21978  11660  -8088      0 -22601  24179   5831    655   3433   3431 0 0    980 
  21.091 -21562  11455  -7056  21978  11660  -8088      0 -22601  24179   5831    655   3433   3435 0 0    980 
  21.190 -21562  11459  -7065  21978  11660  -8088      0 -22601  24179   5831    655   3431   3427 0 0    980 
  21.289 -21563  11455  -7065  21978  11660  -8088      0 -22601  24179   5831    655   3431   3423 0 0    980 
  21.388 -21565  11455  -7076  21978  11660  -8088      0 -22601  24179   5831    655   3428   3431 0 1    980 
  21.460 -21565  11469  -7079  21978  11660  -8088      0 -22601  24179   5831    655   3432   3441 0 0    980 
  21.559 -21565  11464  -7074  21978  11660  -8088      0 -22601  24179   5831    655   3431   3447 0 0    980 
  21.684 -21563  11478  -7065  21978  11660  -8088      0 -22601  24179   5831    655   3433   3443 0 0    980 
  21.773 -21563  11480  -7083  21978  11660  -8088      0 -22601  24179   5831    655   3433   3439 0 0    980 
  21.873 -21564  11478  -7079  21978  11660  -8088      0 -22601  24179   5831    655   3433   3447 0 0    980 
  21.972 -21564  11482  -7079  21978  11660  -8088      0 -22601  24179   5831    655   3431   3457 0 0    980 
  22.071 -21563  11496  -7067  21978  11660  -8088      0 -22601  24179   5831    655   3435   3461 0 1    980 
  22.153 -21561  11500  -7058  21978  11660  -8088      0 -22601  24179   5831    655   3439   3445 0 0    980 
  22.237 -21564  11498  -7079  21978  11660  -8088      0 -22601  24179   5831    655   3437   3458 0 0    980 
  22.325 -21565  11491  -7079  21978  11660  -8088      0 -22605  24179   5831    655   3436   3461 0 0    980 
  22.424 -21566  11487  -7076  21978  11660  -8088      0 -22609  24179   5831    655   3435   3453 0 0    980 
  22.523 -21565  11487  -7074  21978  11660  -8088      0 -22609  24179   5831    655   3435   3455 0 0    980 
  22.606 -21565  11487  -7074  21978  11660  -8088      0 -22609  24179   5831    655   3438   3460 0 1    980 
  22.722 -21567  11480  -7074  21978  11660  -8088      0 -22609  24179   5831    655   3436   3456 0 0    980 
  22.820 -21566  11498  -7074  21978  11660  -8088      0 -22609  24179   5831    655   3433   3446 0 0    980 
  22.929 -21567  11480  -7074  21978  11660  -8088      0 -22609  24179   5831    655   3436   3455 0 0    980 
  23.002 -21566  11473  -7067  21978  11660  -8088      0 -22609  24179   5831    655   3436   3447 0 0    980 
  23.117 -21565  11469  -7067  21978  11660  -8088      0 -22609  24179   5831    655   3435   3451 0 0    980 
  23.217 -21567  11462  -7067  21978  11660  -8088      0 -22609  24179   5831    655   3434   3438 0 1    980 
  23.299 -21567  11462  -7076  21978  11652  -8097      0 -22609  24179   5863    655   3432   3435 0 0    980 
  23.383 -21568  11473  -7076  21978  11652  -8097      0 -22609  24179   5863    655   3433   3447 0 0    980 
  23.482 -21566  11480  -7070  21978  11652  -8097      0 -22609  24179   5863    655   3433   3446 0 0    980 
  23.571 -21566  11498  -7079  21978  11652  -8097      0 -22609  24179   5863    655   3432   3453 0 0    980 
  23.670 -21566  11487  -7070  21978  11652  -8097      0 -22609  24179   5863    655   3437   3462 0 0    980 
  23.770 -21568  11471  -7076  21978  11652  -8097      0 -22609  24179   5863    655   3435   3459 0 0    980 
  23.870 -21567  11453  -7065  21978  11652  -8097      0 -22609  24179   5863    655   3434   3437 0 1    980 
  23.979 -21567  11453  -7076  21978  11652  -8097      0 -22609  24179   5863    655   3432   3442 0 0    980 
  24.069 -21570  11450  -7076  21978  11652  -8097      0 -22609  24179   5863    655   3431   3442 0 0    980 
  24.178 -21567  11459  -7074  21978  11652  -8097      0 -22609  24179   5863    655   3431   3433 0 0    980 
  24.293 -21565  11464  -7067  21978  11652  -8097      0 -22609  24179   5863    655   3431   3437 0 0    980 
  24.392 -21567  11446  -7067  21978  11652  -8097      0 -22609  24179   5863    655   3432   3433 0 0    980 
  24.491 -21567  11473  -7079  21978  11652  -8097      0 -22609  24179   5863    655   3430   3441 0 1    980 
  24.606 -21567  11489  -7085  21978  11652  -8097      0 -22609  24179   5863    655   3434   3446 0 0    980 
  24.690 -21566  11496  -7070  21978  11652  -8097      0 -22609  24179   5863    655   3435   3454 0 0    980 
  24.789 -21566  11487  -7076  21978  11652  -8097      0 -22609  24179   5863    655   3435   3444 0 0    980 
  24.863 -21567  11469  -7074  21978  11652  -8097      0 -22609  24179   5863    655   3433   3451 0 0    980 
  24.972 -21567  11469  -7070  21978  11652  -8097      0 -22609  24179   5863    655   3436   3447 0 0    980 
  25.062 -21566  11462  -7067  21978  11652  -8097      0 -22609  24179   5863    655   3433   3445 0 1    980 
  25.160 -21564  11464  -7065  21978  11652  -8097      0 -22609  24179   5863    655   3431   3435 0 0    980 
  25.259 -21567  11464  -7076  21978  11652  -8097      0 -22609  24179   5863    655   3433   3448 0 0    980 
  25.344 -21568  11464  -7076  21978  11652  -8097      0 -22609  24179   5863    655   3431   3456 0 0    980 
  25.443 -21570  11453  -7076  21978  11652  -8097      0 -22609  24179   5863    655   3432   3452 0 0    980 
  25.527 -21570  11462  -7074  21978  11652  -8097      0 -22609  24179   5863    655   3431   3454 0 0    980 
  25.617 -21567  11462  -7076  21978  11652  -8097      0 -22609  24179   5863    655   3431   3442 0 0    980 
  25.716 -21565  11462  -7067  21978  11652  -8097      0 -22609  24179   5863    655   3431   3444 0 1    980 
  25.800 -21567  11473  -7076  21978  11652  -8097      0 -22611  24179   5863    655   3429   3441 0 0    980 
  25.882 -21566  11473  -7074  21978  11652  -8097      0 -22615  24179   5863    655   3433   3444 0 0    980 
  25.981 -21562  11482  -7058  21978  11652  -8097      0 -22617  24179   5863    655   3435   3448 0 0    980 
  26.081 -21565  11480  -7074  21978  11652  -8097      0 -22617  24179   5863    655   3436   3435 0 0    980 
  26.171 -21565  11464  -7070  21978  11652  -8097      0 -22617  24179   5863    655   3432   3445 0 0    980 
  26.269 -21563  11459  -7058  21978  11652  -8097      0 -22617  24179   5863    655   3432   3435 0 1    980 
  26.368 -21565  11441  -7067  21978  11652  -8097      0 -22617  24179   5863    655   3429   3439 0 1    980 
  26.478 -21566  11437  -7076  21978  11652  -8097      0 -22617  24179   5863    655   3429   3435 0 0    980 
  26.552 -21565  11450  -7076  21978  11652  -8097      0 -22617  24179   5863    655   3428   3435 0 0    980 
  26.666 -21565  11473  -7076  21978  11652  -8097      0 -22617  24179   5863    655   3431   3447 0 0    980 
  26.774 -21563  11500  -7074  21978  11652  -8097      0 -22617  24179   5863    655   3433   3455 0 0    980 
  26.849 -21563  11509  -7074  21978  11652  -8097      0 -22617  24179   5863    655   3436   3443 0 0    980 
  26.921 -21565  11507  -7083  21978  11652  -8097      0 -22617  24179   5863    655   3437   3464 0 1    980 
  27.031 -21567  11480  -7074  21978  11652  -8097      0 -22617  24179   5863    655   3436   3463 0 0    980 
  27.120 -21567  11453  -7074  21978  11652  -8097      0 -22617  24179   5863    655   3431   3447 0 0    980 
  27.220 -21565  11444  -7067  21978  11652  -8097      0 -22617  24179   5863    655   3431   3442 0 0    980 
  27.345 -21567  11428  -7079  21978  11652  -8099      0 -22617  24179   5863    655   3430   3435 0 0    980 
  27.459 -21567  11453  -7085  21978  11652  -8099      0 -22617  24179   5863    655   3430   3441 0 0    980 
  27.543 -21567  11473  -7079  21978  11652  -8099      0 -22617  24179   5863    655   3430   3447 0 1    980 
  27.642 -21567  11471  -7079  21978  11652  -8099      0 -22617  24179   5863    655   3431   3455 0 0    980 
  27.742 -21565  11478  -7074  21978  11652  -8099      0 -22617  24179   5863    655   3434   3434 0 0    980 
  27.872 -21567  11459  -7083  21978  11652  -8099      0 -22617  24179   5863    655   3430   3431 0 0    980 
  27.971 -21570  11432  -7083  21978  11652  -8099      0 -22617  24179   5863    655   3426   3429 0 0    980 
  28.071 -21567  11441  -7074  21978  11652  -8099      0 -22617  24179   5863    655   3430   3443 0 0    980 
  28.170 -21566  11455  -7079  21978  11652  -8099      0 -22617  24179   5863    655   3426   3441 0 1    980 
  28.270 -21565  11480  -7079  21978  11652  -8099      0 -22617  24179   5863    655   3432   3444 0 0    980 
  28.379 -21567  11473  -7085  21978  11652  -8099      0 -22617  24179   5863    655   3430   3449 0 0    980 
  28.493 -21567  11464  -7076  21978  11652  -8099      0 -22617  24179   5863    655   3431   3456 0 0    980 
  28.567 -21566  11462  -7070  21978  11652  -8099      0 -22617  24179   5863    655   3432   3445 0 0    980 
  28.675 -21567  11441  -7076  21978  11652  -8099      0 -22617  24179   5863    655   3428   3433 0 0    980 
  28.791 -21568  11432  -7085  21978  11652  -8099      0 -22617  24179   5863    655   3426   3435 0 1    980 
  28.889 -21568  11441  -7083  21978  11652  -8099      0 -22613  24179   5863    655   3426   3436 0 0    980 
  28.963 -21567  11453  -7083  21978  11652  -8099      0 -22609  24179   5863    655   3428   3451 0 0    980 
  29.046 -21571  11459  -7079  21978  11652  -8099      0 -22609  24179   5863    655   3428   3459 0 0    980 
  29.119 -21567  11482  -7083  21978  11652  -8099      0 -22609  24179   5863    655   3430   3447 0 0    980 
  29.217 -21570  11496  -7085  21978  11652  -8099      0 -22609  24179   5863    655   3432   3449 0 0    980 
  29.316 -21568  11487  -7079  21978  11652  -8099      0 -22609  24179   5863    655   3434   3457 0 0    980 
  29.416 -21566  11478  -7065  21978  11652  -8099      0 -22609  24179   5863    655   3434   3455 0 1    980 
  29.515 -21570  11464  -7076  21978  11652  -8099      0 -22609  24179   5863    655   3432   3437 0 0    980 
  29.614 -21568  11446  -7070  21978  11652  -8099      0 -22609  24179   5863    655   3430   3437 0 0    980 
  29.696 -21568  11462  -7083  21978  11652  -8099      0 -22609  24179   5863    655   3428   3439 0 0    980 
  29.821 -21567  11473  -7079  21978  11652  -8099      0 -22609  24179   5863    655   3432   3439 0 0    980 
  29.895 -21567  11480  -7083  21978  11652  -8099      0 -22609  24179   5863    655   3432   3453 0 0    980 
  30.009 -21567  11480  -7070  21978  11652  -8099      0 -22609  24179   5863    655   3434   3467 0 1    980 
  30.125 -21567  11453  -7074  21978  11652  -8099      0 -22609  24179   5863    655   3432   3439 0 0    980 
  30.223 -21568  11453  -7074  21978  11652  -8099      0 -22609  24179   5863    655   3430   3447 0 0    980 
  30.322 -21568  11459  -7074  21978  11652  -8099      0 -22609  24179   5863    655   3430   3443 0 0    980 
  30.421 -21566  11462  -7058  21978  11652  -8099      0 -22609  24179   5863    655   3430   3434 0 0    980 
  30.503 -21568  11464  -7076  21978  11652  -8099      0 -22609  24179   5863    655   3432   3430 0 0    980 
  30.628 -21566  11462  -7074  21978  11652  -8099      0 -22609  24179   5863    655   3432   3441 0 1    980 
  30.718 -21567  11455  -7076  21978  11652  -8099      0 -22609  24179   5863    655   3430   3446 0 0    980 
  30.816 -21567  11444  -7076  21978  11652  -8099      0 -22609  24179   5863    655   3428   3445 0 0    980 
  30.912 -21565  11437  -7058  21978  11652  -8099      0 -22609  24179   5863    655   3430   3412 0 0    980 
  31.011 -21567  11428  -7083  21978  11652  -8099      0 -22609  24179   5863    655   3424   3427 0 0    980 
  31.121 -21571  11423  -7092  21978  11652  -8099      0 -22609  24179   5863    655   3422   3431 0 0    980 
  31.221 -21571  11444  -7088  21978  11652  -8099      0 -22609  24179   5863    655   3426   3436 0 1    980 
  31.309 -21568  11455  -7076  21978  11655  -8102      0 -22609  24179   5863    655   3428   3434 0 0    980 
  31.450 -21570  11462  -7079  21978  11655  -8102      0 -22609  24179   5863    655   3428   3434 0 0    980 
  31.564 -21567  11459  -7076  21978  11655  -8102      0 -22609  24179   5863    655   3430   3451 0 0    980 
  31.689 -21567  11446  -7076  21978  11655  -8102      0 -22609  24179   5863    655   3426   3451 0 0    980 
  31.789 -21566  11459  -7076  21978  11655  -8102      0 -22609  24179   5863    655   3426   3427 0 1    980 
  31.888 -21567  11453  -7076  21978  11655  -8102      0 -22609  24179   5863    655   3427   3430 0 0    980 
  31.988 -21566  11464  -7079  21978  11655  -8102      0 -22609  24179   5863    655   3428   3442 0 0    980 
  32.087 -21567  11459  -7083  21978  11655  -8102      0 -22609  24179   5863    655   3427   3444 0 0    980 
  32.175 -21567  11459  -7079  21978  11655  -8102      0 -22609  24179   5863    655   3428   3447 0 0    980 
  32.260 -21567  11464  -7083  21978  11655  -8102      0 -22609  24179   5863    655   3430   3438 0 0    980 
  32.342 -21567  11462  -7083  21978  11655  -8102      0 -22609  24179   5863    655   3428   3427 0 0    980 
  32.482 -21566  11453  -7076  21978  11655  -8102      0 -22609  24179   5863    655   3429   3437 0 1    980 
  32.581 -21568  11432  -7076  21978  11655  -8102      0 -22609  24179   5863    655   3426   3435 0 0    980 
  32.670 -21570  11428  -7083  21978  11655  -8102      0 -22609  24179   5863    655   3426   3431 0 0    980 
  32.769 -21567  11444  -7079  21978  11655  -8102      0 -22609  24179   5863    655   3427   3433 0 0    980 
  32.869 -21570  11444  -7088  21978  11655  -8102      0 -22609  24179   5863    655   3426   3454 0 0    980 
  32.967 -21564  11459  -7076  21978  11655  -8102      0 -22609  24179   5863    655   3428   3448 0 0    980 
  33.051 -21568  11459  -7092  21978  11655  -8102      0 -22609  24179   5863    655   3428   3440 0 1    980 
  33.123 -21570  11455  -7088  21978  11655  -8102      0 -22609  24179   5863    655   3428   3456 0 0    980 
  33.222 -21570  11464  -7083  21978  11655  -8102      0 -22609  24179   5863    655   3428   3459 0 0    980 
  33.321 -21568  11480  -7092  21978  11655  -8102      0 -22611  24179   5863    655   3431   3430 0 0    980 
  33.420 -21566  11480  -7074  21978  11655  -8102      0 -22615  24179   5863    655   3432   3441 0 0    980 
  33.519 -21566  11478  -7076  21978  11655  -8102      0 -22617  24179   5863    655   3432   3439 0 0    980 
  33.602 -21570  11462  -7083  21978  11655  -8102      0 -22617  24179   5863    655   3430   3448 0 1    980 
  33.716 -21567  11455  -7076  21978  11655  -8102      0 -22617  24179   5863    655   3430   3449 0 0    980 
  33.842 -21567  11464  -7076  21978  11655  -8102      0 -22617  24179   5863    655   3430   3451 0 0    980 
  33.941 -21568  11478  -7083  21978  11655  -8102      0 -22617  24179   5863    655   3429   3456 0 0    980 
  34.040 -21566  11482  -7074  21978  11655  -8102      0 -22617  24179   5863    655   3428   3447 0 0    980 
  34.140 -21565  11473  -7070  21978  11655  -8102      0 -22617  24179   5863    655   3432   3442 0 0    980 
  34.239 -21565  11453  -7065  21978  11655  -8102      0 -22617  24179   5863    655   3430   3422 0 1    980 
  34.338 -21566  11459  -7076  21978  11655  -8102      0 -22617  24179   5863    655   3428   3447 0 0    980 
  34.437 -21568  11453  -7083  21978  11655  -8102      0 -22617  24179   5863    655   3428   3442 0 0    980 
  34.510 -21565  11473  -7079  21978  11655  -8102      0 -22617  24179   5863    655   3430   3419 0 0    980 
  34.625 -21567  11473  -7083  21978  11655  -8102      0 -22617  24179   5863    655   3431   3467 0 0    980 
  34.722 -21565  11464  -7074  21978  11655  -8102      0 -22617  24179   5863    655   3431   3444 0 0    980 
  34.822 -21568  11459  -7085  21978  11655  -8102      0 -22617  24179   5863    655   3426   3435 0 0    980 
  34.921 -21568  11459  -7079  21978  11655  -8102      0 -22617  24179   5863    655   3428   3463 0 1    980 
  35.021 -21566  11462  -7070  21978  11655  -8102      0 -22617  24179   5863    655   3430   3436 0 0    980 
  35.120 -21568  11462  -7079  21978  11655  -8102      0 -22617  24179   5863    655   3430   3461 0 0    980 
  35.220 -21568  11469  -7085  21978  11655  -8102      0 -22617  24179   5863    655   3427   3435 0 0    980 
  35.328 -21571  11469  -7083  21978  11635  -8105      0 -22617  24179   5863    655   3430   3468 0 0    980 
  35.443 -21570  11471  -7083  21978  11635  -8105      0 -22617  24179   5863    655   3431   3451 0 0    980 
  35.542 -21568  11469  -7074  21978  11635  -8105      0 -22617  24179   5863    655   3432   3431 0 0    980 
  35.640 -21570  11455  -7083  21978  11635  -8105      0 -22617  24179   5863    655   3428   3443 0 0    980 
  35.739 -21570  11464  -7085  21978  11635  -8105      0 -22617  24179   5863    655   3431   3447 0 0    980 
  35.839 -21570  11469  -7083  21978  11635  -8105      0 -22617  24179   5863    655   3430   3479 0 0    980 
  35.938 -21570  11487  -7079  21978  11635  -8105      0 -22617  24179   5863    655   3432   3463 0 0    980 
  36.037 -21568  11487  -7067  21978  11635  -8105      0 -22617  24179   5863    655   3435   3430 0 0    980 
  36.110 -21570  11478  -7079  21978  11635  -8105      0 -22617  24179   5863    655   3432   3463 0 1    980 
  36.193 -21570  11455  -7070  21978  11635  -8105      0 -22617  24179   5863    655   3433   3431 0 0    980 
  36.291 -21568  11473  -7076  21978  11635  -8105      0 -22617  24179   5863    655   3432   3458 0 0    980 
  36.365 -21570  11459  -7070  21978  11635  -8105      0 -22617  24179   5863    655   3432   3458 0 0    980 
  36.464 -21567  11462  -7067  21978  11635  -8105      0 -22617  24179   5863    655   3430   3430 0 0    980 
  36.561 -21566  11478  -7065  21978  11635  -8105      0 -22617  24179   5863    655   3434   3438 0 0    980 
  36.645 -21567  11471  -7070  21978  11635  -8105      0 -22617  24179   5863    655   3434   3446 0 0    980 
  36.743 -21566  11469  -7067  21978  11635  -8105      0 -22617  24179   5863    655   3433   3423 0 1    980 
  36.841 -21564  11482  -7061  21978  11635  -8105      0 -22617  24179   5863    655   3435   3449 0 0    980 
  36.914 -21563  11480  -7058  21978  11635  -8105      0 -22617  24179   5863    655   3434   3428 0 0    980 
  36.996 -21563  11469  -7065  21978  11635  -8105      0 -22617  24179   5863    655   3432   3413 0 0    980 
  37.070 -21563  11478  -7061  21978  11635  -8105      0 -22617  24179   5863    655   3429   3429 0 0    980 
  37.169 -21566  11471  -7074  21978  11635  -8105      0 -22617  24179   5863    655   3428   3417 0 0    980 
  37.268 -21563  11464  -7074  21978  11635  -8105      0 -22617  24179   5863    655   3430   3454 0 0    980 
  37.351 -21563  11482  -7070  21978  11635  -8105      0 -22617  24179   5863    655   3433   3419 0 1    980 
  37.423 -21563  11489  -7079  21978  11635  -8105      0 -22617  24179   5863    655   3430   3449 0 0    980 
  37.506 -21563  11491  -7065  21978  11635  -8105      0 -22617  24179   5863    655   3430   3443 0 0    980 
  37.589 -21563  11500  -7067  21978  11635  -8105      0 -22617  24179   5863    655   3432   3445 0 0    980 
  37.687 -21562  11491  -7074  21978  11635  -8105      0 -22617  24179   5863    655   3434   3431 0 0    980 
  37.761 -21562  11491  -7061  21978  11651  -8103      0 -22617  24179   5863    655   3435   3429 0 0    980 
  37.843 -21562  11487  -7061  21978  11651  -8103      0 -22617  24179   5863    655   3434   3455 0 0    980 
  37.917 -21561  11482  -7058  21978  11651  -8103      0 -22617  24179   5863    655   3433   3425 0 1    980 
  38.000 -21560  11469  -7056  21978  11651  -8103      0 -22617  24179   5863    655   3434   3438 0 0    980 
  38.114 -21560  11471  -7061  21978  11651  -8103      0 -22617  24179   5863    655   3432   3443 0 0    980 
  38.196 -21560  11473  -7070  21978  11651  -8103      0 -22617  24179   5863    655   3431   3432 0 0    980 
  38.269 -21560  11482  -7070  21978  11651  -8103      0 -22617  24179   5863    655   3431   3461 0 0    980 
  38.367 -21557  11473  -7061  21978  11651  -8103      0 -22617  24179   5863    655   3430   3431 0 0    980 
  38.450 -21559  11489  -7067  21978  11651  -8103      0 -22617  24179   5863    655   3433   3421 0 0    980 
  38.550 -21557  11482  -7067  21978  11651  -8103      0 -22617  24179   5863    655   3429   3449 0 1    980 
  38.647 -21560  11489  -7074  21978  11651  -8103      0 -22617  24179   5863    655   3432   3436 0 0    980 
  38.720 -21561  11487  -7079  21978  11651  -8103      0 -22617  24179   5863    655   3432   3478 0 0    980 
  38.804 -21561  11482  -7074  21978  11651  -8103      0 -22617  24179   5863    655   3433   3451 0 0    980 
  38.886 -21560  11471  -7065  21978  11651  -8103      0 -22617  24179   5863    655   3433   3453 0 0    980 
  38.975 -21563  11459  -7074  21978  11651  -8103      0 -22617  24179   5863    655   3430   3461 0 0    980 
  39.074 -21563  11453  -7079  21978  11651  -8103      0 -22617  24179   5863    655   3429   3436 0 0    980 
  39.157 -21563  11455  -7076  21978  11651  -8103      0 -22617  24179   5863    655   3428   3451 0 1    980 
  39.240 -21560  11462  -7067  21978  11651  -8103      0 -22617  24179   5863    655   3430   3444 0 0    980 
  39.338 -21560  11473  -7070  21978  11651  -8103      0 -22617  24179   5863    655   3429   3415 0 0    980 
  39.437 -21563  11464  -7083  21978  11651  -8103      0 -22617  24179   5863    655   3431   3465 0 0    980 
  39.524 -21562  11482  -7074  21978  11651  -8103      0 -22617  24179   5863    655   3431   3437 0 0    980 
  39.623 -21561  11489  -7065  21978  11651  -8103      0 -22617  24179   5863    655   3430   3447 0 0    980 
  39.706 -21560  11473  -7058  21978  11651  -8103      0 -22617  24179   5863    655   3434   3459 0 0    980 
  39.789 -21560  11471  -7065  21978  11651  -8103      0 -22617  24179   5863    655   3430   3436 0 1    980 
  39.888 -21561  11471  -7070  21978  11651  -8103      0 -22617  24179   5863    655   3431   3454 0 0    980 
*** End ***
