 *** ZZT:Watch ***
File: D:\ZZT\Watch_ZAKUCA1A-ZAKUCA1A_005.log
Computer: INEM1332-NB; User: anto.maric
Connection: Telnet 192.168.0.11:23
Target: D105OSCZ; Application: ZAKUCA1A-ZAKUCA1A
Start time: 21.2.2025. 10:52:41

Signals: 14
 1.    VGACT int16
 2.     PACT int16
 3.     QACT int16
 4.    VGREF int16
 5.    PACTH int16
 6.    QACTH int16
 7.    QHREF int16
 8.    VHACT int16
 9.    VHREF int16
10.  COSPHIH int16
11.  COSHREF int16
12.    IFACT int16
13.    UFACT int16
14. OEXLIMON log16

Data:
   0.042 -24261  11852   8616  23756  11707   7722   7722 -23073  23073  -5406  -5406   7104   6971 
   0.521 -24260  11897   8603  23756  11707   7722   7722 -23073  23073  -5406  -5406   7099   6964 1 
   0.661 -24261  11888   8594  23756  11707   7722   7722 -23073  23073  -5406  -5406   7101   6973 1 
   0.778 -24261  11857   8601  23756  11707   7722   7722 -23073  23073  -5406  -5406   7097   6969 1 
   0.893 -24259  11832   8610  23756  11707   7722   7722 -23073  23073  -5406  -5406   7100   6979 1 
   1.019 -24260  11848   8601  23756  11707   7722   7722 -23073  23073  -5406  -5406   7099   6975 1 
   1.133 -24259  11877   8598  23756  11707   7722   7722 -23073  23073  -5406  -5406   7099   6976 1 
   1.247 -24259  11888   8601  23756  11707   7722   7722 -23073  23073  -5406  -5406   7098   6974 1 
   1.373 -24257  11895   8603  23756  11707   7722   7722 -23073  23073  -5406  -5406   7102   6996 1 
   1.489 -24257  11866   8612  23756  11707   7722   7722 -23073  23073  -5406  -5406   7103   7010 1 
   1.629 -24260  11832   8612  23756  11707   7722   7722 -23073  23073  -5406  -5406   7097   6989 1 
   1.785 -24259  11823   8621  23756  11707   7722   7722 -23073  23073  -5406  -5406   7101   6995 1 
   1.926 -24259  11841   8621  23756  11707   7722   7722 -23073  23073  -5406  -5406   7100   7000 1 
   2.042 -24258  11859   8626  23756  11707   7722   7722 -23073  23073  -5406  -5406   7102   7010 1 
   2.167 -24258  11884   8621  23756  11707   7722   7722 -23073  23073  -5406  -5406   7103   7028 1 
   2.280 -24260  11870   8630  23756  11707   7722   7722 -23073  23073  -5406  -5406   7108   6998 1 
   2.396 -24261  11870   8630  23756  11707   7722   7722 -23073  23073  -5406  -5406   7106   7004 1 
   2.537 -24261  11850   8635  23756  11707   7722   7722 -23073  23073  -5406  -5406   7107   6998 1 
   2.692 -24259  11830   8644  23756  11707   7722   7722 -23073  23073  -5406  -5406   7108   7026 1 
   2.834 -24261  11850   8639  23756  11715   7710   7722 -23073  23073  -5406  -5406   7102   7011 1 
   2.949 -24261  11897   8646  23756  11715   7710   7710 -23073  23073  -5406  -5406   7111   7010 1 
   3.090 -24261  11893   8644  23756  11715   7710   7710 -23073  23073  -5406  -5406   7112   7010 1 
   3.230 -24262  11852   8648  23756  11715   7710   7710 -23073  23073  -5406  -5406   7111   6997 1 
   3.344 -24261  11834   8655  23756  11715   7710   7710 -23073  23073  -5406  -5406   7108   7020 1 
   3.486 -24264  11857   8648  23756  11715   7710   7710 -23073  23073  -5406  -5406   7109   6981 1 
   3.612 -24264  11870   8648  23756  11715   7710   7710 -23073  23073  -5406  -5406   7111   6993 1 
   3.742 -24261  11886   8648  23756  11715   7710   7710 -23073  23073  -5406  -5406   7112   6999 1 
   3.882 -24261  11879   8657  23756  11715   7710   7710 -23073  23073  -5406  -5406   7115   7015 1 
   3.997 -24264  11866   8655  23756  11715   7710   7710 -23073  23073  -5406  -5406   7111   6994 1 
   4.139 -24265  11850   8653  23756  11715   7710   7710 -23073  23073  -5406  -5406   7110   6970 1 
   4.279 -24264  11870   8646  23756  11715   7710   7710 -23073  23073  -5406  -5406   7109   6988 1 
   4.420 -24264  11866   8639  23756  11715   7710   7710 -23073  23073  -5406  -5406   7108   6984 1 
   4.534 -24261  11859   8648  23756  11715   7710   7710 -23073  23073  -5406  -5406   7110   6998 1 
   4.649 -24264  11843   8639  23756  11715   7710   7710 -23073  23073  -5406  -5406   7106   6968 1 
   4.792 -24261  11861   8630  23756  11715   7710   7710 -23073  23073  -5406  -5406   7104   6957 1 
   4.917 -24262  11911   8621  23756  11715   7710   7710 -23073  23073  -5406  -5406   7106   6989 1 
   5.047 -24261  11922   8621  23756  11715   7710   7710 -23073  23073  -5406  -5406   7106   6971 1 
   5.172 -24261  11906   8621  23756  11715   7710   7710 -23073  23073  -5406  -5406   7106   7008 1 
   5.312 -24261  11852   8628  23748  11699   7751   7710 -23073  23073  -5439  -5406   7101   6915 1 
   5.444 -24259  11859   8607  23736  11699   7751   7751 -23073  23073  -5439  -5439   7093   6814 1 
   5.584 -24251  11879   8558  23721  11699   7751   7751 -23073  23073  -5439  -5439   7078   6643 1 
   5.699 -24242  11897   8510  23708  11699   7751   7751 -23073  23073  -5439  -5439   7060   6548 1 
   5.824 -24228  11866   8427  23694  11699   7751   7751 -23073  23073  -5439  -5439   7036   6434 1 
   5.939 -24217  11834   8348  23682  11699   7751   7751 -23073  23073  -5439  -5439   7009   6321 1 
   6.097 -24195  11848   8219  23666  11699   7751   7751 -23073  23073  -5439  -5439   6975   6238 1 
   6.236 -24177  11850   8116  23652  11699   7751   7751 -23073  23073  -5439  -5439   6939   6144 1 
   6.377 -24156  11877   7994  23646  11699   7751   7751 -23073  23073  -5439  -5439   6912   6134 1 
   6.491 -24137  11884   7903  23646  11699   7751   7751 -23073  23073  -5439  -5439   6889   6217 1 
   6.631 -24124  11868   7806  23646  11699   7751   7751 -23073  23073  -5439  -5439   6866   6270 1 
   6.789 -24109  11850   7725  23646  11699   7751   7751 -23073  23073  -5439  -5439   6846   6338 1 
   6.930 -24100  11825   7669  23646  11699   7751   7751 -23073  23073  -5439  -5439   6827   6406 1 
   7.044 -24091  11875   7619  23637  11699   7751   7751 -23073  23073  -5439  -5439   6819   6415 1 
   7.169 -24083  11875   7563  23624  11699   7751   7751 -23073  23073  -5439  -5439   6806   6315 1 
   7.284 -24071  11886   7506  23612  11699   7751   7751 -23073  23073  -5439  -5439   6788   6262 1 
   7.398 -24060  11857   7443  23599  11718   7739   7739 -23073  23073  -5439  -5439   6771   6175 1 
   7.523 -24047  11814   7380  23588  11718   7739   7739 -23073  23073  -5439  -5439   6746   6105 1 
   7.637 -24032  11811   7301  23576  11718   7739   7739 -23073  23073  -5439  -5439   6724   6068 1 
   7.762 -24019  11839   7211  23576  11718   7739   7739 -23073  23073  -5439  -5439   6704   6087 1 
   7.891 -24008  11870   7141  23576  11718   7739   7739 -23073  23073  -5439  -5439   6690   6153 1 
   8.016 -23996  11904   7075  23576  11718   7739   7739 -23073  23073  -5439  -5439   6676   6236 1 
   8.146 -23986  11906   7028  23576  11718   7739   7739 -23073  23073  -5439  -5439   6668   6285 1 
   8.270 -23981  11875   6992  23576  11718   7739   7739 -23063  23073  -5439  -5439   6661   6347 1 
   8.384 -23977  11848   6967  23576  11718   7739   7739 -23044  23054  -5439  -5439   6653   6394 1 
   8.498 -23975  11834   6947  23576  11718   7739   7739 -23034  23034  -5439  -5439   6650   6413 1 
   8.621 -23970  11832   6938  23576  11718   7739   7739 -23034  23034  -5439  -5439   6646   6471 1 
   8.736 -23968  11857   6940  23576  11718   7739   7739 -23034  23034  -5439  -5439   6649   6534 1 
   8.861 -23966  11877   6940  23576  11718   7739   7739 -23034  23034  -5439  -5439   6651   6585 1 
   8.975 -23966  11861   6947  23576  11718   7739   7739 -23034  23034  -5439  -5439   6657   6593 1 
   9.089 -23969  11852   6956  23576  11718   7739   7739 -23034  23034  -5439  -5439   6659   6607 1 
   9.214 -23970  11823   6974  23576  11718   7739   7739 -23034  23034  -5439  -5439   6661   6630 1 
   9.328 -23972  11821   6983  23576  11728   6879   6879 -23034  23034  -4489  -4489   6665   6637 1 
   9.442 -23972  11852   7001  23576  11728   6879   6879 -23034  23034  -4489  -4489   6670   6674 0 
   9.567 -23976  11852   7003  23564  11728   6879   6879 -23034  23034  -4489  -4489   6670   6567 0 
   9.681 -23975  11850   6994  23553  11728   6879   6879 -23034  23034  -4489  -4489   6663   6442 0 
   9.795 -23971  11843   6967  23541  11728   6879   6879 -23034  23034  -4489  -4489   6652   6334 0 
   9.920 -23964  11843   6922  23528  11728   6879   6879 -23034  23034  -4489  -4489   6638   6210 0 
  10.035 -23953  11866   6870  23516  11728   6879   6879 -23034  23034  -4489  -4489   6623   6137 0 
  10.193 -23940  11843   6793  23506  11728   6879   6879 -23034  23034  -4489  -4489   6595   6023 0 
  10.333 -23927  11823   6730  23506  11728   6879   6879 -23034  23034  -4489  -4489   6580   6080 0 
  10.448 -23914  11832   6672  23506  11728   6879   6879 -23034  23034  -4489  -4489   6565   6125 0 
  10.588 -23906  11830   6633  23506  11728   6879   6879 -23034  23034  -4489  -4489   6555   6191 0 
  10.714 -23900  11816   6588  23506  11728   6879   6879 -23034  23034  -4489  -4489   6548   6229 0 
  10.856 -23896  11830   6559  23506  11728   6879   6879 -23015  23015  -4489  -4489   6544   6271 0 
  10.987 -23892  11830   6534  23506  11728   6879   6879 -22996  22996  -4489  -4489   6535   6322 0 
  11.111 -23889  11825   6509  23506  11728   6879   6879 -22996  22996  -4489  -4489   6534   6326 0 
  11.241 -23885  11832   6505  23506  11728   6879   6879 -22996  22996  -4489  -4489   6532   6356 0 
  11.366 -23885  11830   6486  23506  11728   6879   6879 -22996  22996  -4489  -4489   6529   6359 0 
  11.496 -23883  11852   6471  23506  11728   6879   6879 -22996  22996  -4489  -4489   6528   6377 0 
  11.621 -23883  11848   6471  23506  11728   6879   6879 -22996  22996  -4489  -4489   6527   6406 0 
  11.778 -23881  11814   6477  23506  11727   6140   6140 -22996  22996  -3735  -4489   6530   6431 0 
  11.893 -23881  11798   6477  23506  11727   6140   6140 -22996  22996  -3735  -3735   6527   6462 0 
  12.019 -23881  11825   6480  23506  11727   6140   6140 -22996  22996  -3735  -3735   6526   6447 0 
  12.133 -23883  11870   6477  23506  11727   6140   6140 -22996  22996  -3735  -3735   6534   6457 0 
  12.249 -23883  11870   6486  23506  11727   6140   6140 -22996  22996  -3735  -3735   6535   6469 0 
  12.373 -23882  11850   6505  23506  11727   6140   6140 -22996  22996  -3735  -3735   6536   6472 0 
  12.487 -23885  11830   6505  23506  11727   6140   6140 -22996  22996  -3735  -3735   6539   6508 0 
  12.612 -23886  11823   6509  23506  11727   6140   6140 -22996  22996  -3735  -3735   6538   6478 0 
  12.733 -23888  11850   6509  23506  11727   6140   6140 -22996  22996  -3735  -3735   6541   6495 0 
  12.848 -23887  11852   6518  23506  11727   6140   6140 -22996  22996  -3735  -3735   6544   6475 0 
  12.973 -23889  11834   6527  23506  11727   6140   6140 -22996  22996  -3735  -3735   6544   6499 0 
  13.088 -23890  11805   6534  23506  11727   6140   6140 -22996  22996  -3735  -3735   6545   6487 0 
  13.228 -23893  11787   6536  23506  11727   6140   6140 -22996  22996  -3735  -3735   6546   6480 0 
  13.344 -23894  11802   6536  23506  11727   6140   6140 -22978  22984  -3735  -3735   6544   6456 0 
  13.484 -23894  11811   6541  23506  11727   6140   6140 -22973  22973  -3735  -3735   6542   6441 0 
  13.599 -23894  11814   6536  23506  11727   6140   6140 -22973  22973  -3735  -3735   6545   6452 0 
  13.724 -23896  11834   6534  23506  11727   6140   6140 -22973  22973  -3735  -3735   6547   6449 0 
  13.838 -23896  11843   6534  23506  11727   6140   6140 -22973  22973  -3735  -3735   6544   6449 0 
  13.979 -23894  11850   6534  23506  11727   6140   6140 -22973  22973  -3735  -3735   6543   6442 0 
  14.094 -23894  11832   6534  23506  11727   6140   6140 -22973  22973  -3735  -3735   6545   6437 0 
  14.219 -23893  11798   6545  23506  11727   6140   6140 -22973  22973  -3735  -3735   6546   6466 0 
  14.333 -23896  11780   6534  23506  11734   5735   5735 -22973  22973  -3342  -3342   6544   6446 0 
  14.449 -23896  11814   6534  23506  11734   5735   5735 -22973  22973  -3342  -3342   6544   6431 0 
  14.572 -23894  11850   6534  23506  11734   5735   5735 -22973  22973  -3342  -3342   6545   6440 0 
  14.686 -23895  11850   6534  23506  11734   5735   5735 -22973  22973  -3342  -3342   6546   6444 0 
  14.801 -23894  11798   6536  23506  11734   5735   5735 -22973  22973  -3342  -3342   6546   6448 0 
  14.941 -23894  11769   6536  23506  11734   5735   5735 -22973  22973  -3342  -3342   6543   6437 0 
  15.065 -23894  11787   6534  23506  11734   5735   5735 -22973  22973  -3342  -3342   6542   6445 0 
  15.195 -23894  11825   6534  23506  11734   5735   5735 -22973  22973  -3342  -3342   6544   6443 0 
  15.319 -23893  11814   6541  23506  11734   5735   5735 -22973  22973  -3342  -3342   6547   6455 0 
  15.433 -23890  11825   6554  23506  11734   5735   5735 -22973  22973  -3342  -3342   6549   6501 0 
  15.548 -23894  11821   6545  23506  11734   5735   5735 -22973  22973  -3342  -3342   6548   6476 0 
  15.671 -23894  11814   6554  23506  11734   5735   5735 -22973  22973  -3342  -3342   6550   6449 0 
  15.785 -23894  11787   6559  23506  11734   5735   5735 -22973  22973  -3342  -3342   6548   6471 0 
  15.899 -23895  11766   6563  23506  11734   5735   5735 -22973  22973  -3342  -3342   6547   6469 0 
  16.024 -23894  11805   6568  23506  11734   5735   5735 -22973  22973  -3342  -3342   6550   6476 0 
  16.138 -23896  11834   6561  23506  11734   5735   5735 -22973  22973  -3342  -3342   6553   6469 0 
  16.263 -23896  11848   6561  23506  11734   5735   5735 -22973  22973  -3342  -3342   6549   6469 0 
  16.377 -23896  11832   6568  23506  11734   5735   5735 -22973  22973  -3342  -3342   6553   6461 0 
  16.491 -23896  11793   6570  23506  11734   5735   5735 -22973  22973  -3342  -3342   6553   6469 0 
  16.631 -23896  11778   6570  23506  11734   5735   5735 -22973  22973  -3342  -3342   6550   6453 0 
  16.746 -23896  11814   6570  23506  11734   5735   5735 -22973  22973  -3342  -3342   6551   6464 0 
  16.871 -23897  11814   6570  23517  11704   5792   5792 -22973  22973  -3408  -3408   6555   6520 0 
  16.988 -23901  11825   6597  23529  11704   5792   5792 -22973  22973  -3408  -3408   6565   6657 0 
  17.112 -23908  11814   6633  23535  11704   5792   5792 -22973  22973  -3408  -3408   6576   6735 0 
  17.228 -23911  11814   6669  23535  11704   5792   5792 -22973  22973  -3408  -3408   6585   6729 0 
  17.343 -23918  11807   6703  23535  11704   5792   5792 -22973  22973  -3408  -3408   6595   6714 0 
  17.483 -23925  11789   6732  23535  11704   5792   5792 -22973  22973  -3408  -3408   6599   6682 0 
  17.598 -23928  11780   6762  23535  11704   5792   5792 -22973  22973  -3408  -3408   6606   6667 0 
  17.740 -23931  11760   6780  23535  11704   5792   5792 -22973  22973  -3408  -3408   6611   6655 0 
  17.896 -23938  11780   6805  23535  11704   5792   5792 -22973  22973  -3408  -3408   6618   6642 0 
  18.039 -23941  11807   6816  23535  11704   5792   5792 -22973  22973  -3408  -3408   6620   6607 0 
  18.180 -23941  11816   6834  23535  11704   5792   5792 -22973  22973  -3408  -3408   6624   6587 0 
  18.294 -23943  11793   6841  23535  11704   5792   5792 -22973  22973  -3408  -3408   6624   6575 0 
  18.437 -23943  11778   6857  23535  11704   5792   5792 -22973  22973  -3408  -3408   6629   6578 0 
  18.563 -23947  11778   6850  23535  11704   5792   5792 -22973  22973  -3408  -3408   6626   6529 0 
  18.694 -23947  11807   6852  23535  11704   5792   5792 -22973  22973  -3408  -3408   6626   6530 0 
  18.818 -23947  11816   6848  23535  11696   5852   5852 -22973  22973  -3473  -3473   6628   6528 0 
  18.950 -23947  11787   6843  23535  11696   5852   5852 -22973  22973  -3473  -3473   6627   6515 0 
  19.092 -23945  11787   6852  23546  11696   5852   5852 -22973  22973  -3473  -3473   6629   6601 0 
  19.215 -23951  11802   6875  23554  11696   5852   5852 -22973  22973  -3473  -3473   6630   6710 0 
  19.347 -23954  11811   6897  23554  11696   5852   5852 -22973  22973  -3473  -3473   6644   6700 0 
  19.470 -23959  11805   6924  23554  11696   5852   5852 -22973  22973  -3473  -3473   6651   6692 0 
  19.610 -23962  11762   6942  23554  11696   5852   5852 -22973  22973  -3473  -3473   6655   6674 0 
  19.724 -23962  11760   6967  23554  11696   5852   5852 -22973  22973  -3473  -3473   6656   6650 0 
  19.838 -23966  11789   6974  23554  11696   5852   5852 -22973  22973  -3473  -3473   6658   6647 0 
  19.963 -23968  11796   6976  23554  11696   5852   5852 -22973  22973  -3473  -3473   6665   6605 0 
  20.078 -23969  11793   6983  23560  11696   5852   5852 -22973  22973  -3473  -3473   6663   6629 0 
  20.192 -23973  11775   7003  23571  11696   5852   5852 -22973  22973  -3473  -3473   6668   6751 0 
  20.335 -23977  11796   7048  23583  11696   5852   5852 -22973  22973  -3473  -3473   6688   6883 0 
  20.450 -23986  11816   7087  23583  11696   5852   5852 -22973  22973  -3473  -3473   6700   6863 0 
  20.590 -23992  11821   7132  23583  11696   5852   5852 -22973  22973  -3473  -3473   6710   6841 0 
  20.732 -23998  11784   7168  23583  11696   5852   5852 -22973  22973  -3473  -3473   6719   6826 0 
  20.873 -24002  11760   7213  23583  11696   5852   5852 -22976  22974  -3473  -3473   6726   6807 0 
  20.988 -24010  11760   7222  23584  11696   5852   5852 -22980  22980  -3473  -3473   6730   6773 0 
  21.115 -24015  11769   7247  23596  11696   5852   5852 -22980  22980  -3473  -3473   6727   6814 0 
  21.246 -24019  11787   7283  23609  11696   5852   5852 -22980  22980  -3473  -3473   6751   6939 0 
  21.371 -24030  11787   7337  23612  11696   5852   5852 -22980  22980  -3473  -3473   6766   6971 0 
  21.488 -24035  11798   7385  23612  11696   5852   5852 -22980  22980  -3473  -3473   6777   6950 0 
  21.646 -24046  11771   7427  23612  11696   5852   5852 -22980  22980  -3473  -3473   6788   6880 0 
  21.771 -24052  11775   7457  23621  11696   5852   5852 -22980  22980  -3473  -3473   6798   6947 0 
  21.886 -24058  11780   7491  23621  11696   5852   5852 -22980  22980  -3473  -3473   6805   6931 0 
  22.000 -24063  11805   7524  23621  11696   5852   5852 -22980  22980  -3473  -3473   6813   6907 0 
  22.126 -24065  11802   7551  23621  11696   5852   5852 -22980  22980  -3473  -3473   6820   6889 0 
  22.241 -24070  11796   7565  23621  11696   5852   5852 -22980  22980  -3473  -3473   6821   6823 0 
  22.366 -24073  11778   7583  23621  11664   6205   6205 -22980  22980  -3833  -3833   6826   6817 0 
  22.481 -24074  11753   7608  23621  11664   6205   6205 -22980  22980  -3833  -3833   6829   6803 0 
  22.597 -24076  11739   7617  23621  11664   6205   6205 -22980  22980  -3833  -3833   6828   6800 0 
  22.723 -24076  11751   7624  23621  11664   6205   6205 -22980  22980  -3833  -3833   6829   6785 0 
  22.829 -24079  11789   7619  23621  11664   6205   6205 -22980  22980  -3833  -3833   6831   6728 0 
  22.944 -24079  11814   7619  23621  11664   6205   6205 -22980  22980  -3833  -3833   6831   6735 0 
  23.085 -24076  11830   7619  23621  11664   6205   6205 -22980  22980  -3833  -3833   6835   6715 0 
  23.227 -24079  11778   7619  23621  11664   6205   6205 -22980  22980  -3833  -3833   6831   6701 0 
  23.342 -24081  11751   7617  23621  11664   6205   6205 -22980  22980  -3833  -3833   6828   6714 0 
  23.467 -24078  11762   7610  23621  11664   6205   6205 -22980  22980  -3833  -3833   6826   6693 0 
  23.582 -24076  11802   7599  23621  11664   6205   6205 -22980  22980  -3833  -3833   6824   6685 0 
  23.699 -24075  11816   7592  23621  11664   6205   6205 -22980  22980  -3833  -3833   6824   6694 0 
  23.824 -24072  11823   7599  23621  11664   6205   6205 -22996  22988  -3833  -3833   6825   6698 0 
  23.939 -24071  11814   7601  23621  11664   6205   6205 -23011  23004  -3833  -3833   6828   6725 0 
  24.079 -24072  11778   7601  23621  11664   6205   6205 -23011  23011  -3833  -3833   6822   6717 0 
*** End ***
