 *** ZZT:Watch ***
File: D:\ZZT\Watch_ZAKUCA1D-ZAKUCA1D_042.log
Computer: INEM1332-NB; User: anto.maric
Connection: Telnet 172.17.4.149:23
Target: D105OSCZ; Application: ZAKUCA1D-ZAKUCA1D
Start time: 05.03.2025. 14:34:10

Signals: 16
 1.    VHACT int16
 2.    VHREF int16
 3.    QACTH int16
 4.    QHREF int16
 5.    PACTH int16
 6.    VGACT int16
 7.    VGREF int16
 8.     QACT int16
 9.    IFACT int16
10.    UFACT int16
11.    VRINC log16
12.    VRDEC log16
13.    QHINC log16
14.    QHDEC log16
15.    VHINC log16
16.    VHDEC log16

Data:
   0.175 -25388  25106  -1437      0  10188 -24205  24202   -781   5120   4907 0 0 0 0 0 0 
   0.293 -25388  25106  -1437      0  10188 -24204  24202   -788   5121   4908 0 0 0 0 0 0 
   0.413 -25388  25106  -1437      0  10188 -24204  24202   -788   5120   4910 0 0 0 0 0 0 
   0.553 -25388  25106  -1437      0  10188 -24199  24202   -765   5121   4944 0 0 0 0 0 0 
   0.672 -25388  25106  -1437      0  10188 -24200  24202   -765   5123   4944 0 0 0 0 0 0 
   0.793 -25388  25106  -1437      0  10188 -24202  24202   -762   5120   4936 0 0 0 0 0 0 
   0.912 -25388  25106  -1415      0  10175 -24200  24202   -753   5121   4953 0 0 0 0 0 0 
   1.033 -25388  25106  -1415      0  10175 -24201  24202   -753   5122   4952 0 0 0 0 0 0 
   1.152 -25388  25106  -1415      0  10175 -24204  24202   -762   5121   4923 0 0 0 0 0 0 
   1.273 -25388  25106  -1415      0  10175 -24202  24202   -760   5123   4914 0 0 0 0 0 0 
   1.383 -25388  25106  -1415      0  10175 -24203  24202   -771   5122   4912 0 0 0 0 0 0 
   1.523 -25388  25106  -1415      0  10175 -24204  24202   -769   5120   4920 0 0 0 0 0 0 
   1.674 -25388  25106  -1415      0  10175 -24203  24202   -781   5120   4912 0 0 0 0 0 0 
   1.803 -25388  25106  -1415      0  10175 -24202  24202   -769   5120   4919 0 0 0 0 0 0 
   1.922 -25388  25106  -1415      0  10175 -24203  24202   -774   5119   4932 0 0 0 0 0 0 
   2.043 -25388  25106  -1415      0  10175 -24204  24202   -783   5115   4883 0 0 0 0 0 0 
   2.164 -25388  25106  -1368      0  10192 -24205  24202   -797   5116   4887 0 0 0 0 0 0 
   2.283 -25388  25106  -1368      0  10192 -24205  24202   -797   5109   4873 0 0 0 0 0 0 
   2.403 -25388  25106  -1368      0  10192 -24204  24202   -808   5116   4874 0 0 0 0 0 0 
   2.544 -25388  25106  -1368      0  10192 -24204  24202   -810   5111   4887 0 0 0 0 0 0 
   2.665 -25388  25106  -1368      0  10192 -24202  24202   -806   5115   4902 0 0 0 0 0 0 
   2.805 -25388  25106  -1368      0  10192 -24200  24202   -801   5115   4920 0 0 0 0 0 0 
   2.961 -25388  25106  -1368      0  10192 -24203  24202   -815   5113   4922 0 0 0 0 0 0 
   3.075 -25388  25106  -1368      0  10192 -24202  24202   -808   5115   4901 0 0 0 0 0 0 
   3.217 -25388  25106  -1368      0  10192 -24200  24202   -808   5116   4912 0 0 0 0 0 0 
   3.358 -25388  25106  -1368      0  10192 -24203  24202   -817   5114   4903 0 0 0 0 0 0 
   3.473 -25388  25106  -1368      0  10192 -24202  24202   -810   5112   4917 0 0 0 0 0 0 
   3.598 -25388  25106  -1368      0  10192 -24201  24202   -815   5111   4924 0 0 0 0 0 0 
   3.712 -25388  25106  -1368      0  10192 -24200  24202   -817   5111   4922 0 0 0 0 0 0 
   3.859 -25388  25106  -1368      0  10192 -24200  24202   -815   5113   4920 0 0 0 0 0 0 
   3.974 -25388  25106  -1368      0  10192 -24201  24202   -815   5111   4940 0 0 0 0 0 0 
   4.098 -25388  25106  -1368      0  10192 -24199  24202   -806   5112   4930 0 0 0 0 0 0 
   4.212 -25388  25106  -1368      0  10192 -24200  24202   -801   5110   4934 0 0 0 0 0 0 
   4.325 -25388  25106  -1368      0  10192 -24199  24202   -788   5108   4948 0 0 0 0 0 0 
   4.465 -25388  25106  -1368      0  10192 -24201  24202   -788   5111   4920 0 0 0 0 0 0 
   4.589 -25388  25106  -1367      0  10188 -24204  24202   -806   5114   4927 0 0 0 0 0 0 
   4.718 -25388  25106  -1367      0  10188 -24204  24202   -810   5115   4899 0 0 0 0 0 0 
   4.858 -25388  25106  -1367      0  10188 -24205  24202   -820   5113   4879 0 0 0 0 0 0 
   4.973 -25388  25106  -1367      0  10188 -24205  24202   -829   5110   4873 0 0 0 0 0 0 
   5.098 -25388  25106  -1367      0  10188 -24205  24202   -836   5108   4881 0 0 0 0 0 0 
   5.212 -25388  25106  -1367      0  10188 -24207  24202   -845   5105   4863 0 0 0 0 0 0 
   5.337 -25388  25106  -1367      0  10188 -24204  24202   -852   5103   4874 0 0 0 0 0 0 
   5.451 -25388  25106  -1367      0  10188 -24204  24202   -854   5103   4880 0 0 0 0 0 0 
   5.565 -25388  25106  -1367      0  10188 -24203  24202   -854   5098   4874 0 0 0 0 0 0 
   5.688 -25388  25106  -1367      0  10188 -24200  24202   -845   5105   4894 0 0 0 0 0 0 
   5.804 -25388  25106  -1367      0  10188 -24199  24202   -838   5104   4938 0 0 0 0 0 0 
   5.917 -25388  25106  -1367      0  10188 -24199  24202   -847   5104   4914 0 0 0 0 0 0 
   6.044 -25388  25106  -1367      0  10188 -24200  24202   -847   5104   4917 0 0 0 0 0 0 
   6.173 -25388  25106  -1367      0  10188 -24199  24202   -836   5106   4931 0 0 0 0 0 0 
   6.296 -25388  25106  -1367      0  10188 -24198  24202   -829   5107   4941 0 0 0 0 0 0 
   6.436 -25388  25106  -1367      0  10188 -24197  24202   -817   5111   4961 0 0 0 0 0 0 
   6.567 -25388  25106  -1408      0  10187 -24198  24202   -810   5114   4944 0 0 0 0 0 0 
   6.707 -25388  25106  -1408      0  10187 -24198  24202   -808   5116   4962 0 0 0 0 0 0 
   6.822 -25388  25106  -1408      0  10187 -24198  24202   -792   5115   4955 0 0 0 0 0 0 
   6.948 -25388  25106  -1408      0  10187 -24198  24202   -788   5118   4964 0 0 0 0 0 0 
   7.062 -25388  25106  -1408      0  10187 -24196  24202   -760   5124   4992 0 0 0 0 0 0 
   7.187 -25388  25106  -1408      0  10187 -24197  24202   -755   5123   4980 0 0 0 0 0 0 
   7.317 -25388  25106  -1408      0  10187 -24197  24202   -746   5126   4971 0 0 0 0 0 0 
   7.460 -25388  25106  -1408      0  10187 -24197  24202   -728   5130   4989 0 0 0 0 0 0 
   7.574 -25388  25106  -1408      0  10187 -24198  24202   -723   5134   4986 0 0 0 0 0 0 
   7.714 -25388  25106  -1408      0  10187 -24201  24202   -719   5135   4978 0 0 0 0 0 0 
   7.840 -25388  25106  -1408      0  10187 -24201  24202   -714   5136   4980 0 0 0 0 0 0 
   7.972 -25388  25106  -1437      0  10190 -24201  24202   -707   5135   4977 0 0 0 0 0 0 
   8.096 -25388  25106  -1437      0  10190 -24202  24202   -705   5134   4980 0 0 0 0 0 0 
   8.211 -25388  25106  -1437      0  10190 -24202  24202   -696   5135   4953 0 0 0 0 0 0 
   8.326 -25388  25106  -1437      0  10190 -24200  24202   -689   5137   4980 0 0 0 0 0 0 
   8.451 -25388  25106  -1437      0  10190 -24201  24202   -691   5139   4972 0 0 0 0 0 0 
   8.565 -25388  25106  -1437      0  10190 -24204  24202   -696   5141   4949 0 0 0 0 0 0 
   8.690 -25386  25106  -1437      0  10190 -24202  24202   -687   5142   4954 0 0 0 0 0 0 
   8.805 -25382  25106  -1437      0  10190 -24204  24202   -687   5139   4956 0 0 0 0 0 0 
   8.919 -25380  25106  -1437      0  10190 -24205  24202   -698   5139   4936 0 0 0 0 0 0 
   9.044 -25380  25106  -1437      0  10190 -24205  24202   -705   5136   4930 0 0 0 0 0 0 
   9.159 -25380  25106  -1437      0  10190 -24207  24202   -714   5134   4904 0 0 0 0 0 0 
   9.273 -25380  25106  -1437      0  10190 -24208  24202   -728   5129   4895 0 0 0 0 0 0 
   9.398 -25380  25106  -1437      0  10190 -24208  24202   -746   5129   4893 0 0 0 0 0 0 
   9.513 -25380  25106  -1387      0  10200 -24208  24202   -751   5130   4884 0 0 0 0 0 0 
   9.653 -25380  25106  -1387      0  10200 -24204  24202   -751   5131   4888 0 0 0 0 0 0 
   9.769 -25380  25106  -1387      0  10200 -24204  24202   -751   5128   4904 0 0 0 0 0 0 
   9.893 -25380  25106  -1387      0  10200 -24204  24202   -762   5124   4888 0 0 0 0 0 0 
  10.024 -25380  25106  -1387      0  10200 -24205  24202   -769   5120   4891 0 0 0 0 0 0 
  10.149 -25380  25106  -1387      0  10200 -24207  24202   -783   5112   4869 0 0 0 0 0 0 
  10.263 -25380  25106  -1387      0  10200 -24205  24202   -797   5114   4877 0 0 0 0 0 0 
  10.388 -25380  25106  -1387      0  10200 -24205  24202   -815   5114   4875 0 0 0 0 0 0 
  10.501 -25380  25106  -1387      0  10200 -24204  24202   -815   5115   4874 0 0 0 0 0 0 
  10.615 -25380  25106  -1387      0  10200 -24202  24202   -815   5119   4890 0 0 0 0 0 0 
  10.740 -25380  25106  -1387      0  10200 -24203  24202   -817   5118   4892 0 0 0 0 0 0 
  10.857 -25380  25106  -1387      0  10200 -24204  24202   -817   5113   4891 0 0 0 0 0 0 
  10.971 -25380  25106  -1387      0  10200 -24202  24202   -817   5107   4875 0 0 0 0 0 0 
  11.094 -25380  25106  -1387      0  10200 -24205  24202   -845   5106   4885 0 0 0 0 0 0 
  11.208 -25380  25106  -1387      0  10200 -24205  24202   -852   5107   4889 0 0 0 0 0 0 
  11.324 -25380  25106  -1387      0  10200 -24209  24202   -879   5103   4843 0 0 0 0 0 0 
*** End ***
